[2025-04-02T07:25:53.796+0000] {processor.py:186} INFO - Started process (PID=64) to work on /home/airflow/.local/lib/python3.12/site-packages/airflow/example_dags/example_display_name.py
[2025-04-02T07:25:53.797+0000] {processor.py:914} INFO - Processing file /home/airflow/.local/lib/python3.12/site-packages/airflow/example_dags/example_display_name.py for tasks to queue
[2025-04-02T07:25:53.798+0000] {logging_mixin.py:190} INFO - [2025-04-02T07:25:53.798+0000] {dagbag.py:588} INFO - Filling up the DagBag from /home/airflow/.local/lib/python3.12/site-packages/airflow/example_dags/example_display_name.py
[2025-04-02T07:25:53.803+0000] {processor.py:925} INFO - DAG(s) 'example_display_name' retrieved from /home/airflow/.local/lib/python3.12/site-packages/airflow/example_dags/example_display_name.py
[2025-04-02T07:25:53.852+0000] {logging_mixin.py:190} INFO - [2025-04-02T07:25:53.852+0000] {override.py:1912} INFO - Created Permission View: can delete on DAG:example_display_name
[2025-04-02T07:25:53.859+0000] {logging_mixin.py:190} INFO - [2025-04-02T07:25:53.859+0000] {override.py:1912} INFO - Created Permission View: can read on DAG:example_display_name
[2025-04-02T07:25:53.861+0000] {logging_mixin.py:190} INFO - [2025-04-02T07:25:53.861+0000] {override.py:1912} INFO - Created Permission View: can edit on DAG:example_display_name
[2025-04-02T07:25:53.863+0000] {logging_mixin.py:190} INFO - [2025-04-02T07:25:53.863+0000] {override.py:1912} INFO - Created Permission View: can delete on DAG Run:example_display_name
[2025-04-02T07:25:53.865+0000] {logging_mixin.py:190} INFO - [2025-04-02T07:25:53.865+0000] {override.py:1912} INFO - Created Permission View: can read on DAG Run:example_display_name
[2025-04-02T07:25:53.866+0000] {logging_mixin.py:190} INFO - [2025-04-02T07:25:53.866+0000] {override.py:1912} INFO - Created Permission View: can create on DAG Run:example_display_name
[2025-04-02T07:25:53.868+0000] {logging_mixin.py:190} INFO - [2025-04-02T07:25:53.868+0000] {override.py:1912} INFO - Created Permission View: menu access on DAG Run:example_display_name
[2025-04-02T07:25:53.868+0000] {logging_mixin.py:190} INFO - [2025-04-02T07:25:53.868+0000] {dag.py:3239} INFO - Sync 1 DAGs
[2025-04-02T07:25:53.874+0000] {logging_mixin.py:190} INFO - [2025-04-02T07:25:53.874+0000] {dag.py:3262} INFO - Creating ORM DAG for example_display_name
[2025-04-02T07:25:53.875+0000] {logging_mixin.py:190} INFO - [2025-04-02T07:25:53.875+0000] {dag.py:4180} INFO - Setting next_dagrun for example_display_name to None, run_after=None
[2025-04-02T07:25:53.881+0000] {processor.py:208} INFO - Processing /home/airflow/.local/lib/python3.12/site-packages/airflow/example_dags/example_display_name.py took 0.089 seconds
[2025-04-02T07:26:40.646+0000] {processor.py:186} INFO - Started process (PID=50) to work on /home/airflow/.local/lib/python3.12/site-packages/airflow/example_dags/example_display_name.py
[2025-04-02T07:26:40.647+0000] {processor.py:914} INFO - Processing file /home/airflow/.local/lib/python3.12/site-packages/airflow/example_dags/example_display_name.py for tasks to queue
[2025-04-02T07:26:40.649+0000] {logging_mixin.py:190} INFO - [2025-04-02T07:26:40.649+0000] {dagbag.py:588} INFO - Filling up the DagBag from /home/airflow/.local/lib/python3.12/site-packages/airflow/example_dags/example_display_name.py
[2025-04-02T07:26:40.656+0000] {processor.py:925} INFO - DAG(s) 'example_display_name' retrieved from /home/airflow/.local/lib/python3.12/site-packages/airflow/example_dags/example_display_name.py
[2025-04-02T07:26:40.687+0000] {logging_mixin.py:190} INFO - [2025-04-02T07:26:40.687+0000] {dag.py:3239} INFO - Sync 1 DAGs
[2025-04-02T07:26:40.697+0000] {logging_mixin.py:190} INFO - [2025-04-02T07:26:40.697+0000] {dag.py:4180} INFO - Setting next_dagrun for example_display_name to None, run_after=None
[2025-04-02T07:26:40.707+0000] {processor.py:208} INFO - Processing /home/airflow/.local/lib/python3.12/site-packages/airflow/example_dags/example_display_name.py took 0.070 seconds
[2025-04-02T07:27:11.949+0000] {processor.py:186} INFO - Started process (PID=119) to work on /home/airflow/.local/lib/python3.12/site-packages/airflow/example_dags/example_display_name.py
[2025-04-02T07:27:11.951+0000] {processor.py:914} INFO - Processing file /home/airflow/.local/lib/python3.12/site-packages/airflow/example_dags/example_display_name.py for tasks to queue
[2025-04-02T07:27:11.955+0000] {logging_mixin.py:190} INFO - [2025-04-02T07:27:11.955+0000] {dagbag.py:588} INFO - Filling up the DagBag from /home/airflow/.local/lib/python3.12/site-packages/airflow/example_dags/example_display_name.py
[2025-04-02T07:27:11.964+0000] {processor.py:925} INFO - DAG(s) 'example_display_name' retrieved from /home/airflow/.local/lib/python3.12/site-packages/airflow/example_dags/example_display_name.py
[2025-04-02T07:27:11.990+0000] {logging_mixin.py:190} INFO - [2025-04-02T07:27:11.990+0000] {dag.py:3239} INFO - Sync 1 DAGs
[2025-04-02T07:27:12.019+0000] {logging_mixin.py:190} INFO - [2025-04-02T07:27:12.019+0000] {dag.py:4180} INFO - Setting next_dagrun for example_display_name to None, run_after=None
[2025-04-02T07:27:12.049+0000] {processor.py:208} INFO - Processing /home/airflow/.local/lib/python3.12/site-packages/airflow/example_dags/example_display_name.py took 0.105 seconds
[2025-04-02T07:27:42.601+0000] {processor.py:186} INFO - Started process (PID=182) to work on /home/airflow/.local/lib/python3.12/site-packages/airflow/example_dags/example_display_name.py
[2025-04-02T07:27:42.601+0000] {processor.py:914} INFO - Processing file /home/airflow/.local/lib/python3.12/site-packages/airflow/example_dags/example_display_name.py for tasks to queue
[2025-04-02T07:27:42.603+0000] {logging_mixin.py:190} INFO - [2025-04-02T07:27:42.603+0000] {dagbag.py:588} INFO - Filling up the DagBag from /home/airflow/.local/lib/python3.12/site-packages/airflow/example_dags/example_display_name.py
[2025-04-02T07:27:42.609+0000] {processor.py:925} INFO - DAG(s) 'example_display_name' retrieved from /home/airflow/.local/lib/python3.12/site-packages/airflow/example_dags/example_display_name.py
[2025-04-02T07:27:42.620+0000] {logging_mixin.py:190} INFO - [2025-04-02T07:27:42.620+0000] {dag.py:3239} INFO - Sync 1 DAGs
[2025-04-02T07:27:42.626+0000] {logging_mixin.py:190} INFO - [2025-04-02T07:27:42.626+0000] {dag.py:4180} INFO - Setting next_dagrun for example_display_name to None, run_after=None
[2025-04-02T07:27:42.637+0000] {processor.py:208} INFO - Processing /home/airflow/.local/lib/python3.12/site-packages/airflow/example_dags/example_display_name.py took 0.039 seconds
[2025-04-02T07:28:13.526+0000] {processor.py:186} INFO - Started process (PID=244) to work on /home/airflow/.local/lib/python3.12/site-packages/airflow/example_dags/example_display_name.py
[2025-04-02T07:28:13.528+0000] {processor.py:914} INFO - Processing file /home/airflow/.local/lib/python3.12/site-packages/airflow/example_dags/example_display_name.py for tasks to queue
[2025-04-02T07:28:13.529+0000] {logging_mixin.py:190} INFO - [2025-04-02T07:28:13.529+0000] {dagbag.py:588} INFO - Filling up the DagBag from /home/airflow/.local/lib/python3.12/site-packages/airflow/example_dags/example_display_name.py
[2025-04-02T07:28:13.533+0000] {processor.py:925} INFO - DAG(s) 'example_display_name' retrieved from /home/airflow/.local/lib/python3.12/site-packages/airflow/example_dags/example_display_name.py
[2025-04-02T07:28:13.542+0000] {logging_mixin.py:190} INFO - [2025-04-02T07:28:13.542+0000] {dag.py:3239} INFO - Sync 1 DAGs
[2025-04-02T07:28:13.548+0000] {logging_mixin.py:190} INFO - [2025-04-02T07:28:13.548+0000] {dag.py:4180} INFO - Setting next_dagrun for example_display_name to None, run_after=None
[2025-04-02T07:28:13.556+0000] {processor.py:208} INFO - Processing /home/airflow/.local/lib/python3.12/site-packages/airflow/example_dags/example_display_name.py took 0.033 seconds
[2025-04-02T07:28:45.018+0000] {processor.py:186} INFO - Started process (PID=307) to work on /home/airflow/.local/lib/python3.12/site-packages/airflow/example_dags/example_display_name.py
[2025-04-02T07:28:45.019+0000] {processor.py:914} INFO - Processing file /home/airflow/.local/lib/python3.12/site-packages/airflow/example_dags/example_display_name.py for tasks to queue
[2025-04-02T07:28:45.022+0000] {logging_mixin.py:190} INFO - [2025-04-02T07:28:45.022+0000] {dagbag.py:588} INFO - Filling up the DagBag from /home/airflow/.local/lib/python3.12/site-packages/airflow/example_dags/example_display_name.py
[2025-04-02T07:28:45.030+0000] {processor.py:925} INFO - DAG(s) 'example_display_name' retrieved from /home/airflow/.local/lib/python3.12/site-packages/airflow/example_dags/example_display_name.py
[2025-04-02T07:28:45.042+0000] {logging_mixin.py:190} INFO - [2025-04-02T07:28:45.042+0000] {dag.py:3239} INFO - Sync 1 DAGs
[2025-04-02T07:28:45.050+0000] {logging_mixin.py:190} INFO - [2025-04-02T07:28:45.050+0000] {dag.py:4180} INFO - Setting next_dagrun for example_display_name to None, run_after=None
[2025-04-02T07:28:45.058+0000] {processor.py:208} INFO - Processing /home/airflow/.local/lib/python3.12/site-packages/airflow/example_dags/example_display_name.py took 0.044 seconds
[2025-04-02T07:29:15.831+0000] {processor.py:186} INFO - Started process (PID=370) to work on /home/airflow/.local/lib/python3.12/site-packages/airflow/example_dags/example_display_name.py
[2025-04-02T07:29:15.832+0000] {processor.py:914} INFO - Processing file /home/airflow/.local/lib/python3.12/site-packages/airflow/example_dags/example_display_name.py for tasks to queue
[2025-04-02T07:29:15.833+0000] {logging_mixin.py:190} INFO - [2025-04-02T07:29:15.833+0000] {dagbag.py:588} INFO - Filling up the DagBag from /home/airflow/.local/lib/python3.12/site-packages/airflow/example_dags/example_display_name.py
[2025-04-02T07:29:15.837+0000] {processor.py:925} INFO - DAG(s) 'example_display_name' retrieved from /home/airflow/.local/lib/python3.12/site-packages/airflow/example_dags/example_display_name.py
[2025-04-02T07:29:15.847+0000] {logging_mixin.py:190} INFO - [2025-04-02T07:29:15.847+0000] {dag.py:3239} INFO - Sync 1 DAGs
[2025-04-02T07:29:15.854+0000] {logging_mixin.py:190} INFO - [2025-04-02T07:29:15.854+0000] {dag.py:4180} INFO - Setting next_dagrun for example_display_name to None, run_after=None
[2025-04-02T07:29:15.863+0000] {processor.py:208} INFO - Processing /home/airflow/.local/lib/python3.12/site-packages/airflow/example_dags/example_display_name.py took 0.036 seconds
[2025-04-02T07:29:46.652+0000] {processor.py:186} INFO - Started process (PID=433) to work on /home/airflow/.local/lib/python3.12/site-packages/airflow/example_dags/example_display_name.py
[2025-04-02T07:29:46.652+0000] {processor.py:914} INFO - Processing file /home/airflow/.local/lib/python3.12/site-packages/airflow/example_dags/example_display_name.py for tasks to queue
[2025-04-02T07:29:46.654+0000] {logging_mixin.py:190} INFO - [2025-04-02T07:29:46.653+0000] {dagbag.py:588} INFO - Filling up the DagBag from /home/airflow/.local/lib/python3.12/site-packages/airflow/example_dags/example_display_name.py
[2025-04-02T07:29:46.660+0000] {processor.py:925} INFO - DAG(s) 'example_display_name' retrieved from /home/airflow/.local/lib/python3.12/site-packages/airflow/example_dags/example_display_name.py
[2025-04-02T07:29:46.670+0000] {logging_mixin.py:190} INFO - [2025-04-02T07:29:46.670+0000] {dag.py:3239} INFO - Sync 1 DAGs
[2025-04-02T07:29:46.678+0000] {logging_mixin.py:190} INFO - [2025-04-02T07:29:46.678+0000] {dag.py:4180} INFO - Setting next_dagrun for example_display_name to None, run_after=None
[2025-04-02T07:29:46.687+0000] {processor.py:208} INFO - Processing /home/airflow/.local/lib/python3.12/site-packages/airflow/example_dags/example_display_name.py took 0.038 seconds
[2025-04-02T07:30:19.743+0000] {processor.py:186} INFO - Started process (PID=497) to work on /home/airflow/.local/lib/python3.12/site-packages/airflow/example_dags/example_display_name.py
[2025-04-02T07:30:19.755+0000] {processor.py:914} INFO - Processing file /home/airflow/.local/lib/python3.12/site-packages/airflow/example_dags/example_display_name.py for tasks to queue
[2025-04-02T07:30:19.762+0000] {logging_mixin.py:190} INFO - [2025-04-02T07:30:19.761+0000] {dagbag.py:588} INFO - Filling up the DagBag from /home/airflow/.local/lib/python3.12/site-packages/airflow/example_dags/example_display_name.py
[2025-04-02T07:30:19.813+0000] {processor.py:925} INFO - DAG(s) 'example_display_name' retrieved from /home/airflow/.local/lib/python3.12/site-packages/airflow/example_dags/example_display_name.py
[2025-04-02T07:30:19.939+0000] {logging_mixin.py:190} INFO - [2025-04-02T07:30:19.936+0000] {dag.py:3239} INFO - Sync 1 DAGs
[2025-04-02T07:30:19.963+0000] {logging_mixin.py:190} INFO - [2025-04-02T07:30:19.962+0000] {dag.py:4180} INFO - Setting next_dagrun for example_display_name to None, run_after=None
[2025-04-02T07:30:20.039+0000] {processor.py:208} INFO - Processing /home/airflow/.local/lib/python3.12/site-packages/airflow/example_dags/example_display_name.py took 0.315 seconds
[2025-04-02T07:30:52.074+0000] {processor.py:186} INFO - Started process (PID=560) to work on /home/airflow/.local/lib/python3.12/site-packages/airflow/example_dags/example_display_name.py
[2025-04-02T07:30:52.076+0000] {processor.py:914} INFO - Processing file /home/airflow/.local/lib/python3.12/site-packages/airflow/example_dags/example_display_name.py for tasks to queue
[2025-04-02T07:30:52.093+0000] {logging_mixin.py:190} INFO - [2025-04-02T07:30:52.092+0000] {dagbag.py:588} INFO - Filling up the DagBag from /home/airflow/.local/lib/python3.12/site-packages/airflow/example_dags/example_display_name.py
[2025-04-02T07:30:52.114+0000] {processor.py:925} INFO - DAG(s) 'example_display_name' retrieved from /home/airflow/.local/lib/python3.12/site-packages/airflow/example_dags/example_display_name.py
[2025-04-02T07:30:52.171+0000] {logging_mixin.py:190} INFO - [2025-04-02T07:30:52.171+0000] {dag.py:3239} INFO - Sync 1 DAGs
[2025-04-02T07:30:52.195+0000] {logging_mixin.py:190} INFO - [2025-04-02T07:30:52.195+0000] {dag.py:4180} INFO - Setting next_dagrun for example_display_name to None, run_after=None
[2025-04-02T07:30:52.228+0000] {processor.py:208} INFO - Processing /home/airflow/.local/lib/python3.12/site-packages/airflow/example_dags/example_display_name.py took 0.172 seconds
[2025-04-02T07:31:22.616+0000] {processor.py:186} INFO - Started process (PID=623) to work on /home/airflow/.local/lib/python3.12/site-packages/airflow/example_dags/example_display_name.py
[2025-04-02T07:31:22.618+0000] {processor.py:914} INFO - Processing file /home/airflow/.local/lib/python3.12/site-packages/airflow/example_dags/example_display_name.py for tasks to queue
[2025-04-02T07:31:22.622+0000] {logging_mixin.py:190} INFO - [2025-04-02T07:31:22.622+0000] {dagbag.py:588} INFO - Filling up the DagBag from /home/airflow/.local/lib/python3.12/site-packages/airflow/example_dags/example_display_name.py
[2025-04-02T07:31:22.627+0000] {processor.py:925} INFO - DAG(s) 'example_display_name' retrieved from /home/airflow/.local/lib/python3.12/site-packages/airflow/example_dags/example_display_name.py
[2025-04-02T07:31:22.642+0000] {logging_mixin.py:190} INFO - [2025-04-02T07:31:22.642+0000] {dag.py:3239} INFO - Sync 1 DAGs
[2025-04-02T07:31:22.649+0000] {logging_mixin.py:190} INFO - [2025-04-02T07:31:22.649+0000] {dag.py:4180} INFO - Setting next_dagrun for example_display_name to None, run_after=None
[2025-04-02T07:31:22.659+0000] {processor.py:208} INFO - Processing /home/airflow/.local/lib/python3.12/site-packages/airflow/example_dags/example_display_name.py took 0.049 seconds
[2025-04-02T07:31:53.788+0000] {processor.py:186} INFO - Started process (PID=687) to work on /home/airflow/.local/lib/python3.12/site-packages/airflow/example_dags/example_display_name.py
[2025-04-02T07:31:53.791+0000] {processor.py:914} INFO - Processing file /home/airflow/.local/lib/python3.12/site-packages/airflow/example_dags/example_display_name.py for tasks to queue
[2025-04-02T07:31:53.792+0000] {logging_mixin.py:190} INFO - [2025-04-02T07:31:53.792+0000] {dagbag.py:588} INFO - Filling up the DagBag from /home/airflow/.local/lib/python3.12/site-packages/airflow/example_dags/example_display_name.py
[2025-04-02T07:31:53.797+0000] {processor.py:925} INFO - DAG(s) 'example_display_name' retrieved from /home/airflow/.local/lib/python3.12/site-packages/airflow/example_dags/example_display_name.py
[2025-04-02T07:31:53.808+0000] {logging_mixin.py:190} INFO - [2025-04-02T07:31:53.808+0000] {dag.py:3239} INFO - Sync 1 DAGs
[2025-04-02T07:31:53.816+0000] {logging_mixin.py:190} INFO - [2025-04-02T07:31:53.815+0000] {dag.py:4180} INFO - Setting next_dagrun for example_display_name to None, run_after=None
[2025-04-02T07:31:53.828+0000] {processor.py:208} INFO - Processing /home/airflow/.local/lib/python3.12/site-packages/airflow/example_dags/example_display_name.py took 0.042 seconds
[2025-04-02T07:32:24.862+0000] {processor.py:186} INFO - Started process (PID=751) to work on /home/airflow/.local/lib/python3.12/site-packages/airflow/example_dags/example_display_name.py
[2025-04-02T07:32:24.863+0000] {processor.py:914} INFO - Processing file /home/airflow/.local/lib/python3.12/site-packages/airflow/example_dags/example_display_name.py for tasks to queue
[2025-04-02T07:32:24.864+0000] {logging_mixin.py:190} INFO - [2025-04-02T07:32:24.864+0000] {dagbag.py:588} INFO - Filling up the DagBag from /home/airflow/.local/lib/python3.12/site-packages/airflow/example_dags/example_display_name.py
[2025-04-02T07:32:24.868+0000] {processor.py:925} INFO - DAG(s) 'example_display_name' retrieved from /home/airflow/.local/lib/python3.12/site-packages/airflow/example_dags/example_display_name.py
[2025-04-02T07:32:24.877+0000] {logging_mixin.py:190} INFO - [2025-04-02T07:32:24.877+0000] {dag.py:3239} INFO - Sync 1 DAGs
[2025-04-02T07:32:24.887+0000] {logging_mixin.py:190} INFO - [2025-04-02T07:32:24.887+0000] {dag.py:4180} INFO - Setting next_dagrun for example_display_name to None, run_after=None
[2025-04-02T07:32:24.899+0000] {processor.py:208} INFO - Processing /home/airflow/.local/lib/python3.12/site-packages/airflow/example_dags/example_display_name.py took 0.039 seconds
