[2025-04-02T07:25:56.287+0000] {processor.py:186} INFO - Started process (PID=82) to work on /home/airflow/.local/lib/python3.12/site-packages/airflow/example_dags/example_complex.py
[2025-04-02T07:25:56.287+0000] {processor.py:914} INFO - Processing file /home/airflow/.local/lib/python3.12/site-packages/airflow/example_dags/example_complex.py for tasks to queue
[2025-04-02T07:25:56.288+0000] {logging_mixin.py:190} INFO - [2025-04-02T07:25:56.288+0000] {dagbag.py:588} INFO - Filling up the DagBag from /home/airflow/.local/lib/python3.12/site-packages/airflow/example_dags/example_complex.py
[2025-04-02T07:25:56.295+0000] {processor.py:925} INFO - DAG(s) 'example_complex' retrieved from /home/airflow/.local/lib/python3.12/site-packages/airflow/example_dags/example_complex.py
[2025-04-02T07:25:56.378+0000] {logging_mixin.py:190} INFO - [2025-04-02T07:25:56.377+0000] {override.py:1912} INFO - Created Permission View: can delete on DAG:example_complex
[2025-04-02T07:25:56.385+0000] {logging_mixin.py:190} INFO - [2025-04-02T07:25:56.384+0000] {override.py:1912} INFO - Created Permission View: can read on DAG:example_complex
[2025-04-02T07:25:56.387+0000] {logging_mixin.py:190} INFO - [2025-04-02T07:25:56.387+0000] {override.py:1912} INFO - Created Permission View: can edit on DAG:example_complex
[2025-04-02T07:25:56.392+0000] {logging_mixin.py:190} INFO - [2025-04-02T07:25:56.392+0000] {override.py:1912} INFO - Created Permission View: can delete on DAG Run:example_complex
[2025-04-02T07:25:56.395+0000] {logging_mixin.py:190} INFO - [2025-04-02T07:25:56.395+0000] {override.py:1912} INFO - Created Permission View: can read on DAG Run:example_complex
[2025-04-02T07:25:56.397+0000] {logging_mixin.py:190} INFO - [2025-04-02T07:25:56.397+0000] {override.py:1912} INFO - Created Permission View: can create on DAG Run:example_complex
[2025-04-02T07:25:56.400+0000] {logging_mixin.py:190} INFO - [2025-04-02T07:25:56.400+0000] {override.py:1912} INFO - Created Permission View: menu access on DAG Run:example_complex
[2025-04-02T07:25:56.400+0000] {logging_mixin.py:190} INFO - [2025-04-02T07:25:56.400+0000] {dag.py:3239} INFO - Sync 1 DAGs
[2025-04-02T07:25:56.406+0000] {logging_mixin.py:190} INFO - [2025-04-02T07:25:56.406+0000] {dag.py:3262} INFO - Creating ORM DAG for example_complex
[2025-04-02T07:25:56.407+0000] {logging_mixin.py:190} INFO - [2025-04-02T07:25:56.407+0000] {dag.py:4180} INFO - Setting next_dagrun for example_complex to None, run_after=None
[2025-04-02T07:25:56.423+0000] {processor.py:208} INFO - Processing /home/airflow/.local/lib/python3.12/site-packages/airflow/example_dags/example_complex.py took 0.139 seconds
[2025-04-02T07:26:42.984+0000] {processor.py:186} INFO - Started process (PID=74) to work on /home/airflow/.local/lib/python3.12/site-packages/airflow/example_dags/example_complex.py
[2025-04-02T07:26:42.986+0000] {processor.py:914} INFO - Processing file /home/airflow/.local/lib/python3.12/site-packages/airflow/example_dags/example_complex.py for tasks to queue
[2025-04-02T07:26:42.987+0000] {logging_mixin.py:190} INFO - [2025-04-02T07:26:42.987+0000] {dagbag.py:588} INFO - Filling up the DagBag from /home/airflow/.local/lib/python3.12/site-packages/airflow/example_dags/example_complex.py
[2025-04-02T07:26:42.994+0000] {processor.py:925} INFO - DAG(s) 'example_complex' retrieved from /home/airflow/.local/lib/python3.12/site-packages/airflow/example_dags/example_complex.py
[2025-04-02T07:26:43.013+0000] {logging_mixin.py:190} INFO - [2025-04-02T07:26:43.013+0000] {dag.py:3239} INFO - Sync 1 DAGs
[2025-04-02T07:26:43.019+0000] {logging_mixin.py:190} INFO - [2025-04-02T07:26:43.019+0000] {dag.py:4180} INFO - Setting next_dagrun for example_complex to None, run_after=None
[2025-04-02T07:26:43.028+0000] {processor.py:208} INFO - Processing /home/airflow/.local/lib/python3.12/site-packages/airflow/example_dags/example_complex.py took 0.047 seconds
[2025-04-02T07:27:13.842+0000] {processor.py:186} INFO - Started process (PID=137) to work on /home/airflow/.local/lib/python3.12/site-packages/airflow/example_dags/example_complex.py
[2025-04-02T07:27:13.843+0000] {processor.py:914} INFO - Processing file /home/airflow/.local/lib/python3.12/site-packages/airflow/example_dags/example_complex.py for tasks to queue
[2025-04-02T07:27:13.844+0000] {logging_mixin.py:190} INFO - [2025-04-02T07:27:13.844+0000] {dagbag.py:588} INFO - Filling up the DagBag from /home/airflow/.local/lib/python3.12/site-packages/airflow/example_dags/example_complex.py
[2025-04-02T07:27:13.850+0000] {processor.py:925} INFO - DAG(s) 'example_complex' retrieved from /home/airflow/.local/lib/python3.12/site-packages/airflow/example_dags/example_complex.py
[2025-04-02T07:27:13.865+0000] {logging_mixin.py:190} INFO - [2025-04-02T07:27:13.865+0000] {dag.py:3239} INFO - Sync 1 DAGs
[2025-04-02T07:27:13.870+0000] {logging_mixin.py:190} INFO - [2025-04-02T07:27:13.870+0000] {dag.py:4180} INFO - Setting next_dagrun for example_complex to None, run_after=None
[2025-04-02T07:27:13.877+0000] {processor.py:208} INFO - Processing /home/airflow/.local/lib/python3.12/site-packages/airflow/example_dags/example_complex.py took 0.039 seconds
[2025-04-02T07:27:44.377+0000] {processor.py:186} INFO - Started process (PID=200) to work on /home/airflow/.local/lib/python3.12/site-packages/airflow/example_dags/example_complex.py
[2025-04-02T07:27:44.377+0000] {processor.py:914} INFO - Processing file /home/airflow/.local/lib/python3.12/site-packages/airflow/example_dags/example_complex.py for tasks to queue
[2025-04-02T07:27:44.379+0000] {logging_mixin.py:190} INFO - [2025-04-02T07:27:44.378+0000] {dagbag.py:588} INFO - Filling up the DagBag from /home/airflow/.local/lib/python3.12/site-packages/airflow/example_dags/example_complex.py
[2025-04-02T07:27:44.384+0000] {processor.py:925} INFO - DAG(s) 'example_complex' retrieved from /home/airflow/.local/lib/python3.12/site-packages/airflow/example_dags/example_complex.py
[2025-04-02T07:27:44.400+0000] {logging_mixin.py:190} INFO - [2025-04-02T07:27:44.400+0000] {dag.py:3239} INFO - Sync 1 DAGs
[2025-04-02T07:27:44.408+0000] {logging_mixin.py:190} INFO - [2025-04-02T07:27:44.408+0000] {dag.py:4180} INFO - Setting next_dagrun for example_complex to None, run_after=None
[2025-04-02T07:27:44.420+0000] {processor.py:208} INFO - Processing /home/airflow/.local/lib/python3.12/site-packages/airflow/example_dags/example_complex.py took 0.047 seconds
[2025-04-02T07:28:15.329+0000] {processor.py:186} INFO - Started process (PID=262) to work on /home/airflow/.local/lib/python3.12/site-packages/airflow/example_dags/example_complex.py
[2025-04-02T07:28:15.329+0000] {processor.py:914} INFO - Processing file /home/airflow/.local/lib/python3.12/site-packages/airflow/example_dags/example_complex.py for tasks to queue
[2025-04-02T07:28:15.332+0000] {logging_mixin.py:190} INFO - [2025-04-02T07:28:15.331+0000] {dagbag.py:588} INFO - Filling up the DagBag from /home/airflow/.local/lib/python3.12/site-packages/airflow/example_dags/example_complex.py
[2025-04-02T07:28:15.339+0000] {processor.py:925} INFO - DAG(s) 'example_complex' retrieved from /home/airflow/.local/lib/python3.12/site-packages/airflow/example_dags/example_complex.py
[2025-04-02T07:28:15.363+0000] {logging_mixin.py:190} INFO - [2025-04-02T07:28:15.363+0000] {dag.py:3239} INFO - Sync 1 DAGs
[2025-04-02T07:28:15.373+0000] {logging_mixin.py:190} INFO - [2025-04-02T07:28:15.372+0000] {dag.py:4180} INFO - Setting next_dagrun for example_complex to None, run_after=None
[2025-04-02T07:28:15.388+0000] {processor.py:208} INFO - Processing /home/airflow/.local/lib/python3.12/site-packages/airflow/example_dags/example_complex.py took 0.064 seconds
[2025-04-02T07:28:45.859+0000] {processor.py:186} INFO - Started process (PID=325) to work on /home/airflow/.local/lib/python3.12/site-packages/airflow/example_dags/example_complex.py
[2025-04-02T07:28:45.859+0000] {processor.py:914} INFO - Processing file /home/airflow/.local/lib/python3.12/site-packages/airflow/example_dags/example_complex.py for tasks to queue
[2025-04-02T07:28:45.860+0000] {logging_mixin.py:190} INFO - [2025-04-02T07:28:45.860+0000] {dagbag.py:588} INFO - Filling up the DagBag from /home/airflow/.local/lib/python3.12/site-packages/airflow/example_dags/example_complex.py
[2025-04-02T07:28:45.866+0000] {processor.py:925} INFO - DAG(s) 'example_complex' retrieved from /home/airflow/.local/lib/python3.12/site-packages/airflow/example_dags/example_complex.py
[2025-04-02T07:28:45.879+0000] {logging_mixin.py:190} INFO - [2025-04-02T07:28:45.879+0000] {dag.py:3239} INFO - Sync 1 DAGs
[2025-04-02T07:28:45.886+0000] {logging_mixin.py:190} INFO - [2025-04-02T07:28:45.886+0000] {dag.py:4180} INFO - Setting next_dagrun for example_complex to None, run_after=None
[2025-04-02T07:28:45.896+0000] {processor.py:208} INFO - Processing /home/airflow/.local/lib/python3.12/site-packages/airflow/example_dags/example_complex.py took 0.040 seconds
[2025-04-02T07:29:16.787+0000] {processor.py:186} INFO - Started process (PID=388) to work on /home/airflow/.local/lib/python3.12/site-packages/airflow/example_dags/example_complex.py
[2025-04-02T07:29:16.787+0000] {processor.py:914} INFO - Processing file /home/airflow/.local/lib/python3.12/site-packages/airflow/example_dags/example_complex.py for tasks to queue
[2025-04-02T07:29:16.789+0000] {logging_mixin.py:190} INFO - [2025-04-02T07:29:16.788+0000] {dagbag.py:588} INFO - Filling up the DagBag from /home/airflow/.local/lib/python3.12/site-packages/airflow/example_dags/example_complex.py
[2025-04-02T07:29:16.795+0000] {processor.py:925} INFO - DAG(s) 'example_complex' retrieved from /home/airflow/.local/lib/python3.12/site-packages/airflow/example_dags/example_complex.py
[2025-04-02T07:29:16.837+0000] {logging_mixin.py:190} INFO - [2025-04-02T07:29:16.837+0000] {dag.py:3239} INFO - Sync 1 DAGs
[2025-04-02T07:29:16.852+0000] {logging_mixin.py:190} INFO - [2025-04-02T07:29:16.852+0000] {dag.py:4180} INFO - Setting next_dagrun for example_complex to None, run_after=None
[2025-04-02T07:29:16.876+0000] {processor.py:208} INFO - Processing /home/airflow/.local/lib/python3.12/site-packages/airflow/example_dags/example_complex.py took 0.092 seconds
[2025-04-02T07:29:47.768+0000] {processor.py:186} INFO - Started process (PID=451) to work on /home/airflow/.local/lib/python3.12/site-packages/airflow/example_dags/example_complex.py
[2025-04-02T07:29:47.768+0000] {processor.py:914} INFO - Processing file /home/airflow/.local/lib/python3.12/site-packages/airflow/example_dags/example_complex.py for tasks to queue
[2025-04-02T07:29:47.770+0000] {logging_mixin.py:190} INFO - [2025-04-02T07:29:47.769+0000] {dagbag.py:588} INFO - Filling up the DagBag from /home/airflow/.local/lib/python3.12/site-packages/airflow/example_dags/example_complex.py
[2025-04-02T07:29:47.776+0000] {processor.py:925} INFO - DAG(s) 'example_complex' retrieved from /home/airflow/.local/lib/python3.12/site-packages/airflow/example_dags/example_complex.py
[2025-04-02T07:29:47.815+0000] {logging_mixin.py:190} INFO - [2025-04-02T07:29:47.814+0000] {dag.py:3239} INFO - Sync 1 DAGs
[2025-04-02T07:29:47.824+0000] {logging_mixin.py:190} INFO - [2025-04-02T07:29:47.824+0000] {dag.py:4180} INFO - Setting next_dagrun for example_complex to None, run_after=None
[2025-04-02T07:29:47.893+0000] {processor.py:208} INFO - Processing /home/airflow/.local/lib/python3.12/site-packages/airflow/example_dags/example_complex.py took 0.128 seconds
[2025-04-02T07:30:25.915+0000] {processor.py:186} INFO - Started process (PID=515) to work on /home/airflow/.local/lib/python3.12/site-packages/airflow/example_dags/example_complex.py
[2025-04-02T07:30:25.919+0000] {processor.py:914} INFO - Processing file /home/airflow/.local/lib/python3.12/site-packages/airflow/example_dags/example_complex.py for tasks to queue
[2025-04-02T07:30:25.925+0000] {logging_mixin.py:190} INFO - [2025-04-02T07:30:25.925+0000] {dagbag.py:588} INFO - Filling up the DagBag from /home/airflow/.local/lib/python3.12/site-packages/airflow/example_dags/example_complex.py
[2025-04-02T07:30:25.958+0000] {processor.py:925} INFO - DAG(s) 'example_complex' retrieved from /home/airflow/.local/lib/python3.12/site-packages/airflow/example_dags/example_complex.py
[2025-04-02T07:30:26.025+0000] {logging_mixin.py:190} INFO - [2025-04-02T07:30:26.025+0000] {dag.py:3239} INFO - Sync 1 DAGs
[2025-04-02T07:30:26.053+0000] {logging_mixin.py:190} INFO - [2025-04-02T07:30:26.053+0000] {dag.py:4180} INFO - Setting next_dagrun for example_complex to None, run_after=None
[2025-04-02T07:30:26.146+0000] {processor.py:208} INFO - Processing /home/airflow/.local/lib/python3.12/site-packages/airflow/example_dags/example_complex.py took 0.240 seconds
[2025-04-02T07:30:56.592+0000] {processor.py:186} INFO - Started process (PID=578) to work on /home/airflow/.local/lib/python3.12/site-packages/airflow/example_dags/example_complex.py
[2025-04-02T07:30:56.596+0000] {processor.py:914} INFO - Processing file /home/airflow/.local/lib/python3.12/site-packages/airflow/example_dags/example_complex.py for tasks to queue
[2025-04-02T07:30:56.603+0000] {logging_mixin.py:190} INFO - [2025-04-02T07:30:56.602+0000] {dagbag.py:588} INFO - Filling up the DagBag from /home/airflow/.local/lib/python3.12/site-packages/airflow/example_dags/example_complex.py
[2025-04-02T07:30:56.633+0000] {processor.py:925} INFO - DAG(s) 'example_complex' retrieved from /home/airflow/.local/lib/python3.12/site-packages/airflow/example_dags/example_complex.py
[2025-04-02T07:30:56.739+0000] {logging_mixin.py:190} INFO - [2025-04-02T07:30:56.739+0000] {dag.py:3239} INFO - Sync 1 DAGs
[2025-04-02T07:30:56.778+0000] {logging_mixin.py:190} INFO - [2025-04-02T07:30:56.778+0000] {dag.py:4180} INFO - Setting next_dagrun for example_complex to None, run_after=None
[2025-04-02T07:30:56.833+0000] {processor.py:208} INFO - Processing /home/airflow/.local/lib/python3.12/site-packages/airflow/example_dags/example_complex.py took 0.261 seconds
[2025-04-02T07:31:27.388+0000] {processor.py:186} INFO - Started process (PID=641) to work on /home/airflow/.local/lib/python3.12/site-packages/airflow/example_dags/example_complex.py
[2025-04-02T07:31:27.391+0000] {processor.py:914} INFO - Processing file /home/airflow/.local/lib/python3.12/site-packages/airflow/example_dags/example_complex.py for tasks to queue
[2025-04-02T07:31:27.393+0000] {logging_mixin.py:190} INFO - [2025-04-02T07:31:27.393+0000] {dagbag.py:588} INFO - Filling up the DagBag from /home/airflow/.local/lib/python3.12/site-packages/airflow/example_dags/example_complex.py
[2025-04-02T07:31:27.400+0000] {processor.py:925} INFO - DAG(s) 'example_complex' retrieved from /home/airflow/.local/lib/python3.12/site-packages/airflow/example_dags/example_complex.py
[2025-04-02T07:31:27.422+0000] {logging_mixin.py:190} INFO - [2025-04-02T07:31:27.422+0000] {dag.py:3239} INFO - Sync 1 DAGs
[2025-04-02T07:31:27.429+0000] {logging_mixin.py:190} INFO - [2025-04-02T07:31:27.429+0000] {dag.py:4180} INFO - Setting next_dagrun for example_complex to None, run_after=None
[2025-04-02T07:31:27.436+0000] {processor.py:208} INFO - Processing /home/airflow/.local/lib/python3.12/site-packages/airflow/example_dags/example_complex.py took 0.052 seconds
[2025-04-02T07:31:57.633+0000] {processor.py:186} INFO - Started process (PID=705) to work on /home/airflow/.local/lib/python3.12/site-packages/airflow/example_dags/example_complex.py
[2025-04-02T07:31:57.634+0000] {processor.py:914} INFO - Processing file /home/airflow/.local/lib/python3.12/site-packages/airflow/example_dags/example_complex.py for tasks to queue
[2025-04-02T07:31:57.636+0000] {logging_mixin.py:190} INFO - [2025-04-02T07:31:57.635+0000] {dagbag.py:588} INFO - Filling up the DagBag from /home/airflow/.local/lib/python3.12/site-packages/airflow/example_dags/example_complex.py
[2025-04-02T07:31:57.646+0000] {processor.py:925} INFO - DAG(s) 'example_complex' retrieved from /home/airflow/.local/lib/python3.12/site-packages/airflow/example_dags/example_complex.py
[2025-04-02T07:31:57.669+0000] {logging_mixin.py:190} INFO - [2025-04-02T07:31:57.668+0000] {dag.py:3239} INFO - Sync 1 DAGs
[2025-04-02T07:31:57.678+0000] {logging_mixin.py:190} INFO - [2025-04-02T07:31:57.677+0000] {dag.py:4180} INFO - Setting next_dagrun for example_complex to None, run_after=None
[2025-04-02T07:31:57.686+0000] {processor.py:208} INFO - Processing /home/airflow/.local/lib/python3.12/site-packages/airflow/example_dags/example_complex.py took 0.058 seconds
[2025-04-02T07:32:28.642+0000] {processor.py:186} INFO - Started process (PID=769) to work on /home/airflow/.local/lib/python3.12/site-packages/airflow/example_dags/example_complex.py
[2025-04-02T07:32:28.648+0000] {processor.py:914} INFO - Processing file /home/airflow/.local/lib/python3.12/site-packages/airflow/example_dags/example_complex.py for tasks to queue
[2025-04-02T07:32:28.651+0000] {logging_mixin.py:190} INFO - [2025-04-02T07:32:28.651+0000] {dagbag.py:588} INFO - Filling up the DagBag from /home/airflow/.local/lib/python3.12/site-packages/airflow/example_dags/example_complex.py
[2025-04-02T07:32:28.658+0000] {processor.py:925} INFO - DAG(s) 'example_complex' retrieved from /home/airflow/.local/lib/python3.12/site-packages/airflow/example_dags/example_complex.py
[2025-04-02T07:32:28.674+0000] {logging_mixin.py:190} INFO - [2025-04-02T07:32:28.674+0000] {dag.py:3239} INFO - Sync 1 DAGs
[2025-04-02T07:32:28.680+0000] {logging_mixin.py:190} INFO - [2025-04-02T07:32:28.680+0000] {dag.py:4180} INFO - Setting next_dagrun for example_complex to None, run_after=None
[2025-04-02T07:32:28.687+0000] {processor.py:208} INFO - Processing /home/airflow/.local/lib/python3.12/site-packages/airflow/example_dags/example_complex.py took 0.050 seconds
