[2025-04-02T07:25:53.903+0000] {processor.py:186} INFO - Started process (PID=66) to work on /home/airflow/.local/lib/python3.12/site-packages/airflow/example_dags/example_nested_branch_dag.py
[2025-04-02T07:25:53.904+0000] {processor.py:914} INFO - Processing file /home/airflow/.local/lib/python3.12/site-packages/airflow/example_dags/example_nested_branch_dag.py for tasks to queue
[2025-04-02T07:25:53.905+0000] {logging_mixin.py:190} INFO - [2025-04-02T07:25:53.905+0000] {dagbag.py:588} INFO - Filling up the DagBag from /home/airflow/.local/lib/python3.12/site-packages/airflow/example_dags/example_nested_branch_dag.py
[2025-04-02T07:25:53.912+0000] {processor.py:925} INFO - DAG(s) 'example_nested_branch_dag' retrieved from /home/airflow/.local/lib/python3.12/site-packages/airflow/example_dags/example_nested_branch_dag.py
[2025-04-02T07:25:53.965+0000] {logging_mixin.py:190} INFO - [2025-04-02T07:25:53.965+0000] {override.py:1912} INFO - Created Permission View: can delete on DAG:example_nested_branch_dag
[2025-04-02T07:25:53.973+0000] {logging_mixin.py:190} INFO - [2025-04-02T07:25:53.973+0000] {override.py:1912} INFO - Created Permission View: can read on DAG:example_nested_branch_dag
[2025-04-02T07:25:53.981+0000] {logging_mixin.py:190} INFO - [2025-04-02T07:25:53.981+0000] {override.py:1912} INFO - Created Permission View: can edit on DAG:example_nested_branch_dag
[2025-04-02T07:25:53.983+0000] {logging_mixin.py:190} INFO - [2025-04-02T07:25:53.983+0000] {override.py:1912} INFO - Created Permission View: can delete on DAG Run:example_nested_branch_dag
[2025-04-02T07:25:53.985+0000] {logging_mixin.py:190} INFO - [2025-04-02T07:25:53.985+0000] {override.py:1912} INFO - Created Permission View: can read on DAG Run:example_nested_branch_dag
[2025-04-02T07:25:53.987+0000] {logging_mixin.py:190} INFO - [2025-04-02T07:25:53.987+0000] {override.py:1912} INFO - Created Permission View: can create on DAG Run:example_nested_branch_dag
[2025-04-02T07:25:53.989+0000] {logging_mixin.py:190} INFO - [2025-04-02T07:25:53.989+0000] {override.py:1912} INFO - Created Permission View: menu access on DAG Run:example_nested_branch_dag
[2025-04-02T07:25:53.989+0000] {logging_mixin.py:190} INFO - [2025-04-02T07:25:53.989+0000] {dag.py:3239} INFO - Sync 1 DAGs
[2025-04-02T07:25:53.995+0000] {logging_mixin.py:190} INFO - [2025-04-02T07:25:53.995+0000] {dag.py:3262} INFO - Creating ORM DAG for example_nested_branch_dag
[2025-04-02T07:25:53.999+0000] {logging_mixin.py:190} INFO - [2025-04-02T07:25:53.999+0000] {dag.py:4180} INFO - Setting next_dagrun for example_nested_branch_dag to 2025-04-01 00:00:00+00:00, run_after=2025-04-02 00:00:00+00:00
[2025-04-02T07:25:54.005+0000] {processor.py:208} INFO - Processing /home/airflow/.local/lib/python3.12/site-packages/airflow/example_dags/example_nested_branch_dag.py took 0.105 seconds
[2025-04-02T07:26:40.873+0000] {processor.py:186} INFO - Started process (PID=52) to work on /home/airflow/.local/lib/python3.12/site-packages/airflow/example_dags/example_nested_branch_dag.py
[2025-04-02T07:26:40.874+0000] {processor.py:914} INFO - Processing file /home/airflow/.local/lib/python3.12/site-packages/airflow/example_dags/example_nested_branch_dag.py for tasks to queue
[2025-04-02T07:26:40.875+0000] {logging_mixin.py:190} INFO - [2025-04-02T07:26:40.875+0000] {dagbag.py:588} INFO - Filling up the DagBag from /home/airflow/.local/lib/python3.12/site-packages/airflow/example_dags/example_nested_branch_dag.py
[2025-04-02T07:26:40.881+0000] {processor.py:925} INFO - DAG(s) 'example_nested_branch_dag' retrieved from /home/airflow/.local/lib/python3.12/site-packages/airflow/example_dags/example_nested_branch_dag.py
[2025-04-02T07:26:40.898+0000] {logging_mixin.py:190} INFO - [2025-04-02T07:26:40.898+0000] {dag.py:3239} INFO - Sync 1 DAGs
[2025-04-02T07:26:40.910+0000] {logging_mixin.py:190} INFO - [2025-04-02T07:26:40.910+0000] {dag.py:4180} INFO - Setting next_dagrun for example_nested_branch_dag to 2025-04-01 00:00:00+00:00, run_after=2025-04-02 00:00:00+00:00
[2025-04-02T07:26:40.931+0000] {processor.py:208} INFO - Processing /home/airflow/.local/lib/python3.12/site-packages/airflow/example_dags/example_nested_branch_dag.py took 0.061 seconds
[2025-04-02T07:27:12.079+0000] {processor.py:186} INFO - Started process (PID=121) to work on /home/airflow/.local/lib/python3.12/site-packages/airflow/example_dags/example_nested_branch_dag.py
[2025-04-02T07:27:12.080+0000] {processor.py:914} INFO - Processing file /home/airflow/.local/lib/python3.12/site-packages/airflow/example_dags/example_nested_branch_dag.py for tasks to queue
[2025-04-02T07:27:12.085+0000] {logging_mixin.py:190} INFO - [2025-04-02T07:27:12.084+0000] {dagbag.py:588} INFO - Filling up the DagBag from /home/airflow/.local/lib/python3.12/site-packages/airflow/example_dags/example_nested_branch_dag.py
[2025-04-02T07:27:12.098+0000] {processor.py:925} INFO - DAG(s) 'example_nested_branch_dag' retrieved from /home/airflow/.local/lib/python3.12/site-packages/airflow/example_dags/example_nested_branch_dag.py
[2025-04-02T07:27:12.110+0000] {logging_mixin.py:190} INFO - [2025-04-02T07:27:12.110+0000] {dag.py:3239} INFO - Sync 1 DAGs
[2025-04-02T07:27:12.124+0000] {logging_mixin.py:190} INFO - [2025-04-02T07:27:12.124+0000] {dag.py:4180} INFO - Setting next_dagrun for example_nested_branch_dag to 2025-04-01 00:00:00+00:00, run_after=2025-04-02 00:00:00+00:00
[2025-04-02T07:27:12.135+0000] {processor.py:208} INFO - Processing /home/airflow/.local/lib/python3.12/site-packages/airflow/example_dags/example_nested_branch_dag.py took 0.062 seconds
[2025-04-02T07:27:42.613+0000] {processor.py:186} INFO - Started process (PID=183) to work on /home/airflow/.local/lib/python3.12/site-packages/airflow/example_dags/example_nested_branch_dag.py
[2025-04-02T07:27:42.613+0000] {processor.py:914} INFO - Processing file /home/airflow/.local/lib/python3.12/site-packages/airflow/example_dags/example_nested_branch_dag.py for tasks to queue
[2025-04-02T07:27:42.615+0000] {logging_mixin.py:190} INFO - [2025-04-02T07:27:42.615+0000] {dagbag.py:588} INFO - Filling up the DagBag from /home/airflow/.local/lib/python3.12/site-packages/airflow/example_dags/example_nested_branch_dag.py
[2025-04-02T07:27:42.621+0000] {processor.py:925} INFO - DAG(s) 'example_nested_branch_dag' retrieved from /home/airflow/.local/lib/python3.12/site-packages/airflow/example_dags/example_nested_branch_dag.py
[2025-04-02T07:27:42.633+0000] {logging_mixin.py:190} INFO - [2025-04-02T07:27:42.632+0000] {dag.py:3239} INFO - Sync 1 DAGs
[2025-04-02T07:27:42.648+0000] {logging_mixin.py:190} INFO - [2025-04-02T07:27:42.648+0000] {dag.py:4180} INFO - Setting next_dagrun for example_nested_branch_dag to 2025-04-01 00:00:00+00:00, run_after=2025-04-02 00:00:00+00:00
[2025-04-02T07:27:42.660+0000] {processor.py:208} INFO - Processing /home/airflow/.local/lib/python3.12/site-packages/airflow/example_dags/example_nested_branch_dag.py took 0.053 seconds
[2025-04-02T07:28:13.568+0000] {processor.py:186} INFO - Started process (PID=246) to work on /home/airflow/.local/lib/python3.12/site-packages/airflow/example_dags/example_nested_branch_dag.py
[2025-04-02T07:28:13.568+0000] {processor.py:914} INFO - Processing file /home/airflow/.local/lib/python3.12/site-packages/airflow/example_dags/example_nested_branch_dag.py for tasks to queue
[2025-04-02T07:28:13.569+0000] {logging_mixin.py:190} INFO - [2025-04-02T07:28:13.569+0000] {dagbag.py:588} INFO - Filling up the DagBag from /home/airflow/.local/lib/python3.12/site-packages/airflow/example_dags/example_nested_branch_dag.py
[2025-04-02T07:28:13.574+0000] {processor.py:925} INFO - DAG(s) 'example_nested_branch_dag' retrieved from /home/airflow/.local/lib/python3.12/site-packages/airflow/example_dags/example_nested_branch_dag.py
[2025-04-02T07:28:13.584+0000] {logging_mixin.py:190} INFO - [2025-04-02T07:28:13.584+0000] {dag.py:3239} INFO - Sync 1 DAGs
[2025-04-02T07:28:13.594+0000] {logging_mixin.py:190} INFO - [2025-04-02T07:28:13.594+0000] {dag.py:4180} INFO - Setting next_dagrun for example_nested_branch_dag to 2025-04-01 00:00:00+00:00, run_after=2025-04-02 00:00:00+00:00
[2025-04-02T07:28:13.601+0000] {processor.py:208} INFO - Processing /home/airflow/.local/lib/python3.12/site-packages/airflow/example_dags/example_nested_branch_dag.py took 0.036 seconds
[2025-04-02T07:28:45.072+0000] {processor.py:186} INFO - Started process (PID=309) to work on /home/airflow/.local/lib/python3.12/site-packages/airflow/example_dags/example_nested_branch_dag.py
[2025-04-02T07:28:45.072+0000] {processor.py:914} INFO - Processing file /home/airflow/.local/lib/python3.12/site-packages/airflow/example_dags/example_nested_branch_dag.py for tasks to queue
[2025-04-02T07:28:45.074+0000] {logging_mixin.py:190} INFO - [2025-04-02T07:28:45.073+0000] {dagbag.py:588} INFO - Filling up the DagBag from /home/airflow/.local/lib/python3.12/site-packages/airflow/example_dags/example_nested_branch_dag.py
[2025-04-02T07:28:45.081+0000] {processor.py:925} INFO - DAG(s) 'example_nested_branch_dag' retrieved from /home/airflow/.local/lib/python3.12/site-packages/airflow/example_dags/example_nested_branch_dag.py
[2025-04-02T07:28:45.092+0000] {logging_mixin.py:190} INFO - [2025-04-02T07:28:45.092+0000] {dag.py:3239} INFO - Sync 1 DAGs
[2025-04-02T07:28:45.103+0000] {logging_mixin.py:190} INFO - [2025-04-02T07:28:45.103+0000] {dag.py:4180} INFO - Setting next_dagrun for example_nested_branch_dag to 2025-04-01 00:00:00+00:00, run_after=2025-04-02 00:00:00+00:00
[2025-04-02T07:28:45.111+0000] {processor.py:208} INFO - Processing /home/airflow/.local/lib/python3.12/site-packages/airflow/example_dags/example_nested_branch_dag.py took 0.043 seconds
[2025-04-02T07:29:15.846+0000] {processor.py:186} INFO - Started process (PID=371) to work on /home/airflow/.local/lib/python3.12/site-packages/airflow/example_dags/example_nested_branch_dag.py
[2025-04-02T07:29:15.846+0000] {processor.py:914} INFO - Processing file /home/airflow/.local/lib/python3.12/site-packages/airflow/example_dags/example_nested_branch_dag.py for tasks to queue
[2025-04-02T07:29:15.848+0000] {logging_mixin.py:190} INFO - [2025-04-02T07:29:15.848+0000] {dagbag.py:588} INFO - Filling up the DagBag from /home/airflow/.local/lib/python3.12/site-packages/airflow/example_dags/example_nested_branch_dag.py
[2025-04-02T07:29:15.854+0000] {processor.py:925} INFO - DAG(s) 'example_nested_branch_dag' retrieved from /home/airflow/.local/lib/python3.12/site-packages/airflow/example_dags/example_nested_branch_dag.py
[2025-04-02T07:29:15.866+0000] {logging_mixin.py:190} INFO - [2025-04-02T07:29:15.866+0000] {dag.py:3239} INFO - Sync 1 DAGs
[2025-04-02T07:29:15.877+0000] {logging_mixin.py:190} INFO - [2025-04-02T07:29:15.877+0000] {dag.py:4180} INFO - Setting next_dagrun for example_nested_branch_dag to 2025-04-01 00:00:00+00:00, run_after=2025-04-02 00:00:00+00:00
[2025-04-02T07:29:15.886+0000] {processor.py:208} INFO - Processing /home/airflow/.local/lib/python3.12/site-packages/airflow/example_dags/example_nested_branch_dag.py took 0.043 seconds
[2025-04-02T07:29:46.698+0000] {processor.py:186} INFO - Started process (PID=434) to work on /home/airflow/.local/lib/python3.12/site-packages/airflow/example_dags/example_nested_branch_dag.py
[2025-04-02T07:29:46.703+0000] {processor.py:914} INFO - Processing file /home/airflow/.local/lib/python3.12/site-packages/airflow/example_dags/example_nested_branch_dag.py for tasks to queue
[2025-04-02T07:29:46.704+0000] {logging_mixin.py:190} INFO - [2025-04-02T07:29:46.704+0000] {dagbag.py:588} INFO - Filling up the DagBag from /home/airflow/.local/lib/python3.12/site-packages/airflow/example_dags/example_nested_branch_dag.py
[2025-04-02T07:29:46.717+0000] {processor.py:925} INFO - DAG(s) 'example_nested_branch_dag' retrieved from /home/airflow/.local/lib/python3.12/site-packages/airflow/example_dags/example_nested_branch_dag.py
[2025-04-02T07:29:46.739+0000] {logging_mixin.py:190} INFO - [2025-04-02T07:29:46.738+0000] {dag.py:3239} INFO - Sync 1 DAGs
[2025-04-02T07:29:46.758+0000] {logging_mixin.py:190} INFO - [2025-04-02T07:29:46.758+0000] {dag.py:4180} INFO - Setting next_dagrun for example_nested_branch_dag to 2025-04-01 00:00:00+00:00, run_after=2025-04-02 00:00:00+00:00
[2025-04-02T07:29:46.769+0000] {processor.py:208} INFO - Processing /home/airflow/.local/lib/python3.12/site-packages/airflow/example_dags/example_nested_branch_dag.py took 0.074 seconds
[2025-04-02T07:30:20.132+0000] {processor.py:186} INFO - Started process (PID=498) to work on /home/airflow/.local/lib/python3.12/site-packages/airflow/example_dags/example_nested_branch_dag.py
[2025-04-02T07:30:20.133+0000] {processor.py:914} INFO - Processing file /home/airflow/.local/lib/python3.12/site-packages/airflow/example_dags/example_nested_branch_dag.py for tasks to queue
[2025-04-02T07:30:20.137+0000] {logging_mixin.py:190} INFO - [2025-04-02T07:30:20.136+0000] {dagbag.py:588} INFO - Filling up the DagBag from /home/airflow/.local/lib/python3.12/site-packages/airflow/example_dags/example_nested_branch_dag.py
[2025-04-02T07:30:20.170+0000] {processor.py:925} INFO - DAG(s) 'example_nested_branch_dag' retrieved from /home/airflow/.local/lib/python3.12/site-packages/airflow/example_dags/example_nested_branch_dag.py
[2025-04-02T07:30:20.247+0000] {logging_mixin.py:190} INFO - [2025-04-02T07:30:20.247+0000] {dag.py:3239} INFO - Sync 1 DAGs
[2025-04-02T07:30:20.296+0000] {logging_mixin.py:190} INFO - [2025-04-02T07:30:20.295+0000] {dag.py:4180} INFO - Setting next_dagrun for example_nested_branch_dag to 2025-04-01 00:00:00+00:00, run_after=2025-04-02 00:00:00+00:00
[2025-04-02T07:30:20.361+0000] {processor.py:208} INFO - Processing /home/airflow/.local/lib/python3.12/site-packages/airflow/example_dags/example_nested_branch_dag.py took 0.243 seconds
[2025-04-02T07:30:52.177+0000] {processor.py:186} INFO - Started process (PID=561) to work on /home/airflow/.local/lib/python3.12/site-packages/airflow/example_dags/example_nested_branch_dag.py
[2025-04-02T07:30:52.185+0000] {processor.py:914} INFO - Processing file /home/airflow/.local/lib/python3.12/site-packages/airflow/example_dags/example_nested_branch_dag.py for tasks to queue
[2025-04-02T07:30:52.188+0000] {logging_mixin.py:190} INFO - [2025-04-02T07:30:52.188+0000] {dagbag.py:588} INFO - Filling up the DagBag from /home/airflow/.local/lib/python3.12/site-packages/airflow/example_dags/example_nested_branch_dag.py
[2025-04-02T07:30:52.206+0000] {processor.py:925} INFO - DAG(s) 'example_nested_branch_dag' retrieved from /home/airflow/.local/lib/python3.12/site-packages/airflow/example_dags/example_nested_branch_dag.py
[2025-04-02T07:30:52.247+0000] {logging_mixin.py:190} INFO - [2025-04-02T07:30:52.246+0000] {dag.py:3239} INFO - Sync 1 DAGs
[2025-04-02T07:30:52.292+0000] {logging_mixin.py:190} INFO - [2025-04-02T07:30:52.292+0000] {dag.py:4180} INFO - Setting next_dagrun for example_nested_branch_dag to 2025-04-01 00:00:00+00:00, run_after=2025-04-02 00:00:00+00:00
[2025-04-02T07:30:52.325+0000] {processor.py:208} INFO - Processing /home/airflow/.local/lib/python3.12/site-packages/airflow/example_dags/example_nested_branch_dag.py took 0.159 seconds
[2025-04-02T07:31:22.638+0000] {processor.py:186} INFO - Started process (PID=624) to work on /home/airflow/.local/lib/python3.12/site-packages/airflow/example_dags/example_nested_branch_dag.py
[2025-04-02T07:31:22.640+0000] {processor.py:914} INFO - Processing file /home/airflow/.local/lib/python3.12/site-packages/airflow/example_dags/example_nested_branch_dag.py for tasks to queue
[2025-04-02T07:31:22.642+0000] {logging_mixin.py:190} INFO - [2025-04-02T07:31:22.642+0000] {dagbag.py:588} INFO - Filling up the DagBag from /home/airflow/.local/lib/python3.12/site-packages/airflow/example_dags/example_nested_branch_dag.py
[2025-04-02T07:31:22.652+0000] {processor.py:925} INFO - DAG(s) 'example_nested_branch_dag' retrieved from /home/airflow/.local/lib/python3.12/site-packages/airflow/example_dags/example_nested_branch_dag.py
[2025-04-02T07:31:22.664+0000] {logging_mixin.py:190} INFO - [2025-04-02T07:31:22.664+0000] {dag.py:3239} INFO - Sync 1 DAGs
[2025-04-02T07:31:22.678+0000] {logging_mixin.py:190} INFO - [2025-04-02T07:31:22.678+0000] {dag.py:4180} INFO - Setting next_dagrun for example_nested_branch_dag to 2025-04-01 00:00:00+00:00, run_after=2025-04-02 00:00:00+00:00
[2025-04-02T07:31:22.691+0000] {processor.py:208} INFO - Processing /home/airflow/.local/lib/python3.12/site-packages/airflow/example_dags/example_nested_branch_dag.py took 0.057 seconds
[2025-04-02T07:31:53.803+0000] {processor.py:186} INFO - Started process (PID=688) to work on /home/airflow/.local/lib/python3.12/site-packages/airflow/example_dags/example_nested_branch_dag.py
[2025-04-02T07:31:53.805+0000] {processor.py:914} INFO - Processing file /home/airflow/.local/lib/python3.12/site-packages/airflow/example_dags/example_nested_branch_dag.py for tasks to queue
[2025-04-02T07:31:53.806+0000] {logging_mixin.py:190} INFO - [2025-04-02T07:31:53.806+0000] {dagbag.py:588} INFO - Filling up the DagBag from /home/airflow/.local/lib/python3.12/site-packages/airflow/example_dags/example_nested_branch_dag.py
[2025-04-02T07:31:53.814+0000] {processor.py:925} INFO - DAG(s) 'example_nested_branch_dag' retrieved from /home/airflow/.local/lib/python3.12/site-packages/airflow/example_dags/example_nested_branch_dag.py
[2025-04-02T07:31:53.830+0000] {logging_mixin.py:190} INFO - [2025-04-02T07:31:53.830+0000] {dag.py:3239} INFO - Sync 1 DAGs
[2025-04-02T07:31:53.841+0000] {logging_mixin.py:190} INFO - [2025-04-02T07:31:53.841+0000] {dag.py:4180} INFO - Setting next_dagrun for example_nested_branch_dag to 2025-04-01 00:00:00+00:00, run_after=2025-04-02 00:00:00+00:00
[2025-04-02T07:31:53.854+0000] {processor.py:208} INFO - Processing /home/airflow/.local/lib/python3.12/site-packages/airflow/example_dags/example_nested_branch_dag.py took 0.054 seconds
[2025-04-02T07:32:24.872+0000] {processor.py:186} INFO - Started process (PID=752) to work on /home/airflow/.local/lib/python3.12/site-packages/airflow/example_dags/example_nested_branch_dag.py
[2025-04-02T07:32:24.873+0000] {processor.py:914} INFO - Processing file /home/airflow/.local/lib/python3.12/site-packages/airflow/example_dags/example_nested_branch_dag.py for tasks to queue
[2025-04-02T07:32:24.875+0000] {logging_mixin.py:190} INFO - [2025-04-02T07:32:24.875+0000] {dagbag.py:588} INFO - Filling up the DagBag from /home/airflow/.local/lib/python3.12/site-packages/airflow/example_dags/example_nested_branch_dag.py
[2025-04-02T07:32:24.885+0000] {processor.py:925} INFO - DAG(s) 'example_nested_branch_dag' retrieved from /home/airflow/.local/lib/python3.12/site-packages/airflow/example_dags/example_nested_branch_dag.py
[2025-04-02T07:32:24.897+0000] {logging_mixin.py:190} INFO - [2025-04-02T07:32:24.897+0000] {dag.py:3239} INFO - Sync 1 DAGs
[2025-04-02T07:32:24.908+0000] {logging_mixin.py:190} INFO - [2025-04-02T07:32:24.908+0000] {dag.py:4180} INFO - Setting next_dagrun for example_nested_branch_dag to 2025-04-01 00:00:00+00:00, run_after=2025-04-02 00:00:00+00:00
[2025-04-02T07:32:24.914+0000] {processor.py:208} INFO - Processing /home/airflow/.local/lib/python3.12/site-packages/airflow/example_dags/example_nested_branch_dag.py took 0.045 seconds
