[2025-04-02T07:25:54.961+0000] {processor.py:186} INFO - Started process (PID=72) to work on /home/airflow/.local/lib/python3.12/site-packages/airflow/example_dags/example_bash_operator.py
[2025-04-02T07:25:54.961+0000] {processor.py:914} INFO - Processing file /home/airflow/.local/lib/python3.12/site-packages/airflow/example_dags/example_bash_operator.py for tasks to queue
[2025-04-02T07:25:54.962+0000] {logging_mixin.py:190} INFO - [2025-04-02T07:25:54.962+0000] {dagbag.py:588} INFO - Filling up the DagBag from /home/airflow/.local/lib/python3.12/site-packages/airflow/example_dags/example_bash_operator.py
[2025-04-02T07:25:54.969+0000] {processor.py:925} INFO - DAG(s) 'example_bash_operator' retrieved from /home/airflow/.local/lib/python3.12/site-packages/airflow/example_dags/example_bash_operator.py
[2025-04-02T07:25:55.026+0000] {logging_mixin.py:190} INFO - [2025-04-02T07:25:55.025+0000] {override.py:1912} INFO - Created Permission View: can delete on DAG:example_bash_operator
[2025-04-02T07:25:55.033+0000] {logging_mixin.py:190} INFO - [2025-04-02T07:25:55.033+0000] {override.py:1912} INFO - Created Permission View: can read on DAG:example_bash_operator
[2025-04-02T07:25:55.035+0000] {logging_mixin.py:190} INFO - [2025-04-02T07:25:55.035+0000] {override.py:1912} INFO - Created Permission View: can edit on DAG:example_bash_operator
[2025-04-02T07:25:55.038+0000] {logging_mixin.py:190} INFO - [2025-04-02T07:25:55.038+0000] {override.py:1912} INFO - Created Permission View: can delete on DAG Run:example_bash_operator
[2025-04-02T07:25:55.041+0000] {logging_mixin.py:190} INFO - [2025-04-02T07:25:55.040+0000] {override.py:1912} INFO - Created Permission View: can read on DAG Run:example_bash_operator
[2025-04-02T07:25:55.045+0000] {logging_mixin.py:190} INFO - [2025-04-02T07:25:55.045+0000] {override.py:1912} INFO - Created Permission View: can create on DAG Run:example_bash_operator
[2025-04-02T07:25:55.051+0000] {logging_mixin.py:190} INFO - [2025-04-02T07:25:55.051+0000] {override.py:1912} INFO - Created Permission View: menu access on DAG Run:example_bash_operator
[2025-04-02T07:25:55.052+0000] {logging_mixin.py:190} INFO - [2025-04-02T07:25:55.051+0000] {dag.py:3239} INFO - Sync 1 DAGs
[2025-04-02T07:25:55.059+0000] {logging_mixin.py:190} INFO - [2025-04-02T07:25:55.059+0000] {dag.py:3262} INFO - Creating ORM DAG for example_bash_operator
[2025-04-02T07:25:55.066+0000] {logging_mixin.py:190} INFO - [2025-04-02T07:25:55.066+0000] {dag.py:4180} INFO - Setting next_dagrun for example_bash_operator to 2025-04-01 00:00:00+00:00, run_after=2025-04-02 00:00:00+00:00
[2025-04-02T07:25:55.077+0000] {processor.py:208} INFO - Processing /home/airflow/.local/lib/python3.12/site-packages/airflow/example_dags/example_bash_operator.py took 0.119 seconds
[2025-04-02T07:26:41.879+0000] {processor.py:186} INFO - Started process (PID=64) to work on /home/airflow/.local/lib/python3.12/site-packages/airflow/example_dags/example_bash_operator.py
[2025-04-02T07:26:41.881+0000] {processor.py:914} INFO - Processing file /home/airflow/.local/lib/python3.12/site-packages/airflow/example_dags/example_bash_operator.py for tasks to queue
[2025-04-02T07:26:41.890+0000] {logging_mixin.py:190} INFO - [2025-04-02T07:26:41.889+0000] {dagbag.py:588} INFO - Filling up the DagBag from /home/airflow/.local/lib/python3.12/site-packages/airflow/example_dags/example_bash_operator.py
[2025-04-02T07:26:41.924+0000] {processor.py:925} INFO - DAG(s) 'example_bash_operator' retrieved from /home/airflow/.local/lib/python3.12/site-packages/airflow/example_dags/example_bash_operator.py
[2025-04-02T07:26:41.986+0000] {logging_mixin.py:190} INFO - [2025-04-02T07:26:41.985+0000] {dag.py:3239} INFO - Sync 1 DAGs
[2025-04-02T07:26:42.060+0000] {logging_mixin.py:190} INFO - [2025-04-02T07:26:42.059+0000] {dag.py:4180} INFO - Setting next_dagrun for example_bash_operator to 2025-04-01 00:00:00+00:00, run_after=2025-04-02 00:00:00+00:00
[2025-04-02T07:26:42.233+0000] {processor.py:208} INFO - Processing /home/airflow/.local/lib/python3.12/site-packages/airflow/example_dags/example_bash_operator.py took 0.382 seconds
[2025-04-02T07:27:12.531+0000] {processor.py:186} INFO - Started process (PID=127) to work on /home/airflow/.local/lib/python3.12/site-packages/airflow/example_dags/example_bash_operator.py
[2025-04-02T07:27:12.533+0000] {processor.py:914} INFO - Processing file /home/airflow/.local/lib/python3.12/site-packages/airflow/example_dags/example_bash_operator.py for tasks to queue
[2025-04-02T07:27:12.534+0000] {logging_mixin.py:190} INFO - [2025-04-02T07:27:12.534+0000] {dagbag.py:588} INFO - Filling up the DagBag from /home/airflow/.local/lib/python3.12/site-packages/airflow/example_dags/example_bash_operator.py
[2025-04-02T07:27:12.541+0000] {processor.py:925} INFO - DAG(s) 'example_bash_operator' retrieved from /home/airflow/.local/lib/python3.12/site-packages/airflow/example_dags/example_bash_operator.py
[2025-04-02T07:27:12.551+0000] {logging_mixin.py:190} INFO - [2025-04-02T07:27:12.551+0000] {dag.py:3239} INFO - Sync 1 DAGs
[2025-04-02T07:27:12.562+0000] {logging_mixin.py:190} INFO - [2025-04-02T07:27:12.562+0000] {dag.py:4180} INFO - Setting next_dagrun for example_bash_operator to 2025-04-01 00:00:00+00:00, run_after=2025-04-02 00:00:00+00:00
[2025-04-02T07:27:12.570+0000] {processor.py:208} INFO - Processing /home/airflow/.local/lib/python3.12/site-packages/airflow/example_dags/example_bash_operator.py took 0.041 seconds
[2025-04-02T07:27:43.061+0000] {processor.py:186} INFO - Started process (PID=190) to work on /home/airflow/.local/lib/python3.12/site-packages/airflow/example_dags/example_bash_operator.py
[2025-04-02T07:27:43.062+0000] {processor.py:914} INFO - Processing file /home/airflow/.local/lib/python3.12/site-packages/airflow/example_dags/example_bash_operator.py for tasks to queue
[2025-04-02T07:27:43.063+0000] {logging_mixin.py:190} INFO - [2025-04-02T07:27:43.063+0000] {dagbag.py:588} INFO - Filling up the DagBag from /home/airflow/.local/lib/python3.12/site-packages/airflow/example_dags/example_bash_operator.py
[2025-04-02T07:27:43.068+0000] {processor.py:925} INFO - DAG(s) 'example_bash_operator' retrieved from /home/airflow/.local/lib/python3.12/site-packages/airflow/example_dags/example_bash_operator.py
[2025-04-02T07:27:43.078+0000] {logging_mixin.py:190} INFO - [2025-04-02T07:27:43.078+0000] {dag.py:3239} INFO - Sync 1 DAGs
[2025-04-02T07:27:43.086+0000] {logging_mixin.py:190} INFO - [2025-04-02T07:27:43.086+0000] {dag.py:4180} INFO - Setting next_dagrun for example_bash_operator to 2025-04-01 00:00:00+00:00, run_after=2025-04-02 00:00:00+00:00
[2025-04-02T07:27:43.092+0000] {processor.py:208} INFO - Processing /home/airflow/.local/lib/python3.12/site-packages/airflow/example_dags/example_bash_operator.py took 0.034 seconds
[2025-04-02T07:28:13.976+0000] {processor.py:186} INFO - Started process (PID=252) to work on /home/airflow/.local/lib/python3.12/site-packages/airflow/example_dags/example_bash_operator.py
[2025-04-02T07:28:13.976+0000] {processor.py:914} INFO - Processing file /home/airflow/.local/lib/python3.12/site-packages/airflow/example_dags/example_bash_operator.py for tasks to queue
[2025-04-02T07:28:13.978+0000] {logging_mixin.py:190} INFO - [2025-04-02T07:28:13.978+0000] {dagbag.py:588} INFO - Filling up the DagBag from /home/airflow/.local/lib/python3.12/site-packages/airflow/example_dags/example_bash_operator.py
[2025-04-02T07:28:13.985+0000] {processor.py:925} INFO - DAG(s) 'example_bash_operator' retrieved from /home/airflow/.local/lib/python3.12/site-packages/airflow/example_dags/example_bash_operator.py
[2025-04-02T07:28:13.997+0000] {logging_mixin.py:190} INFO - [2025-04-02T07:28:13.997+0000] {dag.py:3239} INFO - Sync 1 DAGs
[2025-04-02T07:28:14.008+0000] {logging_mixin.py:190} INFO - [2025-04-02T07:28:14.008+0000] {dag.py:4180} INFO - Setting next_dagrun for example_bash_operator to 2025-04-01 00:00:00+00:00, run_after=2025-04-02 00:00:00+00:00
[2025-04-02T07:28:14.015+0000] {processor.py:208} INFO - Processing /home/airflow/.local/lib/python3.12/site-packages/airflow/example_dags/example_bash_operator.py took 0.042 seconds
[2025-04-02T07:28:45.559+0000] {processor.py:186} INFO - Started process (PID=315) to work on /home/airflow/.local/lib/python3.12/site-packages/airflow/example_dags/example_bash_operator.py
[2025-04-02T07:28:45.560+0000] {processor.py:914} INFO - Processing file /home/airflow/.local/lib/python3.12/site-packages/airflow/example_dags/example_bash_operator.py for tasks to queue
[2025-04-02T07:28:45.561+0000] {logging_mixin.py:190} INFO - [2025-04-02T07:28:45.561+0000] {dagbag.py:588} INFO - Filling up the DagBag from /home/airflow/.local/lib/python3.12/site-packages/airflow/example_dags/example_bash_operator.py
[2025-04-02T07:28:45.567+0000] {processor.py:925} INFO - DAG(s) 'example_bash_operator' retrieved from /home/airflow/.local/lib/python3.12/site-packages/airflow/example_dags/example_bash_operator.py
[2025-04-02T07:28:45.577+0000] {logging_mixin.py:190} INFO - [2025-04-02T07:28:45.577+0000] {dag.py:3239} INFO - Sync 1 DAGs
[2025-04-02T07:28:45.587+0000] {logging_mixin.py:190} INFO - [2025-04-02T07:28:45.587+0000] {dag.py:4180} INFO - Setting next_dagrun for example_bash_operator to 2025-04-01 00:00:00+00:00, run_after=2025-04-02 00:00:00+00:00
[2025-04-02T07:28:45.594+0000] {processor.py:208} INFO - Processing /home/airflow/.local/lib/python3.12/site-packages/airflow/example_dags/example_bash_operator.py took 0.038 seconds
[2025-04-02T07:29:16.375+0000] {processor.py:186} INFO - Started process (PID=378) to work on /home/airflow/.local/lib/python3.12/site-packages/airflow/example_dags/example_bash_operator.py
[2025-04-02T07:29:16.376+0000] {processor.py:914} INFO - Processing file /home/airflow/.local/lib/python3.12/site-packages/airflow/example_dags/example_bash_operator.py for tasks to queue
[2025-04-02T07:29:16.376+0000] {logging_mixin.py:190} INFO - [2025-04-02T07:29:16.376+0000] {dagbag.py:588} INFO - Filling up the DagBag from /home/airflow/.local/lib/python3.12/site-packages/airflow/example_dags/example_bash_operator.py
[2025-04-02T07:29:16.383+0000] {processor.py:925} INFO - DAG(s) 'example_bash_operator' retrieved from /home/airflow/.local/lib/python3.12/site-packages/airflow/example_dags/example_bash_operator.py
[2025-04-02T07:29:16.395+0000] {logging_mixin.py:190} INFO - [2025-04-02T07:29:16.394+0000] {dag.py:3239} INFO - Sync 1 DAGs
[2025-04-02T07:29:16.408+0000] {logging_mixin.py:190} INFO - [2025-04-02T07:29:16.407+0000] {dag.py:4180} INFO - Setting next_dagrun for example_bash_operator to 2025-04-01 00:00:00+00:00, run_after=2025-04-02 00:00:00+00:00
[2025-04-02T07:29:16.421+0000] {processor.py:208} INFO - Processing /home/airflow/.local/lib/python3.12/site-packages/airflow/example_dags/example_bash_operator.py took 0.049 seconds
[2025-04-02T07:29:47.350+0000] {processor.py:186} INFO - Started process (PID=441) to work on /home/airflow/.local/lib/python3.12/site-packages/airflow/example_dags/example_bash_operator.py
[2025-04-02T07:29:47.354+0000] {processor.py:914} INFO - Processing file /home/airflow/.local/lib/python3.12/site-packages/airflow/example_dags/example_bash_operator.py for tasks to queue
[2025-04-02T07:29:47.356+0000] {logging_mixin.py:190} INFO - [2025-04-02T07:29:47.356+0000] {dagbag.py:588} INFO - Filling up the DagBag from /home/airflow/.local/lib/python3.12/site-packages/airflow/example_dags/example_bash_operator.py
[2025-04-02T07:29:47.366+0000] {processor.py:925} INFO - DAG(s) 'example_bash_operator' retrieved from /home/airflow/.local/lib/python3.12/site-packages/airflow/example_dags/example_bash_operator.py
[2025-04-02T07:29:47.382+0000] {logging_mixin.py:190} INFO - [2025-04-02T07:29:47.382+0000] {dag.py:3239} INFO - Sync 1 DAGs
[2025-04-02T07:29:47.399+0000] {logging_mixin.py:190} INFO - [2025-04-02T07:29:47.399+0000] {dag.py:4180} INFO - Setting next_dagrun for example_bash_operator to 2025-04-01 00:00:00+00:00, run_after=2025-04-02 00:00:00+00:00
[2025-04-02T07:29:47.413+0000] {processor.py:208} INFO - Processing /home/airflow/.local/lib/python3.12/site-packages/airflow/example_dags/example_bash_operator.py took 0.065 seconds
[2025-04-02T07:30:23.999+0000] {processor.py:186} INFO - Started process (PID=505) to work on /home/airflow/.local/lib/python3.12/site-packages/airflow/example_dags/example_bash_operator.py
[2025-04-02T07:30:24.008+0000] {processor.py:914} INFO - Processing file /home/airflow/.local/lib/python3.12/site-packages/airflow/example_dags/example_bash_operator.py for tasks to queue
[2025-04-02T07:30:24.012+0000] {logging_mixin.py:190} INFO - [2025-04-02T07:30:24.012+0000] {dagbag.py:588} INFO - Filling up the DagBag from /home/airflow/.local/lib/python3.12/site-packages/airflow/example_dags/example_bash_operator.py
[2025-04-02T07:30:24.058+0000] {processor.py:925} INFO - DAG(s) 'example_bash_operator' retrieved from /home/airflow/.local/lib/python3.12/site-packages/airflow/example_dags/example_bash_operator.py
[2025-04-02T07:30:24.164+0000] {logging_mixin.py:190} INFO - [2025-04-02T07:30:24.164+0000] {dag.py:3239} INFO - Sync 1 DAGs
[2025-04-02T07:30:24.220+0000] {logging_mixin.py:190} INFO - [2025-04-02T07:30:24.220+0000] {dag.py:4180} INFO - Setting next_dagrun for example_bash_operator to 2025-04-01 00:00:00+00:00, run_after=2025-04-02 00:00:00+00:00
[2025-04-02T07:30:24.286+0000] {processor.py:208} INFO - Processing /home/airflow/.local/lib/python3.12/site-packages/airflow/example_dags/example_bash_operator.py took 0.297 seconds
[2025-04-02T07:30:54.877+0000] {processor.py:186} INFO - Started process (PID=568) to work on /home/airflow/.local/lib/python3.12/site-packages/airflow/example_dags/example_bash_operator.py
[2025-04-02T07:30:54.879+0000] {processor.py:914} INFO - Processing file /home/airflow/.local/lib/python3.12/site-packages/airflow/example_dags/example_bash_operator.py for tasks to queue
[2025-04-02T07:30:54.884+0000] {logging_mixin.py:190} INFO - [2025-04-02T07:30:54.884+0000] {dagbag.py:588} INFO - Filling up the DagBag from /home/airflow/.local/lib/python3.12/site-packages/airflow/example_dags/example_bash_operator.py
[2025-04-02T07:30:54.919+0000] {processor.py:925} INFO - DAG(s) 'example_bash_operator' retrieved from /home/airflow/.local/lib/python3.12/site-packages/airflow/example_dags/example_bash_operator.py
[2025-04-02T07:30:54.995+0000] {logging_mixin.py:190} INFO - [2025-04-02T07:30:54.995+0000] {dag.py:3239} INFO - Sync 1 DAGs
[2025-04-02T07:30:55.037+0000] {logging_mixin.py:190} INFO - [2025-04-02T07:30:55.037+0000] {dag.py:4180} INFO - Setting next_dagrun for example_bash_operator to 2025-04-01 00:00:00+00:00, run_after=2025-04-02 00:00:00+00:00
[2025-04-02T07:30:55.097+0000] {processor.py:208} INFO - Processing /home/airflow/.local/lib/python3.12/site-packages/airflow/example_dags/example_bash_operator.py took 0.227 seconds
[2025-04-02T07:31:25.138+0000] {processor.py:186} INFO - Started process (PID=631) to work on /home/airflow/.local/lib/python3.12/site-packages/airflow/example_dags/example_bash_operator.py
[2025-04-02T07:31:25.138+0000] {processor.py:914} INFO - Processing file /home/airflow/.local/lib/python3.12/site-packages/airflow/example_dags/example_bash_operator.py for tasks to queue
[2025-04-02T07:31:25.139+0000] {logging_mixin.py:190} INFO - [2025-04-02T07:31:25.139+0000] {dagbag.py:588} INFO - Filling up the DagBag from /home/airflow/.local/lib/python3.12/site-packages/airflow/example_dags/example_bash_operator.py
[2025-04-02T07:31:25.144+0000] {processor.py:925} INFO - DAG(s) 'example_bash_operator' retrieved from /home/airflow/.local/lib/python3.12/site-packages/airflow/example_dags/example_bash_operator.py
[2025-04-02T07:31:25.154+0000] {logging_mixin.py:190} INFO - [2025-04-02T07:31:25.154+0000] {dag.py:3239} INFO - Sync 1 DAGs
[2025-04-02T07:31:25.163+0000] {logging_mixin.py:190} INFO - [2025-04-02T07:31:25.163+0000] {dag.py:4180} INFO - Setting next_dagrun for example_bash_operator to 2025-04-01 00:00:00+00:00, run_after=2025-04-02 00:00:00+00:00
[2025-04-02T07:31:25.169+0000] {processor.py:208} INFO - Processing /home/airflow/.local/lib/python3.12/site-packages/airflow/example_dags/example_bash_operator.py took 0.034 seconds
[2025-04-02T07:31:56.330+0000] {processor.py:186} INFO - Started process (PID=695) to work on /home/airflow/.local/lib/python3.12/site-packages/airflow/example_dags/example_bash_operator.py
[2025-04-02T07:31:56.333+0000] {processor.py:914} INFO - Processing file /home/airflow/.local/lib/python3.12/site-packages/airflow/example_dags/example_bash_operator.py for tasks to queue
[2025-04-02T07:31:56.337+0000] {logging_mixin.py:190} INFO - [2025-04-02T07:31:56.337+0000] {dagbag.py:588} INFO - Filling up the DagBag from /home/airflow/.local/lib/python3.12/site-packages/airflow/example_dags/example_bash_operator.py
[2025-04-02T07:31:56.344+0000] {processor.py:925} INFO - DAG(s) 'example_bash_operator' retrieved from /home/airflow/.local/lib/python3.12/site-packages/airflow/example_dags/example_bash_operator.py
[2025-04-02T07:31:56.361+0000] {logging_mixin.py:190} INFO - [2025-04-02T07:31:56.361+0000] {dag.py:3239} INFO - Sync 1 DAGs
[2025-04-02T07:31:56.371+0000] {logging_mixin.py:190} INFO - [2025-04-02T07:31:56.371+0000] {dag.py:4180} INFO - Setting next_dagrun for example_bash_operator to 2025-04-01 00:00:00+00:00, run_after=2025-04-02 00:00:00+00:00
[2025-04-02T07:31:56.385+0000] {processor.py:208} INFO - Processing /home/airflow/.local/lib/python3.12/site-packages/airflow/example_dags/example_bash_operator.py took 0.058 seconds
[2025-04-02T07:32:27.353+0000] {processor.py:186} INFO - Started process (PID=759) to work on /home/airflow/.local/lib/python3.12/site-packages/airflow/example_dags/example_bash_operator.py
[2025-04-02T07:32:27.355+0000] {processor.py:914} INFO - Processing file /home/airflow/.local/lib/python3.12/site-packages/airflow/example_dags/example_bash_operator.py for tasks to queue
[2025-04-02T07:32:27.356+0000] {logging_mixin.py:190} INFO - [2025-04-02T07:32:27.356+0000] {dagbag.py:588} INFO - Filling up the DagBag from /home/airflow/.local/lib/python3.12/site-packages/airflow/example_dags/example_bash_operator.py
[2025-04-02T07:32:27.362+0000] {processor.py:925} INFO - DAG(s) 'example_bash_operator' retrieved from /home/airflow/.local/lib/python3.12/site-packages/airflow/example_dags/example_bash_operator.py
[2025-04-02T07:32:27.374+0000] {logging_mixin.py:190} INFO - [2025-04-02T07:32:27.374+0000] {dag.py:3239} INFO - Sync 1 DAGs
[2025-04-02T07:32:27.384+0000] {logging_mixin.py:190} INFO - [2025-04-02T07:32:27.384+0000] {dag.py:4180} INFO - Setting next_dagrun for example_bash_operator to 2025-04-01 00:00:00+00:00, run_after=2025-04-02 00:00:00+00:00
[2025-04-02T07:32:27.394+0000] {processor.py:208} INFO - Processing /home/airflow/.local/lib/python3.12/site-packages/airflow/example_dags/example_bash_operator.py took 0.044 seconds
