[2025-04-02T07:25:57.693+0000] {processor.py:186} INFO - Started process (PID=102) to work on /home/airflow/.local/lib/python3.12/site-packages/airflow/example_dags/example_kubernetes_executor.py
[2025-04-02T07:25:57.694+0000] {processor.py:914} INFO - Processing file /home/airflow/.local/lib/python3.12/site-packages/airflow/example_dags/example_kubernetes_executor.py for tasks to queue
[2025-04-02T07:25:57.695+0000] {logging_mixin.py:190} INFO - [2025-04-02T07:25:57.695+0000] {dagbag.py:588} INFO - Filling up the DagBag from /home/airflow/.local/lib/python3.12/site-packages/airflow/example_dags/example_kubernetes_executor.py
[2025-04-02T07:25:57.704+0000] {processor.py:925} INFO - DAG(s) 'example_kubernetes_executor' retrieved from /home/airflow/.local/lib/python3.12/site-packages/airflow/example_dags/example_kubernetes_executor.py
[2025-04-02T07:25:57.762+0000] {logging_mixin.py:190} INFO - [2025-04-02T07:25:57.762+0000] {override.py:1912} INFO - Created Permission View: can delete on DAG:example_kubernetes_executor
[2025-04-02T07:25:57.766+0000] {logging_mixin.py:190} INFO - [2025-04-02T07:25:57.766+0000] {override.py:1912} INFO - Created Permission View: can read on DAG:example_kubernetes_executor
[2025-04-02T07:25:57.768+0000] {logging_mixin.py:190} INFO - [2025-04-02T07:25:57.768+0000] {override.py:1912} INFO - Created Permission View: can edit on DAG:example_kubernetes_executor
[2025-04-02T07:25:57.772+0000] {logging_mixin.py:190} INFO - [2025-04-02T07:25:57.772+0000] {override.py:1912} INFO - Created Permission View: can delete on DAG Run:example_kubernetes_executor
[2025-04-02T07:25:57.779+0000] {logging_mixin.py:190} INFO - [2025-04-02T07:25:57.779+0000] {override.py:1912} INFO - Created Permission View: can read on DAG Run:example_kubernetes_executor
[2025-04-02T07:25:57.786+0000] {logging_mixin.py:190} INFO - [2025-04-02T07:25:57.786+0000] {override.py:1912} INFO - Created Permission View: can create on DAG Run:example_kubernetes_executor
[2025-04-02T07:25:57.791+0000] {logging_mixin.py:190} INFO - [2025-04-02T07:25:57.791+0000] {override.py:1912} INFO - Created Permission View: menu access on DAG Run:example_kubernetes_executor
[2025-04-02T07:25:57.791+0000] {logging_mixin.py:190} INFO - [2025-04-02T07:25:57.791+0000] {dag.py:3239} INFO - Sync 1 DAGs
[2025-04-02T07:25:57.801+0000] {logging_mixin.py:190} INFO - [2025-04-02T07:25:57.801+0000] {dag.py:3262} INFO - Creating ORM DAG for example_kubernetes_executor
[2025-04-02T07:25:57.802+0000] {logging_mixin.py:190} INFO - [2025-04-02T07:25:57.802+0000] {dag.py:4180} INFO - Setting next_dagrun for example_kubernetes_executor to None, run_after=None
[2025-04-02T07:25:57.809+0000] {processor.py:208} INFO - Processing /home/airflow/.local/lib/python3.12/site-packages/airflow/example_dags/example_kubernetes_executor.py took 0.119 seconds
[2025-04-02T07:26:43.618+0000] {processor.py:186} INFO - Started process (PID=94) to work on /home/airflow/.local/lib/python3.12/site-packages/airflow/example_dags/example_kubernetes_executor.py
[2025-04-02T07:26:43.619+0000] {processor.py:914} INFO - Processing file /home/airflow/.local/lib/python3.12/site-packages/airflow/example_dags/example_kubernetes_executor.py for tasks to queue
[2025-04-02T07:26:43.620+0000] {logging_mixin.py:190} INFO - [2025-04-02T07:26:43.620+0000] {dagbag.py:588} INFO - Filling up the DagBag from /home/airflow/.local/lib/python3.12/site-packages/airflow/example_dags/example_kubernetes_executor.py
[2025-04-02T07:26:43.627+0000] {processor.py:925} INFO - DAG(s) 'example_kubernetes_executor' retrieved from /home/airflow/.local/lib/python3.12/site-packages/airflow/example_dags/example_kubernetes_executor.py
[2025-04-02T07:26:43.638+0000] {logging_mixin.py:190} INFO - [2025-04-02T07:26:43.638+0000] {dag.py:3239} INFO - Sync 1 DAGs
[2025-04-02T07:26:43.644+0000] {logging_mixin.py:190} INFO - [2025-04-02T07:26:43.644+0000] {dag.py:4180} INFO - Setting next_dagrun for example_kubernetes_executor to None, run_after=None
[2025-04-02T07:26:43.652+0000] {processor.py:208} INFO - Processing /home/airflow/.local/lib/python3.12/site-packages/airflow/example_dags/example_kubernetes_executor.py took 0.036 seconds
[2025-04-02T07:27:14.320+0000] {processor.py:186} INFO - Started process (PID=157) to work on /home/airflow/.local/lib/python3.12/site-packages/airflow/example_dags/example_kubernetes_executor.py
[2025-04-02T07:27:14.320+0000] {processor.py:914} INFO - Processing file /home/airflow/.local/lib/python3.12/site-packages/airflow/example_dags/example_kubernetes_executor.py for tasks to queue
[2025-04-02T07:27:14.321+0000] {logging_mixin.py:190} INFO - [2025-04-02T07:27:14.321+0000] {dagbag.py:588} INFO - Filling up the DagBag from /home/airflow/.local/lib/python3.12/site-packages/airflow/example_dags/example_kubernetes_executor.py
[2025-04-02T07:27:14.327+0000] {processor.py:925} INFO - DAG(s) 'example_kubernetes_executor' retrieved from /home/airflow/.local/lib/python3.12/site-packages/airflow/example_dags/example_kubernetes_executor.py
[2025-04-02T07:27:14.338+0000] {logging_mixin.py:190} INFO - [2025-04-02T07:27:14.338+0000] {dag.py:3239} INFO - Sync 1 DAGs
[2025-04-02T07:27:14.344+0000] {logging_mixin.py:190} INFO - [2025-04-02T07:27:14.344+0000] {dag.py:4180} INFO - Setting next_dagrun for example_kubernetes_executor to None, run_after=None
[2025-04-02T07:27:14.351+0000] {processor.py:208} INFO - Processing /home/airflow/.local/lib/python3.12/site-packages/airflow/example_dags/example_kubernetes_executor.py took 0.034 seconds
[2025-04-02T07:27:45.180+0000] {processor.py:186} INFO - Started process (PID=220) to work on /home/airflow/.local/lib/python3.12/site-packages/airflow/example_dags/example_kubernetes_executor.py
[2025-04-02T07:27:45.180+0000] {processor.py:914} INFO - Processing file /home/airflow/.local/lib/python3.12/site-packages/airflow/example_dags/example_kubernetes_executor.py for tasks to queue
[2025-04-02T07:27:45.181+0000] {logging_mixin.py:190} INFO - [2025-04-02T07:27:45.181+0000] {dagbag.py:588} INFO - Filling up the DagBag from /home/airflow/.local/lib/python3.12/site-packages/airflow/example_dags/example_kubernetes_executor.py
[2025-04-02T07:27:45.187+0000] {processor.py:925} INFO - DAG(s) 'example_kubernetes_executor' retrieved from /home/airflow/.local/lib/python3.12/site-packages/airflow/example_dags/example_kubernetes_executor.py
[2025-04-02T07:27:45.198+0000] {logging_mixin.py:190} INFO - [2025-04-02T07:27:45.198+0000] {dag.py:3239} INFO - Sync 1 DAGs
[2025-04-02T07:27:45.203+0000] {logging_mixin.py:190} INFO - [2025-04-02T07:27:45.203+0000] {dag.py:4180} INFO - Setting next_dagrun for example_kubernetes_executor to None, run_after=None
[2025-04-02T07:27:45.210+0000] {processor.py:208} INFO - Processing /home/airflow/.local/lib/python3.12/site-packages/airflow/example_dags/example_kubernetes_executor.py took 0.033 seconds
[2025-04-02T07:28:16.555+0000] {processor.py:186} INFO - Started process (PID=282) to work on /home/airflow/.local/lib/python3.12/site-packages/airflow/example_dags/example_kubernetes_executor.py
[2025-04-02T07:28:16.555+0000] {processor.py:914} INFO - Processing file /home/airflow/.local/lib/python3.12/site-packages/airflow/example_dags/example_kubernetes_executor.py for tasks to queue
[2025-04-02T07:28:16.557+0000] {logging_mixin.py:190} INFO - [2025-04-02T07:28:16.556+0000] {dagbag.py:588} INFO - Filling up the DagBag from /home/airflow/.local/lib/python3.12/site-packages/airflow/example_dags/example_kubernetes_executor.py
[2025-04-02T07:28:16.564+0000] {processor.py:925} INFO - DAG(s) 'example_kubernetes_executor' retrieved from /home/airflow/.local/lib/python3.12/site-packages/airflow/example_dags/example_kubernetes_executor.py
[2025-04-02T07:28:16.577+0000] {logging_mixin.py:190} INFO - [2025-04-02T07:28:16.577+0000] {dag.py:3239} INFO - Sync 1 DAGs
[2025-04-02T07:28:16.583+0000] {logging_mixin.py:190} INFO - [2025-04-02T07:28:16.583+0000] {dag.py:4180} INFO - Setting next_dagrun for example_kubernetes_executor to None, run_after=None
[2025-04-02T07:28:16.590+0000] {processor.py:208} INFO - Processing /home/airflow/.local/lib/python3.12/site-packages/airflow/example_dags/example_kubernetes_executor.py took 0.039 seconds
[2025-04-02T07:28:47.428+0000] {processor.py:186} INFO - Started process (PID=345) to work on /home/airflow/.local/lib/python3.12/site-packages/airflow/example_dags/example_kubernetes_executor.py
[2025-04-02T07:28:47.429+0000] {processor.py:914} INFO - Processing file /home/airflow/.local/lib/python3.12/site-packages/airflow/example_dags/example_kubernetes_executor.py for tasks to queue
[2025-04-02T07:28:47.430+0000] {logging_mixin.py:190} INFO - [2025-04-02T07:28:47.430+0000] {dagbag.py:588} INFO - Filling up the DagBag from /home/airflow/.local/lib/python3.12/site-packages/airflow/example_dags/example_kubernetes_executor.py
[2025-04-02T07:28:47.440+0000] {processor.py:925} INFO - DAG(s) 'example_kubernetes_executor' retrieved from /home/airflow/.local/lib/python3.12/site-packages/airflow/example_dags/example_kubernetes_executor.py
[2025-04-02T07:28:47.454+0000] {logging_mixin.py:190} INFO - [2025-04-02T07:28:47.454+0000] {dag.py:3239} INFO - Sync 1 DAGs
[2025-04-02T07:28:47.461+0000] {logging_mixin.py:190} INFO - [2025-04-02T07:28:47.460+0000] {dag.py:4180} INFO - Setting next_dagrun for example_kubernetes_executor to None, run_after=None
[2025-04-02T07:28:47.468+0000] {processor.py:208} INFO - Processing /home/airflow/.local/lib/python3.12/site-packages/airflow/example_dags/example_kubernetes_executor.py took 0.047 seconds
[2025-04-02T07:29:18.344+0000] {processor.py:186} INFO - Started process (PID=408) to work on /home/airflow/.local/lib/python3.12/site-packages/airflow/example_dags/example_kubernetes_executor.py
[2025-04-02T07:29:18.344+0000] {processor.py:914} INFO - Processing file /home/airflow/.local/lib/python3.12/site-packages/airflow/example_dags/example_kubernetes_executor.py for tasks to queue
[2025-04-02T07:29:18.345+0000] {logging_mixin.py:190} INFO - [2025-04-02T07:29:18.345+0000] {dagbag.py:588} INFO - Filling up the DagBag from /home/airflow/.local/lib/python3.12/site-packages/airflow/example_dags/example_kubernetes_executor.py
[2025-04-02T07:29:18.352+0000] {processor.py:925} INFO - DAG(s) 'example_kubernetes_executor' retrieved from /home/airflow/.local/lib/python3.12/site-packages/airflow/example_dags/example_kubernetes_executor.py
[2025-04-02T07:29:18.363+0000] {logging_mixin.py:190} INFO - [2025-04-02T07:29:18.363+0000] {dag.py:3239} INFO - Sync 1 DAGs
[2025-04-02T07:29:18.369+0000] {logging_mixin.py:190} INFO - [2025-04-02T07:29:18.369+0000] {dag.py:4180} INFO - Setting next_dagrun for example_kubernetes_executor to None, run_after=None
[2025-04-02T07:29:18.376+0000] {processor.py:208} INFO - Processing /home/airflow/.local/lib/python3.12/site-packages/airflow/example_dags/example_kubernetes_executor.py took 0.035 seconds
[2025-04-02T07:29:48.748+0000] {processor.py:186} INFO - Started process (PID=471) to work on /home/airflow/.local/lib/python3.12/site-packages/airflow/example_dags/example_kubernetes_executor.py
[2025-04-02T07:29:48.749+0000] {processor.py:914} INFO - Processing file /home/airflow/.local/lib/python3.12/site-packages/airflow/example_dags/example_kubernetes_executor.py for tasks to queue
[2025-04-02T07:29:48.750+0000] {logging_mixin.py:190} INFO - [2025-04-02T07:29:48.750+0000] {dagbag.py:588} INFO - Filling up the DagBag from /home/airflow/.local/lib/python3.12/site-packages/airflow/example_dags/example_kubernetes_executor.py
[2025-04-02T07:29:48.759+0000] {processor.py:925} INFO - DAG(s) 'example_kubernetes_executor' retrieved from /home/airflow/.local/lib/python3.12/site-packages/airflow/example_dags/example_kubernetes_executor.py
[2025-04-02T07:29:48.772+0000] {logging_mixin.py:190} INFO - [2025-04-02T07:29:48.772+0000] {dag.py:3239} INFO - Sync 1 DAGs
[2025-04-02T07:29:48.782+0000] {logging_mixin.py:190} INFO - [2025-04-02T07:29:48.782+0000] {dag.py:4180} INFO - Setting next_dagrun for example_kubernetes_executor to None, run_after=None
[2025-04-02T07:29:48.797+0000] {processor.py:208} INFO - Processing /home/airflow/.local/lib/python3.12/site-packages/airflow/example_dags/example_kubernetes_executor.py took 0.053 seconds
[2025-04-02T07:30:30.113+0000] {processor.py:186} INFO - Started process (PID=535) to work on /home/airflow/.local/lib/python3.12/site-packages/airflow/example_dags/example_kubernetes_executor.py
[2025-04-02T07:30:30.130+0000] {processor.py:914} INFO - Processing file /home/airflow/.local/lib/python3.12/site-packages/airflow/example_dags/example_kubernetes_executor.py for tasks to queue
[2025-04-02T07:30:30.140+0000] {logging_mixin.py:190} INFO - [2025-04-02T07:30:30.139+0000] {dagbag.py:588} INFO - Filling up the DagBag from /home/airflow/.local/lib/python3.12/site-packages/airflow/example_dags/example_kubernetes_executor.py
[2025-04-02T07:30:30.173+0000] {processor.py:925} INFO - DAG(s) 'example_kubernetes_executor' retrieved from /home/airflow/.local/lib/python3.12/site-packages/airflow/example_dags/example_kubernetes_executor.py
[2025-04-02T07:30:30.293+0000] {logging_mixin.py:190} INFO - [2025-04-02T07:30:30.292+0000] {dag.py:3239} INFO - Sync 1 DAGs
[2025-04-02T07:30:30.317+0000] {logging_mixin.py:190} INFO - [2025-04-02T07:30:30.316+0000] {dag.py:4180} INFO - Setting next_dagrun for example_kubernetes_executor to None, run_after=None
[2025-04-02T07:30:30.412+0000] {processor.py:208} INFO - Processing /home/airflow/.local/lib/python3.12/site-packages/airflow/example_dags/example_kubernetes_executor.py took 0.316 seconds
[2025-04-02T07:31:00.992+0000] {processor.py:186} INFO - Started process (PID=597) to work on /home/airflow/.local/lib/python3.12/site-packages/airflow/example_dags/example_kubernetes_executor.py
[2025-04-02T07:31:00.996+0000] {processor.py:914} INFO - Processing file /home/airflow/.local/lib/python3.12/site-packages/airflow/example_dags/example_kubernetes_executor.py for tasks to queue
[2025-04-02T07:31:01.007+0000] {logging_mixin.py:190} INFO - [2025-04-02T07:31:01.005+0000] {dagbag.py:588} INFO - Filling up the DagBag from /home/airflow/.local/lib/python3.12/site-packages/airflow/example_dags/example_kubernetes_executor.py
[2025-04-02T07:31:01.057+0000] {processor.py:925} INFO - DAG(s) 'example_kubernetes_executor' retrieved from /home/airflow/.local/lib/python3.12/site-packages/airflow/example_dags/example_kubernetes_executor.py
[2025-04-02T07:31:01.166+0000] {logging_mixin.py:190} INFO - [2025-04-02T07:31:01.165+0000] {dag.py:3239} INFO - Sync 1 DAGs
[2025-04-02T07:31:01.197+0000] {logging_mixin.py:190} INFO - [2025-04-02T07:31:01.196+0000] {dag.py:4180} INFO - Setting next_dagrun for example_kubernetes_executor to None, run_after=None
[2025-04-02T07:31:01.276+0000] {processor.py:208} INFO - Processing /home/airflow/.local/lib/python3.12/site-packages/airflow/example_dags/example_kubernetes_executor.py took 0.300 seconds
[2025-04-02T07:31:32.057+0000] {processor.py:186} INFO - Started process (PID=660) to work on /home/airflow/.local/lib/python3.12/site-packages/airflow/example_dags/example_kubernetes_executor.py
[2025-04-02T07:31:32.057+0000] {processor.py:914} INFO - Processing file /home/airflow/.local/lib/python3.12/site-packages/airflow/example_dags/example_kubernetes_executor.py for tasks to queue
[2025-04-02T07:31:32.059+0000] {logging_mixin.py:190} INFO - [2025-04-02T07:31:32.059+0000] {dagbag.py:588} INFO - Filling up the DagBag from /home/airflow/.local/lib/python3.12/site-packages/airflow/example_dags/example_kubernetes_executor.py
[2025-04-02T07:31:32.068+0000] {processor.py:925} INFO - DAG(s) 'example_kubernetes_executor' retrieved from /home/airflow/.local/lib/python3.12/site-packages/airflow/example_dags/example_kubernetes_executor.py
[2025-04-02T07:31:32.084+0000] {logging_mixin.py:190} INFO - [2025-04-02T07:31:32.083+0000] {dag.py:3239} INFO - Sync 1 DAGs
[2025-04-02T07:31:32.094+0000] {logging_mixin.py:190} INFO - [2025-04-02T07:31:32.094+0000] {dag.py:4180} INFO - Setting next_dagrun for example_kubernetes_executor to None, run_after=None
[2025-04-02T07:31:32.103+0000] {processor.py:208} INFO - Processing /home/airflow/.local/lib/python3.12/site-packages/airflow/example_dags/example_kubernetes_executor.py took 0.049 seconds
[2025-04-02T07:32:02.321+0000] {processor.py:186} INFO - Started process (PID=724) to work on /home/airflow/.local/lib/python3.12/site-packages/airflow/example_dags/example_kubernetes_executor.py
[2025-04-02T07:32:02.322+0000] {processor.py:914} INFO - Processing file /home/airflow/.local/lib/python3.12/site-packages/airflow/example_dags/example_kubernetes_executor.py for tasks to queue
[2025-04-02T07:32:02.325+0000] {logging_mixin.py:190} INFO - [2025-04-02T07:32:02.324+0000] {dagbag.py:588} INFO - Filling up the DagBag from /home/airflow/.local/lib/python3.12/site-packages/airflow/example_dags/example_kubernetes_executor.py
[2025-04-02T07:32:02.335+0000] {processor.py:925} INFO - DAG(s) 'example_kubernetes_executor' retrieved from /home/airflow/.local/lib/python3.12/site-packages/airflow/example_dags/example_kubernetes_executor.py
[2025-04-02T07:32:02.357+0000] {logging_mixin.py:190} INFO - [2025-04-02T07:32:02.357+0000] {dag.py:3239} INFO - Sync 1 DAGs
[2025-04-02T07:32:02.368+0000] {logging_mixin.py:190} INFO - [2025-04-02T07:32:02.368+0000] {dag.py:4180} INFO - Setting next_dagrun for example_kubernetes_executor to None, run_after=None
[2025-04-02T07:32:02.380+0000] {processor.py:208} INFO - Processing /home/airflow/.local/lib/python3.12/site-packages/airflow/example_dags/example_kubernetes_executor.py took 0.064 seconds
[2025-04-02T07:32:32.589+0000] {processor.py:186} INFO - Started process (PID=788) to work on /home/airflow/.local/lib/python3.12/site-packages/airflow/example_dags/example_kubernetes_executor.py
[2025-04-02T07:32:32.590+0000] {processor.py:914} INFO - Processing file /home/airflow/.local/lib/python3.12/site-packages/airflow/example_dags/example_kubernetes_executor.py for tasks to queue
[2025-04-02T07:32:32.592+0000] {logging_mixin.py:190} INFO - [2025-04-02T07:32:32.591+0000] {dagbag.py:588} INFO - Filling up the DagBag from /home/airflow/.local/lib/python3.12/site-packages/airflow/example_dags/example_kubernetes_executor.py
[2025-04-02T07:32:32.606+0000] {processor.py:925} INFO - DAG(s) 'example_kubernetes_executor' retrieved from /home/airflow/.local/lib/python3.12/site-packages/airflow/example_dags/example_kubernetes_executor.py
[2025-04-02T07:32:32.627+0000] {logging_mixin.py:190} INFO - [2025-04-02T07:32:32.627+0000] {dag.py:3239} INFO - Sync 1 DAGs
[2025-04-02T07:32:32.634+0000] {logging_mixin.py:190} INFO - [2025-04-02T07:32:32.634+0000] {dag.py:4180} INFO - Setting next_dagrun for example_kubernetes_executor to None, run_after=None
[2025-04-02T07:32:32.646+0000] {processor.py:208} INFO - Processing /home/airflow/.local/lib/python3.12/site-packages/airflow/example_dags/example_kubernetes_executor.py took 0.062 seconds
