[2025-04-02T07:25:52.687+0000] {processor.py:186} INFO - Started process (PID=62) to work on /home/airflow/.local/lib/python3.12/site-packages/airflow/example_dags/example_python_decorator.py
[2025-04-02T07:25:52.688+0000] {processor.py:914} INFO - Processing file /home/airflow/.local/lib/python3.12/site-packages/airflow/example_dags/example_python_decorator.py for tasks to queue
[2025-04-02T07:25:52.689+0000] {logging_mixin.py:190} INFO - [2025-04-02T07:25:52.689+0000] {dagbag.py:588} INFO - Filling up the DagBag from /home/airflow/.local/lib/python3.12/site-packages/airflow/example_dags/example_python_decorator.py
[2025-04-02T07:25:52.710+0000] {processor.py:925} INFO - DAG(s) 'example_python_decorator' retrieved from /home/airflow/.local/lib/python3.12/site-packages/airflow/example_dags/example_python_decorator.py
[2025-04-02T07:25:52.784+0000] {logging_mixin.py:190} INFO - [2025-04-02T07:25:52.784+0000] {override.py:1912} INFO - Created Permission View: can delete on DAG:example_python_decorator
[2025-04-02T07:25:52.793+0000] {logging_mixin.py:190} INFO - [2025-04-02T07:25:52.793+0000] {override.py:1912} INFO - Created Permission View: can read on DAG:example_python_decorator
[2025-04-02T07:25:52.796+0000] {logging_mixin.py:190} INFO - [2025-04-02T07:25:52.796+0000] {override.py:1912} INFO - Created Permission View: can edit on DAG:example_python_decorator
[2025-04-02T07:25:52.799+0000] {logging_mixin.py:190} INFO - [2025-04-02T07:25:52.799+0000] {override.py:1912} INFO - Created Permission View: can delete on DAG Run:example_python_decorator
[2025-04-02T07:25:52.802+0000] {logging_mixin.py:190} INFO - [2025-04-02T07:25:52.802+0000] {override.py:1912} INFO - Created Permission View: can read on DAG Run:example_python_decorator
[2025-04-02T07:25:52.805+0000] {logging_mixin.py:190} INFO - [2025-04-02T07:25:52.805+0000] {override.py:1912} INFO - Created Permission View: can create on DAG Run:example_python_decorator
[2025-04-02T07:25:52.807+0000] {logging_mixin.py:190} INFO - [2025-04-02T07:25:52.807+0000] {override.py:1912} INFO - Created Permission View: menu access on DAG Run:example_python_decorator
[2025-04-02T07:25:52.808+0000] {logging_mixin.py:190} INFO - [2025-04-02T07:25:52.808+0000] {dag.py:3239} INFO - Sync 1 DAGs
[2025-04-02T07:25:52.815+0000] {logging_mixin.py:190} INFO - [2025-04-02T07:25:52.815+0000] {dag.py:3262} INFO - Creating ORM DAG for example_python_decorator
[2025-04-02T07:25:52.816+0000] {logging_mixin.py:190} INFO - [2025-04-02T07:25:52.816+0000] {dag.py:4180} INFO - Setting next_dagrun for example_python_decorator to None, run_after=None
[2025-04-02T07:25:52.824+0000] {processor.py:208} INFO - Processing /home/airflow/.local/lib/python3.12/site-packages/airflow/example_dags/example_python_decorator.py took 0.143 seconds
[2025-04-02T07:26:39.991+0000] {processor.py:186} INFO - Started process (PID=48) to work on /home/airflow/.local/lib/python3.12/site-packages/airflow/example_dags/example_python_decorator.py
[2025-04-02T07:26:39.992+0000] {processor.py:914} INFO - Processing file /home/airflow/.local/lib/python3.12/site-packages/airflow/example_dags/example_python_decorator.py for tasks to queue
[2025-04-02T07:26:39.995+0000] {logging_mixin.py:190} INFO - [2025-04-02T07:26:39.994+0000] {dagbag.py:588} INFO - Filling up the DagBag from /home/airflow/.local/lib/python3.12/site-packages/airflow/example_dags/example_python_decorator.py
[2025-04-02T07:26:40.008+0000] {processor.py:925} INFO - DAG(s) 'example_python_decorator' retrieved from /home/airflow/.local/lib/python3.12/site-packages/airflow/example_dags/example_python_decorator.py
[2025-04-02T07:26:40.124+0000] {logging_mixin.py:190} INFO - [2025-04-02T07:26:40.124+0000] {dag.py:3239} INFO - Sync 1 DAGs
[2025-04-02T07:26:40.138+0000] {logging_mixin.py:190} INFO - [2025-04-02T07:26:40.138+0000] {dag.py:4180} INFO - Setting next_dagrun for example_python_decorator to None, run_after=None
[2025-04-02T07:26:40.160+0000] {processor.py:208} INFO - Processing /home/airflow/.local/lib/python3.12/site-packages/airflow/example_dags/example_python_decorator.py took 0.181 seconds
[2025-04-02T07:27:10.449+0000] {processor.py:186} INFO - Started process (PID=110) to work on /home/airflow/.local/lib/python3.12/site-packages/airflow/example_dags/example_python_decorator.py
[2025-04-02T07:27:10.449+0000] {processor.py:914} INFO - Processing file /home/airflow/.local/lib/python3.12/site-packages/airflow/example_dags/example_python_decorator.py for tasks to queue
[2025-04-02T07:27:10.451+0000] {logging_mixin.py:190} INFO - [2025-04-02T07:27:10.451+0000] {dagbag.py:588} INFO - Filling up the DagBag from /home/airflow/.local/lib/python3.12/site-packages/airflow/example_dags/example_python_decorator.py
[2025-04-02T07:27:10.459+0000] {processor.py:925} INFO - DAG(s) 'example_python_decorator' retrieved from /home/airflow/.local/lib/python3.12/site-packages/airflow/example_dags/example_python_decorator.py
[2025-04-02T07:27:10.470+0000] {logging_mixin.py:190} INFO - [2025-04-02T07:27:10.469+0000] {dag.py:3239} INFO - Sync 1 DAGs
[2025-04-02T07:27:10.478+0000] {logging_mixin.py:190} INFO - [2025-04-02T07:27:10.478+0000] {dag.py:4180} INFO - Setting next_dagrun for example_python_decorator to None, run_after=None
[2025-04-02T07:27:10.485+0000] {processor.py:208} INFO - Processing /home/airflow/.local/lib/python3.12/site-packages/airflow/example_dags/example_python_decorator.py took 0.039 seconds
[2025-04-02T07:27:41.155+0000] {processor.py:186} INFO - Started process (PID=173) to work on /home/airflow/.local/lib/python3.12/site-packages/airflow/example_dags/example_python_decorator.py
[2025-04-02T07:27:41.155+0000] {processor.py:914} INFO - Processing file /home/airflow/.local/lib/python3.12/site-packages/airflow/example_dags/example_python_decorator.py for tasks to queue
[2025-04-02T07:27:41.156+0000] {logging_mixin.py:190} INFO - [2025-04-02T07:27:41.156+0000] {dagbag.py:588} INFO - Filling up the DagBag from /home/airflow/.local/lib/python3.12/site-packages/airflow/example_dags/example_python_decorator.py
[2025-04-02T07:27:41.164+0000] {processor.py:925} INFO - DAG(s) 'example_python_decorator' retrieved from /home/airflow/.local/lib/python3.12/site-packages/airflow/example_dags/example_python_decorator.py
[2025-04-02T07:27:41.172+0000] {logging_mixin.py:190} INFO - [2025-04-02T07:27:41.172+0000] {dag.py:3239} INFO - Sync 1 DAGs
[2025-04-02T07:27:41.178+0000] {logging_mixin.py:190} INFO - [2025-04-02T07:27:41.178+0000] {dag.py:4180} INFO - Setting next_dagrun for example_python_decorator to None, run_after=None
[2025-04-02T07:27:41.184+0000] {processor.py:208} INFO - Processing /home/airflow/.local/lib/python3.12/site-packages/airflow/example_dags/example_python_decorator.py took 0.033 seconds
[2025-04-02T07:28:12.076+0000] {processor.py:186} INFO - Started process (PID=241) to work on /home/airflow/.local/lib/python3.12/site-packages/airflow/example_dags/example_python_decorator.py
[2025-04-02T07:28:12.077+0000] {processor.py:914} INFO - Processing file /home/airflow/.local/lib/python3.12/site-packages/airflow/example_dags/example_python_decorator.py for tasks to queue
[2025-04-02T07:28:12.082+0000] {logging_mixin.py:190} INFO - [2025-04-02T07:28:12.082+0000] {dagbag.py:588} INFO - Filling up the DagBag from /home/airflow/.local/lib/python3.12/site-packages/airflow/example_dags/example_python_decorator.py
[2025-04-02T07:28:12.091+0000] {processor.py:925} INFO - DAG(s) 'example_python_decorator' retrieved from /home/airflow/.local/lib/python3.12/site-packages/airflow/example_dags/example_python_decorator.py
[2025-04-02T07:28:12.101+0000] {logging_mixin.py:190} INFO - [2025-04-02T07:28:12.101+0000] {dag.py:3239} INFO - Sync 1 DAGs
[2025-04-02T07:28:12.107+0000] {logging_mixin.py:190} INFO - [2025-04-02T07:28:12.107+0000] {dag.py:4180} INFO - Setting next_dagrun for example_python_decorator to None, run_after=None
[2025-04-02T07:28:12.115+0000] {processor.py:208} INFO - Processing /home/airflow/.local/lib/python3.12/site-packages/airflow/example_dags/example_python_decorator.py took 0.047 seconds
[2025-04-02T07:28:42.273+0000] {processor.py:186} INFO - Started process (PID=304) to work on /home/airflow/.local/lib/python3.12/site-packages/airflow/example_dags/example_python_decorator.py
[2025-04-02T07:28:42.274+0000] {processor.py:914} INFO - Processing file /home/airflow/.local/lib/python3.12/site-packages/airflow/example_dags/example_python_decorator.py for tasks to queue
[2025-04-02T07:28:42.277+0000] {logging_mixin.py:190} INFO - [2025-04-02T07:28:42.276+0000] {dagbag.py:588} INFO - Filling up the DagBag from /home/airflow/.local/lib/python3.12/site-packages/airflow/example_dags/example_python_decorator.py
[2025-04-02T07:28:42.290+0000] {processor.py:925} INFO - DAG(s) 'example_python_decorator' retrieved from /home/airflow/.local/lib/python3.12/site-packages/airflow/example_dags/example_python_decorator.py
[2025-04-02T07:28:42.300+0000] {logging_mixin.py:190} INFO - [2025-04-02T07:28:42.300+0000] {dag.py:3239} INFO - Sync 1 DAGs
[2025-04-02T07:28:42.305+0000] {logging_mixin.py:190} INFO - [2025-04-02T07:28:42.305+0000] {dag.py:4180} INFO - Setting next_dagrun for example_python_decorator to None, run_after=None
[2025-04-02T07:28:42.313+0000] {processor.py:208} INFO - Processing /home/airflow/.local/lib/python3.12/site-packages/airflow/example_dags/example_python_decorator.py took 0.047 seconds
[2025-04-02T07:29:13.211+0000] {processor.py:186} INFO - Started process (PID=367) to work on /home/airflow/.local/lib/python3.12/site-packages/airflow/example_dags/example_python_decorator.py
[2025-04-02T07:29:13.212+0000] {processor.py:914} INFO - Processing file /home/airflow/.local/lib/python3.12/site-packages/airflow/example_dags/example_python_decorator.py for tasks to queue
[2025-04-02T07:29:13.213+0000] {logging_mixin.py:190} INFO - [2025-04-02T07:29:13.213+0000] {dagbag.py:588} INFO - Filling up the DagBag from /home/airflow/.local/lib/python3.12/site-packages/airflow/example_dags/example_python_decorator.py
[2025-04-02T07:29:13.221+0000] {processor.py:925} INFO - DAG(s) 'example_python_decorator' retrieved from /home/airflow/.local/lib/python3.12/site-packages/airflow/example_dags/example_python_decorator.py
[2025-04-02T07:29:13.229+0000] {logging_mixin.py:190} INFO - [2025-04-02T07:29:13.229+0000] {dag.py:3239} INFO - Sync 1 DAGs
[2025-04-02T07:29:13.235+0000] {logging_mixin.py:190} INFO - [2025-04-02T07:29:13.235+0000] {dag.py:4180} INFO - Setting next_dagrun for example_python_decorator to None, run_after=None
[2025-04-02T07:29:13.241+0000] {processor.py:208} INFO - Processing /home/airflow/.local/lib/python3.12/site-packages/airflow/example_dags/example_python_decorator.py took 0.032 seconds
[2025-04-02T07:29:44.076+0000] {processor.py:186} INFO - Started process (PID=430) to work on /home/airflow/.local/lib/python3.12/site-packages/airflow/example_dags/example_python_decorator.py
[2025-04-02T07:29:44.078+0000] {processor.py:914} INFO - Processing file /home/airflow/.local/lib/python3.12/site-packages/airflow/example_dags/example_python_decorator.py for tasks to queue
[2025-04-02T07:29:44.080+0000] {logging_mixin.py:190} INFO - [2025-04-02T07:29:44.080+0000] {dagbag.py:588} INFO - Filling up the DagBag from /home/airflow/.local/lib/python3.12/site-packages/airflow/example_dags/example_python_decorator.py
[2025-04-02T07:29:44.087+0000] {processor.py:925} INFO - DAG(s) 'example_python_decorator' retrieved from /home/airflow/.local/lib/python3.12/site-packages/airflow/example_dags/example_python_decorator.py
[2025-04-02T07:29:44.099+0000] {logging_mixin.py:190} INFO - [2025-04-02T07:29:44.098+0000] {dag.py:3239} INFO - Sync 1 DAGs
[2025-04-02T07:29:44.104+0000] {logging_mixin.py:190} INFO - [2025-04-02T07:29:44.104+0000] {dag.py:4180} INFO - Setting next_dagrun for example_python_decorator to None, run_after=None
[2025-04-02T07:29:44.110+0000] {processor.py:208} INFO - Processing /home/airflow/.local/lib/python3.12/site-packages/airflow/example_dags/example_python_decorator.py took 0.038 seconds
[2025-04-02T07:30:15.754+0000] {processor.py:186} INFO - Started process (PID=494) to work on /home/airflow/.local/lib/python3.12/site-packages/airflow/example_dags/example_python_decorator.py
[2025-04-02T07:30:15.757+0000] {processor.py:914} INFO - Processing file /home/airflow/.local/lib/python3.12/site-packages/airflow/example_dags/example_python_decorator.py for tasks to queue
[2025-04-02T07:30:15.764+0000] {logging_mixin.py:190} INFO - [2025-04-02T07:30:15.764+0000] {dagbag.py:588} INFO - Filling up the DagBag from /home/airflow/.local/lib/python3.12/site-packages/airflow/example_dags/example_python_decorator.py
[2025-04-02T07:30:15.813+0000] {processor.py:925} INFO - DAG(s) 'example_python_decorator' retrieved from /home/airflow/.local/lib/python3.12/site-packages/airflow/example_dags/example_python_decorator.py
[2025-04-02T07:30:15.874+0000] {logging_mixin.py:190} INFO - [2025-04-02T07:30:15.872+0000] {dag.py:3239} INFO - Sync 1 DAGs
[2025-04-02T07:30:15.911+0000] {logging_mixin.py:190} INFO - [2025-04-02T07:30:15.911+0000] {dag.py:4180} INFO - Setting next_dagrun for example_python_decorator to None, run_after=None
[2025-04-02T07:30:15.955+0000] {processor.py:208} INFO - Processing /home/airflow/.local/lib/python3.12/site-packages/airflow/example_dags/example_python_decorator.py took 0.215 seconds
[2025-04-02T07:30:46.024+0000] {processor.py:186} INFO - Started process (PID=557) to work on /home/airflow/.local/lib/python3.12/site-packages/airflow/example_dags/example_python_decorator.py
[2025-04-02T07:30:46.029+0000] {processor.py:914} INFO - Processing file /home/airflow/.local/lib/python3.12/site-packages/airflow/example_dags/example_python_decorator.py for tasks to queue
[2025-04-02T07:30:46.034+0000] {logging_mixin.py:190} INFO - [2025-04-02T07:30:46.033+0000] {dagbag.py:588} INFO - Filling up the DagBag from /home/airflow/.local/lib/python3.12/site-packages/airflow/example_dags/example_python_decorator.py
[2025-04-02T07:30:46.060+0000] {processor.py:925} INFO - DAG(s) 'example_python_decorator' retrieved from /home/airflow/.local/lib/python3.12/site-packages/airflow/example_dags/example_python_decorator.py
[2025-04-02T07:30:46.076+0000] {logging_mixin.py:190} INFO - [2025-04-02T07:30:46.076+0000] {dag.py:3239} INFO - Sync 1 DAGs
[2025-04-02T07:30:46.083+0000] {logging_mixin.py:190} INFO - [2025-04-02T07:30:46.083+0000] {dag.py:4180} INFO - Setting next_dagrun for example_python_decorator to None, run_after=None
[2025-04-02T07:30:46.128+0000] {processor.py:208} INFO - Processing /home/airflow/.local/lib/python3.12/site-packages/airflow/example_dags/example_python_decorator.py took 0.114 seconds
[2025-04-02T07:31:17.054+0000] {processor.py:186} INFO - Started process (PID=620) to work on /home/airflow/.local/lib/python3.12/site-packages/airflow/example_dags/example_python_decorator.py
[2025-04-02T07:31:17.056+0000] {processor.py:914} INFO - Processing file /home/airflow/.local/lib/python3.12/site-packages/airflow/example_dags/example_python_decorator.py for tasks to queue
[2025-04-02T07:31:17.058+0000] {logging_mixin.py:190} INFO - [2025-04-02T07:31:17.058+0000] {dagbag.py:588} INFO - Filling up the DagBag from /home/airflow/.local/lib/python3.12/site-packages/airflow/example_dags/example_python_decorator.py
[2025-04-02T07:31:17.074+0000] {processor.py:925} INFO - DAG(s) 'example_python_decorator' retrieved from /home/airflow/.local/lib/python3.12/site-packages/airflow/example_dags/example_python_decorator.py
[2025-04-02T07:31:17.088+0000] {logging_mixin.py:190} INFO - [2025-04-02T07:31:17.088+0000] {dag.py:3239} INFO - Sync 1 DAGs
[2025-04-02T07:31:17.100+0000] {logging_mixin.py:190} INFO - [2025-04-02T07:31:17.100+0000] {dag.py:4180} INFO - Setting next_dagrun for example_python_decorator to None, run_after=None
[2025-04-02T07:31:17.110+0000] {processor.py:208} INFO - Processing /home/airflow/.local/lib/python3.12/site-packages/airflow/example_dags/example_python_decorator.py took 0.062 seconds
[2025-04-02T07:31:47.171+0000] {processor.py:186} INFO - Started process (PID=684) to work on /home/airflow/.local/lib/python3.12/site-packages/airflow/example_dags/example_python_decorator.py
[2025-04-02T07:31:47.173+0000] {processor.py:914} INFO - Processing file /home/airflow/.local/lib/python3.12/site-packages/airflow/example_dags/example_python_decorator.py for tasks to queue
[2025-04-02T07:31:47.180+0000] {logging_mixin.py:190} INFO - [2025-04-02T07:31:47.180+0000] {dagbag.py:588} INFO - Filling up the DagBag from /home/airflow/.local/lib/python3.12/site-packages/airflow/example_dags/example_python_decorator.py
[2025-04-02T07:31:47.194+0000] {processor.py:925} INFO - DAG(s) 'example_python_decorator' retrieved from /home/airflow/.local/lib/python3.12/site-packages/airflow/example_dags/example_python_decorator.py
[2025-04-02T07:31:47.213+0000] {logging_mixin.py:190} INFO - [2025-04-02T07:31:47.213+0000] {dag.py:3239} INFO - Sync 1 DAGs
[2025-04-02T07:31:47.223+0000] {logging_mixin.py:190} INFO - [2025-04-02T07:31:47.223+0000] {dag.py:4180} INFO - Setting next_dagrun for example_python_decorator to None, run_after=None
[2025-04-02T07:31:47.236+0000] {processor.py:208} INFO - Processing /home/airflow/.local/lib/python3.12/site-packages/airflow/example_dags/example_python_decorator.py took 0.070 seconds
[2025-04-02T07:32:17.266+0000] {processor.py:186} INFO - Started process (PID=748) to work on /home/airflow/.local/lib/python3.12/site-packages/airflow/example_dags/example_python_decorator.py
[2025-04-02T07:32:17.267+0000] {processor.py:914} INFO - Processing file /home/airflow/.local/lib/python3.12/site-packages/airflow/example_dags/example_python_decorator.py for tasks to queue
[2025-04-02T07:32:17.269+0000] {logging_mixin.py:190} INFO - [2025-04-02T07:32:17.269+0000] {dagbag.py:588} INFO - Filling up the DagBag from /home/airflow/.local/lib/python3.12/site-packages/airflow/example_dags/example_python_decorator.py
[2025-04-02T07:32:17.281+0000] {processor.py:925} INFO - DAG(s) 'example_python_decorator' retrieved from /home/airflow/.local/lib/python3.12/site-packages/airflow/example_dags/example_python_decorator.py
[2025-04-02T07:32:17.302+0000] {logging_mixin.py:190} INFO - [2025-04-02T07:32:17.302+0000] {dag.py:3239} INFO - Sync 1 DAGs
[2025-04-02T07:32:17.312+0000] {logging_mixin.py:190} INFO - [2025-04-02T07:32:17.312+0000] {dag.py:4180} INFO - Setting next_dagrun for example_python_decorator to None, run_after=None
[2025-04-02T07:32:17.324+0000] {processor.py:208} INFO - Processing /home/airflow/.local/lib/python3.12/site-packages/airflow/example_dags/example_python_decorator.py took 0.060 seconds
