[2025-04-02T07:25:56.732+0000] {processor.py:186} INFO - Started process (PID=87) to work on /home/airflow/.local/lib/python3.12/site-packages/airflow/example_dags/example_xcomargs.py
[2025-04-02T07:25:56.733+0000] {processor.py:914} INFO - Processing file /home/airflow/.local/lib/python3.12/site-packages/airflow/example_dags/example_xcomargs.py for tasks to queue
[2025-04-02T07:25:56.739+0000] {logging_mixin.py:190} INFO - [2025-04-02T07:25:56.739+0000] {dagbag.py:588} INFO - Filling up the DagBag from /home/airflow/.local/lib/python3.12/site-packages/airflow/example_dags/example_xcomargs.py
[2025-04-02T07:25:56.765+0000] {processor.py:925} INFO - DAG(s) 'example_xcom_args', 'example_xcom_args_with_operators' retrieved from /home/airflow/.local/lib/python3.12/site-packages/airflow/example_dags/example_xcomargs.py
[2025-04-02T07:25:56.814+0000] {logging_mixin.py:190} INFO - [2025-04-02T07:25:56.813+0000] {override.py:1912} INFO - Created Permission View: can delete on DAG:example_xcom_args
[2025-04-02T07:25:56.819+0000] {logging_mixin.py:190} INFO - [2025-04-02T07:25:56.819+0000] {override.py:1912} INFO - Created Permission View: can read on DAG:example_xcom_args
[2025-04-02T07:25:56.821+0000] {logging_mixin.py:190} INFO - [2025-04-02T07:25:56.821+0000] {override.py:1912} INFO - Created Permission View: can edit on DAG:example_xcom_args
[2025-04-02T07:25:56.823+0000] {logging_mixin.py:190} INFO - [2025-04-02T07:25:56.823+0000] {override.py:1912} INFO - Created Permission View: can delete on DAG Run:example_xcom_args
[2025-04-02T07:25:56.825+0000] {logging_mixin.py:190} INFO - [2025-04-02T07:25:56.825+0000] {override.py:1912} INFO - Created Permission View: can read on DAG Run:example_xcom_args
[2025-04-02T07:25:56.827+0000] {logging_mixin.py:190} INFO - [2025-04-02T07:25:56.827+0000] {override.py:1912} INFO - Created Permission View: can create on DAG Run:example_xcom_args
[2025-04-02T07:25:56.829+0000] {logging_mixin.py:190} INFO - [2025-04-02T07:25:56.828+0000] {override.py:1912} INFO - Created Permission View: menu access on DAG Run:example_xcom_args
[2025-04-02T07:25:56.833+0000] {logging_mixin.py:190} INFO - [2025-04-02T07:25:56.833+0000] {override.py:1912} INFO - Created Permission View: can delete on DAG:example_xcom_args_with_operators
[2025-04-02T07:25:56.835+0000] {logging_mixin.py:190} INFO - [2025-04-02T07:25:56.835+0000] {override.py:1912} INFO - Created Permission View: can read on DAG:example_xcom_args_with_operators
[2025-04-02T07:25:56.838+0000] {logging_mixin.py:190} INFO - [2025-04-02T07:25:56.838+0000] {override.py:1912} INFO - Created Permission View: can edit on DAG:example_xcom_args_with_operators
[2025-04-02T07:25:56.840+0000] {logging_mixin.py:190} INFO - [2025-04-02T07:25:56.839+0000] {override.py:1912} INFO - Created Permission View: can delete on DAG Run:example_xcom_args_with_operators
[2025-04-02T07:25:56.842+0000] {logging_mixin.py:190} INFO - [2025-04-02T07:25:56.841+0000] {override.py:1912} INFO - Created Permission View: can read on DAG Run:example_xcom_args_with_operators
[2025-04-02T07:25:56.844+0000] {logging_mixin.py:190} INFO - [2025-04-02T07:25:56.844+0000] {override.py:1912} INFO - Created Permission View: can create on DAG Run:example_xcom_args_with_operators
[2025-04-02T07:25:56.845+0000] {logging_mixin.py:190} INFO - [2025-04-02T07:25:56.845+0000] {override.py:1912} INFO - Created Permission View: menu access on DAG Run:example_xcom_args_with_operators
[2025-04-02T07:25:56.846+0000] {logging_mixin.py:190} INFO - [2025-04-02T07:25:56.846+0000] {dag.py:3239} INFO - Sync 2 DAGs
[2025-04-02T07:25:56.851+0000] {logging_mixin.py:190} INFO - [2025-04-02T07:25:56.851+0000] {dag.py:3262} INFO - Creating ORM DAG for example_xcom_args
[2025-04-02T07:25:56.851+0000] {logging_mixin.py:190} INFO - [2025-04-02T07:25:56.851+0000] {dag.py:3262} INFO - Creating ORM DAG for example_xcom_args_with_operators
[2025-04-02T07:25:56.852+0000] {logging_mixin.py:190} INFO - [2025-04-02T07:25:56.852+0000] {dag.py:4180} INFO - Setting next_dagrun for example_xcom_args to None, run_after=None
[2025-04-02T07:25:56.853+0000] {logging_mixin.py:190} INFO - [2025-04-02T07:25:56.853+0000] {dag.py:4180} INFO - Setting next_dagrun for example_xcom_args_with_operators to None, run_after=None
[2025-04-02T07:25:56.862+0000] {processor.py:208} INFO - Processing /home/airflow/.local/lib/python3.12/site-packages/airflow/example_dags/example_xcomargs.py took 0.134 seconds
[2025-04-02T07:26:43.119+0000] {processor.py:186} INFO - Started process (PID=79) to work on /home/airflow/.local/lib/python3.12/site-packages/airflow/example_dags/example_xcomargs.py
[2025-04-02T07:26:43.119+0000] {processor.py:914} INFO - Processing file /home/airflow/.local/lib/python3.12/site-packages/airflow/example_dags/example_xcomargs.py for tasks to queue
[2025-04-02T07:26:43.121+0000] {logging_mixin.py:190} INFO - [2025-04-02T07:26:43.120+0000] {dagbag.py:588} INFO - Filling up the DagBag from /home/airflow/.local/lib/python3.12/site-packages/airflow/example_dags/example_xcomargs.py
[2025-04-02T07:26:43.126+0000] {processor.py:925} INFO - DAG(s) 'example_xcom_args', 'example_xcom_args_with_operators' retrieved from /home/airflow/.local/lib/python3.12/site-packages/airflow/example_dags/example_xcomargs.py
[2025-04-02T07:26:43.140+0000] {logging_mixin.py:190} INFO - [2025-04-02T07:26:43.140+0000] {dag.py:3239} INFO - Sync 2 DAGs
[2025-04-02T07:26:43.146+0000] {logging_mixin.py:190} INFO - [2025-04-02T07:26:43.145+0000] {dag.py:4180} INFO - Setting next_dagrun for example_xcom_args to None, run_after=None
[2025-04-02T07:26:43.147+0000] {logging_mixin.py:190} INFO - [2025-04-02T07:26:43.147+0000] {dag.py:4180} INFO - Setting next_dagrun for example_xcom_args_with_operators to None, run_after=None
[2025-04-02T07:26:43.153+0000] {processor.py:208} INFO - Processing /home/airflow/.local/lib/python3.12/site-packages/airflow/example_dags/example_xcomargs.py took 0.037 seconds
[2025-04-02T07:27:13.955+0000] {processor.py:186} INFO - Started process (PID=142) to work on /home/airflow/.local/lib/python3.12/site-packages/airflow/example_dags/example_xcomargs.py
[2025-04-02T07:27:13.955+0000] {processor.py:914} INFO - Processing file /home/airflow/.local/lib/python3.12/site-packages/airflow/example_dags/example_xcomargs.py for tasks to queue
[2025-04-02T07:27:13.956+0000] {logging_mixin.py:190} INFO - [2025-04-02T07:27:13.956+0000] {dagbag.py:588} INFO - Filling up the DagBag from /home/airflow/.local/lib/python3.12/site-packages/airflow/example_dags/example_xcomargs.py
[2025-04-02T07:27:13.960+0000] {processor.py:925} INFO - DAG(s) 'example_xcom_args', 'example_xcom_args_with_operators' retrieved from /home/airflow/.local/lib/python3.12/site-packages/airflow/example_dags/example_xcomargs.py
[2025-04-02T07:27:13.971+0000] {logging_mixin.py:190} INFO - [2025-04-02T07:27:13.971+0000] {dag.py:3239} INFO - Sync 2 DAGs
[2025-04-02T07:27:13.976+0000] {logging_mixin.py:190} INFO - [2025-04-02T07:27:13.976+0000] {dag.py:4180} INFO - Setting next_dagrun for example_xcom_args to None, run_after=None
[2025-04-02T07:27:13.980+0000] {logging_mixin.py:190} INFO - [2025-04-02T07:27:13.980+0000] {dag.py:4180} INFO - Setting next_dagrun for example_xcom_args_with_operators to None, run_after=None
[2025-04-02T07:27:13.986+0000] {processor.py:208} INFO - Processing /home/airflow/.local/lib/python3.12/site-packages/airflow/example_dags/example_xcomargs.py took 0.034 seconds
[2025-04-02T07:27:44.635+0000] {processor.py:186} INFO - Started process (PID=205) to work on /home/airflow/.local/lib/python3.12/site-packages/airflow/example_dags/example_xcomargs.py
[2025-04-02T07:27:44.636+0000] {processor.py:914} INFO - Processing file /home/airflow/.local/lib/python3.12/site-packages/airflow/example_dags/example_xcomargs.py for tasks to queue
[2025-04-02T07:27:44.640+0000] {logging_mixin.py:190} INFO - [2025-04-02T07:27:44.640+0000] {dagbag.py:588} INFO - Filling up the DagBag from /home/airflow/.local/lib/python3.12/site-packages/airflow/example_dags/example_xcomargs.py
[2025-04-02T07:27:44.648+0000] {processor.py:925} INFO - DAG(s) 'example_xcom_args', 'example_xcom_args_with_operators' retrieved from /home/airflow/.local/lib/python3.12/site-packages/airflow/example_dags/example_xcomargs.py
[2025-04-02T07:27:44.670+0000] {logging_mixin.py:190} INFO - [2025-04-02T07:27:44.670+0000] {dag.py:3239} INFO - Sync 2 DAGs
[2025-04-02T07:27:44.684+0000] {logging_mixin.py:190} INFO - [2025-04-02T07:27:44.683+0000] {dag.py:4180} INFO - Setting next_dagrun for example_xcom_args to None, run_after=None
[2025-04-02T07:27:44.688+0000] {logging_mixin.py:190} INFO - [2025-04-02T07:27:44.688+0000] {dag.py:4180} INFO - Setting next_dagrun for example_xcom_args_with_operators to None, run_after=None
[2025-04-02T07:27:44.704+0000] {processor.py:208} INFO - Processing /home/airflow/.local/lib/python3.12/site-packages/airflow/example_dags/example_xcomargs.py took 0.073 seconds
[2025-04-02T07:28:15.528+0000] {processor.py:186} INFO - Started process (PID=267) to work on /home/airflow/.local/lib/python3.12/site-packages/airflow/example_dags/example_xcomargs.py
[2025-04-02T07:28:15.528+0000] {processor.py:914} INFO - Processing file /home/airflow/.local/lib/python3.12/site-packages/airflow/example_dags/example_xcomargs.py for tasks to queue
[2025-04-02T07:28:15.529+0000] {logging_mixin.py:190} INFO - [2025-04-02T07:28:15.529+0000] {dagbag.py:588} INFO - Filling up the DagBag from /home/airflow/.local/lib/python3.12/site-packages/airflow/example_dags/example_xcomargs.py
[2025-04-02T07:28:15.534+0000] {processor.py:925} INFO - DAG(s) 'example_xcom_args', 'example_xcom_args_with_operators' retrieved from /home/airflow/.local/lib/python3.12/site-packages/airflow/example_dags/example_xcomargs.py
[2025-04-02T07:28:15.544+0000] {logging_mixin.py:190} INFO - [2025-04-02T07:28:15.544+0000] {dag.py:3239} INFO - Sync 2 DAGs
[2025-04-02T07:28:15.551+0000] {logging_mixin.py:190} INFO - [2025-04-02T07:28:15.551+0000] {dag.py:4180} INFO - Setting next_dagrun for example_xcom_args to None, run_after=None
[2025-04-02T07:28:15.552+0000] {logging_mixin.py:190} INFO - [2025-04-02T07:28:15.552+0000] {dag.py:4180} INFO - Setting next_dagrun for example_xcom_args_with_operators to None, run_after=None
[2025-04-02T07:28:15.558+0000] {processor.py:208} INFO - Processing /home/airflow/.local/lib/python3.12/site-packages/airflow/example_dags/example_xcomargs.py took 0.034 seconds
[2025-04-02T07:28:46.007+0000] {processor.py:186} INFO - Started process (PID=330) to work on /home/airflow/.local/lib/python3.12/site-packages/airflow/example_dags/example_xcomargs.py
[2025-04-02T07:28:46.008+0000] {processor.py:914} INFO - Processing file /home/airflow/.local/lib/python3.12/site-packages/airflow/example_dags/example_xcomargs.py for tasks to queue
[2025-04-02T07:28:46.009+0000] {logging_mixin.py:190} INFO - [2025-04-02T07:28:46.009+0000] {dagbag.py:588} INFO - Filling up the DagBag from /home/airflow/.local/lib/python3.12/site-packages/airflow/example_dags/example_xcomargs.py
[2025-04-02T07:28:46.013+0000] {processor.py:925} INFO - DAG(s) 'example_xcom_args', 'example_xcom_args_with_operators' retrieved from /home/airflow/.local/lib/python3.12/site-packages/airflow/example_dags/example_xcomargs.py
[2025-04-02T07:28:46.023+0000] {logging_mixin.py:190} INFO - [2025-04-02T07:28:46.023+0000] {dag.py:3239} INFO - Sync 2 DAGs
[2025-04-02T07:28:46.029+0000] {logging_mixin.py:190} INFO - [2025-04-02T07:28:46.029+0000] {dag.py:4180} INFO - Setting next_dagrun for example_xcom_args to None, run_after=None
[2025-04-02T07:28:46.030+0000] {logging_mixin.py:190} INFO - [2025-04-02T07:28:46.030+0000] {dag.py:4180} INFO - Setting next_dagrun for example_xcom_args_with_operators to None, run_after=None
[2025-04-02T07:28:46.036+0000] {processor.py:208} INFO - Processing /home/airflow/.local/lib/python3.12/site-packages/airflow/example_dags/example_xcomargs.py took 0.032 seconds
[2025-04-02T07:29:17.015+0000] {processor.py:186} INFO - Started process (PID=393) to work on /home/airflow/.local/lib/python3.12/site-packages/airflow/example_dags/example_xcomargs.py
[2025-04-02T07:29:17.015+0000] {processor.py:914} INFO - Processing file /home/airflow/.local/lib/python3.12/site-packages/airflow/example_dags/example_xcomargs.py for tasks to queue
[2025-04-02T07:29:17.016+0000] {logging_mixin.py:190} INFO - [2025-04-02T07:29:17.016+0000] {dagbag.py:588} INFO - Filling up the DagBag from /home/airflow/.local/lib/python3.12/site-packages/airflow/example_dags/example_xcomargs.py
[2025-04-02T07:29:17.021+0000] {processor.py:925} INFO - DAG(s) 'example_xcom_args', 'example_xcom_args_with_operators' retrieved from /home/airflow/.local/lib/python3.12/site-packages/airflow/example_dags/example_xcomargs.py
[2025-04-02T07:29:17.031+0000] {logging_mixin.py:190} INFO - [2025-04-02T07:29:17.031+0000] {dag.py:3239} INFO - Sync 2 DAGs
[2025-04-02T07:29:17.038+0000] {logging_mixin.py:190} INFO - [2025-04-02T07:29:17.038+0000] {dag.py:4180} INFO - Setting next_dagrun for example_xcom_args to None, run_after=None
[2025-04-02T07:29:17.040+0000] {logging_mixin.py:190} INFO - [2025-04-02T07:29:17.039+0000] {dag.py:4180} INFO - Setting next_dagrun for example_xcom_args_with_operators to None, run_after=None
[2025-04-02T07:29:17.046+0000] {processor.py:208} INFO - Processing /home/airflow/.local/lib/python3.12/site-packages/airflow/example_dags/example_xcomargs.py took 0.034 seconds
[2025-04-02T07:29:48.010+0000] {processor.py:186} INFO - Started process (PID=456) to work on /home/airflow/.local/lib/python3.12/site-packages/airflow/example_dags/example_xcomargs.py
[2025-04-02T07:29:48.011+0000] {processor.py:914} INFO - Processing file /home/airflow/.local/lib/python3.12/site-packages/airflow/example_dags/example_xcomargs.py for tasks to queue
[2025-04-02T07:29:48.013+0000] {logging_mixin.py:190} INFO - [2025-04-02T07:29:48.012+0000] {dagbag.py:588} INFO - Filling up the DagBag from /home/airflow/.local/lib/python3.12/site-packages/airflow/example_dags/example_xcomargs.py
[2025-04-02T07:29:48.021+0000] {processor.py:925} INFO - DAG(s) 'example_xcom_args', 'example_xcom_args_with_operators' retrieved from /home/airflow/.local/lib/python3.12/site-packages/airflow/example_dags/example_xcomargs.py
[2025-04-02T07:29:48.042+0000] {logging_mixin.py:190} INFO - [2025-04-02T07:29:48.042+0000] {dag.py:3239} INFO - Sync 2 DAGs
[2025-04-02T07:29:48.051+0000] {logging_mixin.py:190} INFO - [2025-04-02T07:29:48.051+0000] {dag.py:4180} INFO - Setting next_dagrun for example_xcom_args to None, run_after=None
[2025-04-02T07:29:48.053+0000] {logging_mixin.py:190} INFO - [2025-04-02T07:29:48.053+0000] {dag.py:4180} INFO - Setting next_dagrun for example_xcom_args_with_operators to None, run_after=None
[2025-04-02T07:29:48.064+0000] {processor.py:208} INFO - Processing /home/airflow/.local/lib/python3.12/site-packages/airflow/example_dags/example_xcomargs.py took 0.058 seconds
[2025-04-02T07:30:26.788+0000] {processor.py:186} INFO - Started process (PID=520) to work on /home/airflow/.local/lib/python3.12/site-packages/airflow/example_dags/example_xcomargs.py
[2025-04-02T07:30:26.793+0000] {processor.py:914} INFO - Processing file /home/airflow/.local/lib/python3.12/site-packages/airflow/example_dags/example_xcomargs.py for tasks to queue
[2025-04-02T07:30:26.801+0000] {logging_mixin.py:190} INFO - [2025-04-02T07:30:26.799+0000] {dagbag.py:588} INFO - Filling up the DagBag from /home/airflow/.local/lib/python3.12/site-packages/airflow/example_dags/example_xcomargs.py
[2025-04-02T07:30:26.863+0000] {processor.py:925} INFO - DAG(s) 'example_xcom_args', 'example_xcom_args_with_operators' retrieved from /home/airflow/.local/lib/python3.12/site-packages/airflow/example_dags/example_xcomargs.py
[2025-04-02T07:30:26.923+0000] {logging_mixin.py:190} INFO - [2025-04-02T07:30:26.923+0000] {dag.py:3239} INFO - Sync 2 DAGs
[2025-04-02T07:30:26.939+0000] {logging_mixin.py:190} INFO - [2025-04-02T07:30:26.939+0000] {dag.py:4180} INFO - Setting next_dagrun for example_xcom_args to None, run_after=None
[2025-04-02T07:30:26.958+0000] {logging_mixin.py:190} INFO - [2025-04-02T07:30:26.957+0000] {dag.py:4180} INFO - Setting next_dagrun for example_xcom_args_with_operators to None, run_after=None
[2025-04-02T07:30:27.068+0000] {processor.py:208} INFO - Processing /home/airflow/.local/lib/python3.12/site-packages/airflow/example_dags/example_xcomargs.py took 0.297 seconds
[2025-04-02T07:30:57.217+0000] {processor.py:186} INFO - Started process (PID=583) to work on /home/airflow/.local/lib/python3.12/site-packages/airflow/example_dags/example_xcomargs.py
[2025-04-02T07:30:57.219+0000] {processor.py:914} INFO - Processing file /home/airflow/.local/lib/python3.12/site-packages/airflow/example_dags/example_xcomargs.py for tasks to queue
[2025-04-02T07:30:57.225+0000] {logging_mixin.py:190} INFO - [2025-04-02T07:30:57.223+0000] {dagbag.py:588} INFO - Filling up the DagBag from /home/airflow/.local/lib/python3.12/site-packages/airflow/example_dags/example_xcomargs.py
[2025-04-02T07:30:57.250+0000] {processor.py:925} INFO - DAG(s) 'example_xcom_args', 'example_xcom_args_with_operators' retrieved from /home/airflow/.local/lib/python3.12/site-packages/airflow/example_dags/example_xcomargs.py
[2025-04-02T07:30:57.307+0000] {logging_mixin.py:190} INFO - [2025-04-02T07:30:57.307+0000] {dag.py:3239} INFO - Sync 2 DAGs
[2025-04-02T07:30:57.333+0000] {logging_mixin.py:190} INFO - [2025-04-02T07:30:57.333+0000] {dag.py:4180} INFO - Setting next_dagrun for example_xcom_args to None, run_after=None
[2025-04-02T07:30:57.342+0000] {logging_mixin.py:190} INFO - [2025-04-02T07:30:57.342+0000] {dag.py:4180} INFO - Setting next_dagrun for example_xcom_args_with_operators to None, run_after=None
[2025-04-02T07:30:57.388+0000] {processor.py:208} INFO - Processing /home/airflow/.local/lib/python3.12/site-packages/airflow/example_dags/example_xcomargs.py took 0.189 seconds
[2025-04-02T07:31:27.572+0000] {processor.py:186} INFO - Started process (PID=646) to work on /home/airflow/.local/lib/python3.12/site-packages/airflow/example_dags/example_xcomargs.py
[2025-04-02T07:31:27.573+0000] {processor.py:914} INFO - Processing file /home/airflow/.local/lib/python3.12/site-packages/airflow/example_dags/example_xcomargs.py for tasks to queue
[2025-04-02T07:31:27.574+0000] {logging_mixin.py:190} INFO - [2025-04-02T07:31:27.574+0000] {dagbag.py:588} INFO - Filling up the DagBag from /home/airflow/.local/lib/python3.12/site-packages/airflow/example_dags/example_xcomargs.py
[2025-04-02T07:31:27.580+0000] {processor.py:925} INFO - DAG(s) 'example_xcom_args', 'example_xcom_args_with_operators' retrieved from /home/airflow/.local/lib/python3.12/site-packages/airflow/example_dags/example_xcomargs.py
[2025-04-02T07:31:27.591+0000] {logging_mixin.py:190} INFO - [2025-04-02T07:31:27.591+0000] {dag.py:3239} INFO - Sync 2 DAGs
[2025-04-02T07:31:27.597+0000] {logging_mixin.py:190} INFO - [2025-04-02T07:31:27.597+0000] {dag.py:4180} INFO - Setting next_dagrun for example_xcom_args to None, run_after=None
[2025-04-02T07:31:27.602+0000] {logging_mixin.py:190} INFO - [2025-04-02T07:31:27.602+0000] {dag.py:4180} INFO - Setting next_dagrun for example_xcom_args_with_operators to None, run_after=None
[2025-04-02T07:31:27.608+0000] {processor.py:208} INFO - Processing /home/airflow/.local/lib/python3.12/site-packages/airflow/example_dags/example_xcomargs.py took 0.039 seconds
[2025-04-02T07:31:57.834+0000] {processor.py:186} INFO - Started process (PID=710) to work on /home/airflow/.local/lib/python3.12/site-packages/airflow/example_dags/example_xcomargs.py
[2025-04-02T07:31:57.837+0000] {processor.py:914} INFO - Processing file /home/airflow/.local/lib/python3.12/site-packages/airflow/example_dags/example_xcomargs.py for tasks to queue
[2025-04-02T07:31:57.838+0000] {logging_mixin.py:190} INFO - [2025-04-02T07:31:57.838+0000] {dagbag.py:588} INFO - Filling up the DagBag from /home/airflow/.local/lib/python3.12/site-packages/airflow/example_dags/example_xcomargs.py
[2025-04-02T07:31:57.843+0000] {processor.py:925} INFO - DAG(s) 'example_xcom_args', 'example_xcom_args_with_operators' retrieved from /home/airflow/.local/lib/python3.12/site-packages/airflow/example_dags/example_xcomargs.py
[2025-04-02T07:31:57.853+0000] {logging_mixin.py:190} INFO - [2025-04-02T07:31:57.853+0000] {dag.py:3239} INFO - Sync 2 DAGs
[2025-04-02T07:31:57.861+0000] {logging_mixin.py:190} INFO - [2025-04-02T07:31:57.860+0000] {dag.py:4180} INFO - Setting next_dagrun for example_xcom_args to None, run_after=None
[2025-04-02T07:31:57.862+0000] {logging_mixin.py:190} INFO - [2025-04-02T07:31:57.862+0000] {dag.py:4180} INFO - Setting next_dagrun for example_xcom_args_with_operators to None, run_after=None
[2025-04-02T07:31:57.868+0000] {processor.py:208} INFO - Processing /home/airflow/.local/lib/python3.12/site-packages/airflow/example_dags/example_xcomargs.py took 0.037 seconds
[2025-04-02T07:32:28.836+0000] {processor.py:186} INFO - Started process (PID=774) to work on /home/airflow/.local/lib/python3.12/site-packages/airflow/example_dags/example_xcomargs.py
[2025-04-02T07:32:28.837+0000] {processor.py:914} INFO - Processing file /home/airflow/.local/lib/python3.12/site-packages/airflow/example_dags/example_xcomargs.py for tasks to queue
[2025-04-02T07:32:28.838+0000] {logging_mixin.py:190} INFO - [2025-04-02T07:32:28.838+0000] {dagbag.py:588} INFO - Filling up the DagBag from /home/airflow/.local/lib/python3.12/site-packages/airflow/example_dags/example_xcomargs.py
[2025-04-02T07:32:28.842+0000] {processor.py:925} INFO - DAG(s) 'example_xcom_args_with_operators', 'example_xcom_args' retrieved from /home/airflow/.local/lib/python3.12/site-packages/airflow/example_dags/example_xcomargs.py
[2025-04-02T07:32:28.855+0000] {logging_mixin.py:190} INFO - [2025-04-02T07:32:28.855+0000] {dag.py:3239} INFO - Sync 2 DAGs
[2025-04-02T07:32:28.861+0000] {logging_mixin.py:190} INFO - [2025-04-02T07:32:28.861+0000] {dag.py:4180} INFO - Setting next_dagrun for example_xcom_args to None, run_after=None
[2025-04-02T07:32:28.863+0000] {logging_mixin.py:190} INFO - [2025-04-02T07:32:28.863+0000] {dag.py:4180} INFO - Setting next_dagrun for example_xcom_args_with_operators to None, run_after=None
[2025-04-02T07:32:28.868+0000] {processor.py:208} INFO - Processing /home/airflow/.local/lib/python3.12/site-packages/airflow/example_dags/example_xcomargs.py took 0.035 seconds
