[2025-04-02T07:25:54.711+0000] {processor.py:186} INFO - Started process (PID=69) to work on /home/airflow/.local/lib/python3.12/site-packages/airflow/example_dags/example_external_task_marker_dag.py
[2025-04-02T07:25:54.712+0000] {processor.py:914} INFO - Processing file /home/airflow/.local/lib/python3.12/site-packages/airflow/example_dags/example_external_task_marker_dag.py for tasks to queue
[2025-04-02T07:25:54.713+0000] {logging_mixin.py:190} INFO - [2025-04-02T07:25:54.713+0000] {dagbag.py:588} INFO - Filling up the DagBag from /home/airflow/.local/lib/python3.12/site-packages/airflow/example_dags/example_external_task_marker_dag.py
[2025-04-02T07:25:54.718+0000] {processor.py:925} INFO - DAG(s) 'example_external_task_marker_child', 'example_external_task_marker_parent' retrieved from /home/airflow/.local/lib/python3.12/site-packages/airflow/example_dags/example_external_task_marker_dag.py
[2025-04-02T07:25:54.769+0000] {logging_mixin.py:190} INFO - [2025-04-02T07:25:54.768+0000] {override.py:1912} INFO - Created Permission View: can delete on DAG:example_external_task_marker_child
[2025-04-02T07:25:54.773+0000] {logging_mixin.py:190} INFO - [2025-04-02T07:25:54.773+0000] {override.py:1912} INFO - Created Permission View: can read on DAG:example_external_task_marker_child
[2025-04-02T07:25:54.776+0000] {logging_mixin.py:190} INFO - [2025-04-02T07:25:54.776+0000] {override.py:1912} INFO - Created Permission View: can edit on DAG:example_external_task_marker_child
[2025-04-02T07:25:54.780+0000] {logging_mixin.py:190} INFO - [2025-04-02T07:25:54.780+0000] {override.py:1912} INFO - Created Permission View: can delete on DAG Run:example_external_task_marker_child
[2025-04-02T07:25:54.784+0000] {logging_mixin.py:190} INFO - [2025-04-02T07:25:54.784+0000] {override.py:1912} INFO - Created Permission View: can read on DAG Run:example_external_task_marker_child
[2025-04-02T07:25:54.787+0000] {logging_mixin.py:190} INFO - [2025-04-02T07:25:54.787+0000] {override.py:1912} INFO - Created Permission View: can create on DAG Run:example_external_task_marker_child
[2025-04-02T07:25:54.790+0000] {logging_mixin.py:190} INFO - [2025-04-02T07:25:54.789+0000] {override.py:1912} INFO - Created Permission View: menu access on DAG Run:example_external_task_marker_child
[2025-04-02T07:25:54.795+0000] {logging_mixin.py:190} INFO - [2025-04-02T07:25:54.794+0000] {override.py:1912} INFO - Created Permission View: can delete on DAG:example_external_task_marker_parent
[2025-04-02T07:25:54.797+0000] {logging_mixin.py:190} INFO - [2025-04-02T07:25:54.797+0000] {override.py:1912} INFO - Created Permission View: can read on DAG:example_external_task_marker_parent
[2025-04-02T07:25:54.799+0000] {logging_mixin.py:190} INFO - [2025-04-02T07:25:54.799+0000] {override.py:1912} INFO - Created Permission View: can edit on DAG:example_external_task_marker_parent
[2025-04-02T07:25:54.802+0000] {logging_mixin.py:190} INFO - [2025-04-02T07:25:54.802+0000] {override.py:1912} INFO - Created Permission View: can delete on DAG Run:example_external_task_marker_parent
[2025-04-02T07:25:54.804+0000] {logging_mixin.py:190} INFO - [2025-04-02T07:25:54.804+0000] {override.py:1912} INFO - Created Permission View: can read on DAG Run:example_external_task_marker_parent
[2025-04-02T07:25:54.806+0000] {logging_mixin.py:190} INFO - [2025-04-02T07:25:54.806+0000] {override.py:1912} INFO - Created Permission View: can create on DAG Run:example_external_task_marker_parent
[2025-04-02T07:25:54.809+0000] {logging_mixin.py:190} INFO - [2025-04-02T07:25:54.809+0000] {override.py:1912} INFO - Created Permission View: menu access on DAG Run:example_external_task_marker_parent
[2025-04-02T07:25:54.809+0000] {logging_mixin.py:190} INFO - [2025-04-02T07:25:54.809+0000] {dag.py:3239} INFO - Sync 2 DAGs
[2025-04-02T07:25:54.821+0000] {logging_mixin.py:190} INFO - [2025-04-02T07:25:54.820+0000] {dag.py:3262} INFO - Creating ORM DAG for example_external_task_marker_child
[2025-04-02T07:25:54.821+0000] {logging_mixin.py:190} INFO - [2025-04-02T07:25:54.821+0000] {dag.py:3262} INFO - Creating ORM DAG for example_external_task_marker_parent
[2025-04-02T07:25:54.821+0000] {logging_mixin.py:190} INFO - [2025-04-02T07:25:54.821+0000] {dag.py:4180} INFO - Setting next_dagrun for example_external_task_marker_child to None, run_after=None
[2025-04-02T07:25:54.822+0000] {logging_mixin.py:190} INFO - [2025-04-02T07:25:54.822+0000] {dag.py:4180} INFO - Setting next_dagrun for example_external_task_marker_parent to None, run_after=None
[2025-04-02T07:25:54.835+0000] {processor.py:208} INFO - Processing /home/airflow/.local/lib/python3.12/site-packages/airflow/example_dags/example_external_task_marker_dag.py took 0.127 seconds
[2025-04-02T07:26:41.468+0000] {processor.py:186} INFO - Started process (PID=61) to work on /home/airflow/.local/lib/python3.12/site-packages/airflow/example_dags/example_external_task_marker_dag.py
[2025-04-02T07:26:41.469+0000] {processor.py:914} INFO - Processing file /home/airflow/.local/lib/python3.12/site-packages/airflow/example_dags/example_external_task_marker_dag.py for tasks to queue
[2025-04-02T07:26:41.475+0000] {logging_mixin.py:190} INFO - [2025-04-02T07:26:41.475+0000] {dagbag.py:588} INFO - Filling up the DagBag from /home/airflow/.local/lib/python3.12/site-packages/airflow/example_dags/example_external_task_marker_dag.py
[2025-04-02T07:26:41.482+0000] {processor.py:925} INFO - DAG(s) 'example_external_task_marker_child', 'example_external_task_marker_parent' retrieved from /home/airflow/.local/lib/python3.12/site-packages/airflow/example_dags/example_external_task_marker_dag.py
[2025-04-02T07:26:41.511+0000] {logging_mixin.py:190} INFO - [2025-04-02T07:26:41.511+0000] {dag.py:3239} INFO - Sync 2 DAGs
[2025-04-02T07:26:41.521+0000] {logging_mixin.py:190} INFO - [2025-04-02T07:26:41.521+0000] {dag.py:4180} INFO - Setting next_dagrun for example_external_task_marker_child to None, run_after=None
[2025-04-02T07:26:41.526+0000] {logging_mixin.py:190} INFO - [2025-04-02T07:26:41.526+0000] {dag.py:4180} INFO - Setting next_dagrun for example_external_task_marker_parent to None, run_after=None
[2025-04-02T07:26:41.541+0000] {processor.py:208} INFO - Processing /home/airflow/.local/lib/python3.12/site-packages/airflow/example_dags/example_external_task_marker_dag.py took 0.077 seconds
[2025-04-02T07:27:12.404+0000] {processor.py:186} INFO - Started process (PID=124) to work on /home/airflow/.local/lib/python3.12/site-packages/airflow/example_dags/example_external_task_marker_dag.py
[2025-04-02T07:27:12.405+0000] {processor.py:914} INFO - Processing file /home/airflow/.local/lib/python3.12/site-packages/airflow/example_dags/example_external_task_marker_dag.py for tasks to queue
[2025-04-02T07:27:12.406+0000] {logging_mixin.py:190} INFO - [2025-04-02T07:27:12.406+0000] {dagbag.py:588} INFO - Filling up the DagBag from /home/airflow/.local/lib/python3.12/site-packages/airflow/example_dags/example_external_task_marker_dag.py
[2025-04-02T07:27:12.410+0000] {processor.py:925} INFO - DAG(s) 'example_external_task_marker_child', 'example_external_task_marker_parent' retrieved from /home/airflow/.local/lib/python3.12/site-packages/airflow/example_dags/example_external_task_marker_dag.py
[2025-04-02T07:27:12.421+0000] {logging_mixin.py:190} INFO - [2025-04-02T07:27:12.421+0000] {dag.py:3239} INFO - Sync 2 DAGs
[2025-04-02T07:27:12.428+0000] {logging_mixin.py:190} INFO - [2025-04-02T07:27:12.428+0000] {dag.py:4180} INFO - Setting next_dagrun for example_external_task_marker_child to None, run_after=None
[2025-04-02T07:27:12.430+0000] {logging_mixin.py:190} INFO - [2025-04-02T07:27:12.430+0000] {dag.py:4180} INFO - Setting next_dagrun for example_external_task_marker_parent to None, run_after=None
[2025-04-02T07:27:12.437+0000] {processor.py:208} INFO - Processing /home/airflow/.local/lib/python3.12/site-packages/airflow/example_dags/example_external_task_marker_dag.py took 0.037 seconds
[2025-04-02T07:27:42.981+0000] {processor.py:186} INFO - Started process (PID=187) to work on /home/airflow/.local/lib/python3.12/site-packages/airflow/example_dags/example_external_task_marker_dag.py
[2025-04-02T07:27:42.981+0000] {processor.py:914} INFO - Processing file /home/airflow/.local/lib/python3.12/site-packages/airflow/example_dags/example_external_task_marker_dag.py for tasks to queue
[2025-04-02T07:27:42.982+0000] {logging_mixin.py:190} INFO - [2025-04-02T07:27:42.982+0000] {dagbag.py:588} INFO - Filling up the DagBag from /home/airflow/.local/lib/python3.12/site-packages/airflow/example_dags/example_external_task_marker_dag.py
[2025-04-02T07:27:42.986+0000] {processor.py:925} INFO - DAG(s) 'example_external_task_marker_child', 'example_external_task_marker_parent' retrieved from /home/airflow/.local/lib/python3.12/site-packages/airflow/example_dags/example_external_task_marker_dag.py
[2025-04-02T07:27:42.996+0000] {logging_mixin.py:190} INFO - [2025-04-02T07:27:42.995+0000] {dag.py:3239} INFO - Sync 2 DAGs
[2025-04-02T07:27:43.002+0000] {logging_mixin.py:190} INFO - [2025-04-02T07:27:43.002+0000] {dag.py:4180} INFO - Setting next_dagrun for example_external_task_marker_child to None, run_after=None
[2025-04-02T07:27:43.003+0000] {logging_mixin.py:190} INFO - [2025-04-02T07:27:43.003+0000] {dag.py:4180} INFO - Setting next_dagrun for example_external_task_marker_parent to None, run_after=None
[2025-04-02T07:27:43.009+0000] {processor.py:208} INFO - Processing /home/airflow/.local/lib/python3.12/site-packages/airflow/example_dags/example_external_task_marker_dag.py took 0.032 seconds
[2025-04-02T07:28:13.859+0000] {processor.py:186} INFO - Started process (PID=249) to work on /home/airflow/.local/lib/python3.12/site-packages/airflow/example_dags/example_external_task_marker_dag.py
[2025-04-02T07:28:13.860+0000] {processor.py:914} INFO - Processing file /home/airflow/.local/lib/python3.12/site-packages/airflow/example_dags/example_external_task_marker_dag.py for tasks to queue
[2025-04-02T07:28:13.861+0000] {logging_mixin.py:190} INFO - [2025-04-02T07:28:13.861+0000] {dagbag.py:588} INFO - Filling up the DagBag from /home/airflow/.local/lib/python3.12/site-packages/airflow/example_dags/example_external_task_marker_dag.py
[2025-04-02T07:28:13.865+0000] {processor.py:925} INFO - DAG(s) 'example_external_task_marker_child', 'example_external_task_marker_parent' retrieved from /home/airflow/.local/lib/python3.12/site-packages/airflow/example_dags/example_external_task_marker_dag.py
[2025-04-02T07:28:13.877+0000] {logging_mixin.py:190} INFO - [2025-04-02T07:28:13.876+0000] {dag.py:3239} INFO - Sync 2 DAGs
[2025-04-02T07:28:13.883+0000] {logging_mixin.py:190} INFO - [2025-04-02T07:28:13.883+0000] {dag.py:4180} INFO - Setting next_dagrun for example_external_task_marker_child to None, run_after=None
[2025-04-02T07:28:13.885+0000] {logging_mixin.py:190} INFO - [2025-04-02T07:28:13.885+0000] {dag.py:4180} INFO - Setting next_dagrun for example_external_task_marker_parent to None, run_after=None
[2025-04-02T07:28:13.893+0000] {processor.py:208} INFO - Processing /home/airflow/.local/lib/python3.12/site-packages/airflow/example_dags/example_external_task_marker_dag.py took 0.036 seconds
[2025-04-02T07:28:45.458+0000] {processor.py:186} INFO - Started process (PID=312) to work on /home/airflow/.local/lib/python3.12/site-packages/airflow/example_dags/example_external_task_marker_dag.py
[2025-04-02T07:28:45.459+0000] {processor.py:914} INFO - Processing file /home/airflow/.local/lib/python3.12/site-packages/airflow/example_dags/example_external_task_marker_dag.py for tasks to queue
[2025-04-02T07:28:45.461+0000] {logging_mixin.py:190} INFO - [2025-04-02T07:28:45.461+0000] {dagbag.py:588} INFO - Filling up the DagBag from /home/airflow/.local/lib/python3.12/site-packages/airflow/example_dags/example_external_task_marker_dag.py
[2025-04-02T07:28:45.468+0000] {processor.py:925} INFO - DAG(s) 'example_external_task_marker_child', 'example_external_task_marker_parent' retrieved from /home/airflow/.local/lib/python3.12/site-packages/airflow/example_dags/example_external_task_marker_dag.py
[2025-04-02T07:28:45.479+0000] {logging_mixin.py:190} INFO - [2025-04-02T07:28:45.479+0000] {dag.py:3239} INFO - Sync 2 DAGs
[2025-04-02T07:28:45.486+0000] {logging_mixin.py:190} INFO - [2025-04-02T07:28:45.486+0000] {dag.py:4180} INFO - Setting next_dagrun for example_external_task_marker_child to None, run_after=None
[2025-04-02T07:28:45.487+0000] {logging_mixin.py:190} INFO - [2025-04-02T07:28:45.487+0000] {dag.py:4180} INFO - Setting next_dagrun for example_external_task_marker_parent to None, run_after=None
[2025-04-02T07:28:45.493+0000] {processor.py:208} INFO - Processing /home/airflow/.local/lib/python3.12/site-packages/airflow/example_dags/example_external_task_marker_dag.py took 0.041 seconds
[2025-04-02T07:29:16.306+0000] {processor.py:186} INFO - Started process (PID=375) to work on /home/airflow/.local/lib/python3.12/site-packages/airflow/example_dags/example_external_task_marker_dag.py
[2025-04-02T07:29:16.306+0000] {processor.py:914} INFO - Processing file /home/airflow/.local/lib/python3.12/site-packages/airflow/example_dags/example_external_task_marker_dag.py for tasks to queue
[2025-04-02T07:29:16.307+0000] {logging_mixin.py:190} INFO - [2025-04-02T07:29:16.307+0000] {dagbag.py:588} INFO - Filling up the DagBag from /home/airflow/.local/lib/python3.12/site-packages/airflow/example_dags/example_external_task_marker_dag.py
[2025-04-02T07:29:16.312+0000] {processor.py:925} INFO - DAG(s) 'example_external_task_marker_child', 'example_external_task_marker_parent' retrieved from /home/airflow/.local/lib/python3.12/site-packages/airflow/example_dags/example_external_task_marker_dag.py
[2025-04-02T07:29:16.325+0000] {logging_mixin.py:190} INFO - [2025-04-02T07:29:16.324+0000] {dag.py:3239} INFO - Sync 2 DAGs
[2025-04-02T07:29:16.332+0000] {logging_mixin.py:190} INFO - [2025-04-02T07:29:16.332+0000] {dag.py:4180} INFO - Setting next_dagrun for example_external_task_marker_child to None, run_after=None
[2025-04-02T07:29:16.333+0000] {logging_mixin.py:190} INFO - [2025-04-02T07:29:16.333+0000] {dag.py:4180} INFO - Setting next_dagrun for example_external_task_marker_parent to None, run_after=None
[2025-04-02T07:29:16.341+0000] {processor.py:208} INFO - Processing /home/airflow/.local/lib/python3.12/site-packages/airflow/example_dags/example_external_task_marker_dag.py took 0.038 seconds
[2025-04-02T07:29:47.262+0000] {processor.py:186} INFO - Started process (PID=438) to work on /home/airflow/.local/lib/python3.12/site-packages/airflow/example_dags/example_external_task_marker_dag.py
[2025-04-02T07:29:47.263+0000] {processor.py:914} INFO - Processing file /home/airflow/.local/lib/python3.12/site-packages/airflow/example_dags/example_external_task_marker_dag.py for tasks to queue
[2025-04-02T07:29:47.264+0000] {logging_mixin.py:190} INFO - [2025-04-02T07:29:47.264+0000] {dagbag.py:588} INFO - Filling up the DagBag from /home/airflow/.local/lib/python3.12/site-packages/airflow/example_dags/example_external_task_marker_dag.py
[2025-04-02T07:29:47.274+0000] {processor.py:925} INFO - DAG(s) 'example_external_task_marker_child', 'example_external_task_marker_parent' retrieved from /home/airflow/.local/lib/python3.12/site-packages/airflow/example_dags/example_external_task_marker_dag.py
[2025-04-02T07:29:47.290+0000] {logging_mixin.py:190} INFO - [2025-04-02T07:29:47.290+0000] {dag.py:3239} INFO - Sync 2 DAGs
[2025-04-02T07:29:47.299+0000] {logging_mixin.py:190} INFO - [2025-04-02T07:29:47.299+0000] {dag.py:4180} INFO - Setting next_dagrun for example_external_task_marker_child to None, run_after=None
[2025-04-02T07:29:47.301+0000] {logging_mixin.py:190} INFO - [2025-04-02T07:29:47.301+0000] {dag.py:4180} INFO - Setting next_dagrun for example_external_task_marker_parent to None, run_after=None
[2025-04-02T07:29:47.316+0000] {processor.py:208} INFO - Processing /home/airflow/.local/lib/python3.12/site-packages/airflow/example_dags/example_external_task_marker_dag.py took 0.058 seconds
[2025-04-02T07:30:22.985+0000] {processor.py:186} INFO - Started process (PID=502) to work on /home/airflow/.local/lib/python3.12/site-packages/airflow/example_dags/example_external_task_marker_dag.py
[2025-04-02T07:30:23.005+0000] {processor.py:914} INFO - Processing file /home/airflow/.local/lib/python3.12/site-packages/airflow/example_dags/example_external_task_marker_dag.py for tasks to queue
[2025-04-02T07:30:23.091+0000] {logging_mixin.py:190} INFO - [2025-04-02T07:30:23.081+0000] {dagbag.py:588} INFO - Filling up the DagBag from /home/airflow/.local/lib/python3.12/site-packages/airflow/example_dags/example_external_task_marker_dag.py
[2025-04-02T07:30:23.206+0000] {processor.py:925} INFO - DAG(s) 'example_external_task_marker_parent', 'example_external_task_marker_child' retrieved from /home/airflow/.local/lib/python3.12/site-packages/airflow/example_dags/example_external_task_marker_dag.py
[2025-04-02T07:30:23.398+0000] {logging_mixin.py:190} INFO - [2025-04-02T07:30:23.398+0000] {dag.py:3239} INFO - Sync 2 DAGs
[2025-04-02T07:30:23.546+0000] {logging_mixin.py:190} INFO - [2025-04-02T07:30:23.545+0000] {dag.py:4180} INFO - Setting next_dagrun for example_external_task_marker_child to None, run_after=None
[2025-04-02T07:30:23.583+0000] {logging_mixin.py:190} INFO - [2025-04-02T07:30:23.582+0000] {dag.py:4180} INFO - Setting next_dagrun for example_external_task_marker_parent to None, run_after=None
[2025-04-02T07:30:23.694+0000] {processor.py:208} INFO - Processing /home/airflow/.local/lib/python3.12/site-packages/airflow/example_dags/example_external_task_marker_dag.py took 0.761 seconds
[2025-04-02T07:30:54.652+0000] {processor.py:186} INFO - Started process (PID=565) to work on /home/airflow/.local/lib/python3.12/site-packages/airflow/example_dags/example_external_task_marker_dag.py
[2025-04-02T07:30:54.655+0000] {processor.py:914} INFO - Processing file /home/airflow/.local/lib/python3.12/site-packages/airflow/example_dags/example_external_task_marker_dag.py for tasks to queue
[2025-04-02T07:30:54.666+0000] {logging_mixin.py:190} INFO - [2025-04-02T07:30:54.665+0000] {dagbag.py:588} INFO - Filling up the DagBag from /home/airflow/.local/lib/python3.12/site-packages/airflow/example_dags/example_external_task_marker_dag.py
[2025-04-02T07:30:54.686+0000] {processor.py:925} INFO - DAG(s) 'example_external_task_marker_parent', 'example_external_task_marker_child' retrieved from /home/airflow/.local/lib/python3.12/site-packages/airflow/example_dags/example_external_task_marker_dag.py
[2025-04-02T07:30:54.722+0000] {logging_mixin.py:190} INFO - [2025-04-02T07:30:54.722+0000] {dag.py:3239} INFO - Sync 2 DAGs
[2025-04-02T07:30:54.749+0000] {logging_mixin.py:190} INFO - [2025-04-02T07:30:54.749+0000] {dag.py:4180} INFO - Setting next_dagrun for example_external_task_marker_child to None, run_after=None
[2025-04-02T07:30:54.755+0000] {logging_mixin.py:190} INFO - [2025-04-02T07:30:54.754+0000] {dag.py:4180} INFO - Setting next_dagrun for example_external_task_marker_parent to None, run_after=None
[2025-04-02T07:30:54.785+0000] {processor.py:208} INFO - Processing /home/airflow/.local/lib/python3.12/site-packages/airflow/example_dags/example_external_task_marker_dag.py took 0.143 seconds
[2025-04-02T07:31:25.055+0000] {processor.py:186} INFO - Started process (PID=628) to work on /home/airflow/.local/lib/python3.12/site-packages/airflow/example_dags/example_external_task_marker_dag.py
[2025-04-02T07:31:25.055+0000] {processor.py:914} INFO - Processing file /home/airflow/.local/lib/python3.12/site-packages/airflow/example_dags/example_external_task_marker_dag.py for tasks to queue
[2025-04-02T07:31:25.056+0000] {logging_mixin.py:190} INFO - [2025-04-02T07:31:25.056+0000] {dagbag.py:588} INFO - Filling up the DagBag from /home/airflow/.local/lib/python3.12/site-packages/airflow/example_dags/example_external_task_marker_dag.py
[2025-04-02T07:31:25.060+0000] {processor.py:925} INFO - DAG(s) 'example_external_task_marker_child', 'example_external_task_marker_parent' retrieved from /home/airflow/.local/lib/python3.12/site-packages/airflow/example_dags/example_external_task_marker_dag.py
[2025-04-02T07:31:25.071+0000] {logging_mixin.py:190} INFO - [2025-04-02T07:31:25.070+0000] {dag.py:3239} INFO - Sync 2 DAGs
[2025-04-02T07:31:25.077+0000] {logging_mixin.py:190} INFO - [2025-04-02T07:31:25.077+0000] {dag.py:4180} INFO - Setting next_dagrun for example_external_task_marker_child to None, run_after=None
[2025-04-02T07:31:25.079+0000] {logging_mixin.py:190} INFO - [2025-04-02T07:31:25.079+0000] {dag.py:4180} INFO - Setting next_dagrun for example_external_task_marker_parent to None, run_after=None
[2025-04-02T07:31:25.085+0000] {processor.py:208} INFO - Processing /home/airflow/.local/lib/python3.12/site-packages/airflow/example_dags/example_external_task_marker_dag.py took 0.033 seconds
[2025-04-02T07:31:56.263+0000] {processor.py:186} INFO - Started process (PID=692) to work on /home/airflow/.local/lib/python3.12/site-packages/airflow/example_dags/example_external_task_marker_dag.py
[2025-04-02T07:31:56.266+0000] {processor.py:914} INFO - Processing file /home/airflow/.local/lib/python3.12/site-packages/airflow/example_dags/example_external_task_marker_dag.py for tasks to queue
[2025-04-02T07:31:56.267+0000] {logging_mixin.py:190} INFO - [2025-04-02T07:31:56.267+0000] {dagbag.py:588} INFO - Filling up the DagBag from /home/airflow/.local/lib/python3.12/site-packages/airflow/example_dags/example_external_task_marker_dag.py
[2025-04-02T07:31:56.271+0000] {processor.py:925} INFO - DAG(s) 'example_external_task_marker_child', 'example_external_task_marker_parent' retrieved from /home/airflow/.local/lib/python3.12/site-packages/airflow/example_dags/example_external_task_marker_dag.py
[2025-04-02T07:31:56.281+0000] {logging_mixin.py:190} INFO - [2025-04-02T07:31:56.281+0000] {dag.py:3239} INFO - Sync 2 DAGs
[2025-04-02T07:31:56.290+0000] {logging_mixin.py:190} INFO - [2025-04-02T07:31:56.290+0000] {dag.py:4180} INFO - Setting next_dagrun for example_external_task_marker_child to None, run_after=None
[2025-04-02T07:31:56.293+0000] {logging_mixin.py:190} INFO - [2025-04-02T07:31:56.293+0000] {dag.py:4180} INFO - Setting next_dagrun for example_external_task_marker_parent to None, run_after=None
[2025-04-02T07:31:56.306+0000] {processor.py:208} INFO - Processing /home/airflow/.local/lib/python3.12/site-packages/airflow/example_dags/example_external_task_marker_dag.py took 0.046 seconds
[2025-04-02T07:32:27.289+0000] {processor.py:186} INFO - Started process (PID=756) to work on /home/airflow/.local/lib/python3.12/site-packages/airflow/example_dags/example_external_task_marker_dag.py
[2025-04-02T07:32:27.292+0000] {processor.py:914} INFO - Processing file /home/airflow/.local/lib/python3.12/site-packages/airflow/example_dags/example_external_task_marker_dag.py for tasks to queue
[2025-04-02T07:32:27.293+0000] {logging_mixin.py:190} INFO - [2025-04-02T07:32:27.293+0000] {dagbag.py:588} INFO - Filling up the DagBag from /home/airflow/.local/lib/python3.12/site-packages/airflow/example_dags/example_external_task_marker_dag.py
[2025-04-02T07:32:27.297+0000] {processor.py:925} INFO - DAG(s) 'example_external_task_marker_parent', 'example_external_task_marker_child' retrieved from /home/airflow/.local/lib/python3.12/site-packages/airflow/example_dags/example_external_task_marker_dag.py
[2025-04-02T07:32:27.307+0000] {logging_mixin.py:190} INFO - [2025-04-02T07:32:27.307+0000] {dag.py:3239} INFO - Sync 2 DAGs
[2025-04-02T07:32:27.316+0000] {logging_mixin.py:190} INFO - [2025-04-02T07:32:27.316+0000] {dag.py:4180} INFO - Setting next_dagrun for example_external_task_marker_child to None, run_after=None
[2025-04-02T07:32:27.319+0000] {logging_mixin.py:190} INFO - [2025-04-02T07:32:27.319+0000] {dag.py:4180} INFO - Setting next_dagrun for example_external_task_marker_parent to None, run_after=None
[2025-04-02T07:32:27.331+0000] {processor.py:208} INFO - Processing /home/airflow/.local/lib/python3.12/site-packages/airflow/example_dags/example_external_task_marker_dag.py took 0.045 seconds
