[2025-04-02T07:25:57.021+0000] {processor.py:186} INFO - Started process (PID=90) to work on /home/airflow/.local/lib/python3.12/site-packages/airflow/example_dags/example_sla_dag.py
[2025-04-02T07:25:57.021+0000] {processor.py:914} INFO - Processing file /home/airflow/.local/lib/python3.12/site-packages/airflow/example_dags/example_sla_dag.py for tasks to queue
[2025-04-02T07:25:57.023+0000] {logging_mixin.py:190} INFO - [2025-04-02T07:25:57.022+0000] {dagbag.py:588} INFO - Filling up the DagBag from /home/airflow/.local/lib/python3.12/site-packages/airflow/example_dags/example_sla_dag.py
[2025-04-02T07:25:57.029+0000] {processor.py:925} INFO - DAG(s) 'example_sla_dag' retrieved from /home/airflow/.local/lib/python3.12/site-packages/airflow/example_dags/example_sla_dag.py
[2025-04-02T07:25:57.077+0000] {logging_mixin.py:190} INFO - [2025-04-02T07:25:57.077+0000] {override.py:1912} INFO - Created Permission View: can delete on DAG:example_sla_dag
[2025-04-02T07:25:57.081+0000] {logging_mixin.py:190} INFO - [2025-04-02T07:25:57.081+0000] {override.py:1912} INFO - Created Permission View: can read on DAG:example_sla_dag
[2025-04-02T07:25:57.083+0000] {logging_mixin.py:190} INFO - [2025-04-02T07:25:57.083+0000] {override.py:1912} INFO - Created Permission View: can edit on DAG:example_sla_dag
[2025-04-02T07:25:57.085+0000] {logging_mixin.py:190} INFO - [2025-04-02T07:25:57.085+0000] {override.py:1912} INFO - Created Permission View: can delete on DAG Run:example_sla_dag
[2025-04-02T07:25:57.087+0000] {logging_mixin.py:190} INFO - [2025-04-02T07:25:57.087+0000] {override.py:1912} INFO - Created Permission View: can read on DAG Run:example_sla_dag
[2025-04-02T07:25:57.089+0000] {logging_mixin.py:190} INFO - [2025-04-02T07:25:57.089+0000] {override.py:1912} INFO - Created Permission View: can create on DAG Run:example_sla_dag
[2025-04-02T07:25:57.091+0000] {logging_mixin.py:190} INFO - [2025-04-02T07:25:57.091+0000] {override.py:1912} INFO - Created Permission View: menu access on DAG Run:example_sla_dag
[2025-04-02T07:25:57.091+0000] {logging_mixin.py:190} INFO - [2025-04-02T07:25:57.091+0000] {dag.py:3239} INFO - Sync 1 DAGs
[2025-04-02T07:25:57.097+0000] {logging_mixin.py:190} INFO - [2025-04-02T07:25:57.097+0000] {dag.py:3262} INFO - Creating ORM DAG for example_sla_dag
[2025-04-02T07:25:57.103+0000] {logging_mixin.py:190} INFO - [2025-04-02T07:25:57.102+0000] {dag.py:4180} INFO - Setting next_dagrun for example_sla_dag to 2025-04-02 07:22:00+00:00, run_after=2025-04-02 07:24:00+00:00
[2025-04-02T07:25:57.109+0000] {processor.py:208} INFO - Processing /home/airflow/.local/lib/python3.12/site-packages/airflow/example_dags/example_sla_dag.py took 0.092 seconds
[2025-04-02T07:26:43.178+0000] {processor.py:186} INFO - Started process (PID=82) to work on /home/airflow/.local/lib/python3.12/site-packages/airflow/example_dags/example_sla_dag.py
[2025-04-02T07:26:43.179+0000] {processor.py:914} INFO - Processing file /home/airflow/.local/lib/python3.12/site-packages/airflow/example_dags/example_sla_dag.py for tasks to queue
[2025-04-02T07:26:43.180+0000] {logging_mixin.py:190} INFO - [2025-04-02T07:26:43.180+0000] {dagbag.py:588} INFO - Filling up the DagBag from /home/airflow/.local/lib/python3.12/site-packages/airflow/example_dags/example_sla_dag.py
[2025-04-02T07:26:43.185+0000] {processor.py:925} INFO - DAG(s) 'example_sla_dag' retrieved from /home/airflow/.local/lib/python3.12/site-packages/airflow/example_dags/example_sla_dag.py
[2025-04-02T07:26:43.196+0000] {logging_mixin.py:190} INFO - [2025-04-02T07:26:43.195+0000] {dag.py:3239} INFO - Sync 1 DAGs
[2025-04-02T07:26:43.211+0000] {logging_mixin.py:190} INFO - [2025-04-02T07:26:43.211+0000] {dag.py:4180} INFO - Setting next_dagrun for example_sla_dag to 2025-04-02 07:24:00+00:00, run_after=2025-04-02 07:26:00+00:00
[2025-04-02T07:26:43.220+0000] {processor.py:208} INFO - Processing /home/airflow/.local/lib/python3.12/site-packages/airflow/example_dags/example_sla_dag.py took 0.044 seconds
[2025-04-02T07:27:14.019+0000] {processor.py:186} INFO - Started process (PID=145) to work on /home/airflow/.local/lib/python3.12/site-packages/airflow/example_dags/example_sla_dag.py
[2025-04-02T07:27:14.020+0000] {processor.py:914} INFO - Processing file /home/airflow/.local/lib/python3.12/site-packages/airflow/example_dags/example_sla_dag.py for tasks to queue
[2025-04-02T07:27:14.021+0000] {logging_mixin.py:190} INFO - [2025-04-02T07:27:14.020+0000] {dagbag.py:588} INFO - Filling up the DagBag from /home/airflow/.local/lib/python3.12/site-packages/airflow/example_dags/example_sla_dag.py
[2025-04-02T07:27:14.025+0000] {processor.py:925} INFO - DAG(s) 'example_sla_dag' retrieved from /home/airflow/.local/lib/python3.12/site-packages/airflow/example_dags/example_sla_dag.py
[2025-04-02T07:27:14.034+0000] {logging_mixin.py:190} INFO - [2025-04-02T07:27:14.034+0000] {dag.py:3239} INFO - Sync 1 DAGs
[2025-04-02T07:27:14.044+0000] {logging_mixin.py:190} INFO - [2025-04-02T07:27:14.044+0000] {dag.py:4180} INFO - Setting next_dagrun for example_sla_dag to 2025-04-02 07:24:00+00:00, run_after=2025-04-02 07:26:00+00:00
[2025-04-02T07:27:14.050+0000] {processor.py:208} INFO - Processing /home/airflow/.local/lib/python3.12/site-packages/airflow/example_dags/example_sla_dag.py took 0.033 seconds
[2025-04-02T07:27:44.780+0000] {processor.py:186} INFO - Started process (PID=208) to work on /home/airflow/.local/lib/python3.12/site-packages/airflow/example_dags/example_sla_dag.py
[2025-04-02T07:27:44.780+0000] {processor.py:914} INFO - Processing file /home/airflow/.local/lib/python3.12/site-packages/airflow/example_dags/example_sla_dag.py for tasks to queue
[2025-04-02T07:27:44.782+0000] {logging_mixin.py:190} INFO - [2025-04-02T07:27:44.781+0000] {dagbag.py:588} INFO - Filling up the DagBag from /home/airflow/.local/lib/python3.12/site-packages/airflow/example_dags/example_sla_dag.py
[2025-04-02T07:27:44.787+0000] {processor.py:925} INFO - DAG(s) 'example_sla_dag' retrieved from /home/airflow/.local/lib/python3.12/site-packages/airflow/example_dags/example_sla_dag.py
[2025-04-02T07:27:44.798+0000] {logging_mixin.py:190} INFO - [2025-04-02T07:27:44.798+0000] {dag.py:3239} INFO - Sync 1 DAGs
[2025-04-02T07:27:44.809+0000] {logging_mixin.py:190} INFO - [2025-04-02T07:27:44.808+0000] {dag.py:4180} INFO - Setting next_dagrun for example_sla_dag to 2025-04-02 07:24:00+00:00, run_after=2025-04-02 07:26:00+00:00
[2025-04-02T07:27:44.816+0000] {processor.py:208} INFO - Processing /home/airflow/.local/lib/python3.12/site-packages/airflow/example_dags/example_sla_dag.py took 0.039 seconds
[2025-04-02T07:28:15.601+0000] {processor.py:186} INFO - Started process (PID=270) to work on /home/airflow/.local/lib/python3.12/site-packages/airflow/example_dags/example_sla_dag.py
[2025-04-02T07:28:15.601+0000] {processor.py:914} INFO - Processing file /home/airflow/.local/lib/python3.12/site-packages/airflow/example_dags/example_sla_dag.py for tasks to queue
[2025-04-02T07:28:15.602+0000] {logging_mixin.py:190} INFO - [2025-04-02T07:28:15.602+0000] {dagbag.py:588} INFO - Filling up the DagBag from /home/airflow/.local/lib/python3.12/site-packages/airflow/example_dags/example_sla_dag.py
[2025-04-02T07:28:15.608+0000] {processor.py:925} INFO - DAG(s) 'example_sla_dag' retrieved from /home/airflow/.local/lib/python3.12/site-packages/airflow/example_dags/example_sla_dag.py
[2025-04-02T07:28:15.617+0000] {logging_mixin.py:190} INFO - [2025-04-02T07:28:15.617+0000] {dag.py:3239} INFO - Sync 1 DAGs
[2025-04-02T07:28:15.629+0000] {logging_mixin.py:190} INFO - [2025-04-02T07:28:15.629+0000] {dag.py:4180} INFO - Setting next_dagrun for example_sla_dag to 2025-04-02 07:26:00+00:00, run_after=2025-04-02 07:28:00+00:00
[2025-04-02T07:28:15.636+0000] {processor.py:208} INFO - Processing /home/airflow/.local/lib/python3.12/site-packages/airflow/example_dags/example_sla_dag.py took 0.039 seconds
[2025-04-02T07:28:46.107+0000] {processor.py:186} INFO - Started process (PID=333) to work on /home/airflow/.local/lib/python3.12/site-packages/airflow/example_dags/example_sla_dag.py
[2025-04-02T07:28:46.107+0000] {processor.py:914} INFO - Processing file /home/airflow/.local/lib/python3.12/site-packages/airflow/example_dags/example_sla_dag.py for tasks to queue
[2025-04-02T07:28:46.109+0000] {logging_mixin.py:190} INFO - [2025-04-02T07:28:46.109+0000] {dagbag.py:588} INFO - Filling up the DagBag from /home/airflow/.local/lib/python3.12/site-packages/airflow/example_dags/example_sla_dag.py
[2025-04-02T07:28:46.118+0000] {processor.py:925} INFO - DAG(s) 'example_sla_dag' retrieved from /home/airflow/.local/lib/python3.12/site-packages/airflow/example_dags/example_sla_dag.py
[2025-04-02T07:28:46.128+0000] {logging_mixin.py:190} INFO - [2025-04-02T07:28:46.128+0000] {dag.py:3239} INFO - Sync 1 DAGs
[2025-04-02T07:28:46.139+0000] {logging_mixin.py:190} INFO - [2025-04-02T07:28:46.139+0000] {dag.py:4180} INFO - Setting next_dagrun for example_sla_dag to 2025-04-02 07:26:00+00:00, run_after=2025-04-02 07:28:00+00:00
[2025-04-02T07:28:46.147+0000] {processor.py:208} INFO - Processing /home/airflow/.local/lib/python3.12/site-packages/airflow/example_dags/example_sla_dag.py took 0.052 seconds
[2025-04-02T07:29:17.076+0000] {processor.py:186} INFO - Started process (PID=396) to work on /home/airflow/.local/lib/python3.12/site-packages/airflow/example_dags/example_sla_dag.py
[2025-04-02T07:29:17.077+0000] {processor.py:914} INFO - Processing file /home/airflow/.local/lib/python3.12/site-packages/airflow/example_dags/example_sla_dag.py for tasks to queue
[2025-04-02T07:29:17.079+0000] {logging_mixin.py:190} INFO - [2025-04-02T07:29:17.078+0000] {dagbag.py:588} INFO - Filling up the DagBag from /home/airflow/.local/lib/python3.12/site-packages/airflow/example_dags/example_sla_dag.py
[2025-04-02T07:29:17.086+0000] {processor.py:925} INFO - DAG(s) 'example_sla_dag' retrieved from /home/airflow/.local/lib/python3.12/site-packages/airflow/example_dags/example_sla_dag.py
[2025-04-02T07:29:17.095+0000] {logging_mixin.py:190} INFO - [2025-04-02T07:29:17.095+0000] {dag.py:3239} INFO - Sync 1 DAGs
[2025-04-02T07:29:17.106+0000] {logging_mixin.py:190} INFO - [2025-04-02T07:29:17.106+0000] {dag.py:4180} INFO - Setting next_dagrun for example_sla_dag to 2025-04-02 07:26:00+00:00, run_after=2025-04-02 07:28:00+00:00
[2025-04-02T07:29:17.115+0000] {processor.py:208} INFO - Processing /home/airflow/.local/lib/python3.12/site-packages/airflow/example_dags/example_sla_dag.py took 0.042 seconds
[2025-04-02T07:29:48.120+0000] {processor.py:186} INFO - Started process (PID=459) to work on /home/airflow/.local/lib/python3.12/site-packages/airflow/example_dags/example_sla_dag.py
[2025-04-02T07:29:48.121+0000] {processor.py:914} INFO - Processing file /home/airflow/.local/lib/python3.12/site-packages/airflow/example_dags/example_sla_dag.py for tasks to queue
[2025-04-02T07:29:48.122+0000] {logging_mixin.py:190} INFO - [2025-04-02T07:29:48.122+0000] {dagbag.py:588} INFO - Filling up the DagBag from /home/airflow/.local/lib/python3.12/site-packages/airflow/example_dags/example_sla_dag.py
[2025-04-02T07:29:48.129+0000] {processor.py:925} INFO - DAG(s) 'example_sla_dag' retrieved from /home/airflow/.local/lib/python3.12/site-packages/airflow/example_dags/example_sla_dag.py
[2025-04-02T07:29:48.144+0000] {logging_mixin.py:190} INFO - [2025-04-02T07:29:48.143+0000] {dag.py:3239} INFO - Sync 1 DAGs
[2025-04-02T07:29:48.163+0000] {logging_mixin.py:190} INFO - [2025-04-02T07:29:48.162+0000] {dag.py:4180} INFO - Setting next_dagrun for example_sla_dag to 2025-04-02 07:26:00+00:00, run_after=2025-04-02 07:28:00+00:00
[2025-04-02T07:29:48.225+0000] {processor.py:208} INFO - Processing /home/airflow/.local/lib/python3.12/site-packages/airflow/example_dags/example_sla_dag.py took 0.108 seconds
[2025-04-02T07:30:27.453+0000] {processor.py:186} INFO - Started process (PID=523) to work on /home/airflow/.local/lib/python3.12/site-packages/airflow/example_dags/example_sla_dag.py
[2025-04-02T07:30:27.461+0000] {processor.py:914} INFO - Processing file /home/airflow/.local/lib/python3.12/site-packages/airflow/example_dags/example_sla_dag.py for tasks to queue
[2025-04-02T07:30:27.467+0000] {logging_mixin.py:190} INFO - [2025-04-02T07:30:27.465+0000] {dagbag.py:588} INFO - Filling up the DagBag from /home/airflow/.local/lib/python3.12/site-packages/airflow/example_dags/example_sla_dag.py
[2025-04-02T07:30:27.509+0000] {processor.py:925} INFO - DAG(s) 'example_sla_dag' retrieved from /home/airflow/.local/lib/python3.12/site-packages/airflow/example_dags/example_sla_dag.py
[2025-04-02T07:30:27.591+0000] {logging_mixin.py:190} INFO - [2025-04-02T07:30:27.591+0000] {dag.py:3239} INFO - Sync 1 DAGs
[2025-04-02T07:30:27.637+0000] {logging_mixin.py:190} INFO - [2025-04-02T07:30:27.636+0000] {dag.py:4180} INFO - Setting next_dagrun for example_sla_dag to 2025-04-02 07:28:00+00:00, run_after=2025-04-02 07:30:00+00:00
[2025-04-02T07:30:27.680+0000] {processor.py:208} INFO - Processing /home/airflow/.local/lib/python3.12/site-packages/airflow/example_dags/example_sla_dag.py took 0.253 seconds
[2025-04-02T07:30:58.560+0000] {processor.py:186} INFO - Started process (PID=586) to work on /home/airflow/.local/lib/python3.12/site-packages/airflow/example_dags/example_sla_dag.py
[2025-04-02T07:30:58.567+0000] {processor.py:914} INFO - Processing file /home/airflow/.local/lib/python3.12/site-packages/airflow/example_dags/example_sla_dag.py for tasks to queue
[2025-04-02T07:30:58.582+0000] {logging_mixin.py:190} INFO - [2025-04-02T07:30:58.580+0000] {dagbag.py:588} INFO - Filling up the DagBag from /home/airflow/.local/lib/python3.12/site-packages/airflow/example_dags/example_sla_dag.py
[2025-04-02T07:30:58.612+0000] {processor.py:925} INFO - DAG(s) 'example_sla_dag' retrieved from /home/airflow/.local/lib/python3.12/site-packages/airflow/example_dags/example_sla_dag.py
[2025-04-02T07:30:58.724+0000] {logging_mixin.py:190} INFO - [2025-04-02T07:30:58.723+0000] {dag.py:3239} INFO - Sync 1 DAGs
[2025-04-02T07:30:58.815+0000] {logging_mixin.py:190} INFO - [2025-04-02T07:30:58.810+0000] {dag.py:4180} INFO - Setting next_dagrun for example_sla_dag to 2025-04-02 07:28:00+00:00, run_after=2025-04-02 07:30:00+00:00
[2025-04-02T07:30:58.908+0000] {processor.py:208} INFO - Processing /home/airflow/.local/lib/python3.12/site-packages/airflow/example_dags/example_sla_dag.py took 0.376 seconds
[2025-04-02T07:31:29.676+0000] {processor.py:186} INFO - Started process (PID=649) to work on /home/airflow/.local/lib/python3.12/site-packages/airflow/example_dags/example_sla_dag.py
[2025-04-02T07:31:29.677+0000] {processor.py:914} INFO - Processing file /home/airflow/.local/lib/python3.12/site-packages/airflow/example_dags/example_sla_dag.py for tasks to queue
[2025-04-02T07:31:29.679+0000] {logging_mixin.py:190} INFO - [2025-04-02T07:31:29.679+0000] {dagbag.py:588} INFO - Filling up the DagBag from /home/airflow/.local/lib/python3.12/site-packages/airflow/example_dags/example_sla_dag.py
[2025-04-02T07:31:29.688+0000] {processor.py:925} INFO - DAG(s) 'example_sla_dag' retrieved from /home/airflow/.local/lib/python3.12/site-packages/airflow/example_dags/example_sla_dag.py
[2025-04-02T07:31:29.702+0000] {logging_mixin.py:190} INFO - [2025-04-02T07:31:29.702+0000] {dag.py:3239} INFO - Sync 1 DAGs
[2025-04-02T07:31:29.716+0000] {logging_mixin.py:190} INFO - [2025-04-02T07:31:29.716+0000] {dag.py:4180} INFO - Setting next_dagrun for example_sla_dag to 2025-04-02 07:28:00+00:00, run_after=2025-04-02 07:30:00+00:00
[2025-04-02T07:31:29.726+0000] {processor.py:208} INFO - Processing /home/airflow/.local/lib/python3.12/site-packages/airflow/example_dags/example_sla_dag.py took 0.055 seconds
[2025-04-02T07:31:59.925+0000] {processor.py:186} INFO - Started process (PID=713) to work on /home/airflow/.local/lib/python3.12/site-packages/airflow/example_dags/example_sla_dag.py
[2025-04-02T07:31:59.932+0000] {processor.py:914} INFO - Processing file /home/airflow/.local/lib/python3.12/site-packages/airflow/example_dags/example_sla_dag.py for tasks to queue
[2025-04-02T07:31:59.933+0000] {logging_mixin.py:190} INFO - [2025-04-02T07:31:59.933+0000] {dagbag.py:588} INFO - Filling up the DagBag from /home/airflow/.local/lib/python3.12/site-packages/airflow/example_dags/example_sla_dag.py
[2025-04-02T07:31:59.941+0000] {processor.py:925} INFO - DAG(s) 'example_sla_dag' retrieved from /home/airflow/.local/lib/python3.12/site-packages/airflow/example_dags/example_sla_dag.py
[2025-04-02T07:31:59.958+0000] {logging_mixin.py:190} INFO - [2025-04-02T07:31:59.958+0000] {dag.py:3239} INFO - Sync 1 DAGs
[2025-04-02T07:31:59.970+0000] {logging_mixin.py:190} INFO - [2025-04-02T07:31:59.970+0000] {dag.py:4180} INFO - Setting next_dagrun for example_sla_dag to 2025-04-02 07:28:00+00:00, run_after=2025-04-02 07:30:00+00:00
[2025-04-02T07:31:59.981+0000] {processor.py:208} INFO - Processing /home/airflow/.local/lib/python3.12/site-packages/airflow/example_dags/example_sla_dag.py took 0.061 seconds
[2025-04-02T07:32:30.981+0000] {processor.py:186} INFO - Started process (PID=777) to work on /home/airflow/.local/lib/python3.12/site-packages/airflow/example_dags/example_sla_dag.py
[2025-04-02T07:32:30.983+0000] {processor.py:914} INFO - Processing file /home/airflow/.local/lib/python3.12/site-packages/airflow/example_dags/example_sla_dag.py for tasks to queue
[2025-04-02T07:32:30.988+0000] {logging_mixin.py:190} INFO - [2025-04-02T07:32:30.987+0000] {dagbag.py:588} INFO - Filling up the DagBag from /home/airflow/.local/lib/python3.12/site-packages/airflow/example_dags/example_sla_dag.py
[2025-04-02T07:32:31.014+0000] {processor.py:925} INFO - DAG(s) 'example_sla_dag' retrieved from /home/airflow/.local/lib/python3.12/site-packages/airflow/example_dags/example_sla_dag.py
[2025-04-02T07:32:31.046+0000] {logging_mixin.py:190} INFO - [2025-04-02T07:32:31.045+0000] {dag.py:3239} INFO - Sync 1 DAGs
[2025-04-02T07:32:31.083+0000] {logging_mixin.py:190} INFO - [2025-04-02T07:32:31.083+0000] {dag.py:4180} INFO - Setting next_dagrun for example_sla_dag to 2025-04-02 07:30:00+00:00, run_after=2025-04-02 07:32:00+00:00
[2025-04-02T07:32:31.106+0000] {processor.py:208} INFO - Processing /home/airflow/.local/lib/python3.12/site-packages/airflow/example_dags/example_sla_dag.py took 0.141 seconds
