[2025-04-02T07:25:57.324+0000] {processor.py:186} INFO - Started process (PID=95) to work on /home/airflow/.local/lib/python3.12/site-packages/airflow/example_dags/example_xcom.py
[2025-04-02T07:25:57.326+0000] {processor.py:914} INFO - Processing file /home/airflow/.local/lib/python3.12/site-packages/airflow/example_dags/example_xcom.py for tasks to queue
[2025-04-02T07:25:57.328+0000] {logging_mixin.py:190} INFO - [2025-04-02T07:25:57.328+0000] {dagbag.py:588} INFO - Filling up the DagBag from /home/airflow/.local/lib/python3.12/site-packages/airflow/example_dags/example_xcom.py
[2025-04-02T07:25:57.335+0000] {processor.py:925} INFO - DAG(s) 'example_xcom' retrieved from /home/airflow/.local/lib/python3.12/site-packages/airflow/example_dags/example_xcom.py
[2025-04-02T07:25:57.383+0000] {logging_mixin.py:190} INFO - [2025-04-02T07:25:57.383+0000] {override.py:1912} INFO - Created Permission View: can delete on DAG:example_xcom
[2025-04-02T07:25:57.387+0000] {logging_mixin.py:190} INFO - [2025-04-02T07:25:57.387+0000] {override.py:1912} INFO - Created Permission View: can read on DAG:example_xcom
[2025-04-02T07:25:57.390+0000] {logging_mixin.py:190} INFO - [2025-04-02T07:25:57.390+0000] {override.py:1912} INFO - Created Permission View: can edit on DAG:example_xcom
[2025-04-02T07:25:57.393+0000] {logging_mixin.py:190} INFO - [2025-04-02T07:25:57.392+0000] {override.py:1912} INFO - Created Permission View: can delete on DAG Run:example_xcom
[2025-04-02T07:25:57.395+0000] {logging_mixin.py:190} INFO - [2025-04-02T07:25:57.395+0000] {override.py:1912} INFO - Created Permission View: can read on DAG Run:example_xcom
[2025-04-02T07:25:57.398+0000] {logging_mixin.py:190} INFO - [2025-04-02T07:25:57.398+0000] {override.py:1912} INFO - Created Permission View: can create on DAG Run:example_xcom
[2025-04-02T07:25:57.400+0000] {logging_mixin.py:190} INFO - [2025-04-02T07:25:57.400+0000] {override.py:1912} INFO - Created Permission View: menu access on DAG Run:example_xcom
[2025-04-02T07:25:57.400+0000] {logging_mixin.py:190} INFO - [2025-04-02T07:25:57.400+0000] {dag.py:3239} INFO - Sync 1 DAGs
[2025-04-02T07:25:57.405+0000] {logging_mixin.py:190} INFO - [2025-04-02T07:25:57.405+0000] {dag.py:3262} INFO - Creating ORM DAG for example_xcom
[2025-04-02T07:25:57.409+0000] {logging_mixin.py:190} INFO - [2025-04-02T07:25:57.409+0000] {dag.py:4180} INFO - Setting next_dagrun for example_xcom to 2021-01-01 00:00:00+00:00, run_after=2021-01-01 00:00:00+00:00
[2025-04-02T07:25:57.414+0000] {processor.py:208} INFO - Processing /home/airflow/.local/lib/python3.12/site-packages/airflow/example_dags/example_xcom.py took 0.095 seconds
[2025-04-02T07:26:43.374+0000] {processor.py:186} INFO - Started process (PID=87) to work on /home/airflow/.local/lib/python3.12/site-packages/airflow/example_dags/example_xcom.py
[2025-04-02T07:26:43.375+0000] {processor.py:914} INFO - Processing file /home/airflow/.local/lib/python3.12/site-packages/airflow/example_dags/example_xcom.py for tasks to queue
[2025-04-02T07:26:43.376+0000] {logging_mixin.py:190} INFO - [2025-04-02T07:26:43.376+0000] {dagbag.py:588} INFO - Filling up the DagBag from /home/airflow/.local/lib/python3.12/site-packages/airflow/example_dags/example_xcom.py
[2025-04-02T07:26:43.386+0000] {processor.py:925} INFO - DAG(s) 'example_xcom' retrieved from /home/airflow/.local/lib/python3.12/site-packages/airflow/example_dags/example_xcom.py
[2025-04-02T07:26:43.400+0000] {logging_mixin.py:190} INFO - [2025-04-02T07:26:43.399+0000] {dag.py:3239} INFO - Sync 1 DAGs
[2025-04-02T07:26:43.413+0000] {logging_mixin.py:190} INFO - [2025-04-02T07:26:43.413+0000] {dag.py:4180} INFO - Setting next_dagrun for example_xcom to 2021-01-01 00:00:00+00:00, run_after=2021-01-01 00:00:00+00:00
[2025-04-02T07:26:43.426+0000] {processor.py:208} INFO - Processing /home/airflow/.local/lib/python3.12/site-packages/airflow/example_dags/example_xcom.py took 0.055 seconds
[2025-04-02T07:27:14.134+0000] {processor.py:186} INFO - Started process (PID=150) to work on /home/airflow/.local/lib/python3.12/site-packages/airflow/example_dags/example_xcom.py
[2025-04-02T07:27:14.135+0000] {processor.py:914} INFO - Processing file /home/airflow/.local/lib/python3.12/site-packages/airflow/example_dags/example_xcom.py for tasks to queue
[2025-04-02T07:27:14.139+0000] {logging_mixin.py:190} INFO - [2025-04-02T07:27:14.139+0000] {dagbag.py:588} INFO - Filling up the DagBag from /home/airflow/.local/lib/python3.12/site-packages/airflow/example_dags/example_xcom.py
[2025-04-02T07:27:14.143+0000] {processor.py:925} INFO - DAG(s) 'example_xcom' retrieved from /home/airflow/.local/lib/python3.12/site-packages/airflow/example_dags/example_xcom.py
[2025-04-02T07:27:14.152+0000] {logging_mixin.py:190} INFO - [2025-04-02T07:27:14.152+0000] {dag.py:3239} INFO - Sync 1 DAGs
[2025-04-02T07:27:14.161+0000] {logging_mixin.py:190} INFO - [2025-04-02T07:27:14.161+0000] {dag.py:4180} INFO - Setting next_dagrun for example_xcom to 2021-01-01 00:00:00+00:00, run_after=2021-01-01 00:00:00+00:00
[2025-04-02T07:27:14.171+0000] {processor.py:208} INFO - Processing /home/airflow/.local/lib/python3.12/site-packages/airflow/example_dags/example_xcom.py took 0.039 seconds
[2025-04-02T07:27:44.950+0000] {processor.py:186} INFO - Started process (PID=213) to work on /home/airflow/.local/lib/python3.12/site-packages/airflow/example_dags/example_xcom.py
[2025-04-02T07:27:44.951+0000] {processor.py:914} INFO - Processing file /home/airflow/.local/lib/python3.12/site-packages/airflow/example_dags/example_xcom.py for tasks to queue
[2025-04-02T07:27:44.952+0000] {logging_mixin.py:190} INFO - [2025-04-02T07:27:44.952+0000] {dagbag.py:588} INFO - Filling up the DagBag from /home/airflow/.local/lib/python3.12/site-packages/airflow/example_dags/example_xcom.py
[2025-04-02T07:27:44.960+0000] {processor.py:925} INFO - DAG(s) 'example_xcom' retrieved from /home/airflow/.local/lib/python3.12/site-packages/airflow/example_dags/example_xcom.py
[2025-04-02T07:27:44.973+0000] {logging_mixin.py:190} INFO - [2025-04-02T07:27:44.972+0000] {dag.py:3239} INFO - Sync 1 DAGs
[2025-04-02T07:27:44.994+0000] {logging_mixin.py:190} INFO - [2025-04-02T07:27:44.994+0000] {dag.py:4180} INFO - Setting next_dagrun for example_xcom to 2021-01-01 00:00:00+00:00, run_after=2021-01-01 00:00:00+00:00
[2025-04-02T07:27:45.004+0000] {processor.py:208} INFO - Processing /home/airflow/.local/lib/python3.12/site-packages/airflow/example_dags/example_xcom.py took 0.057 seconds
[2025-04-02T07:28:15.725+0000] {processor.py:186} INFO - Started process (PID=275) to work on /home/airflow/.local/lib/python3.12/site-packages/airflow/example_dags/example_xcom.py
[2025-04-02T07:28:15.725+0000] {processor.py:914} INFO - Processing file /home/airflow/.local/lib/python3.12/site-packages/airflow/example_dags/example_xcom.py for tasks to queue
[2025-04-02T07:28:15.726+0000] {logging_mixin.py:190} INFO - [2025-04-02T07:28:15.726+0000] {dagbag.py:588} INFO - Filling up the DagBag from /home/airflow/.local/lib/python3.12/site-packages/airflow/example_dags/example_xcom.py
[2025-04-02T07:28:15.731+0000] {processor.py:925} INFO - DAG(s) 'example_xcom' retrieved from /home/airflow/.local/lib/python3.12/site-packages/airflow/example_dags/example_xcom.py
[2025-04-02T07:28:15.740+0000] {logging_mixin.py:190} INFO - [2025-04-02T07:28:15.740+0000] {dag.py:3239} INFO - Sync 1 DAGs
[2025-04-02T07:28:15.749+0000] {logging_mixin.py:190} INFO - [2025-04-02T07:28:15.749+0000] {dag.py:4180} INFO - Setting next_dagrun for example_xcom to 2021-01-01 00:00:00+00:00, run_after=2021-01-01 00:00:00+00:00
[2025-04-02T07:28:15.760+0000] {processor.py:208} INFO - Processing /home/airflow/.local/lib/python3.12/site-packages/airflow/example_dags/example_xcom.py took 0.038 seconds
[2025-04-02T07:28:46.268+0000] {processor.py:186} INFO - Started process (PID=338) to work on /home/airflow/.local/lib/python3.12/site-packages/airflow/example_dags/example_xcom.py
[2025-04-02T07:28:46.269+0000] {processor.py:914} INFO - Processing file /home/airflow/.local/lib/python3.12/site-packages/airflow/example_dags/example_xcom.py for tasks to queue
[2025-04-02T07:28:46.270+0000] {logging_mixin.py:190} INFO - [2025-04-02T07:28:46.270+0000] {dagbag.py:588} INFO - Filling up the DagBag from /home/airflow/.local/lib/python3.12/site-packages/airflow/example_dags/example_xcom.py
[2025-04-02T07:28:46.277+0000] {processor.py:925} INFO - DAG(s) 'example_xcom' retrieved from /home/airflow/.local/lib/python3.12/site-packages/airflow/example_dags/example_xcom.py
[2025-04-02T07:28:46.286+0000] {logging_mixin.py:190} INFO - [2025-04-02T07:28:46.286+0000] {dag.py:3239} INFO - Sync 1 DAGs
[2025-04-02T07:28:46.296+0000] {logging_mixin.py:190} INFO - [2025-04-02T07:28:46.296+0000] {dag.py:4180} INFO - Setting next_dagrun for example_xcom to 2021-01-01 00:00:00+00:00, run_after=2021-01-01 00:00:00+00:00
[2025-04-02T07:28:46.303+0000] {processor.py:208} INFO - Processing /home/airflow/.local/lib/python3.12/site-packages/airflow/example_dags/example_xcom.py took 0.039 seconds
[2025-04-02T07:29:17.196+0000] {processor.py:186} INFO - Started process (PID=401) to work on /home/airflow/.local/lib/python3.12/site-packages/airflow/example_dags/example_xcom.py
[2025-04-02T07:29:17.196+0000] {processor.py:914} INFO - Processing file /home/airflow/.local/lib/python3.12/site-packages/airflow/example_dags/example_xcom.py for tasks to queue
[2025-04-02T07:29:17.197+0000] {logging_mixin.py:190} INFO - [2025-04-02T07:29:17.197+0000] {dagbag.py:588} INFO - Filling up the DagBag from /home/airflow/.local/lib/python3.12/site-packages/airflow/example_dags/example_xcom.py
[2025-04-02T07:29:17.202+0000] {processor.py:925} INFO - DAG(s) 'example_xcom' retrieved from /home/airflow/.local/lib/python3.12/site-packages/airflow/example_dags/example_xcom.py
[2025-04-02T07:29:17.211+0000] {logging_mixin.py:190} INFO - [2025-04-02T07:29:17.211+0000] {dag.py:3239} INFO - Sync 1 DAGs
[2025-04-02T07:29:17.220+0000] {logging_mixin.py:190} INFO - [2025-04-02T07:29:17.220+0000] {dag.py:4180} INFO - Setting next_dagrun for example_xcom to 2021-01-01 00:00:00+00:00, run_after=2021-01-01 00:00:00+00:00
[2025-04-02T07:29:17.227+0000] {processor.py:208} INFO - Processing /home/airflow/.local/lib/python3.12/site-packages/airflow/example_dags/example_xcom.py took 0.034 seconds
[2025-04-02T07:29:48.429+0000] {processor.py:186} INFO - Started process (PID=464) to work on /home/airflow/.local/lib/python3.12/site-packages/airflow/example_dags/example_xcom.py
[2025-04-02T07:29:48.430+0000] {processor.py:914} INFO - Processing file /home/airflow/.local/lib/python3.12/site-packages/airflow/example_dags/example_xcom.py for tasks to queue
[2025-04-02T07:29:48.431+0000] {logging_mixin.py:190} INFO - [2025-04-02T07:29:48.431+0000] {dagbag.py:588} INFO - Filling up the DagBag from /home/airflow/.local/lib/python3.12/site-packages/airflow/example_dags/example_xcom.py
[2025-04-02T07:29:48.436+0000] {processor.py:925} INFO - DAG(s) 'example_xcom' retrieved from /home/airflow/.local/lib/python3.12/site-packages/airflow/example_dags/example_xcom.py
[2025-04-02T07:29:48.452+0000] {logging_mixin.py:190} INFO - [2025-04-02T07:29:48.452+0000] {dag.py:3239} INFO - Sync 1 DAGs
[2025-04-02T07:29:48.469+0000] {logging_mixin.py:190} INFO - [2025-04-02T07:29:48.469+0000] {dag.py:4180} INFO - Setting next_dagrun for example_xcom to 2021-01-01 00:00:00+00:00, run_after=2021-01-01 00:00:00+00:00
[2025-04-02T07:29:48.493+0000] {processor.py:208} INFO - Processing /home/airflow/.local/lib/python3.12/site-packages/airflow/example_dags/example_xcom.py took 0.067 seconds
[2025-04-02T07:30:28.066+0000] {processor.py:186} INFO - Started process (PID=528) to work on /home/airflow/.local/lib/python3.12/site-packages/airflow/example_dags/example_xcom.py
[2025-04-02T07:30:28.073+0000] {processor.py:914} INFO - Processing file /home/airflow/.local/lib/python3.12/site-packages/airflow/example_dags/example_xcom.py for tasks to queue
[2025-04-02T07:30:28.079+0000] {logging_mixin.py:190} INFO - [2025-04-02T07:30:28.078+0000] {dagbag.py:588} INFO - Filling up the DagBag from /home/airflow/.local/lib/python3.12/site-packages/airflow/example_dags/example_xcom.py
[2025-04-02T07:30:28.103+0000] {processor.py:925} INFO - DAG(s) 'example_xcom' retrieved from /home/airflow/.local/lib/python3.12/site-packages/airflow/example_dags/example_xcom.py
[2025-04-02T07:30:28.170+0000] {logging_mixin.py:190} INFO - [2025-04-02T07:30:28.169+0000] {dag.py:3239} INFO - Sync 1 DAGs
[2025-04-02T07:30:28.217+0000] {logging_mixin.py:190} INFO - [2025-04-02T07:30:28.216+0000] {dag.py:4180} INFO - Setting next_dagrun for example_xcom to 2021-01-01 00:00:00+00:00, run_after=2021-01-01 00:00:00+00:00
[2025-04-02T07:30:28.282+0000] {processor.py:208} INFO - Processing /home/airflow/.local/lib/python3.12/site-packages/airflow/example_dags/example_xcom.py took 0.227 seconds
[2025-04-02T07:30:59.863+0000] {processor.py:186} INFO - Started process (PID=591) to work on /home/airflow/.local/lib/python3.12/site-packages/airflow/example_dags/example_xcom.py
[2025-04-02T07:30:59.864+0000] {processor.py:914} INFO - Processing file /home/airflow/.local/lib/python3.12/site-packages/airflow/example_dags/example_xcom.py for tasks to queue
[2025-04-02T07:30:59.868+0000] {logging_mixin.py:190} INFO - [2025-04-02T07:30:59.868+0000] {dagbag.py:588} INFO - Filling up the DagBag from /home/airflow/.local/lib/python3.12/site-packages/airflow/example_dags/example_xcom.py
[2025-04-02T07:30:59.891+0000] {processor.py:925} INFO - DAG(s) 'example_xcom' retrieved from /home/airflow/.local/lib/python3.12/site-packages/airflow/example_dags/example_xcom.py
[2025-04-02T07:30:59.934+0000] {logging_mixin.py:190} INFO - [2025-04-02T07:30:59.933+0000] {dag.py:3239} INFO - Sync 1 DAGs
[2025-04-02T07:30:59.983+0000] {logging_mixin.py:190} INFO - [2025-04-02T07:30:59.983+0000] {dag.py:4180} INFO - Setting next_dagrun for example_xcom to 2021-01-01 00:00:00+00:00, run_after=2021-01-01 00:00:00+00:00
[2025-04-02T07:31:00.059+0000] {processor.py:208} INFO - Processing /home/airflow/.local/lib/python3.12/site-packages/airflow/example_dags/example_xcom.py took 0.210 seconds
[2025-04-02T07:31:30.860+0000] {processor.py:186} INFO - Started process (PID=654) to work on /home/airflow/.local/lib/python3.12/site-packages/airflow/example_dags/example_xcom.py
[2025-04-02T07:31:30.861+0000] {processor.py:914} INFO - Processing file /home/airflow/.local/lib/python3.12/site-packages/airflow/example_dags/example_xcom.py for tasks to queue
[2025-04-02T07:31:30.866+0000] {logging_mixin.py:190} INFO - [2025-04-02T07:31:30.866+0000] {dagbag.py:588} INFO - Filling up the DagBag from /home/airflow/.local/lib/python3.12/site-packages/airflow/example_dags/example_xcom.py
[2025-04-02T07:31:30.872+0000] {processor.py:925} INFO - DAG(s) 'example_xcom' retrieved from /home/airflow/.local/lib/python3.12/site-packages/airflow/example_dags/example_xcom.py
[2025-04-02T07:31:30.885+0000] {logging_mixin.py:190} INFO - [2025-04-02T07:31:30.885+0000] {dag.py:3239} INFO - Sync 1 DAGs
[2025-04-02T07:31:30.896+0000] {logging_mixin.py:190} INFO - [2025-04-02T07:31:30.896+0000] {dag.py:4180} INFO - Setting next_dagrun for example_xcom to 2021-01-01 00:00:00+00:00, run_after=2021-01-01 00:00:00+00:00
[2025-04-02T07:31:30.905+0000] {processor.py:208} INFO - Processing /home/airflow/.local/lib/python3.12/site-packages/airflow/example_dags/example_xcom.py took 0.049 seconds
[2025-04-02T07:32:01.110+0000] {processor.py:186} INFO - Started process (PID=718) to work on /home/airflow/.local/lib/python3.12/site-packages/airflow/example_dags/example_xcom.py
[2025-04-02T07:32:01.112+0000] {processor.py:914} INFO - Processing file /home/airflow/.local/lib/python3.12/site-packages/airflow/example_dags/example_xcom.py for tasks to queue
[2025-04-02T07:32:01.114+0000] {logging_mixin.py:190} INFO - [2025-04-02T07:32:01.114+0000] {dagbag.py:588} INFO - Filling up the DagBag from /home/airflow/.local/lib/python3.12/site-packages/airflow/example_dags/example_xcom.py
[2025-04-02T07:32:01.127+0000] {processor.py:925} INFO - DAG(s) 'example_xcom' retrieved from /home/airflow/.local/lib/python3.12/site-packages/airflow/example_dags/example_xcom.py
[2025-04-02T07:32:01.140+0000] {logging_mixin.py:190} INFO - [2025-04-02T07:32:01.140+0000] {dag.py:3239} INFO - Sync 1 DAGs
[2025-04-02T07:32:01.153+0000] {logging_mixin.py:190} INFO - [2025-04-02T07:32:01.153+0000] {dag.py:4180} INFO - Setting next_dagrun for example_xcom to 2021-01-01 00:00:00+00:00, run_after=2021-01-01 00:00:00+00:00
[2025-04-02T07:32:01.161+0000] {processor.py:208} INFO - Processing /home/airflow/.local/lib/python3.12/site-packages/airflow/example_dags/example_xcom.py took 0.055 seconds
[2025-04-02T07:32:31.283+0000] {processor.py:186} INFO - Started process (PID=782) to work on /home/airflow/.local/lib/python3.12/site-packages/airflow/example_dags/example_xcom.py
[2025-04-02T07:32:31.285+0000] {processor.py:914} INFO - Processing file /home/airflow/.local/lib/python3.12/site-packages/airflow/example_dags/example_xcom.py for tasks to queue
[2025-04-02T07:32:31.293+0000] {logging_mixin.py:190} INFO - [2025-04-02T07:32:31.293+0000] {dagbag.py:588} INFO - Filling up the DagBag from /home/airflow/.local/lib/python3.12/site-packages/airflow/example_dags/example_xcom.py
[2025-04-02T07:32:31.299+0000] {processor.py:925} INFO - DAG(s) 'example_xcom' retrieved from /home/airflow/.local/lib/python3.12/site-packages/airflow/example_dags/example_xcom.py
[2025-04-02T07:32:31.313+0000] {logging_mixin.py:190} INFO - [2025-04-02T07:32:31.313+0000] {dag.py:3239} INFO - Sync 1 DAGs
[2025-04-02T07:32:31.326+0000] {logging_mixin.py:190} INFO - [2025-04-02T07:32:31.325+0000] {dag.py:4180} INFO - Setting next_dagrun for example_xcom to 2021-01-01 00:00:00+00:00, run_after=2021-01-01 00:00:00+00:00
[2025-04-02T07:32:31.339+0000] {processor.py:208} INFO - Processing /home/airflow/.local/lib/python3.12/site-packages/airflow/example_dags/example_xcom.py took 0.062 seconds
