[2025-04-02T07:25:56.590+0000] {processor.py:186} INFO - Started process (PID=85) to work on /home/airflow/.local/lib/python3.12/site-packages/airflow/example_dags/example_setup_teardown.py
[2025-04-02T07:25:56.593+0000] {processor.py:914} INFO - Processing file /home/airflow/.local/lib/python3.12/site-packages/airflow/example_dags/example_setup_teardown.py for tasks to queue
[2025-04-02T07:25:56.595+0000] {logging_mixin.py:190} INFO - [2025-04-02T07:25:56.594+0000] {dagbag.py:588} INFO - Filling up the DagBag from /home/airflow/.local/lib/python3.12/site-packages/airflow/example_dags/example_setup_teardown.py
[2025-04-02T07:25:56.609+0000] {processor.py:925} INFO - DAG(s) 'example_setup_teardown' retrieved from /home/airflow/.local/lib/python3.12/site-packages/airflow/example_dags/example_setup_teardown.py
[2025-04-02T07:25:56.665+0000] {logging_mixin.py:190} INFO - [2025-04-02T07:25:56.665+0000] {override.py:1912} INFO - Created Permission View: can delete on DAG:example_setup_teardown
[2025-04-02T07:25:56.670+0000] {logging_mixin.py:190} INFO - [2025-04-02T07:25:56.669+0000] {override.py:1912} INFO - Created Permission View: can read on DAG:example_setup_teardown
[2025-04-02T07:25:56.672+0000] {logging_mixin.py:190} INFO - [2025-04-02T07:25:56.672+0000] {override.py:1912} INFO - Created Permission View: can edit on DAG:example_setup_teardown
[2025-04-02T07:25:56.675+0000] {logging_mixin.py:190} INFO - [2025-04-02T07:25:56.675+0000] {override.py:1912} INFO - Created Permission View: can delete on DAG Run:example_setup_teardown
[2025-04-02T07:25:56.677+0000] {logging_mixin.py:190} INFO - [2025-04-02T07:25:56.677+0000] {override.py:1912} INFO - Created Permission View: can read on DAG Run:example_setup_teardown
[2025-04-02T07:25:56.680+0000] {logging_mixin.py:190} INFO - [2025-04-02T07:25:56.680+0000] {override.py:1912} INFO - Created Permission View: can create on DAG Run:example_setup_teardown
[2025-04-02T07:25:56.683+0000] {logging_mixin.py:190} INFO - [2025-04-02T07:25:56.683+0000] {override.py:1912} INFO - Created Permission View: menu access on DAG Run:example_setup_teardown
[2025-04-02T07:25:56.683+0000] {logging_mixin.py:190} INFO - [2025-04-02T07:25:56.683+0000] {dag.py:3239} INFO - Sync 1 DAGs
[2025-04-02T07:25:56.688+0000] {logging_mixin.py:190} INFO - [2025-04-02T07:25:56.688+0000] {dag.py:3262} INFO - Creating ORM DAG for example_setup_teardown
[2025-04-02T07:25:56.689+0000] {logging_mixin.py:190} INFO - [2025-04-02T07:25:56.689+0000] {dag.py:4180} INFO - Setting next_dagrun for example_setup_teardown to None, run_after=None
[2025-04-02T07:25:56.708+0000] {processor.py:208} INFO - Processing /home/airflow/.local/lib/python3.12/site-packages/airflow/example_dags/example_setup_teardown.py took 0.124 seconds
[2025-04-02T07:26:43.079+0000] {processor.py:186} INFO - Started process (PID=77) to work on /home/airflow/.local/lib/python3.12/site-packages/airflow/example_dags/example_setup_teardown.py
[2025-04-02T07:26:43.079+0000] {processor.py:914} INFO - Processing file /home/airflow/.local/lib/python3.12/site-packages/airflow/example_dags/example_setup_teardown.py for tasks to queue
[2025-04-02T07:26:43.080+0000] {logging_mixin.py:190} INFO - [2025-04-02T07:26:43.080+0000] {dagbag.py:588} INFO - Filling up the DagBag from /home/airflow/.local/lib/python3.12/site-packages/airflow/example_dags/example_setup_teardown.py
[2025-04-02T07:26:43.084+0000] {processor.py:925} INFO - DAG(s) 'example_setup_teardown' retrieved from /home/airflow/.local/lib/python3.12/site-packages/airflow/example_dags/example_setup_teardown.py
[2025-04-02T07:26:43.095+0000] {logging_mixin.py:190} INFO - [2025-04-02T07:26:43.095+0000] {dag.py:3239} INFO - Sync 1 DAGs
[2025-04-02T07:26:43.100+0000] {logging_mixin.py:190} INFO - [2025-04-02T07:26:43.100+0000] {dag.py:4180} INFO - Setting next_dagrun for example_setup_teardown to None, run_after=None
[2025-04-02T07:26:43.107+0000] {processor.py:208} INFO - Processing /home/airflow/.local/lib/python3.12/site-packages/airflow/example_dags/example_setup_teardown.py took 0.031 seconds
[2025-04-02T07:27:13.917+0000] {processor.py:186} INFO - Started process (PID=140) to work on /home/airflow/.local/lib/python3.12/site-packages/airflow/example_dags/example_setup_teardown.py
[2025-04-02T07:27:13.917+0000] {processor.py:914} INFO - Processing file /home/airflow/.local/lib/python3.12/site-packages/airflow/example_dags/example_setup_teardown.py for tasks to queue
[2025-04-02T07:27:13.918+0000] {logging_mixin.py:190} INFO - [2025-04-02T07:27:13.918+0000] {dagbag.py:588} INFO - Filling up the DagBag from /home/airflow/.local/lib/python3.12/site-packages/airflow/example_dags/example_setup_teardown.py
[2025-04-02T07:27:13.923+0000] {processor.py:925} INFO - DAG(s) 'example_setup_teardown' retrieved from /home/airflow/.local/lib/python3.12/site-packages/airflow/example_dags/example_setup_teardown.py
[2025-04-02T07:27:13.932+0000] {logging_mixin.py:190} INFO - [2025-04-02T07:27:13.932+0000] {dag.py:3239} INFO - Sync 1 DAGs
[2025-04-02T07:27:13.937+0000] {logging_mixin.py:190} INFO - [2025-04-02T07:27:13.937+0000] {dag.py:4180} INFO - Setting next_dagrun for example_setup_teardown to None, run_after=None
[2025-04-02T07:27:13.944+0000] {processor.py:208} INFO - Processing /home/airflow/.local/lib/python3.12/site-packages/airflow/example_dags/example_setup_teardown.py took 0.030 seconds
[2025-04-02T07:27:44.563+0000] {processor.py:186} INFO - Started process (PID=203) to work on /home/airflow/.local/lib/python3.12/site-packages/airflow/example_dags/example_setup_teardown.py
[2025-04-02T07:27:44.567+0000] {processor.py:914} INFO - Processing file /home/airflow/.local/lib/python3.12/site-packages/airflow/example_dags/example_setup_teardown.py for tasks to queue
[2025-04-02T07:27:44.571+0000] {logging_mixin.py:190} INFO - [2025-04-02T07:27:44.570+0000] {dagbag.py:588} INFO - Filling up the DagBag from /home/airflow/.local/lib/python3.12/site-packages/airflow/example_dags/example_setup_teardown.py
[2025-04-02T07:27:44.577+0000] {processor.py:925} INFO - DAG(s) 'example_setup_teardown' retrieved from /home/airflow/.local/lib/python3.12/site-packages/airflow/example_dags/example_setup_teardown.py
[2025-04-02T07:27:44.594+0000] {logging_mixin.py:190} INFO - [2025-04-02T07:27:44.594+0000] {dag.py:3239} INFO - Sync 1 DAGs
[2025-04-02T07:27:44.601+0000] {logging_mixin.py:190} INFO - [2025-04-02T07:27:44.601+0000] {dag.py:4180} INFO - Setting next_dagrun for example_setup_teardown to None, run_after=None
[2025-04-02T07:27:44.612+0000] {processor.py:208} INFO - Processing /home/airflow/.local/lib/python3.12/site-packages/airflow/example_dags/example_setup_teardown.py took 0.056 seconds
[2025-04-02T07:28:15.478+0000] {processor.py:186} INFO - Started process (PID=265) to work on /home/airflow/.local/lib/python3.12/site-packages/airflow/example_dags/example_setup_teardown.py
[2025-04-02T07:28:15.480+0000] {processor.py:914} INFO - Processing file /home/airflow/.local/lib/python3.12/site-packages/airflow/example_dags/example_setup_teardown.py for tasks to queue
[2025-04-02T07:28:15.481+0000] {logging_mixin.py:190} INFO - [2025-04-02T07:28:15.481+0000] {dagbag.py:588} INFO - Filling up the DagBag from /home/airflow/.local/lib/python3.12/site-packages/airflow/example_dags/example_setup_teardown.py
[2025-04-02T07:28:15.486+0000] {processor.py:925} INFO - DAG(s) 'example_setup_teardown' retrieved from /home/airflow/.local/lib/python3.12/site-packages/airflow/example_dags/example_setup_teardown.py
[2025-04-02T07:28:15.496+0000] {logging_mixin.py:190} INFO - [2025-04-02T07:28:15.496+0000] {dag.py:3239} INFO - Sync 1 DAGs
[2025-04-02T07:28:15.506+0000] {logging_mixin.py:190} INFO - [2025-04-02T07:28:15.506+0000] {dag.py:4180} INFO - Setting next_dagrun for example_setup_teardown to None, run_after=None
[2025-04-02T07:28:15.515+0000] {processor.py:208} INFO - Processing /home/airflow/.local/lib/python3.12/site-packages/airflow/example_dags/example_setup_teardown.py took 0.039 seconds
[2025-04-02T07:28:45.937+0000] {processor.py:186} INFO - Started process (PID=328) to work on /home/airflow/.local/lib/python3.12/site-packages/airflow/example_dags/example_setup_teardown.py
[2025-04-02T07:28:45.938+0000] {processor.py:914} INFO - Processing file /home/airflow/.local/lib/python3.12/site-packages/airflow/example_dags/example_setup_teardown.py for tasks to queue
[2025-04-02T07:28:45.939+0000] {logging_mixin.py:190} INFO - [2025-04-02T07:28:45.939+0000] {dagbag.py:588} INFO - Filling up the DagBag from /home/airflow/.local/lib/python3.12/site-packages/airflow/example_dags/example_setup_teardown.py
[2025-04-02T07:28:45.949+0000] {processor.py:925} INFO - DAG(s) 'example_setup_teardown' retrieved from /home/airflow/.local/lib/python3.12/site-packages/airflow/example_dags/example_setup_teardown.py
[2025-04-02T07:28:45.979+0000] {logging_mixin.py:190} INFO - [2025-04-02T07:28:45.979+0000] {dag.py:3239} INFO - Sync 1 DAGs
[2025-04-02T07:28:45.986+0000] {logging_mixin.py:190} INFO - [2025-04-02T07:28:45.986+0000] {dag.py:4180} INFO - Setting next_dagrun for example_setup_teardown to None, run_after=None
[2025-04-02T07:28:45.993+0000] {processor.py:208} INFO - Processing /home/airflow/.local/lib/python3.12/site-packages/airflow/example_dags/example_setup_teardown.py took 0.063 seconds
[2025-04-02T07:29:16.968+0000] {processor.py:186} INFO - Started process (PID=391) to work on /home/airflow/.local/lib/python3.12/site-packages/airflow/example_dags/example_setup_teardown.py
[2025-04-02T07:29:16.968+0000] {processor.py:914} INFO - Processing file /home/airflow/.local/lib/python3.12/site-packages/airflow/example_dags/example_setup_teardown.py for tasks to queue
[2025-04-02T07:29:16.970+0000] {logging_mixin.py:190} INFO - [2025-04-02T07:29:16.970+0000] {dagbag.py:588} INFO - Filling up the DagBag from /home/airflow/.local/lib/python3.12/site-packages/airflow/example_dags/example_setup_teardown.py
[2025-04-02T07:29:16.975+0000] {processor.py:925} INFO - DAG(s) 'example_setup_teardown' retrieved from /home/airflow/.local/lib/python3.12/site-packages/airflow/example_dags/example_setup_teardown.py
[2025-04-02T07:29:16.985+0000] {logging_mixin.py:190} INFO - [2025-04-02T07:29:16.985+0000] {dag.py:3239} INFO - Sync 1 DAGs
[2025-04-02T07:29:16.992+0000] {logging_mixin.py:190} INFO - [2025-04-02T07:29:16.992+0000] {dag.py:4180} INFO - Setting next_dagrun for example_setup_teardown to None, run_after=None
[2025-04-02T07:29:17.003+0000] {processor.py:208} INFO - Processing /home/airflow/.local/lib/python3.12/site-packages/airflow/example_dags/example_setup_teardown.py took 0.039 seconds
[2025-04-02T07:29:47.963+0000] {processor.py:186} INFO - Started process (PID=454) to work on /home/airflow/.local/lib/python3.12/site-packages/airflow/example_dags/example_setup_teardown.py
[2025-04-02T07:29:47.964+0000] {processor.py:914} INFO - Processing file /home/airflow/.local/lib/python3.12/site-packages/airflow/example_dags/example_setup_teardown.py for tasks to queue
[2025-04-02T07:29:47.965+0000] {logging_mixin.py:190} INFO - [2025-04-02T07:29:47.965+0000] {dagbag.py:588} INFO - Filling up the DagBag from /home/airflow/.local/lib/python3.12/site-packages/airflow/example_dags/example_setup_teardown.py
[2025-04-02T07:29:47.970+0000] {processor.py:925} INFO - DAG(s) 'example_setup_teardown' retrieved from /home/airflow/.local/lib/python3.12/site-packages/airflow/example_dags/example_setup_teardown.py
[2025-04-02T07:29:47.979+0000] {logging_mixin.py:190} INFO - [2025-04-02T07:29:47.979+0000] {dag.py:3239} INFO - Sync 1 DAGs
[2025-04-02T07:29:47.985+0000] {logging_mixin.py:190} INFO - [2025-04-02T07:29:47.985+0000] {dag.py:4180} INFO - Setting next_dagrun for example_setup_teardown to None, run_after=None
[2025-04-02T07:29:47.993+0000] {processor.py:208} INFO - Processing /home/airflow/.local/lib/python3.12/site-packages/airflow/example_dags/example_setup_teardown.py took 0.033 seconds
[2025-04-02T07:30:26.473+0000] {processor.py:186} INFO - Started process (PID=518) to work on /home/airflow/.local/lib/python3.12/site-packages/airflow/example_dags/example_setup_teardown.py
[2025-04-02T07:30:26.479+0000] {processor.py:914} INFO - Processing file /home/airflow/.local/lib/python3.12/site-packages/airflow/example_dags/example_setup_teardown.py for tasks to queue
[2025-04-02T07:30:26.498+0000] {logging_mixin.py:190} INFO - [2025-04-02T07:30:26.498+0000] {dagbag.py:588} INFO - Filling up the DagBag from /home/airflow/.local/lib/python3.12/site-packages/airflow/example_dags/example_setup_teardown.py
[2025-04-02T07:30:26.518+0000] {processor.py:925} INFO - DAG(s) 'example_setup_teardown' retrieved from /home/airflow/.local/lib/python3.12/site-packages/airflow/example_dags/example_setup_teardown.py
[2025-04-02T07:30:26.588+0000] {logging_mixin.py:190} INFO - [2025-04-02T07:30:26.588+0000] {dag.py:3239} INFO - Sync 1 DAGs
[2025-04-02T07:30:26.625+0000] {logging_mixin.py:190} INFO - [2025-04-02T07:30:26.625+0000] {dag.py:4180} INFO - Setting next_dagrun for example_setup_teardown to None, run_after=None
[2025-04-02T07:30:26.699+0000] {processor.py:208} INFO - Processing /home/airflow/.local/lib/python3.12/site-packages/airflow/example_dags/example_setup_teardown.py took 0.251 seconds
[2025-04-02T07:30:56.910+0000] {processor.py:186} INFO - Started process (PID=581) to work on /home/airflow/.local/lib/python3.12/site-packages/airflow/example_dags/example_setup_teardown.py
[2025-04-02T07:30:56.922+0000] {processor.py:914} INFO - Processing file /home/airflow/.local/lib/python3.12/site-packages/airflow/example_dags/example_setup_teardown.py for tasks to queue
[2025-04-02T07:30:56.932+0000] {logging_mixin.py:190} INFO - [2025-04-02T07:30:56.931+0000] {dagbag.py:588} INFO - Filling up the DagBag from /home/airflow/.local/lib/python3.12/site-packages/airflow/example_dags/example_setup_teardown.py
[2025-04-02T07:30:56.969+0000] {processor.py:925} INFO - DAG(s) 'example_setup_teardown' retrieved from /home/airflow/.local/lib/python3.12/site-packages/airflow/example_dags/example_setup_teardown.py
[2025-04-02T07:30:57.028+0000] {logging_mixin.py:190} INFO - [2025-04-02T07:30:57.028+0000] {dag.py:3239} INFO - Sync 1 DAGs
[2025-04-02T07:30:57.061+0000] {logging_mixin.py:190} INFO - [2025-04-02T07:30:57.060+0000] {dag.py:4180} INFO - Setting next_dagrun for example_setup_teardown to None, run_after=None
[2025-04-02T07:30:57.126+0000] {processor.py:208} INFO - Processing /home/airflow/.local/lib/python3.12/site-packages/airflow/example_dags/example_setup_teardown.py took 0.227 seconds
[2025-04-02T07:31:27.522+0000] {processor.py:186} INFO - Started process (PID=644) to work on /home/airflow/.local/lib/python3.12/site-packages/airflow/example_dags/example_setup_teardown.py
[2025-04-02T07:31:27.523+0000] {processor.py:914} INFO - Processing file /home/airflow/.local/lib/python3.12/site-packages/airflow/example_dags/example_setup_teardown.py for tasks to queue
[2025-04-02T07:31:27.524+0000] {logging_mixin.py:190} INFO - [2025-04-02T07:31:27.524+0000] {dagbag.py:588} INFO - Filling up the DagBag from /home/airflow/.local/lib/python3.12/site-packages/airflow/example_dags/example_setup_teardown.py
[2025-04-02T07:31:27.529+0000] {processor.py:925} INFO - DAG(s) 'example_setup_teardown' retrieved from /home/airflow/.local/lib/python3.12/site-packages/airflow/example_dags/example_setup_teardown.py
[2025-04-02T07:31:27.541+0000] {logging_mixin.py:190} INFO - [2025-04-02T07:31:27.541+0000] {dag.py:3239} INFO - Sync 1 DAGs
[2025-04-02T07:31:27.546+0000] {logging_mixin.py:190} INFO - [2025-04-02T07:31:27.546+0000] {dag.py:4180} INFO - Setting next_dagrun for example_setup_teardown to None, run_after=None
[2025-04-02T07:31:27.556+0000] {processor.py:208} INFO - Processing /home/airflow/.local/lib/python3.12/site-packages/airflow/example_dags/example_setup_teardown.py took 0.037 seconds
[2025-04-02T07:31:57.780+0000] {processor.py:186} INFO - Started process (PID=708) to work on /home/airflow/.local/lib/python3.12/site-packages/airflow/example_dags/example_setup_teardown.py
[2025-04-02T07:31:57.781+0000] {processor.py:914} INFO - Processing file /home/airflow/.local/lib/python3.12/site-packages/airflow/example_dags/example_setup_teardown.py for tasks to queue
[2025-04-02T07:31:57.782+0000] {logging_mixin.py:190} INFO - [2025-04-02T07:31:57.782+0000] {dagbag.py:588} INFO - Filling up the DagBag from /home/airflow/.local/lib/python3.12/site-packages/airflow/example_dags/example_setup_teardown.py
[2025-04-02T07:31:57.787+0000] {processor.py:925} INFO - DAG(s) 'example_setup_teardown' retrieved from /home/airflow/.local/lib/python3.12/site-packages/airflow/example_dags/example_setup_teardown.py
[2025-04-02T07:31:57.800+0000] {logging_mixin.py:190} INFO - [2025-04-02T07:31:57.800+0000] {dag.py:3239} INFO - Sync 1 DAGs
[2025-04-02T07:31:57.808+0000] {logging_mixin.py:190} INFO - [2025-04-02T07:31:57.808+0000] {dag.py:4180} INFO - Setting next_dagrun for example_setup_teardown to None, run_after=None
[2025-04-02T07:31:57.820+0000] {processor.py:208} INFO - Processing /home/airflow/.local/lib/python3.12/site-packages/airflow/example_dags/example_setup_teardown.py took 0.043 seconds
[2025-04-02T07:32:28.786+0000] {processor.py:186} INFO - Started process (PID=772) to work on /home/airflow/.local/lib/python3.12/site-packages/airflow/example_dags/example_setup_teardown.py
[2025-04-02T07:32:28.788+0000] {processor.py:914} INFO - Processing file /home/airflow/.local/lib/python3.12/site-packages/airflow/example_dags/example_setup_teardown.py for tasks to queue
[2025-04-02T07:32:28.789+0000] {logging_mixin.py:190} INFO - [2025-04-02T07:32:28.789+0000] {dagbag.py:588} INFO - Filling up the DagBag from /home/airflow/.local/lib/python3.12/site-packages/airflow/example_dags/example_setup_teardown.py
[2025-04-02T07:32:28.793+0000] {processor.py:925} INFO - DAG(s) 'example_setup_teardown' retrieved from /home/airflow/.local/lib/python3.12/site-packages/airflow/example_dags/example_setup_teardown.py
[2025-04-02T07:32:28.803+0000] {logging_mixin.py:190} INFO - [2025-04-02T07:32:28.803+0000] {dag.py:3239} INFO - Sync 1 DAGs
[2025-04-02T07:32:28.810+0000] {logging_mixin.py:190} INFO - [2025-04-02T07:32:28.810+0000] {dag.py:4180} INFO - Setting next_dagrun for example_setup_teardown to None, run_after=None
[2025-04-02T07:32:28.823+0000] {processor.py:208} INFO - Processing /home/airflow/.local/lib/python3.12/site-packages/airflow/example_dags/example_setup_teardown.py took 0.040 seconds
