[2025-04-02T07:25:57.212+0000] {processor.py:186} INFO - Started process (PID=94) to work on /home/airflow/.local/lib/python3.12/site-packages/airflow/example_dags/example_workday_timetable.py
[2025-04-02T07:25:57.213+0000] {processor.py:914} INFO - Processing file /home/airflow/.local/lib/python3.12/site-packages/airflow/example_dags/example_workday_timetable.py for tasks to queue
[2025-04-02T07:25:57.214+0000] {logging_mixin.py:190} INFO - [2025-04-02T07:25:57.214+0000] {dagbag.py:588} INFO - Filling up the DagBag from /home/airflow/.local/lib/python3.12/site-packages/airflow/example_dags/example_workday_timetable.py
[2025-04-02T07:25:57.217+0000] {processor.py:925} INFO - DAG(s) 'example_workday_timetable' retrieved from /home/airflow/.local/lib/python3.12/site-packages/airflow/example_dags/example_workday_timetable.py
[2025-04-02T07:25:57.263+0000] {logging_mixin.py:190} INFO - [2025-04-02T07:25:57.263+0000] {override.py:1912} INFO - Created Permission View: can delete on DAG:example_workday_timetable
[2025-04-02T07:25:57.269+0000] {logging_mixin.py:190} INFO - [2025-04-02T07:25:57.269+0000] {override.py:1912} INFO - Created Permission View: can read on DAG:example_workday_timetable
[2025-04-02T07:25:57.274+0000] {logging_mixin.py:190} INFO - [2025-04-02T07:25:57.274+0000] {override.py:1912} INFO - Created Permission View: can edit on DAG:example_workday_timetable
[2025-04-02T07:25:57.279+0000] {logging_mixin.py:190} INFO - [2025-04-02T07:25:57.279+0000] {override.py:1912} INFO - Created Permission View: can delete on DAG Run:example_workday_timetable
[2025-04-02T07:25:57.284+0000] {logging_mixin.py:190} INFO - [2025-04-02T07:25:57.284+0000] {override.py:1912} INFO - Created Permission View: can read on DAG Run:example_workday_timetable
[2025-04-02T07:25:57.286+0000] {logging_mixin.py:190} INFO - [2025-04-02T07:25:57.286+0000] {override.py:1912} INFO - Created Permission View: can create on DAG Run:example_workday_timetable
[2025-04-02T07:25:57.288+0000] {logging_mixin.py:190} INFO - [2025-04-02T07:25:57.288+0000] {override.py:1912} INFO - Created Permission View: menu access on DAG Run:example_workday_timetable
[2025-04-02T07:25:57.288+0000] {logging_mixin.py:190} INFO - [2025-04-02T07:25:57.288+0000] {dag.py:3239} INFO - Sync 1 DAGs
[2025-04-02T07:25:57.296+0000] {logging_mixin.py:190} INFO - [2025-04-02T07:25:57.296+0000] {dag.py:3262} INFO - Creating ORM DAG for example_workday_timetable
[2025-04-02T07:25:57.334+0000] {logging_mixin.py:190} INFO - [2025-04-02T07:25:57.334+0000] {dag.py:4180} INFO - Setting next_dagrun for example_workday_timetable to 2021-01-04 00:00:00+00:00, run_after=2021-01-05 00:00:00+00:00
[2025-04-02T07:25:57.343+0000] {processor.py:208} INFO - Processing /home/airflow/.local/lib/python3.12/site-packages/airflow/example_dags/example_workday_timetable.py took 0.134 seconds
[2025-04-02T07:26:43.343+0000] {processor.py:186} INFO - Started process (PID=86) to work on /home/airflow/.local/lib/python3.12/site-packages/airflow/example_dags/example_workday_timetable.py
[2025-04-02T07:26:43.346+0000] {processor.py:914} INFO - Processing file /home/airflow/.local/lib/python3.12/site-packages/airflow/example_dags/example_workday_timetable.py for tasks to queue
[2025-04-02T07:26:43.348+0000] {logging_mixin.py:190} INFO - [2025-04-02T07:26:43.348+0000] {dagbag.py:588} INFO - Filling up the DagBag from /home/airflow/.local/lib/python3.12/site-packages/airflow/example_dags/example_workday_timetable.py
[2025-04-02T07:26:43.352+0000] {processor.py:925} INFO - DAG(s) 'example_workday_timetable' retrieved from /home/airflow/.local/lib/python3.12/site-packages/airflow/example_dags/example_workday_timetable.py
[2025-04-02T07:26:43.361+0000] {logging_mixin.py:190} INFO - [2025-04-02T07:26:43.361+0000] {dag.py:3239} INFO - Sync 1 DAGs
[2025-04-02T07:26:43.402+0000] {logging_mixin.py:190} INFO - [2025-04-02T07:26:43.402+0000] {dag.py:4180} INFO - Setting next_dagrun for example_workday_timetable to 2021-01-04 00:00:00+00:00, run_after=2021-01-05 00:00:00+00:00
[2025-04-02T07:26:43.413+0000] {processor.py:208} INFO - Processing /home/airflow/.local/lib/python3.12/site-packages/airflow/example_dags/example_workday_timetable.py took 0.073 seconds
[2025-04-02T07:27:14.106+0000] {processor.py:186} INFO - Started process (PID=149) to work on /home/airflow/.local/lib/python3.12/site-packages/airflow/example_dags/example_workday_timetable.py
[2025-04-02T07:27:14.107+0000] {processor.py:914} INFO - Processing file /home/airflow/.local/lib/python3.12/site-packages/airflow/example_dags/example_workday_timetable.py for tasks to queue
[2025-04-02T07:27:14.108+0000] {logging_mixin.py:190} INFO - [2025-04-02T07:27:14.108+0000] {dagbag.py:588} INFO - Filling up the DagBag from /home/airflow/.local/lib/python3.12/site-packages/airflow/example_dags/example_workday_timetable.py
[2025-04-02T07:27:14.111+0000] {processor.py:925} INFO - DAG(s) 'example_workday_timetable' retrieved from /home/airflow/.local/lib/python3.12/site-packages/airflow/example_dags/example_workday_timetable.py
[2025-04-02T07:27:14.120+0000] {logging_mixin.py:190} INFO - [2025-04-02T07:27:14.120+0000] {dag.py:3239} INFO - Sync 1 DAGs
[2025-04-02T07:27:14.149+0000] {logging_mixin.py:190} INFO - [2025-04-02T07:27:14.149+0000] {dag.py:4180} INFO - Setting next_dagrun for example_workday_timetable to 2021-01-04 00:00:00+00:00, run_after=2021-01-05 00:00:00+00:00
[2025-04-02T07:27:14.159+0000] {processor.py:208} INFO - Processing /home/airflow/.local/lib/python3.12/site-packages/airflow/example_dags/example_workday_timetable.py took 0.056 seconds
[2025-04-02T07:27:44.950+0000] {processor.py:186} INFO - Started process (PID=212) to work on /home/airflow/.local/lib/python3.12/site-packages/airflow/example_dags/example_workday_timetable.py
[2025-04-02T07:27:44.951+0000] {processor.py:914} INFO - Processing file /home/airflow/.local/lib/python3.12/site-packages/airflow/example_dags/example_workday_timetable.py for tasks to queue
[2025-04-02T07:27:44.954+0000] {logging_mixin.py:190} INFO - [2025-04-02T07:27:44.954+0000] {dagbag.py:588} INFO - Filling up the DagBag from /home/airflow/.local/lib/python3.12/site-packages/airflow/example_dags/example_workday_timetable.py
[2025-04-02T07:27:44.959+0000] {processor.py:925} INFO - DAG(s) 'example_workday_timetable' retrieved from /home/airflow/.local/lib/python3.12/site-packages/airflow/example_dags/example_workday_timetable.py
[2025-04-02T07:27:44.973+0000] {logging_mixin.py:190} INFO - [2025-04-02T07:27:44.972+0000] {dag.py:3239} INFO - Sync 1 DAGs
[2025-04-02T07:27:45.008+0000] {logging_mixin.py:190} INFO - [2025-04-02T07:27:45.008+0000] {dag.py:4180} INFO - Setting next_dagrun for example_workday_timetable to 2021-01-04 00:00:00+00:00, run_after=2021-01-05 00:00:00+00:00
[2025-04-02T07:27:45.021+0000] {processor.py:208} INFO - Processing /home/airflow/.local/lib/python3.12/site-packages/airflow/example_dags/example_workday_timetable.py took 0.074 seconds
[2025-04-02T07:28:15.696+0000] {processor.py:186} INFO - Started process (PID=274) to work on /home/airflow/.local/lib/python3.12/site-packages/airflow/example_dags/example_workday_timetable.py
[2025-04-02T07:28:15.696+0000] {processor.py:914} INFO - Processing file /home/airflow/.local/lib/python3.12/site-packages/airflow/example_dags/example_workday_timetable.py for tasks to queue
[2025-04-02T07:28:15.697+0000] {logging_mixin.py:190} INFO - [2025-04-02T07:28:15.697+0000] {dagbag.py:588} INFO - Filling up the DagBag from /home/airflow/.local/lib/python3.12/site-packages/airflow/example_dags/example_workday_timetable.py
[2025-04-02T07:28:15.703+0000] {processor.py:925} INFO - DAG(s) 'example_workday_timetable' retrieved from /home/airflow/.local/lib/python3.12/site-packages/airflow/example_dags/example_workday_timetable.py
[2025-04-02T07:28:15.711+0000] {logging_mixin.py:190} INFO - [2025-04-02T07:28:15.711+0000] {dag.py:3239} INFO - Sync 1 DAGs
[2025-04-02T07:28:15.737+0000] {logging_mixin.py:190} INFO - [2025-04-02T07:28:15.737+0000] {dag.py:4180} INFO - Setting next_dagrun for example_workday_timetable to 2021-01-04 00:00:00+00:00, run_after=2021-01-05 00:00:00+00:00
[2025-04-02T07:28:15.746+0000] {processor.py:208} INFO - Processing /home/airflow/.local/lib/python3.12/site-packages/airflow/example_dags/example_workday_timetable.py took 0.053 seconds
[2025-04-02T07:28:46.215+0000] {processor.py:186} INFO - Started process (PID=337) to work on /home/airflow/.local/lib/python3.12/site-packages/airflow/example_dags/example_workday_timetable.py
[2025-04-02T07:28:46.216+0000] {processor.py:914} INFO - Processing file /home/airflow/.local/lib/python3.12/site-packages/airflow/example_dags/example_workday_timetable.py for tasks to queue
[2025-04-02T07:28:46.217+0000] {logging_mixin.py:190} INFO - [2025-04-02T07:28:46.217+0000] {dagbag.py:588} INFO - Filling up the DagBag from /home/airflow/.local/lib/python3.12/site-packages/airflow/example_dags/example_workday_timetable.py
[2025-04-02T07:28:46.220+0000] {processor.py:925} INFO - DAG(s) 'example_workday_timetable' retrieved from /home/airflow/.local/lib/python3.12/site-packages/airflow/example_dags/example_workday_timetable.py
[2025-04-02T07:28:46.235+0000] {logging_mixin.py:190} INFO - [2025-04-02T07:28:46.235+0000] {dag.py:3239} INFO - Sync 1 DAGs
[2025-04-02T07:28:46.270+0000] {logging_mixin.py:190} INFO - [2025-04-02T07:28:46.270+0000] {dag.py:4180} INFO - Setting next_dagrun for example_workday_timetable to 2021-01-04 00:00:00+00:00, run_after=2021-01-05 00:00:00+00:00
[2025-04-02T07:28:46.280+0000] {processor.py:208} INFO - Processing /home/airflow/.local/lib/python3.12/site-packages/airflow/example_dags/example_workday_timetable.py took 0.067 seconds
[2025-04-02T07:29:17.173+0000] {processor.py:186} INFO - Started process (PID=400) to work on /home/airflow/.local/lib/python3.12/site-packages/airflow/example_dags/example_workday_timetable.py
[2025-04-02T07:29:17.174+0000] {processor.py:914} INFO - Processing file /home/airflow/.local/lib/python3.12/site-packages/airflow/example_dags/example_workday_timetable.py for tasks to queue
[2025-04-02T07:29:17.175+0000] {logging_mixin.py:190} INFO - [2025-04-02T07:29:17.175+0000] {dagbag.py:588} INFO - Filling up the DagBag from /home/airflow/.local/lib/python3.12/site-packages/airflow/example_dags/example_workday_timetable.py
[2025-04-02T07:29:17.178+0000] {processor.py:925} INFO - DAG(s) 'example_workday_timetable' retrieved from /home/airflow/.local/lib/python3.12/site-packages/airflow/example_dags/example_workday_timetable.py
[2025-04-02T07:29:17.186+0000] {logging_mixin.py:190} INFO - [2025-04-02T07:29:17.186+0000] {dag.py:3239} INFO - Sync 1 DAGs
[2025-04-02T07:29:17.211+0000] {logging_mixin.py:190} INFO - [2025-04-02T07:29:17.211+0000] {dag.py:4180} INFO - Setting next_dagrun for example_workday_timetable to 2021-01-04 00:00:00+00:00, run_after=2021-01-05 00:00:00+00:00
[2025-04-02T07:29:17.218+0000] {processor.py:208} INFO - Processing /home/airflow/.local/lib/python3.12/site-packages/airflow/example_dags/example_workday_timetable.py took 0.047 seconds
[2025-04-02T07:29:48.361+0000] {processor.py:186} INFO - Started process (PID=463) to work on /home/airflow/.local/lib/python3.12/site-packages/airflow/example_dags/example_workday_timetable.py
[2025-04-02T07:29:48.361+0000] {processor.py:914} INFO - Processing file /home/airflow/.local/lib/python3.12/site-packages/airflow/example_dags/example_workday_timetable.py for tasks to queue
[2025-04-02T07:29:48.363+0000] {logging_mixin.py:190} INFO - [2025-04-02T07:29:48.362+0000] {dagbag.py:588} INFO - Filling up the DagBag from /home/airflow/.local/lib/python3.12/site-packages/airflow/example_dags/example_workday_timetable.py
[2025-04-02T07:29:48.366+0000] {processor.py:925} INFO - DAG(s) 'example_workday_timetable' retrieved from /home/airflow/.local/lib/python3.12/site-packages/airflow/example_dags/example_workday_timetable.py
[2025-04-02T07:29:48.376+0000] {logging_mixin.py:190} INFO - [2025-04-02T07:29:48.376+0000] {dag.py:3239} INFO - Sync 1 DAGs
[2025-04-02T07:29:48.402+0000] {logging_mixin.py:190} INFO - [2025-04-02T07:29:48.402+0000] {dag.py:4180} INFO - Setting next_dagrun for example_workday_timetable to 2021-01-04 00:00:00+00:00, run_after=2021-01-05 00:00:00+00:00
[2025-04-02T07:29:48.413+0000] {processor.py:208} INFO - Processing /home/airflow/.local/lib/python3.12/site-packages/airflow/example_dags/example_workday_timetable.py took 0.055 seconds
[2025-04-02T07:30:28.014+0000] {processor.py:186} INFO - Started process (PID=527) to work on /home/airflow/.local/lib/python3.12/site-packages/airflow/example_dags/example_workday_timetable.py
[2025-04-02T07:30:28.015+0000] {processor.py:914} INFO - Processing file /home/airflow/.local/lib/python3.12/site-packages/airflow/example_dags/example_workday_timetable.py for tasks to queue
[2025-04-02T07:30:28.023+0000] {logging_mixin.py:190} INFO - [2025-04-02T07:30:28.023+0000] {dagbag.py:588} INFO - Filling up the DagBag from /home/airflow/.local/lib/python3.12/site-packages/airflow/example_dags/example_workday_timetable.py
[2025-04-02T07:30:28.044+0000] {processor.py:925} INFO - DAG(s) 'example_workday_timetable' retrieved from /home/airflow/.local/lib/python3.12/site-packages/airflow/example_dags/example_workday_timetable.py
[2025-04-02T07:30:28.121+0000] {logging_mixin.py:190} INFO - [2025-04-02T07:30:28.121+0000] {dag.py:3239} INFO - Sync 1 DAGs
[2025-04-02T07:30:28.256+0000] {logging_mixin.py:190} INFO - [2025-04-02T07:30:28.256+0000] {dag.py:4180} INFO - Setting next_dagrun for example_workday_timetable to 2021-01-04 00:00:00+00:00, run_after=2021-01-05 00:00:00+00:00
[2025-04-02T07:30:28.316+0000] {processor.py:208} INFO - Processing /home/airflow/.local/lib/python3.12/site-packages/airflow/example_dags/example_workday_timetable.py took 0.308 seconds
[2025-04-02T07:30:59.555+0000] {processor.py:186} INFO - Started process (PID=590) to work on /home/airflow/.local/lib/python3.12/site-packages/airflow/example_dags/example_workday_timetable.py
[2025-04-02T07:30:59.557+0000] {processor.py:914} INFO - Processing file /home/airflow/.local/lib/python3.12/site-packages/airflow/example_dags/example_workday_timetable.py for tasks to queue
[2025-04-02T07:30:59.561+0000] {logging_mixin.py:190} INFO - [2025-04-02T07:30:59.561+0000] {dagbag.py:588} INFO - Filling up the DagBag from /home/airflow/.local/lib/python3.12/site-packages/airflow/example_dags/example_workday_timetable.py
[2025-04-02T07:30:59.575+0000] {processor.py:925} INFO - DAG(s) 'example_workday_timetable' retrieved from /home/airflow/.local/lib/python3.12/site-packages/airflow/example_dags/example_workday_timetable.py
[2025-04-02T07:30:59.628+0000] {logging_mixin.py:190} INFO - [2025-04-02T07:30:59.627+0000] {dag.py:3239} INFO - Sync 1 DAGs
[2025-04-02T07:30:59.772+0000] {logging_mixin.py:190} INFO - [2025-04-02T07:30:59.772+0000] {dag.py:4180} INFO - Setting next_dagrun for example_workday_timetable to 2021-01-04 00:00:00+00:00, run_after=2021-01-05 00:00:00+00:00
[2025-04-02T07:30:59.806+0000] {processor.py:208} INFO - Processing /home/airflow/.local/lib/python3.12/site-packages/airflow/example_dags/example_workday_timetable.py took 0.257 seconds
[2025-04-02T07:31:30.860+0000] {processor.py:186} INFO - Started process (PID=653) to work on /home/airflow/.local/lib/python3.12/site-packages/airflow/example_dags/example_workday_timetable.py
[2025-04-02T07:31:30.860+0000] {processor.py:914} INFO - Processing file /home/airflow/.local/lib/python3.12/site-packages/airflow/example_dags/example_workday_timetable.py for tasks to queue
[2025-04-02T07:31:30.862+0000] {logging_mixin.py:190} INFO - [2025-04-02T07:31:30.862+0000] {dagbag.py:588} INFO - Filling up the DagBag from /home/airflow/.local/lib/python3.12/site-packages/airflow/example_dags/example_workday_timetable.py
[2025-04-02T07:31:30.866+0000] {processor.py:925} INFO - DAG(s) 'example_workday_timetable' retrieved from /home/airflow/.local/lib/python3.12/site-packages/airflow/example_dags/example_workday_timetable.py
[2025-04-02T07:31:30.879+0000] {logging_mixin.py:190} INFO - [2025-04-02T07:31:30.879+0000] {dag.py:3239} INFO - Sync 1 DAGs
[2025-04-02T07:31:30.927+0000] {logging_mixin.py:190} INFO - [2025-04-02T07:31:30.927+0000] {dag.py:4180} INFO - Setting next_dagrun for example_workday_timetable to 2021-01-04 00:00:00+00:00, run_after=2021-01-05 00:00:00+00:00
[2025-04-02T07:31:30.936+0000] {processor.py:208} INFO - Processing /home/airflow/.local/lib/python3.12/site-packages/airflow/example_dags/example_workday_timetable.py took 0.083 seconds
[2025-04-02T07:32:01.108+0000] {processor.py:186} INFO - Started process (PID=717) to work on /home/airflow/.local/lib/python3.12/site-packages/airflow/example_dags/example_workday_timetable.py
[2025-04-02T07:32:01.111+0000] {processor.py:914} INFO - Processing file /home/airflow/.local/lib/python3.12/site-packages/airflow/example_dags/example_workday_timetable.py for tasks to queue
[2025-04-02T07:32:01.115+0000] {logging_mixin.py:190} INFO - [2025-04-02T07:32:01.114+0000] {dagbag.py:588} INFO - Filling up the DagBag from /home/airflow/.local/lib/python3.12/site-packages/airflow/example_dags/example_workday_timetable.py
[2025-04-02T07:32:01.125+0000] {processor.py:925} INFO - DAG(s) 'example_workday_timetable' retrieved from /home/airflow/.local/lib/python3.12/site-packages/airflow/example_dags/example_workday_timetable.py
[2025-04-02T07:32:01.138+0000] {logging_mixin.py:190} INFO - [2025-04-02T07:32:01.138+0000] {dag.py:3239} INFO - Sync 1 DAGs
[2025-04-02T07:32:01.168+0000] {logging_mixin.py:190} INFO - [2025-04-02T07:32:01.168+0000] {dag.py:4180} INFO - Setting next_dagrun for example_workday_timetable to 2021-01-04 00:00:00+00:00, run_after=2021-01-05 00:00:00+00:00
[2025-04-02T07:32:01.180+0000] {processor.py:208} INFO - Processing /home/airflow/.local/lib/python3.12/site-packages/airflow/example_dags/example_workday_timetable.py took 0.080 seconds
[2025-04-02T07:32:31.266+0000] {processor.py:186} INFO - Started process (PID=781) to work on /home/airflow/.local/lib/python3.12/site-packages/airflow/example_dags/example_workday_timetable.py
[2025-04-02T07:32:31.268+0000] {processor.py:914} INFO - Processing file /home/airflow/.local/lib/python3.12/site-packages/airflow/example_dags/example_workday_timetable.py for tasks to queue
[2025-04-02T07:32:31.269+0000] {logging_mixin.py:190} INFO - [2025-04-02T07:32:31.269+0000] {dagbag.py:588} INFO - Filling up the DagBag from /home/airflow/.local/lib/python3.12/site-packages/airflow/example_dags/example_workday_timetable.py
[2025-04-02T07:32:31.273+0000] {processor.py:925} INFO - DAG(s) 'example_workday_timetable' retrieved from /home/airflow/.local/lib/python3.12/site-packages/airflow/example_dags/example_workday_timetable.py
[2025-04-02T07:32:31.286+0000] {logging_mixin.py:190} INFO - [2025-04-02T07:32:31.286+0000] {dag.py:3239} INFO - Sync 1 DAGs
[2025-04-02T07:32:31.329+0000] {logging_mixin.py:190} INFO - [2025-04-02T07:32:31.328+0000] {dag.py:4180} INFO - Setting next_dagrun for example_workday_timetable to 2021-01-04 00:00:00+00:00, run_after=2021-01-05 00:00:00+00:00
[2025-04-02T07:32:31.341+0000] {processor.py:208} INFO - Processing /home/airflow/.local/lib/python3.12/site-packages/airflow/example_dags/example_workday_timetable.py took 0.084 seconds
