[2025-04-02T07:25:56.878+0000] {processor.py:186} INFO - Started process (PID=89) to work on /home/airflow/.local/lib/python3.12/site-packages/airflow/example_dags/example_params_trigger_ui.py
[2025-04-02T07:25:56.879+0000] {processor.py:914} INFO - Processing file /home/airflow/.local/lib/python3.12/site-packages/airflow/example_dags/example_params_trigger_ui.py for tasks to queue
[2025-04-02T07:25:56.880+0000] {logging_mixin.py:190} INFO - [2025-04-02T07:25:56.880+0000] {dagbag.py:588} INFO - Filling up the DagBag from /home/airflow/.local/lib/python3.12/site-packages/airflow/example_dags/example_params_trigger_ui.py
[2025-04-02T07:25:56.890+0000] {processor.py:925} INFO - DAG(s) 'example_params_trigger_ui' retrieved from /home/airflow/.local/lib/python3.12/site-packages/airflow/example_dags/example_params_trigger_ui.py
[2025-04-02T07:25:56.976+0000] {logging_mixin.py:190} INFO - [2025-04-02T07:25:56.975+0000] {override.py:1912} INFO - Created Permission View: can delete on DAG:example_params_trigger_ui
[2025-04-02T07:25:56.980+0000] {logging_mixin.py:190} INFO - [2025-04-02T07:25:56.980+0000] {override.py:1912} INFO - Created Permission View: can read on DAG:example_params_trigger_ui
[2025-04-02T07:25:56.982+0000] {logging_mixin.py:190} INFO - [2025-04-02T07:25:56.982+0000] {override.py:1912} INFO - Created Permission View: can edit on DAG:example_params_trigger_ui
[2025-04-02T07:25:56.984+0000] {logging_mixin.py:190} INFO - [2025-04-02T07:25:56.984+0000] {override.py:1912} INFO - Created Permission View: can delete on DAG Run:example_params_trigger_ui
[2025-04-02T07:25:56.986+0000] {logging_mixin.py:190} INFO - [2025-04-02T07:25:56.986+0000] {override.py:1912} INFO - Created Permission View: can read on DAG Run:example_params_trigger_ui
[2025-04-02T07:25:56.988+0000] {logging_mixin.py:190} INFO - [2025-04-02T07:25:56.987+0000] {override.py:1912} INFO - Created Permission View: can create on DAG Run:example_params_trigger_ui
[2025-04-02T07:25:56.989+0000] {logging_mixin.py:190} INFO - [2025-04-02T07:25:56.989+0000] {override.py:1912} INFO - Created Permission View: menu access on DAG Run:example_params_trigger_ui
[2025-04-02T07:25:56.990+0000] {logging_mixin.py:190} INFO - [2025-04-02T07:25:56.990+0000] {dag.py:3239} INFO - Sync 1 DAGs
[2025-04-02T07:25:56.995+0000] {logging_mixin.py:190} INFO - [2025-04-02T07:25:56.995+0000] {dag.py:3262} INFO - Creating ORM DAG for example_params_trigger_ui
[2025-04-02T07:25:56.996+0000] {logging_mixin.py:190} INFO - [2025-04-02T07:25:56.996+0000] {dag.py:4180} INFO - Setting next_dagrun for example_params_trigger_ui to None, run_after=None
[2025-04-02T07:25:57.004+0000] {processor.py:208} INFO - Processing /home/airflow/.local/lib/python3.12/site-packages/airflow/example_dags/example_params_trigger_ui.py took 0.131 seconds
[2025-04-02T07:26:43.166+0000] {processor.py:186} INFO - Started process (PID=81) to work on /home/airflow/.local/lib/python3.12/site-packages/airflow/example_dags/example_params_trigger_ui.py
[2025-04-02T07:26:43.167+0000] {processor.py:914} INFO - Processing file /home/airflow/.local/lib/python3.12/site-packages/airflow/example_dags/example_params_trigger_ui.py for tasks to queue
[2025-04-02T07:26:43.170+0000] {logging_mixin.py:190} INFO - [2025-04-02T07:26:43.170+0000] {dagbag.py:588} INFO - Filling up the DagBag from /home/airflow/.local/lib/python3.12/site-packages/airflow/example_dags/example_params_trigger_ui.py
[2025-04-02T07:26:43.176+0000] {processor.py:925} INFO - DAG(s) 'example_params_trigger_ui' retrieved from /home/airflow/.local/lib/python3.12/site-packages/airflow/example_dags/example_params_trigger_ui.py
[2025-04-02T07:26:43.193+0000] {logging_mixin.py:190} INFO - [2025-04-02T07:26:43.192+0000] {dag.py:3239} INFO - Sync 1 DAGs
[2025-04-02T07:26:43.201+0000] {logging_mixin.py:190} INFO - [2025-04-02T07:26:43.201+0000] {dag.py:4180} INFO - Setting next_dagrun for example_params_trigger_ui to None, run_after=None
[2025-04-02T07:26:43.210+0000] {processor.py:208} INFO - Processing /home/airflow/.local/lib/python3.12/site-packages/airflow/example_dags/example_params_trigger_ui.py took 0.046 seconds
[2025-04-02T07:27:13.997+0000] {processor.py:186} INFO - Started process (PID=144) to work on /home/airflow/.local/lib/python3.12/site-packages/airflow/example_dags/example_params_trigger_ui.py
[2025-04-02T07:27:14.000+0000] {processor.py:914} INFO - Processing file /home/airflow/.local/lib/python3.12/site-packages/airflow/example_dags/example_params_trigger_ui.py for tasks to queue
[2025-04-02T07:27:14.001+0000] {logging_mixin.py:190} INFO - [2025-04-02T07:27:14.001+0000] {dagbag.py:588} INFO - Filling up the DagBag from /home/airflow/.local/lib/python3.12/site-packages/airflow/example_dags/example_params_trigger_ui.py
[2025-04-02T07:27:14.006+0000] {processor.py:925} INFO - DAG(s) 'example_params_trigger_ui' retrieved from /home/airflow/.local/lib/python3.12/site-packages/airflow/example_dags/example_params_trigger_ui.py
[2025-04-02T07:27:14.022+0000] {logging_mixin.py:190} INFO - [2025-04-02T07:27:14.022+0000] {dag.py:3239} INFO - Sync 1 DAGs
[2025-04-02T07:27:14.029+0000] {logging_mixin.py:190} INFO - [2025-04-02T07:27:14.029+0000] {dag.py:4180} INFO - Setting next_dagrun for example_params_trigger_ui to None, run_after=None
[2025-04-02T07:27:14.035+0000] {processor.py:208} INFO - Processing /home/airflow/.local/lib/python3.12/site-packages/airflow/example_dags/example_params_trigger_ui.py took 0.041 seconds
[2025-04-02T07:27:44.729+0000] {processor.py:186} INFO - Started process (PID=207) to work on /home/airflow/.local/lib/python3.12/site-packages/airflow/example_dags/example_params_trigger_ui.py
[2025-04-02T07:27:44.729+0000] {processor.py:914} INFO - Processing file /home/airflow/.local/lib/python3.12/site-packages/airflow/example_dags/example_params_trigger_ui.py for tasks to queue
[2025-04-02T07:27:44.731+0000] {logging_mixin.py:190} INFO - [2025-04-02T07:27:44.730+0000] {dagbag.py:588} INFO - Filling up the DagBag from /home/airflow/.local/lib/python3.12/site-packages/airflow/example_dags/example_params_trigger_ui.py
[2025-04-02T07:27:44.738+0000] {processor.py:925} INFO - DAG(s) 'example_params_trigger_ui' retrieved from /home/airflow/.local/lib/python3.12/site-packages/airflow/example_dags/example_params_trigger_ui.py
[2025-04-02T07:27:44.755+0000] {logging_mixin.py:190} INFO - [2025-04-02T07:27:44.755+0000] {dag.py:3239} INFO - Sync 1 DAGs
[2025-04-02T07:27:44.762+0000] {logging_mixin.py:190} INFO - [2025-04-02T07:27:44.761+0000] {dag.py:4180} INFO - Setting next_dagrun for example_params_trigger_ui to None, run_after=None
[2025-04-02T07:27:44.769+0000] {processor.py:208} INFO - Processing /home/airflow/.local/lib/python3.12/site-packages/airflow/example_dags/example_params_trigger_ui.py took 0.044 seconds
[2025-04-02T07:28:15.571+0000] {processor.py:186} INFO - Started process (PID=269) to work on /home/airflow/.local/lib/python3.12/site-packages/airflow/example_dags/example_params_trigger_ui.py
[2025-04-02T07:28:15.574+0000] {processor.py:914} INFO - Processing file /home/airflow/.local/lib/python3.12/site-packages/airflow/example_dags/example_params_trigger_ui.py for tasks to queue
[2025-04-02T07:28:15.575+0000] {logging_mixin.py:190} INFO - [2025-04-02T07:28:15.574+0000] {dagbag.py:588} INFO - Filling up the DagBag from /home/airflow/.local/lib/python3.12/site-packages/airflow/example_dags/example_params_trigger_ui.py
[2025-04-02T07:28:15.583+0000] {processor.py:925} INFO - DAG(s) 'example_params_trigger_ui' retrieved from /home/airflow/.local/lib/python3.12/site-packages/airflow/example_dags/example_params_trigger_ui.py
[2025-04-02T07:28:15.601+0000] {logging_mixin.py:190} INFO - [2025-04-02T07:28:15.601+0000] {dag.py:3239} INFO - Sync 1 DAGs
[2025-04-02T07:28:15.609+0000] {logging_mixin.py:190} INFO - [2025-04-02T07:28:15.609+0000] {dag.py:4180} INFO - Setting next_dagrun for example_params_trigger_ui to None, run_after=None
[2025-04-02T07:28:15.617+0000] {processor.py:208} INFO - Processing /home/airflow/.local/lib/python3.12/site-packages/airflow/example_dags/example_params_trigger_ui.py took 0.048 seconds
[2025-04-02T07:28:46.051+0000] {processor.py:186} INFO - Started process (PID=332) to work on /home/airflow/.local/lib/python3.12/site-packages/airflow/example_dags/example_params_trigger_ui.py
[2025-04-02T07:28:46.051+0000] {processor.py:914} INFO - Processing file /home/airflow/.local/lib/python3.12/site-packages/airflow/example_dags/example_params_trigger_ui.py for tasks to queue
[2025-04-02T07:28:46.053+0000] {logging_mixin.py:190} INFO - [2025-04-02T07:28:46.052+0000] {dagbag.py:588} INFO - Filling up the DagBag from /home/airflow/.local/lib/python3.12/site-packages/airflow/example_dags/example_params_trigger_ui.py
[2025-04-02T07:28:46.058+0000] {processor.py:925} INFO - DAG(s) 'example_params_trigger_ui' retrieved from /home/airflow/.local/lib/python3.12/site-packages/airflow/example_dags/example_params_trigger_ui.py
[2025-04-02T07:28:46.077+0000] {logging_mixin.py:190} INFO - [2025-04-02T07:28:46.076+0000] {dag.py:3239} INFO - Sync 1 DAGs
[2025-04-02T07:28:46.084+0000] {logging_mixin.py:190} INFO - [2025-04-02T07:28:46.084+0000] {dag.py:4180} INFO - Setting next_dagrun for example_params_trigger_ui to None, run_after=None
[2025-04-02T07:28:46.094+0000] {processor.py:208} INFO - Processing /home/airflow/.local/lib/python3.12/site-packages/airflow/example_dags/example_params_trigger_ui.py took 0.046 seconds
[2025-04-02T07:29:17.059+0000] {processor.py:186} INFO - Started process (PID=395) to work on /home/airflow/.local/lib/python3.12/site-packages/airflow/example_dags/example_params_trigger_ui.py
[2025-04-02T07:29:17.060+0000] {processor.py:914} INFO - Processing file /home/airflow/.local/lib/python3.12/site-packages/airflow/example_dags/example_params_trigger_ui.py for tasks to queue
[2025-04-02T07:29:17.061+0000] {logging_mixin.py:190} INFO - [2025-04-02T07:29:17.061+0000] {dagbag.py:588} INFO - Filling up the DagBag from /home/airflow/.local/lib/python3.12/site-packages/airflow/example_dags/example_params_trigger_ui.py
[2025-04-02T07:29:17.066+0000] {processor.py:925} INFO - DAG(s) 'example_params_trigger_ui' retrieved from /home/airflow/.local/lib/python3.12/site-packages/airflow/example_dags/example_params_trigger_ui.py
[2025-04-02T07:29:17.085+0000] {logging_mixin.py:190} INFO - [2025-04-02T07:29:17.085+0000] {dag.py:3239} INFO - Sync 1 DAGs
[2025-04-02T07:29:17.092+0000] {logging_mixin.py:190} INFO - [2025-04-02T07:29:17.092+0000] {dag.py:4180} INFO - Setting next_dagrun for example_params_trigger_ui to None, run_after=None
[2025-04-02T07:29:17.100+0000] {processor.py:208} INFO - Processing /home/airflow/.local/lib/python3.12/site-packages/airflow/example_dags/example_params_trigger_ui.py took 0.044 seconds
[2025-04-02T07:29:48.119+0000] {processor.py:186} INFO - Started process (PID=458) to work on /home/airflow/.local/lib/python3.12/site-packages/airflow/example_dags/example_params_trigger_ui.py
[2025-04-02T07:29:48.120+0000] {processor.py:914} INFO - Processing file /home/airflow/.local/lib/python3.12/site-packages/airflow/example_dags/example_params_trigger_ui.py for tasks to queue
[2025-04-02T07:29:48.122+0000] {logging_mixin.py:190} INFO - [2025-04-02T07:29:48.121+0000] {dagbag.py:588} INFO - Filling up the DagBag from /home/airflow/.local/lib/python3.12/site-packages/airflow/example_dags/example_params_trigger_ui.py
[2025-04-02T07:29:48.131+0000] {processor.py:925} INFO - DAG(s) 'example_params_trigger_ui' retrieved from /home/airflow/.local/lib/python3.12/site-packages/airflow/example_dags/example_params_trigger_ui.py
[2025-04-02T07:29:48.154+0000] {logging_mixin.py:190} INFO - [2025-04-02T07:29:48.154+0000] {dag.py:3239} INFO - Sync 1 DAGs
[2025-04-02T07:29:48.162+0000] {logging_mixin.py:190} INFO - [2025-04-02T07:29:48.162+0000] {dag.py:4180} INFO - Setting next_dagrun for example_params_trigger_ui to None, run_after=None
[2025-04-02T07:29:48.209+0000] {processor.py:208} INFO - Processing /home/airflow/.local/lib/python3.12/site-packages/airflow/example_dags/example_params_trigger_ui.py took 0.093 seconds
[2025-04-02T07:30:27.233+0000] {processor.py:186} INFO - Started process (PID=522) to work on /home/airflow/.local/lib/python3.12/site-packages/airflow/example_dags/example_params_trigger_ui.py
[2025-04-02T07:30:27.238+0000] {processor.py:914} INFO - Processing file /home/airflow/.local/lib/python3.12/site-packages/airflow/example_dags/example_params_trigger_ui.py for tasks to queue
[2025-04-02T07:30:27.242+0000] {logging_mixin.py:190} INFO - [2025-04-02T07:30:27.242+0000] {dagbag.py:588} INFO - Filling up the DagBag from /home/airflow/.local/lib/python3.12/site-packages/airflow/example_dags/example_params_trigger_ui.py
[2025-04-02T07:30:27.261+0000] {processor.py:925} INFO - DAG(s) 'example_params_trigger_ui' retrieved from /home/airflow/.local/lib/python3.12/site-packages/airflow/example_dags/example_params_trigger_ui.py
[2025-04-02T07:30:27.379+0000] {logging_mixin.py:190} INFO - [2025-04-02T07:30:27.379+0000] {dag.py:3239} INFO - Sync 1 DAGs
[2025-04-02T07:30:27.418+0000] {logging_mixin.py:190} INFO - [2025-04-02T07:30:27.418+0000] {dag.py:4180} INFO - Setting next_dagrun for example_params_trigger_ui to None, run_after=None
[2025-04-02T07:30:27.520+0000] {processor.py:208} INFO - Processing /home/airflow/.local/lib/python3.12/site-packages/airflow/example_dags/example_params_trigger_ui.py took 0.303 seconds
[2025-04-02T07:30:58.562+0000] {processor.py:186} INFO - Started process (PID=585) to work on /home/airflow/.local/lib/python3.12/site-packages/airflow/example_dags/example_params_trigger_ui.py
[2025-04-02T07:30:58.564+0000] {processor.py:914} INFO - Processing file /home/airflow/.local/lib/python3.12/site-packages/airflow/example_dags/example_params_trigger_ui.py for tasks to queue
[2025-04-02T07:30:58.582+0000] {logging_mixin.py:190} INFO - [2025-04-02T07:30:58.579+0000] {dagbag.py:588} INFO - Filling up the DagBag from /home/airflow/.local/lib/python3.12/site-packages/airflow/example_dags/example_params_trigger_ui.py
[2025-04-02T07:30:58.616+0000] {processor.py:925} INFO - DAG(s) 'example_params_trigger_ui' retrieved from /home/airflow/.local/lib/python3.12/site-packages/airflow/example_dags/example_params_trigger_ui.py
[2025-04-02T07:30:58.760+0000] {logging_mixin.py:190} INFO - [2025-04-02T07:30:58.759+0000] {dag.py:3239} INFO - Sync 1 DAGs
[2025-04-02T07:30:58.821+0000] {logging_mixin.py:190} INFO - [2025-04-02T07:30:58.821+0000] {dag.py:4180} INFO - Setting next_dagrun for example_params_trigger_ui to None, run_after=None
[2025-04-02T07:30:58.917+0000] {processor.py:208} INFO - Processing /home/airflow/.local/lib/python3.12/site-packages/airflow/example_dags/example_params_trigger_ui.py took 0.391 seconds
[2025-04-02T07:31:29.676+0000] {processor.py:186} INFO - Started process (PID=648) to work on /home/airflow/.local/lib/python3.12/site-packages/airflow/example_dags/example_params_trigger_ui.py
[2025-04-02T07:31:29.677+0000] {processor.py:914} INFO - Processing file /home/airflow/.local/lib/python3.12/site-packages/airflow/example_dags/example_params_trigger_ui.py for tasks to queue
[2025-04-02T07:31:29.679+0000] {logging_mixin.py:190} INFO - [2025-04-02T07:31:29.679+0000] {dagbag.py:588} INFO - Filling up the DagBag from /home/airflow/.local/lib/python3.12/site-packages/airflow/example_dags/example_params_trigger_ui.py
[2025-04-02T07:31:29.688+0000] {processor.py:925} INFO - DAG(s) 'example_params_trigger_ui' retrieved from /home/airflow/.local/lib/python3.12/site-packages/airflow/example_dags/example_params_trigger_ui.py
[2025-04-02T07:31:29.714+0000] {logging_mixin.py:190} INFO - [2025-04-02T07:31:29.714+0000] {dag.py:3239} INFO - Sync 1 DAGs
[2025-04-02T07:31:29.720+0000] {logging_mixin.py:190} INFO - [2025-04-02T07:31:29.720+0000] {dag.py:4180} INFO - Setting next_dagrun for example_params_trigger_ui to None, run_after=None
[2025-04-02T07:31:29.728+0000] {processor.py:208} INFO - Processing /home/airflow/.local/lib/python3.12/site-packages/airflow/example_dags/example_params_trigger_ui.py took 0.058 seconds
[2025-04-02T07:31:59.922+0000] {processor.py:186} INFO - Started process (PID=712) to work on /home/airflow/.local/lib/python3.12/site-packages/airflow/example_dags/example_params_trigger_ui.py
[2025-04-02T07:31:59.923+0000] {processor.py:914} INFO - Processing file /home/airflow/.local/lib/python3.12/site-packages/airflow/example_dags/example_params_trigger_ui.py for tasks to queue
[2025-04-02T07:31:59.924+0000] {logging_mixin.py:190} INFO - [2025-04-02T07:31:59.924+0000] {dagbag.py:588} INFO - Filling up the DagBag from /home/airflow/.local/lib/python3.12/site-packages/airflow/example_dags/example_params_trigger_ui.py
[2025-04-02T07:31:59.936+0000] {processor.py:925} INFO - DAG(s) 'example_params_trigger_ui' retrieved from /home/airflow/.local/lib/python3.12/site-packages/airflow/example_dags/example_params_trigger_ui.py
[2025-04-02T07:31:59.963+0000] {logging_mixin.py:190} INFO - [2025-04-02T07:31:59.963+0000] {dag.py:3239} INFO - Sync 1 DAGs
[2025-04-02T07:31:59.971+0000] {logging_mixin.py:190} INFO - [2025-04-02T07:31:59.971+0000] {dag.py:4180} INFO - Setting next_dagrun for example_params_trigger_ui to None, run_after=None
[2025-04-02T07:31:59.984+0000] {processor.py:208} INFO - Processing /home/airflow/.local/lib/python3.12/site-packages/airflow/example_dags/example_params_trigger_ui.py took 0.069 seconds
[2025-04-02T07:32:30.981+0000] {processor.py:186} INFO - Started process (PID=776) to work on /home/airflow/.local/lib/python3.12/site-packages/airflow/example_dags/example_params_trigger_ui.py
[2025-04-02T07:32:30.983+0000] {processor.py:914} INFO - Processing file /home/airflow/.local/lib/python3.12/site-packages/airflow/example_dags/example_params_trigger_ui.py for tasks to queue
[2025-04-02T07:32:30.987+0000] {logging_mixin.py:190} INFO - [2025-04-02T07:32:30.987+0000] {dagbag.py:588} INFO - Filling up the DagBag from /home/airflow/.local/lib/python3.12/site-packages/airflow/example_dags/example_params_trigger_ui.py
[2025-04-02T07:32:31.014+0000] {processor.py:925} INFO - DAG(s) 'example_params_trigger_ui' retrieved from /home/airflow/.local/lib/python3.12/site-packages/airflow/example_dags/example_params_trigger_ui.py
[2025-04-02T07:32:31.071+0000] {logging_mixin.py:190} INFO - [2025-04-02T07:32:31.071+0000] {dag.py:3239} INFO - Sync 1 DAGs
[2025-04-02T07:32:31.090+0000] {logging_mixin.py:190} INFO - [2025-04-02T07:32:31.090+0000] {dag.py:4180} INFO - Setting next_dagrun for example_params_trigger_ui to None, run_after=None
[2025-04-02T07:32:31.113+0000] {processor.py:208} INFO - Processing /home/airflow/.local/lib/python3.12/site-packages/airflow/example_dags/example_params_trigger_ui.py took 0.150 seconds
