[2025-04-02T07:25:52.841+0000] {processor.py:186} INFO - Started process (PID=63) to work on /home/airflow/.local/lib/python3.12/site-packages/airflow/example_dags/example_dataset_alias_with_no_taskflow.py
[2025-04-02T07:25:52.842+0000] {processor.py:914} INFO - Processing file /home/airflow/.local/lib/python3.12/site-packages/airflow/example_dags/example_dataset_alias_with_no_taskflow.py for tasks to queue
[2025-04-02T07:25:52.844+0000] {logging_mixin.py:190} INFO - [2025-04-02T07:25:52.843+0000] {dagbag.py:588} INFO - Filling up the DagBag from /home/airflow/.local/lib/python3.12/site-packages/airflow/example_dags/example_dataset_alias_with_no_taskflow.py
[2025-04-02T07:25:53.684+0000] {processor.py:925} INFO - DAG(s) 'dataset_s3_bucket_consumer_with_no_taskflow', 'dataset_alias_example_alias_consumer_with_no_taskflow', 'dataset_s3_bucket_producer_with_no_taskflow', 'dataset_alias_example_alias_producer_with_no_taskflow' retrieved from /home/airflow/.local/lib/python3.12/site-packages/airflow/example_dags/example_dataset_alias_with_no_taskflow.py
[2025-04-02T07:25:53.721+0000] {logging_mixin.py:190} INFO - [2025-04-02T07:25:53.721+0000] {override.py:1912} INFO - Created Permission View: can delete on DAG:dataset_s3_bucket_consumer_with_no_taskflow
[2025-04-02T07:25:53.724+0000] {logging_mixin.py:190} INFO - [2025-04-02T07:25:53.724+0000] {override.py:1912} INFO - Created Permission View: can read on DAG:dataset_s3_bucket_consumer_with_no_taskflow
[2025-04-02T07:25:53.727+0000] {logging_mixin.py:190} INFO - [2025-04-02T07:25:53.727+0000] {override.py:1912} INFO - Created Permission View: can edit on DAG:dataset_s3_bucket_consumer_with_no_taskflow
[2025-04-02T07:25:53.729+0000] {logging_mixin.py:190} INFO - [2025-04-02T07:25:53.729+0000] {override.py:1912} INFO - Created Permission View: can delete on DAG Run:dataset_s3_bucket_consumer_with_no_taskflow
[2025-04-02T07:25:53.731+0000] {logging_mixin.py:190} INFO - [2025-04-02T07:25:53.731+0000] {override.py:1912} INFO - Created Permission View: can read on DAG Run:dataset_s3_bucket_consumer_with_no_taskflow
[2025-04-02T07:25:53.733+0000] {logging_mixin.py:190} INFO - [2025-04-02T07:25:53.733+0000] {override.py:1912} INFO - Created Permission View: can create on DAG Run:dataset_s3_bucket_consumer_with_no_taskflow
[2025-04-02T07:25:53.735+0000] {logging_mixin.py:190} INFO - [2025-04-02T07:25:53.735+0000] {override.py:1912} INFO - Created Permission View: menu access on DAG Run:dataset_s3_bucket_consumer_with_no_taskflow
[2025-04-02T07:25:53.739+0000] {logging_mixin.py:190} INFO - [2025-04-02T07:25:53.739+0000] {override.py:1912} INFO - Created Permission View: can delete on DAG:dataset_alias_example_alias_consumer_with_no_taskflow
[2025-04-02T07:25:53.741+0000] {logging_mixin.py:190} INFO - [2025-04-02T07:25:53.741+0000] {override.py:1912} INFO - Created Permission View: can read on DAG:dataset_alias_example_alias_consumer_with_no_taskflow
[2025-04-02T07:25:53.743+0000] {logging_mixin.py:190} INFO - [2025-04-02T07:25:53.743+0000] {override.py:1912} INFO - Created Permission View: can edit on DAG:dataset_alias_example_alias_consumer_with_no_taskflow
[2025-04-02T07:25:53.746+0000] {logging_mixin.py:190} INFO - [2025-04-02T07:25:53.746+0000] {override.py:1912} INFO - Created Permission View: can delete on DAG Run:dataset_alias_example_alias_consumer_with_no_taskflow
[2025-04-02T07:25:53.749+0000] {logging_mixin.py:190} INFO - [2025-04-02T07:25:53.749+0000] {override.py:1912} INFO - Created Permission View: can read on DAG Run:dataset_alias_example_alias_consumer_with_no_taskflow
[2025-04-02T07:25:53.751+0000] {logging_mixin.py:190} INFO - [2025-04-02T07:25:53.751+0000] {override.py:1912} INFO - Created Permission View: can create on DAG Run:dataset_alias_example_alias_consumer_with_no_taskflow
[2025-04-02T07:25:53.754+0000] {logging_mixin.py:190} INFO - [2025-04-02T07:25:53.754+0000] {override.py:1912} INFO - Created Permission View: menu access on DAG Run:dataset_alias_example_alias_consumer_with_no_taskflow
[2025-04-02T07:25:53.758+0000] {logging_mixin.py:190} INFO - [2025-04-02T07:25:53.758+0000] {override.py:1912} INFO - Created Permission View: can delete on DAG:dataset_s3_bucket_producer_with_no_taskflow
[2025-04-02T07:25:53.760+0000] {logging_mixin.py:190} INFO - [2025-04-02T07:25:53.760+0000] {override.py:1912} INFO - Created Permission View: can read on DAG:dataset_s3_bucket_producer_with_no_taskflow
[2025-04-02T07:25:53.762+0000] {logging_mixin.py:190} INFO - [2025-04-02T07:25:53.762+0000] {override.py:1912} INFO - Created Permission View: can edit on DAG:dataset_s3_bucket_producer_with_no_taskflow
[2025-04-02T07:25:53.764+0000] {logging_mixin.py:190} INFO - [2025-04-02T07:25:53.764+0000] {override.py:1912} INFO - Created Permission View: can delete on DAG Run:dataset_s3_bucket_producer_with_no_taskflow
[2025-04-02T07:25:53.766+0000] {logging_mixin.py:190} INFO - [2025-04-02T07:25:53.766+0000] {override.py:1912} INFO - Created Permission View: can read on DAG Run:dataset_s3_bucket_producer_with_no_taskflow
[2025-04-02T07:25:53.768+0000] {logging_mixin.py:190} INFO - [2025-04-02T07:25:53.768+0000] {override.py:1912} INFO - Created Permission View: can create on DAG Run:dataset_s3_bucket_producer_with_no_taskflow
[2025-04-02T07:25:53.770+0000] {logging_mixin.py:190} INFO - [2025-04-02T07:25:53.770+0000] {override.py:1912} INFO - Created Permission View: menu access on DAG Run:dataset_s3_bucket_producer_with_no_taskflow
[2025-04-02T07:25:53.775+0000] {logging_mixin.py:190} INFO - [2025-04-02T07:25:53.775+0000] {override.py:1912} INFO - Created Permission View: can delete on DAG:dataset_alias_example_alias_producer_with_no_taskflow
[2025-04-02T07:25:53.777+0000] {logging_mixin.py:190} INFO - [2025-04-02T07:25:53.777+0000] {override.py:1912} INFO - Created Permission View: can read on DAG:dataset_alias_example_alias_producer_with_no_taskflow
[2025-04-02T07:25:53.779+0000] {logging_mixin.py:190} INFO - [2025-04-02T07:25:53.779+0000] {override.py:1912} INFO - Created Permission View: can edit on DAG:dataset_alias_example_alias_producer_with_no_taskflow
[2025-04-02T07:25:53.781+0000] {logging_mixin.py:190} INFO - [2025-04-02T07:25:53.781+0000] {override.py:1912} INFO - Created Permission View: can delete on DAG Run:dataset_alias_example_alias_producer_with_no_taskflow
[2025-04-02T07:25:53.783+0000] {logging_mixin.py:190} INFO - [2025-04-02T07:25:53.783+0000] {override.py:1912} INFO - Created Permission View: can read on DAG Run:dataset_alias_example_alias_producer_with_no_taskflow
[2025-04-02T07:25:53.786+0000] {logging_mixin.py:190} INFO - [2025-04-02T07:25:53.786+0000] {override.py:1912} INFO - Created Permission View: can create on DAG Run:dataset_alias_example_alias_producer_with_no_taskflow
[2025-04-02T07:25:53.791+0000] {logging_mixin.py:190} INFO - [2025-04-02T07:25:53.791+0000] {override.py:1912} INFO - Created Permission View: menu access on DAG Run:dataset_alias_example_alias_producer_with_no_taskflow
[2025-04-02T07:25:53.792+0000] {logging_mixin.py:190} INFO - [2025-04-02T07:25:53.791+0000] {dag.py:3239} INFO - Sync 4 DAGs
[2025-04-02T07:25:53.798+0000] {logging_mixin.py:190} INFO - [2025-04-02T07:25:53.797+0000] {dag.py:3262} INFO - Creating ORM DAG for dataset_s3_bucket_consumer_with_no_taskflow
[2025-04-02T07:25:53.798+0000] {logging_mixin.py:190} INFO - [2025-04-02T07:25:53.798+0000] {dag.py:3262} INFO - Creating ORM DAG for dataset_s3_bucket_producer_with_no_taskflow
[2025-04-02T07:25:53.798+0000] {logging_mixin.py:190} INFO - [2025-04-02T07:25:53.798+0000] {dag.py:3262} INFO - Creating ORM DAG for dataset_alias_example_alias_producer_with_no_taskflow
[2025-04-02T07:25:53.798+0000] {logging_mixin.py:190} INFO - [2025-04-02T07:25:53.798+0000] {dag.py:3262} INFO - Creating ORM DAG for dataset_alias_example_alias_consumer_with_no_taskflow
[2025-04-02T07:25:53.802+0000] {logging_mixin.py:190} INFO - [2025-04-02T07:25:53.802+0000] {dag.py:4180} INFO - Setting next_dagrun for dataset_alias_example_alias_consumer_with_no_taskflow to None, run_after=None
[2025-04-02T07:25:53.802+0000] {logging_mixin.py:190} INFO - [2025-04-02T07:25:53.802+0000] {dag.py:4180} INFO - Setting next_dagrun for dataset_alias_example_alias_producer_with_no_taskflow to None, run_after=None
[2025-04-02T07:25:53.803+0000] {logging_mixin.py:190} INFO - [2025-04-02T07:25:53.803+0000] {dag.py:4180} INFO - Setting next_dagrun for dataset_s3_bucket_consumer_with_no_taskflow to None, run_after=None
[2025-04-02T07:25:53.803+0000] {logging_mixin.py:190} INFO - [2025-04-02T07:25:53.803+0000] {dag.py:4180} INFO - Setting next_dagrun for dataset_s3_bucket_producer_with_no_taskflow to None, run_after=None
[2025-04-02T07:25:53.815+0000] {processor.py:208} INFO - Processing /home/airflow/.local/lib/python3.12/site-packages/airflow/example_dags/example_dataset_alias_with_no_taskflow.py took 0.977 seconds
[2025-04-02T07:26:40.182+0000] {processor.py:186} INFO - Started process (PID=49) to work on /home/airflow/.local/lib/python3.12/site-packages/airflow/example_dags/example_dataset_alias_with_no_taskflow.py
[2025-04-02T07:26:40.183+0000] {processor.py:914} INFO - Processing file /home/airflow/.local/lib/python3.12/site-packages/airflow/example_dags/example_dataset_alias_with_no_taskflow.py for tasks to queue
[2025-04-02T07:26:40.189+0000] {logging_mixin.py:190} INFO - [2025-04-02T07:26:40.189+0000] {dagbag.py:588} INFO - Filling up the DagBag from /home/airflow/.local/lib/python3.12/site-packages/airflow/example_dags/example_dataset_alias_with_no_taskflow.py
[2025-04-02T07:26:40.782+0000] {processor.py:925} INFO - DAG(s) 'dataset_s3_bucket_consumer_with_no_taskflow', 'dataset_s3_bucket_producer_with_no_taskflow', 'dataset_alias_example_alias_producer_with_no_taskflow', 'dataset_alias_example_alias_consumer_with_no_taskflow' retrieved from /home/airflow/.local/lib/python3.12/site-packages/airflow/example_dags/example_dataset_alias_with_no_taskflow.py
[2025-04-02T07:26:40.796+0000] {logging_mixin.py:190} INFO - [2025-04-02T07:26:40.796+0000] {dag.py:3239} INFO - Sync 4 DAGs
[2025-04-02T07:26:40.820+0000] {logging_mixin.py:190} INFO - [2025-04-02T07:26:40.820+0000] {dag.py:4180} INFO - Setting next_dagrun for dataset_alias_example_alias_consumer_with_no_taskflow to None, run_after=None
[2025-04-02T07:26:40.826+0000] {logging_mixin.py:190} INFO - [2025-04-02T07:26:40.826+0000] {dag.py:4180} INFO - Setting next_dagrun for dataset_alias_example_alias_producer_with_no_taskflow to None, run_after=None
[2025-04-02T07:26:40.827+0000] {logging_mixin.py:190} INFO - [2025-04-02T07:26:40.827+0000] {dag.py:4180} INFO - Setting next_dagrun for dataset_s3_bucket_consumer_with_no_taskflow to None, run_after=None
[2025-04-02T07:26:40.829+0000] {logging_mixin.py:190} INFO - [2025-04-02T07:26:40.829+0000] {dag.py:4180} INFO - Setting next_dagrun for dataset_s3_bucket_producer_with_no_taskflow to None, run_after=None
[2025-04-02T07:26:40.845+0000] {processor.py:208} INFO - Processing /home/airflow/.local/lib/python3.12/site-packages/airflow/example_dags/example_dataset_alias_with_no_taskflow.py took 0.667 seconds
[2025-04-02T07:27:11.495+0000] {processor.py:186} INFO - Started process (PID=118) to work on /home/airflow/.local/lib/python3.12/site-packages/airflow/example_dags/example_dataset_alias_with_no_taskflow.py
[2025-04-02T07:27:11.496+0000] {processor.py:914} INFO - Processing file /home/airflow/.local/lib/python3.12/site-packages/airflow/example_dags/example_dataset_alias_with_no_taskflow.py for tasks to queue
[2025-04-02T07:27:11.498+0000] {logging_mixin.py:190} INFO - [2025-04-02T07:27:11.497+0000] {dagbag.py:588} INFO - Filling up the DagBag from /home/airflow/.local/lib/python3.12/site-packages/airflow/example_dags/example_dataset_alias_with_no_taskflow.py
[2025-04-02T07:27:11.893+0000] {processor.py:925} INFO - DAG(s) 'dataset_alias_example_alias_producer_with_no_taskflow', 'dataset_s3_bucket_producer_with_no_taskflow', 'dataset_alias_example_alias_consumer_with_no_taskflow', 'dataset_s3_bucket_consumer_with_no_taskflow' retrieved from /home/airflow/.local/lib/python3.12/site-packages/airflow/example_dags/example_dataset_alias_with_no_taskflow.py
[2025-04-02T07:27:11.906+0000] {logging_mixin.py:190} INFO - [2025-04-02T07:27:11.906+0000] {dag.py:3239} INFO - Sync 4 DAGs
[2025-04-02T07:27:11.926+0000] {logging_mixin.py:190} INFO - [2025-04-02T07:27:11.926+0000] {dag.py:4180} INFO - Setting next_dagrun for dataset_alias_example_alias_consumer_with_no_taskflow to None, run_after=None
[2025-04-02T07:27:11.930+0000] {logging_mixin.py:190} INFO - [2025-04-02T07:27:11.930+0000] {dag.py:4180} INFO - Setting next_dagrun for dataset_alias_example_alias_producer_with_no_taskflow to None, run_after=None
[2025-04-02T07:27:11.931+0000] {logging_mixin.py:190} INFO - [2025-04-02T07:27:11.931+0000] {dag.py:4180} INFO - Setting next_dagrun for dataset_s3_bucket_consumer_with_no_taskflow to None, run_after=None
[2025-04-02T07:27:11.933+0000] {logging_mixin.py:190} INFO - [2025-04-02T07:27:11.933+0000] {dag.py:4180} INFO - Setting next_dagrun for dataset_s3_bucket_producer_with_no_taskflow to None, run_after=None
[2025-04-02T07:27:11.947+0000] {processor.py:208} INFO - Processing /home/airflow/.local/lib/python3.12/site-packages/airflow/example_dags/example_dataset_alias_with_no_taskflow.py took 0.457 seconds
[2025-04-02T07:27:42.199+0000] {processor.py:186} INFO - Started process (PID=181) to work on /home/airflow/.local/lib/python3.12/site-packages/airflow/example_dags/example_dataset_alias_with_no_taskflow.py
[2025-04-02T07:27:42.203+0000] {processor.py:914} INFO - Processing file /home/airflow/.local/lib/python3.12/site-packages/airflow/example_dags/example_dataset_alias_with_no_taskflow.py for tasks to queue
[2025-04-02T07:27:42.204+0000] {logging_mixin.py:190} INFO - [2025-04-02T07:27:42.204+0000] {dagbag.py:588} INFO - Filling up the DagBag from /home/airflow/.local/lib/python3.12/site-packages/airflow/example_dags/example_dataset_alias_with_no_taskflow.py
[2025-04-02T07:27:42.561+0000] {processor.py:925} INFO - DAG(s) 'dataset_alias_example_alias_producer_with_no_taskflow', 'dataset_s3_bucket_producer_with_no_taskflow', 'dataset_s3_bucket_consumer_with_no_taskflow', 'dataset_alias_example_alias_consumer_with_no_taskflow' retrieved from /home/airflow/.local/lib/python3.12/site-packages/airflow/example_dags/example_dataset_alias_with_no_taskflow.py
[2025-04-02T07:27:42.569+0000] {logging_mixin.py:190} INFO - [2025-04-02T07:27:42.569+0000] {dag.py:3239} INFO - Sync 4 DAGs
[2025-04-02T07:27:42.579+0000] {logging_mixin.py:190} INFO - [2025-04-02T07:27:42.579+0000] {dag.py:4180} INFO - Setting next_dagrun for dataset_alias_example_alias_consumer_with_no_taskflow to None, run_after=None
[2025-04-02T07:27:42.580+0000] {logging_mixin.py:190} INFO - [2025-04-02T07:27:42.580+0000] {dag.py:4180} INFO - Setting next_dagrun for dataset_alias_example_alias_producer_with_no_taskflow to None, run_after=None
[2025-04-02T07:27:42.581+0000] {logging_mixin.py:190} INFO - [2025-04-02T07:27:42.581+0000] {dag.py:4180} INFO - Setting next_dagrun for dataset_s3_bucket_consumer_with_no_taskflow to None, run_after=None
[2025-04-02T07:27:42.585+0000] {logging_mixin.py:190} INFO - [2025-04-02T07:27:42.585+0000] {dag.py:4180} INFO - Setting next_dagrun for dataset_s3_bucket_producer_with_no_taskflow to None, run_after=None
[2025-04-02T07:27:42.594+0000] {processor.py:208} INFO - Processing /home/airflow/.local/lib/python3.12/site-packages/airflow/example_dags/example_dataset_alias_with_no_taskflow.py took 0.399 seconds
[2025-04-02T07:28:13.101+0000] {processor.py:186} INFO - Started process (PID=243) to work on /home/airflow/.local/lib/python3.12/site-packages/airflow/example_dags/example_dataset_alias_with_no_taskflow.py
[2025-04-02T07:28:13.102+0000] {processor.py:914} INFO - Processing file /home/airflow/.local/lib/python3.12/site-packages/airflow/example_dags/example_dataset_alias_with_no_taskflow.py for tasks to queue
[2025-04-02T07:28:13.103+0000] {logging_mixin.py:190} INFO - [2025-04-02T07:28:13.103+0000] {dagbag.py:588} INFO - Filling up the DagBag from /home/airflow/.local/lib/python3.12/site-packages/airflow/example_dags/example_dataset_alias_with_no_taskflow.py
[2025-04-02T07:28:13.482+0000] {processor.py:925} INFO - DAG(s) 'dataset_alias_example_alias_producer_with_no_taskflow', 'dataset_s3_bucket_consumer_with_no_taskflow', 'dataset_s3_bucket_producer_with_no_taskflow', 'dataset_alias_example_alias_consumer_with_no_taskflow' retrieved from /home/airflow/.local/lib/python3.12/site-packages/airflow/example_dags/example_dataset_alias_with_no_taskflow.py
[2025-04-02T07:28:13.493+0000] {logging_mixin.py:190} INFO - [2025-04-02T07:28:13.493+0000] {dag.py:3239} INFO - Sync 4 DAGs
[2025-04-02T07:28:13.507+0000] {logging_mixin.py:190} INFO - [2025-04-02T07:28:13.507+0000] {dag.py:4180} INFO - Setting next_dagrun for dataset_alias_example_alias_consumer_with_no_taskflow to None, run_after=None
[2025-04-02T07:28:13.508+0000] {logging_mixin.py:190} INFO - [2025-04-02T07:28:13.508+0000] {dag.py:4180} INFO - Setting next_dagrun for dataset_alias_example_alias_producer_with_no_taskflow to None, run_after=None
[2025-04-02T07:28:13.509+0000] {logging_mixin.py:190} INFO - [2025-04-02T07:28:13.509+0000] {dag.py:4180} INFO - Setting next_dagrun for dataset_s3_bucket_consumer_with_no_taskflow to None, run_after=None
[2025-04-02T07:28:13.509+0000] {logging_mixin.py:190} INFO - [2025-04-02T07:28:13.509+0000] {dag.py:4180} INFO - Setting next_dagrun for dataset_s3_bucket_producer_with_no_taskflow to None, run_after=None
[2025-04-02T07:28:13.517+0000] {processor.py:208} INFO - Processing /home/airflow/.local/lib/python3.12/site-packages/airflow/example_dags/example_dataset_alias_with_no_taskflow.py took 0.418 seconds
[2025-04-02T07:28:44.344+0000] {processor.py:186} INFO - Started process (PID=306) to work on /home/airflow/.local/lib/python3.12/site-packages/airflow/example_dags/example_dataset_alias_with_no_taskflow.py
[2025-04-02T07:28:44.344+0000] {processor.py:914} INFO - Processing file /home/airflow/.local/lib/python3.12/site-packages/airflow/example_dags/example_dataset_alias_with_no_taskflow.py for tasks to queue
[2025-04-02T07:28:44.345+0000] {logging_mixin.py:190} INFO - [2025-04-02T07:28:44.345+0000] {dagbag.py:588} INFO - Filling up the DagBag from /home/airflow/.local/lib/python3.12/site-packages/airflow/example_dags/example_dataset_alias_with_no_taskflow.py
[2025-04-02T07:28:44.943+0000] {processor.py:925} INFO - DAG(s) 'dataset_alias_example_alias_producer_with_no_taskflow', 'dataset_s3_bucket_producer_with_no_taskflow', 'dataset_s3_bucket_consumer_with_no_taskflow', 'dataset_alias_example_alias_consumer_with_no_taskflow' retrieved from /home/airflow/.local/lib/python3.12/site-packages/airflow/example_dags/example_dataset_alias_with_no_taskflow.py
[2025-04-02T07:28:44.956+0000] {logging_mixin.py:190} INFO - [2025-04-02T07:28:44.956+0000] {dag.py:3239} INFO - Sync 4 DAGs
[2025-04-02T07:28:44.980+0000] {logging_mixin.py:190} INFO - [2025-04-02T07:28:44.980+0000] {dag.py:4180} INFO - Setting next_dagrun for dataset_alias_example_alias_consumer_with_no_taskflow to None, run_after=None
[2025-04-02T07:28:44.982+0000] {logging_mixin.py:190} INFO - [2025-04-02T07:28:44.982+0000] {dag.py:4180} INFO - Setting next_dagrun for dataset_alias_example_alias_producer_with_no_taskflow to None, run_after=None
[2025-04-02T07:28:44.983+0000] {logging_mixin.py:190} INFO - [2025-04-02T07:28:44.983+0000] {dag.py:4180} INFO - Setting next_dagrun for dataset_s3_bucket_consumer_with_no_taskflow to None, run_after=None
[2025-04-02T07:28:44.983+0000] {logging_mixin.py:190} INFO - [2025-04-02T07:28:44.983+0000] {dag.py:4180} INFO - Setting next_dagrun for dataset_s3_bucket_producer_with_no_taskflow to None, run_after=None
[2025-04-02T07:28:45.000+0000] {processor.py:208} INFO - Processing /home/airflow/.local/lib/python3.12/site-packages/airflow/example_dags/example_dataset_alias_with_no_taskflow.py took 0.660 seconds
[2025-04-02T07:29:15.244+0000] {processor.py:186} INFO - Started process (PID=369) to work on /home/airflow/.local/lib/python3.12/site-packages/airflow/example_dags/example_dataset_alias_with_no_taskflow.py
[2025-04-02T07:29:15.245+0000] {processor.py:914} INFO - Processing file /home/airflow/.local/lib/python3.12/site-packages/airflow/example_dags/example_dataset_alias_with_no_taskflow.py for tasks to queue
[2025-04-02T07:29:15.247+0000] {logging_mixin.py:190} INFO - [2025-04-02T07:29:15.247+0000] {dagbag.py:588} INFO - Filling up the DagBag from /home/airflow/.local/lib/python3.12/site-packages/airflow/example_dags/example_dataset_alias_with_no_taskflow.py
[2025-04-02T07:29:15.791+0000] {processor.py:925} INFO - DAG(s) 'dataset_alias_example_alias_producer_with_no_taskflow', 'dataset_alias_example_alias_consumer_with_no_taskflow', 'dataset_s3_bucket_consumer_with_no_taskflow', 'dataset_s3_bucket_producer_with_no_taskflow' retrieved from /home/airflow/.local/lib/python3.12/site-packages/airflow/example_dags/example_dataset_alias_with_no_taskflow.py
[2025-04-02T07:29:15.803+0000] {logging_mixin.py:190} INFO - [2025-04-02T07:29:15.803+0000] {dag.py:3239} INFO - Sync 4 DAGs
[2025-04-02T07:29:15.815+0000] {logging_mixin.py:190} INFO - [2025-04-02T07:29:15.815+0000] {dag.py:4180} INFO - Setting next_dagrun for dataset_alias_example_alias_consumer_with_no_taskflow to None, run_after=None
[2025-04-02T07:29:15.816+0000] {logging_mixin.py:190} INFO - [2025-04-02T07:29:15.816+0000] {dag.py:4180} INFO - Setting next_dagrun for dataset_alias_example_alias_producer_with_no_taskflow to None, run_after=None
[2025-04-02T07:29:15.817+0000] {logging_mixin.py:190} INFO - [2025-04-02T07:29:15.817+0000] {dag.py:4180} INFO - Setting next_dagrun for dataset_s3_bucket_consumer_with_no_taskflow to None, run_after=None
[2025-04-02T07:29:15.817+0000] {logging_mixin.py:190} INFO - [2025-04-02T07:29:15.817+0000] {dag.py:4180} INFO - Setting next_dagrun for dataset_s3_bucket_producer_with_no_taskflow to None, run_after=None
[2025-04-02T07:29:15.828+0000] {processor.py:208} INFO - Processing /home/airflow/.local/lib/python3.12/site-packages/airflow/example_dags/example_dataset_alias_with_no_taskflow.py took 0.589 seconds
[2025-04-02T07:29:46.116+0000] {processor.py:186} INFO - Started process (PID=432) to work on /home/airflow/.local/lib/python3.12/site-packages/airflow/example_dags/example_dataset_alias_with_no_taskflow.py
[2025-04-02T07:29:46.118+0000] {processor.py:914} INFO - Processing file /home/airflow/.local/lib/python3.12/site-packages/airflow/example_dags/example_dataset_alias_with_no_taskflow.py for tasks to queue
[2025-04-02T07:29:46.120+0000] {logging_mixin.py:190} INFO - [2025-04-02T07:29:46.120+0000] {dagbag.py:588} INFO - Filling up the DagBag from /home/airflow/.local/lib/python3.12/site-packages/airflow/example_dags/example_dataset_alias_with_no_taskflow.py
[2025-04-02T07:29:46.598+0000] {processor.py:925} INFO - DAG(s) 'dataset_alias_example_alias_consumer_with_no_taskflow', 'dataset_s3_bucket_producer_with_no_taskflow', 'dataset_alias_example_alias_producer_with_no_taskflow', 'dataset_s3_bucket_consumer_with_no_taskflow' retrieved from /home/airflow/.local/lib/python3.12/site-packages/airflow/example_dags/example_dataset_alias_with_no_taskflow.py
[2025-04-02T07:29:46.610+0000] {logging_mixin.py:190} INFO - [2025-04-02T07:29:46.610+0000] {dag.py:3239} INFO - Sync 4 DAGs
[2025-04-02T07:29:46.623+0000] {logging_mixin.py:190} INFO - [2025-04-02T07:29:46.623+0000] {dag.py:4180} INFO - Setting next_dagrun for dataset_alias_example_alias_consumer_with_no_taskflow to None, run_after=None
[2025-04-02T07:29:46.624+0000] {logging_mixin.py:190} INFO - [2025-04-02T07:29:46.624+0000] {dag.py:4180} INFO - Setting next_dagrun for dataset_alias_example_alias_producer_with_no_taskflow to None, run_after=None
[2025-04-02T07:29:46.625+0000] {logging_mixin.py:190} INFO - [2025-04-02T07:29:46.625+0000] {dag.py:4180} INFO - Setting next_dagrun for dataset_s3_bucket_consumer_with_no_taskflow to None, run_after=None
[2025-04-02T07:29:46.626+0000] {logging_mixin.py:190} INFO - [2025-04-02T07:29:46.625+0000] {dag.py:4180} INFO - Setting next_dagrun for dataset_s3_bucket_producer_with_no_taskflow to None, run_after=None
[2025-04-02T07:29:46.635+0000] {processor.py:208} INFO - Processing /home/airflow/.local/lib/python3.12/site-packages/airflow/example_dags/example_dataset_alias_with_no_taskflow.py took 0.522 seconds
[2025-04-02T07:30:17.003+0000] {processor.py:186} INFO - Started process (PID=496) to work on /home/airflow/.local/lib/python3.12/site-packages/airflow/example_dags/example_dataset_alias_with_no_taskflow.py
[2025-04-02T07:30:17.006+0000] {processor.py:914} INFO - Processing file /home/airflow/.local/lib/python3.12/site-packages/airflow/example_dags/example_dataset_alias_with_no_taskflow.py for tasks to queue
[2025-04-02T07:30:17.019+0000] {logging_mixin.py:190} INFO - [2025-04-02T07:30:17.018+0000] {dagbag.py:588} INFO - Filling up the DagBag from /home/airflow/.local/lib/python3.12/site-packages/airflow/example_dags/example_dataset_alias_with_no_taskflow.py
[2025-04-02T07:30:19.025+0000] {processor.py:925} INFO - DAG(s) 'dataset_alias_example_alias_producer_with_no_taskflow', 'dataset_alias_example_alias_consumer_with_no_taskflow', 'dataset_s3_bucket_producer_with_no_taskflow', 'dataset_s3_bucket_consumer_with_no_taskflow' retrieved from /home/airflow/.local/lib/python3.12/site-packages/airflow/example_dags/example_dataset_alias_with_no_taskflow.py
[2025-04-02T07:30:19.110+0000] {logging_mixin.py:190} INFO - [2025-04-02T07:30:19.109+0000] {dag.py:3239} INFO - Sync 4 DAGs
[2025-04-02T07:30:19.286+0000] {logging_mixin.py:190} INFO - [2025-04-02T07:30:19.281+0000] {dag.py:4180} INFO - Setting next_dagrun for dataset_alias_example_alias_consumer_with_no_taskflow to None, run_after=None
[2025-04-02T07:30:19.311+0000] {logging_mixin.py:190} INFO - [2025-04-02T07:30:19.310+0000] {dag.py:4180} INFO - Setting next_dagrun for dataset_alias_example_alias_producer_with_no_taskflow to None, run_after=None
[2025-04-02T07:30:19.333+0000] {logging_mixin.py:190} INFO - [2025-04-02T07:30:19.328+0000] {dag.py:4180} INFO - Setting next_dagrun for dataset_s3_bucket_consumer_with_no_taskflow to None, run_after=None
[2025-04-02T07:30:19.352+0000] {logging_mixin.py:190} INFO - [2025-04-02T07:30:19.344+0000] {dag.py:4180} INFO - Setting next_dagrun for dataset_s3_bucket_producer_with_no_taskflow to None, run_after=None
[2025-04-02T07:30:19.456+0000] {processor.py:208} INFO - Processing /home/airflow/.local/lib/python3.12/site-packages/airflow/example_dags/example_dataset_alias_with_no_taskflow.py took 2.465 seconds
[2025-04-02T07:30:50.372+0000] {processor.py:186} INFO - Started process (PID=559) to work on /home/airflow/.local/lib/python3.12/site-packages/airflow/example_dags/example_dataset_alias_with_no_taskflow.py
[2025-04-02T07:30:50.374+0000] {processor.py:914} INFO - Processing file /home/airflow/.local/lib/python3.12/site-packages/airflow/example_dags/example_dataset_alias_with_no_taskflow.py for tasks to queue
[2025-04-02T07:30:50.381+0000] {logging_mixin.py:190} INFO - [2025-04-02T07:30:50.379+0000] {dagbag.py:588} INFO - Filling up the DagBag from /home/airflow/.local/lib/python3.12/site-packages/airflow/example_dags/example_dataset_alias_with_no_taskflow.py
[2025-04-02T07:30:51.894+0000] {processor.py:925} INFO - DAG(s) 'dataset_alias_example_alias_producer_with_no_taskflow', 'dataset_s3_bucket_producer_with_no_taskflow', 'dataset_alias_example_alias_consumer_with_no_taskflow', 'dataset_s3_bucket_consumer_with_no_taskflow' retrieved from /home/airflow/.local/lib/python3.12/site-packages/airflow/example_dags/example_dataset_alias_with_no_taskflow.py
[2025-04-02T07:30:51.933+0000] {logging_mixin.py:190} INFO - [2025-04-02T07:30:51.932+0000] {dag.py:3239} INFO - Sync 4 DAGs
[2025-04-02T07:30:51.966+0000] {logging_mixin.py:190} INFO - [2025-04-02T07:30:51.966+0000] {dag.py:4180} INFO - Setting next_dagrun for dataset_alias_example_alias_consumer_with_no_taskflow to None, run_after=None
[2025-04-02T07:30:51.975+0000] {logging_mixin.py:190} INFO - [2025-04-02T07:30:51.974+0000] {dag.py:4180} INFO - Setting next_dagrun for dataset_alias_example_alias_producer_with_no_taskflow to None, run_after=None
[2025-04-02T07:30:51.981+0000] {logging_mixin.py:190} INFO - [2025-04-02T07:30:51.981+0000] {dag.py:4180} INFO - Setting next_dagrun for dataset_s3_bucket_consumer_with_no_taskflow to None, run_after=None
[2025-04-02T07:30:51.987+0000] {logging_mixin.py:190} INFO - [2025-04-02T07:30:51.986+0000] {dag.py:4180} INFO - Setting next_dagrun for dataset_s3_bucket_producer_with_no_taskflow to None, run_after=None
[2025-04-02T07:30:52.073+0000] {processor.py:208} INFO - Processing /home/airflow/.local/lib/python3.12/site-packages/airflow/example_dags/example_dataset_alias_with_no_taskflow.py took 1.712 seconds
[2025-04-02T07:31:22.144+0000] {processor.py:186} INFO - Started process (PID=622) to work on /home/airflow/.local/lib/python3.12/site-packages/airflow/example_dags/example_dataset_alias_with_no_taskflow.py
[2025-04-02T07:31:22.145+0000] {processor.py:914} INFO - Processing file /home/airflow/.local/lib/python3.12/site-packages/airflow/example_dags/example_dataset_alias_with_no_taskflow.py for tasks to queue
[2025-04-02T07:31:22.146+0000] {logging_mixin.py:190} INFO - [2025-04-02T07:31:22.146+0000] {dagbag.py:588} INFO - Filling up the DagBag from /home/airflow/.local/lib/python3.12/site-packages/airflow/example_dags/example_dataset_alias_with_no_taskflow.py
[2025-04-02T07:31:22.571+0000] {processor.py:925} INFO - DAG(s) 'dataset_s3_bucket_producer_with_no_taskflow', 'dataset_alias_example_alias_consumer_with_no_taskflow', 'dataset_alias_example_alias_producer_with_no_taskflow', 'dataset_s3_bucket_consumer_with_no_taskflow' retrieved from /home/airflow/.local/lib/python3.12/site-packages/airflow/example_dags/example_dataset_alias_with_no_taskflow.py
[2025-04-02T07:31:22.583+0000] {logging_mixin.py:190} INFO - [2025-04-02T07:31:22.583+0000] {dag.py:3239} INFO - Sync 4 DAGs
[2025-04-02T07:31:22.596+0000] {logging_mixin.py:190} INFO - [2025-04-02T07:31:22.596+0000] {dag.py:4180} INFO - Setting next_dagrun for dataset_alias_example_alias_consumer_with_no_taskflow to None, run_after=None
[2025-04-02T07:31:22.600+0000] {logging_mixin.py:190} INFO - [2025-04-02T07:31:22.600+0000] {dag.py:4180} INFO - Setting next_dagrun for dataset_alias_example_alias_producer_with_no_taskflow to None, run_after=None
[2025-04-02T07:31:22.601+0000] {logging_mixin.py:190} INFO - [2025-04-02T07:31:22.601+0000] {dag.py:4180} INFO - Setting next_dagrun for dataset_s3_bucket_consumer_with_no_taskflow to None, run_after=None
[2025-04-02T07:31:22.602+0000] {logging_mixin.py:190} INFO - [2025-04-02T07:31:22.602+0000] {dag.py:4180} INFO - Setting next_dagrun for dataset_s3_bucket_producer_with_no_taskflow to None, run_after=None
[2025-04-02T07:31:22.612+0000] {processor.py:208} INFO - Processing /home/airflow/.local/lib/python3.12/site-packages/airflow/example_dags/example_dataset_alias_with_no_taskflow.py took 0.471 seconds
[2025-04-02T07:31:53.370+0000] {processor.py:186} INFO - Started process (PID=686) to work on /home/airflow/.local/lib/python3.12/site-packages/airflow/example_dags/example_dataset_alias_with_no_taskflow.py
[2025-04-02T07:31:53.376+0000] {processor.py:914} INFO - Processing file /home/airflow/.local/lib/python3.12/site-packages/airflow/example_dags/example_dataset_alias_with_no_taskflow.py for tasks to queue
[2025-04-02T07:31:53.381+0000] {logging_mixin.py:190} INFO - [2025-04-02T07:31:53.381+0000] {dagbag.py:588} INFO - Filling up the DagBag from /home/airflow/.local/lib/python3.12/site-packages/airflow/example_dags/example_dataset_alias_with_no_taskflow.py
[2025-04-02T07:31:53.744+0000] {processor.py:925} INFO - DAG(s) 'dataset_s3_bucket_producer_with_no_taskflow', 'dataset_alias_example_alias_consumer_with_no_taskflow', 'dataset_alias_example_alias_producer_with_no_taskflow', 'dataset_s3_bucket_consumer_with_no_taskflow' retrieved from /home/airflow/.local/lib/python3.12/site-packages/airflow/example_dags/example_dataset_alias_with_no_taskflow.py
[2025-04-02T07:31:53.759+0000] {logging_mixin.py:190} INFO - [2025-04-02T07:31:53.759+0000] {dag.py:3239} INFO - Sync 4 DAGs
[2025-04-02T07:31:53.769+0000] {logging_mixin.py:190} INFO - [2025-04-02T07:31:53.769+0000] {dag.py:4180} INFO - Setting next_dagrun for dataset_alias_example_alias_consumer_with_no_taskflow to None, run_after=None
[2025-04-02T07:31:53.770+0000] {logging_mixin.py:190} INFO - [2025-04-02T07:31:53.770+0000] {dag.py:4180} INFO - Setting next_dagrun for dataset_alias_example_alias_producer_with_no_taskflow to None, run_after=None
[2025-04-02T07:31:53.772+0000] {logging_mixin.py:190} INFO - [2025-04-02T07:31:53.772+0000] {dag.py:4180} INFO - Setting next_dagrun for dataset_s3_bucket_consumer_with_no_taskflow to None, run_after=None
[2025-04-02T07:31:53.772+0000] {logging_mixin.py:190} INFO - [2025-04-02T07:31:53.772+0000] {dag.py:4180} INFO - Setting next_dagrun for dataset_s3_bucket_producer_with_no_taskflow to None, run_after=None
[2025-04-02T07:31:53.785+0000] {processor.py:208} INFO - Processing /home/airflow/.local/lib/python3.12/site-packages/airflow/example_dags/example_dataset_alias_with_no_taskflow.py took 0.421 seconds
[2025-04-02T07:32:24.449+0000] {processor.py:186} INFO - Started process (PID=750) to work on /home/airflow/.local/lib/python3.12/site-packages/airflow/example_dags/example_dataset_alias_with_no_taskflow.py
[2025-04-02T07:32:24.455+0000] {processor.py:914} INFO - Processing file /home/airflow/.local/lib/python3.12/site-packages/airflow/example_dags/example_dataset_alias_with_no_taskflow.py for tasks to queue
[2025-04-02T07:32:24.458+0000] {logging_mixin.py:190} INFO - [2025-04-02T07:32:24.458+0000] {dagbag.py:588} INFO - Filling up the DagBag from /home/airflow/.local/lib/python3.12/site-packages/airflow/example_dags/example_dataset_alias_with_no_taskflow.py
[2025-04-02T07:32:24.816+0000] {processor.py:925} INFO - DAG(s) 'dataset_s3_bucket_producer_with_no_taskflow', 'dataset_alias_example_alias_consumer_with_no_taskflow', 'dataset_s3_bucket_consumer_with_no_taskflow', 'dataset_alias_example_alias_producer_with_no_taskflow' retrieved from /home/airflow/.local/lib/python3.12/site-packages/airflow/example_dags/example_dataset_alias_with_no_taskflow.py
[2025-04-02T07:32:24.829+0000] {logging_mixin.py:190} INFO - [2025-04-02T07:32:24.829+0000] {dag.py:3239} INFO - Sync 4 DAGs
[2025-04-02T07:32:24.840+0000] {logging_mixin.py:190} INFO - [2025-04-02T07:32:24.840+0000] {dag.py:4180} INFO - Setting next_dagrun for dataset_alias_example_alias_consumer_with_no_taskflow to None, run_after=None
[2025-04-02T07:32:24.841+0000] {logging_mixin.py:190} INFO - [2025-04-02T07:32:24.841+0000] {dag.py:4180} INFO - Setting next_dagrun for dataset_alias_example_alias_producer_with_no_taskflow to None, run_after=None
[2025-04-02T07:32:24.842+0000] {logging_mixin.py:190} INFO - [2025-04-02T07:32:24.842+0000] {dag.py:4180} INFO - Setting next_dagrun for dataset_s3_bucket_consumer_with_no_taskflow to None, run_after=None
[2025-04-02T07:32:24.842+0000] {logging_mixin.py:190} INFO - [2025-04-02T07:32:24.842+0000] {dag.py:4180} INFO - Setting next_dagrun for dataset_s3_bucket_producer_with_no_taskflow to None, run_after=None
[2025-04-02T07:32:24.853+0000] {processor.py:208} INFO - Processing /home/airflow/.local/lib/python3.12/site-packages/airflow/example_dags/example_dataset_alias_with_no_taskflow.py took 0.410 seconds
