[2025-04-02T07:25:57.210+0000] {processor.py:186} INFO - Started process (PID=93) to work on /home/airflow/.local/lib/python3.12/site-packages/airflow/example_dags/example_dynamic_task_mapping.py
[2025-04-02T07:25:57.211+0000] {processor.py:914} INFO - Processing file /home/airflow/.local/lib/python3.12/site-packages/airflow/example_dags/example_dynamic_task_mapping.py for tasks to queue
[2025-04-02T07:25:57.212+0000] {logging_mixin.py:190} INFO - [2025-04-02T07:25:57.212+0000] {dagbag.py:588} INFO - Filling up the DagBag from /home/airflow/.local/lib/python3.12/site-packages/airflow/example_dags/example_dynamic_task_mapping.py
[2025-04-02T07:25:57.217+0000] {processor.py:925} INFO - DAG(s) 'example_dynamic_task_mapping' retrieved from /home/airflow/.local/lib/python3.12/site-packages/airflow/example_dags/example_dynamic_task_mapping.py
[2025-04-02T07:25:57.264+0000] {logging_mixin.py:190} INFO - [2025-04-02T07:25:57.263+0000] {override.py:1912} INFO - Created Permission View: can delete on DAG:example_dynamic_task_mapping
[2025-04-02T07:25:57.269+0000] {logging_mixin.py:190} INFO - [2025-04-02T07:25:57.269+0000] {override.py:1912} INFO - Created Permission View: can read on DAG:example_dynamic_task_mapping
[2025-04-02T07:25:57.276+0000] {logging_mixin.py:190} INFO - [2025-04-02T07:25:57.275+0000] {override.py:1912} INFO - Created Permission View: can edit on DAG:example_dynamic_task_mapping
[2025-04-02T07:25:57.281+0000] {logging_mixin.py:190} INFO - [2025-04-02T07:25:57.281+0000] {override.py:1912} INFO - Created Permission View: can delete on DAG Run:example_dynamic_task_mapping
[2025-04-02T07:25:57.284+0000] {logging_mixin.py:190} INFO - [2025-04-02T07:25:57.284+0000] {override.py:1912} INFO - Created Permission View: can read on DAG Run:example_dynamic_task_mapping
[2025-04-02T07:25:57.288+0000] {logging_mixin.py:190} INFO - [2025-04-02T07:25:57.287+0000] {override.py:1912} INFO - Created Permission View: can create on DAG Run:example_dynamic_task_mapping
[2025-04-02T07:25:57.291+0000] {logging_mixin.py:190} INFO - [2025-04-02T07:25:57.291+0000] {override.py:1912} INFO - Created Permission View: menu access on DAG Run:example_dynamic_task_mapping
[2025-04-02T07:25:57.291+0000] {logging_mixin.py:190} INFO - [2025-04-02T07:25:57.291+0000] {dag.py:3239} INFO - Sync 1 DAGs
[2025-04-02T07:25:57.298+0000] {logging_mixin.py:190} INFO - [2025-04-02T07:25:57.297+0000] {dag.py:3262} INFO - Creating ORM DAG for example_dynamic_task_mapping
[2025-04-02T07:25:57.298+0000] {logging_mixin.py:190} INFO - [2025-04-02T07:25:57.298+0000] {dag.py:4180} INFO - Setting next_dagrun for example_dynamic_task_mapping to None, run_after=None
[2025-04-02T07:25:57.304+0000] {processor.py:208} INFO - Processing /home/airflow/.local/lib/python3.12/site-packages/airflow/example_dags/example_dynamic_task_mapping.py took 0.096 seconds
[2025-04-02T07:26:43.321+0000] {processor.py:186} INFO - Started process (PID=85) to work on /home/airflow/.local/lib/python3.12/site-packages/airflow/example_dags/example_dynamic_task_mapping.py
[2025-04-02T07:26:43.322+0000] {processor.py:914} INFO - Processing file /home/airflow/.local/lib/python3.12/site-packages/airflow/example_dags/example_dynamic_task_mapping.py for tasks to queue
[2025-04-02T07:26:43.324+0000] {logging_mixin.py:190} INFO - [2025-04-02T07:26:43.324+0000] {dagbag.py:588} INFO - Filling up the DagBag from /home/airflow/.local/lib/python3.12/site-packages/airflow/example_dags/example_dynamic_task_mapping.py
[2025-04-02T07:26:43.329+0000] {processor.py:925} INFO - DAG(s) 'example_dynamic_task_mapping' retrieved from /home/airflow/.local/lib/python3.12/site-packages/airflow/example_dags/example_dynamic_task_mapping.py
[2025-04-02T07:26:43.342+0000] {logging_mixin.py:190} INFO - [2025-04-02T07:26:43.342+0000] {dag.py:3239} INFO - Sync 1 DAGs
[2025-04-02T07:26:43.349+0000] {logging_mixin.py:190} INFO - [2025-04-02T07:26:43.349+0000] {dag.py:4180} INFO - Setting next_dagrun for example_dynamic_task_mapping to None, run_after=None
[2025-04-02T07:26:43.360+0000] {processor.py:208} INFO - Processing /home/airflow/.local/lib/python3.12/site-packages/airflow/example_dags/example_dynamic_task_mapping.py took 0.041 seconds
[2025-04-02T07:27:14.088+0000] {processor.py:186} INFO - Started process (PID=148) to work on /home/airflow/.local/lib/python3.12/site-packages/airflow/example_dags/example_dynamic_task_mapping.py
[2025-04-02T07:27:14.088+0000] {processor.py:914} INFO - Processing file /home/airflow/.local/lib/python3.12/site-packages/airflow/example_dags/example_dynamic_task_mapping.py for tasks to queue
[2025-04-02T07:27:14.089+0000] {logging_mixin.py:190} INFO - [2025-04-02T07:27:14.089+0000] {dagbag.py:588} INFO - Filling up the DagBag from /home/airflow/.local/lib/python3.12/site-packages/airflow/example_dags/example_dynamic_task_mapping.py
[2025-04-02T07:27:14.093+0000] {processor.py:925} INFO - DAG(s) 'example_dynamic_task_mapping' retrieved from /home/airflow/.local/lib/python3.12/site-packages/airflow/example_dags/example_dynamic_task_mapping.py
[2025-04-02T07:27:14.104+0000] {logging_mixin.py:190} INFO - [2025-04-02T07:27:14.104+0000] {dag.py:3239} INFO - Sync 1 DAGs
[2025-04-02T07:27:14.110+0000] {logging_mixin.py:190} INFO - [2025-04-02T07:27:14.109+0000] {dag.py:4180} INFO - Setting next_dagrun for example_dynamic_task_mapping to None, run_after=None
[2025-04-02T07:27:14.117+0000] {processor.py:208} INFO - Processing /home/airflow/.local/lib/python3.12/site-packages/airflow/example_dags/example_dynamic_task_mapping.py took 0.032 seconds
[2025-04-02T07:27:44.890+0000] {processor.py:186} INFO - Started process (PID=211) to work on /home/airflow/.local/lib/python3.12/site-packages/airflow/example_dags/example_dynamic_task_mapping.py
[2025-04-02T07:27:44.891+0000] {processor.py:914} INFO - Processing file /home/airflow/.local/lib/python3.12/site-packages/airflow/example_dags/example_dynamic_task_mapping.py for tasks to queue
[2025-04-02T07:27:44.893+0000] {logging_mixin.py:190} INFO - [2025-04-02T07:27:44.893+0000] {dagbag.py:588} INFO - Filling up the DagBag from /home/airflow/.local/lib/python3.12/site-packages/airflow/example_dags/example_dynamic_task_mapping.py
[2025-04-02T07:27:44.897+0000] {processor.py:925} INFO - DAG(s) 'example_dynamic_task_mapping' retrieved from /home/airflow/.local/lib/python3.12/site-packages/airflow/example_dags/example_dynamic_task_mapping.py
[2025-04-02T07:27:44.912+0000] {logging_mixin.py:190} INFO - [2025-04-02T07:27:44.912+0000] {dag.py:3239} INFO - Sync 1 DAGs
[2025-04-02T07:27:44.922+0000] {logging_mixin.py:190} INFO - [2025-04-02T07:27:44.921+0000] {dag.py:4180} INFO - Setting next_dagrun for example_dynamic_task_mapping to None, run_after=None
[2025-04-02T07:27:44.933+0000] {processor.py:208} INFO - Processing /home/airflow/.local/lib/python3.12/site-packages/airflow/example_dags/example_dynamic_task_mapping.py took 0.046 seconds
[2025-04-02T07:28:15.680+0000] {processor.py:186} INFO - Started process (PID=273) to work on /home/airflow/.local/lib/python3.12/site-packages/airflow/example_dags/example_dynamic_task_mapping.py
[2025-04-02T07:28:15.681+0000] {processor.py:914} INFO - Processing file /home/airflow/.local/lib/python3.12/site-packages/airflow/example_dags/example_dynamic_task_mapping.py for tasks to queue
[2025-04-02T07:28:15.682+0000] {logging_mixin.py:190} INFO - [2025-04-02T07:28:15.682+0000] {dagbag.py:588} INFO - Filling up the DagBag from /home/airflow/.local/lib/python3.12/site-packages/airflow/example_dags/example_dynamic_task_mapping.py
[2025-04-02T07:28:15.687+0000] {processor.py:925} INFO - DAG(s) 'example_dynamic_task_mapping' retrieved from /home/airflow/.local/lib/python3.12/site-packages/airflow/example_dags/example_dynamic_task_mapping.py
[2025-04-02T07:28:15.697+0000] {logging_mixin.py:190} INFO - [2025-04-02T07:28:15.697+0000] {dag.py:3239} INFO - Sync 1 DAGs
[2025-04-02T07:28:15.703+0000] {logging_mixin.py:190} INFO - [2025-04-02T07:28:15.703+0000] {dag.py:4180} INFO - Setting next_dagrun for example_dynamic_task_mapping to None, run_after=None
[2025-04-02T07:28:15.713+0000] {processor.py:208} INFO - Processing /home/airflow/.local/lib/python3.12/site-packages/airflow/example_dags/example_dynamic_task_mapping.py took 0.035 seconds
[2025-04-02T07:28:46.215+0000] {processor.py:186} INFO - Started process (PID=336) to work on /home/airflow/.local/lib/python3.12/site-packages/airflow/example_dags/example_dynamic_task_mapping.py
[2025-04-02T07:28:46.216+0000] {processor.py:914} INFO - Processing file /home/airflow/.local/lib/python3.12/site-packages/airflow/example_dags/example_dynamic_task_mapping.py for tasks to queue
[2025-04-02T07:28:46.217+0000] {logging_mixin.py:190} INFO - [2025-04-02T07:28:46.217+0000] {dagbag.py:588} INFO - Filling up the DagBag from /home/airflow/.local/lib/python3.12/site-packages/airflow/example_dags/example_dynamic_task_mapping.py
[2025-04-02T07:28:46.222+0000] {processor.py:925} INFO - DAG(s) 'example_dynamic_task_mapping' retrieved from /home/airflow/.local/lib/python3.12/site-packages/airflow/example_dags/example_dynamic_task_mapping.py
[2025-04-02T07:28:46.235+0000] {logging_mixin.py:190} INFO - [2025-04-02T07:28:46.235+0000] {dag.py:3239} INFO - Sync 1 DAGs
[2025-04-02T07:28:46.244+0000] {logging_mixin.py:190} INFO - [2025-04-02T07:28:46.244+0000] {dag.py:4180} INFO - Setting next_dagrun for example_dynamic_task_mapping to None, run_after=None
[2025-04-02T07:28:46.254+0000] {processor.py:208} INFO - Processing /home/airflow/.local/lib/python3.12/site-packages/airflow/example_dags/example_dynamic_task_mapping.py took 0.042 seconds
[2025-04-02T07:29:17.154+0000] {processor.py:186} INFO - Started process (PID=399) to work on /home/airflow/.local/lib/python3.12/site-packages/airflow/example_dags/example_dynamic_task_mapping.py
[2025-04-02T07:29:17.155+0000] {processor.py:914} INFO - Processing file /home/airflow/.local/lib/python3.12/site-packages/airflow/example_dags/example_dynamic_task_mapping.py for tasks to queue
[2025-04-02T07:29:17.156+0000] {logging_mixin.py:190} INFO - [2025-04-02T07:29:17.156+0000] {dagbag.py:588} INFO - Filling up the DagBag from /home/airflow/.local/lib/python3.12/site-packages/airflow/example_dags/example_dynamic_task_mapping.py
[2025-04-02T07:29:17.160+0000] {processor.py:925} INFO - DAG(s) 'example_dynamic_task_mapping' retrieved from /home/airflow/.local/lib/python3.12/site-packages/airflow/example_dags/example_dynamic_task_mapping.py
[2025-04-02T07:29:17.170+0000] {logging_mixin.py:190} INFO - [2025-04-02T07:29:17.170+0000] {dag.py:3239} INFO - Sync 1 DAGs
[2025-04-02T07:29:17.176+0000] {logging_mixin.py:190} INFO - [2025-04-02T07:29:17.176+0000] {dag.py:4180} INFO - Setting next_dagrun for example_dynamic_task_mapping to None, run_after=None
[2025-04-02T07:29:17.183+0000] {processor.py:208} INFO - Processing /home/airflow/.local/lib/python3.12/site-packages/airflow/example_dags/example_dynamic_task_mapping.py took 0.032 seconds
[2025-04-02T07:29:48.297+0000] {processor.py:186} INFO - Started process (PID=462) to work on /home/airflow/.local/lib/python3.12/site-packages/airflow/example_dags/example_dynamic_task_mapping.py
[2025-04-02T07:29:48.298+0000] {processor.py:914} INFO - Processing file /home/airflow/.local/lib/python3.12/site-packages/airflow/example_dags/example_dynamic_task_mapping.py for tasks to queue
[2025-04-02T07:29:48.300+0000] {logging_mixin.py:190} INFO - [2025-04-02T07:29:48.300+0000] {dagbag.py:588} INFO - Filling up the DagBag from /home/airflow/.local/lib/python3.12/site-packages/airflow/example_dags/example_dynamic_task_mapping.py
[2025-04-02T07:29:48.307+0000] {processor.py:925} INFO - DAG(s) 'example_dynamic_task_mapping' retrieved from /home/airflow/.local/lib/python3.12/site-packages/airflow/example_dags/example_dynamic_task_mapping.py
[2025-04-02T07:29:48.319+0000] {logging_mixin.py:190} INFO - [2025-04-02T07:29:48.319+0000] {dag.py:3239} INFO - Sync 1 DAGs
[2025-04-02T07:29:48.328+0000] {logging_mixin.py:190} INFO - [2025-04-02T07:29:48.328+0000] {dag.py:4180} INFO - Setting next_dagrun for example_dynamic_task_mapping to None, run_after=None
[2025-04-02T07:29:48.344+0000] {processor.py:208} INFO - Processing /home/airflow/.local/lib/python3.12/site-packages/airflow/example_dags/example_dynamic_task_mapping.py took 0.050 seconds
[2025-04-02T07:30:27.816+0000] {processor.py:186} INFO - Started process (PID=526) to work on /home/airflow/.local/lib/python3.12/site-packages/airflow/example_dags/example_dynamic_task_mapping.py
[2025-04-02T07:30:27.823+0000] {processor.py:914} INFO - Processing file /home/airflow/.local/lib/python3.12/site-packages/airflow/example_dags/example_dynamic_task_mapping.py for tasks to queue
[2025-04-02T07:30:27.832+0000] {logging_mixin.py:190} INFO - [2025-04-02T07:30:27.832+0000] {dagbag.py:588} INFO - Filling up the DagBag from /home/airflow/.local/lib/python3.12/site-packages/airflow/example_dags/example_dynamic_task_mapping.py
[2025-04-02T07:30:27.863+0000] {processor.py:925} INFO - DAG(s) 'example_dynamic_task_mapping' retrieved from /home/airflow/.local/lib/python3.12/site-packages/airflow/example_dags/example_dynamic_task_mapping.py
[2025-04-02T07:30:27.897+0000] {logging_mixin.py:190} INFO - [2025-04-02T07:30:27.896+0000] {dag.py:3239} INFO - Sync 1 DAGs
[2025-04-02T07:30:27.933+0000] {logging_mixin.py:190} INFO - [2025-04-02T07:30:27.933+0000] {dag.py:4180} INFO - Setting next_dagrun for example_dynamic_task_mapping to None, run_after=None
[2025-04-02T07:30:27.998+0000] {processor.py:208} INFO - Processing /home/airflow/.local/lib/python3.12/site-packages/airflow/example_dags/example_dynamic_task_mapping.py took 0.196 seconds
[2025-04-02T07:30:59.263+0000] {processor.py:186} INFO - Started process (PID=589) to work on /home/airflow/.local/lib/python3.12/site-packages/airflow/example_dags/example_dynamic_task_mapping.py
[2025-04-02T07:30:59.275+0000] {processor.py:914} INFO - Processing file /home/airflow/.local/lib/python3.12/site-packages/airflow/example_dags/example_dynamic_task_mapping.py for tasks to queue
[2025-04-02T07:30:59.286+0000] {logging_mixin.py:190} INFO - [2025-04-02T07:30:59.285+0000] {dagbag.py:588} INFO - Filling up the DagBag from /home/airflow/.local/lib/python3.12/site-packages/airflow/example_dags/example_dynamic_task_mapping.py
[2025-04-02T07:30:59.315+0000] {processor.py:925} INFO - DAG(s) 'example_dynamic_task_mapping' retrieved from /home/airflow/.local/lib/python3.12/site-packages/airflow/example_dags/example_dynamic_task_mapping.py
[2025-04-02T07:30:59.399+0000] {logging_mixin.py:190} INFO - [2025-04-02T07:30:59.399+0000] {dag.py:3239} INFO - Sync 1 DAGs
[2025-04-02T07:30:59.431+0000] {logging_mixin.py:190} INFO - [2025-04-02T07:30:59.430+0000] {dag.py:4180} INFO - Setting next_dagrun for example_dynamic_task_mapping to None, run_after=None
[2025-04-02T07:30:59.507+0000] {processor.py:208} INFO - Processing /home/airflow/.local/lib/python3.12/site-packages/airflow/example_dags/example_dynamic_task_mapping.py took 0.251 seconds
[2025-04-02T07:31:29.780+0000] {processor.py:186} INFO - Started process (PID=652) to work on /home/airflow/.local/lib/python3.12/site-packages/airflow/example_dags/example_dynamic_task_mapping.py
[2025-04-02T07:31:29.783+0000] {processor.py:914} INFO - Processing file /home/airflow/.local/lib/python3.12/site-packages/airflow/example_dags/example_dynamic_task_mapping.py for tasks to queue
[2025-04-02T07:31:29.785+0000] {logging_mixin.py:190} INFO - [2025-04-02T07:31:29.785+0000] {dagbag.py:588} INFO - Filling up the DagBag from /home/airflow/.local/lib/python3.12/site-packages/airflow/example_dags/example_dynamic_task_mapping.py
[2025-04-02T07:31:29.790+0000] {processor.py:925} INFO - DAG(s) 'example_dynamic_task_mapping' retrieved from /home/airflow/.local/lib/python3.12/site-packages/airflow/example_dags/example_dynamic_task_mapping.py
[2025-04-02T07:31:29.799+0000] {logging_mixin.py:190} INFO - [2025-04-02T07:31:29.799+0000] {dag.py:3239} INFO - Sync 1 DAGs
[2025-04-02T07:31:29.806+0000] {logging_mixin.py:190} INFO - [2025-04-02T07:31:29.806+0000] {dag.py:4180} INFO - Setting next_dagrun for example_dynamic_task_mapping to None, run_after=None
[2025-04-02T07:31:29.813+0000] {processor.py:208} INFO - Processing /home/airflow/.local/lib/python3.12/site-packages/airflow/example_dags/example_dynamic_task_mapping.py took 0.036 seconds
[2025-04-02T07:32:00.031+0000] {processor.py:186} INFO - Started process (PID=716) to work on /home/airflow/.local/lib/python3.12/site-packages/airflow/example_dags/example_dynamic_task_mapping.py
[2025-04-02T07:32:00.034+0000] {processor.py:914} INFO - Processing file /home/airflow/.local/lib/python3.12/site-packages/airflow/example_dags/example_dynamic_task_mapping.py for tasks to queue
[2025-04-02T07:32:00.037+0000] {logging_mixin.py:190} INFO - [2025-04-02T07:32:00.037+0000] {dagbag.py:588} INFO - Filling up the DagBag from /home/airflow/.local/lib/python3.12/site-packages/airflow/example_dags/example_dynamic_task_mapping.py
[2025-04-02T07:32:00.041+0000] {processor.py:925} INFO - DAG(s) 'example_dynamic_task_mapping' retrieved from /home/airflow/.local/lib/python3.12/site-packages/airflow/example_dags/example_dynamic_task_mapping.py
[2025-04-02T07:32:00.055+0000] {logging_mixin.py:190} INFO - [2025-04-02T07:32:00.055+0000] {dag.py:3239} INFO - Sync 1 DAGs
[2025-04-02T07:32:00.061+0000] {logging_mixin.py:190} INFO - [2025-04-02T07:32:00.061+0000] {dag.py:4180} INFO - Setting next_dagrun for example_dynamic_task_mapping to None, run_after=None
[2025-04-02T07:32:00.073+0000] {processor.py:208} INFO - Processing /home/airflow/.local/lib/python3.12/site-packages/airflow/example_dags/example_dynamic_task_mapping.py took 0.045 seconds
[2025-04-02T07:32:31.202+0000] {processor.py:186} INFO - Started process (PID=780) to work on /home/airflow/.local/lib/python3.12/site-packages/airflow/example_dags/example_dynamic_task_mapping.py
[2025-04-02T07:32:31.203+0000] {processor.py:914} INFO - Processing file /home/airflow/.local/lib/python3.12/site-packages/airflow/example_dags/example_dynamic_task_mapping.py for tasks to queue
[2025-04-02T07:32:31.205+0000] {logging_mixin.py:190} INFO - [2025-04-02T07:32:31.205+0000] {dagbag.py:588} INFO - Filling up the DagBag from /home/airflow/.local/lib/python3.12/site-packages/airflow/example_dags/example_dynamic_task_mapping.py
[2025-04-02T07:32:31.212+0000] {processor.py:925} INFO - DAG(s) 'example_dynamic_task_mapping' retrieved from /home/airflow/.local/lib/python3.12/site-packages/airflow/example_dags/example_dynamic_task_mapping.py
[2025-04-02T07:32:31.227+0000] {logging_mixin.py:190} INFO - [2025-04-02T07:32:31.227+0000] {dag.py:3239} INFO - Sync 1 DAGs
[2025-04-02T07:32:31.234+0000] {logging_mixin.py:190} INFO - [2025-04-02T07:32:31.234+0000] {dag.py:4180} INFO - Setting next_dagrun for example_dynamic_task_mapping to None, run_after=None
[2025-04-02T07:32:31.245+0000] {processor.py:208} INFO - Processing /home/airflow/.local/lib/python3.12/site-packages/airflow/example_dags/example_dynamic_task_mapping.py took 0.048 seconds
