[2025-04-02T07:25:57.635+0000] {processor.py:186} INFO - Started process (PID=101) to work on /home/airflow/.local/lib/python3.12/site-packages/airflow/example_dags/example_outlet_event_extra.py
[2025-04-02T07:25:57.635+0000] {processor.py:914} INFO - Processing file /home/airflow/.local/lib/python3.12/site-packages/airflow/example_dags/example_outlet_event_extra.py for tasks to queue
[2025-04-02T07:25:57.637+0000] {logging_mixin.py:190} INFO - [2025-04-02T07:25:57.636+0000] {dagbag.py:588} INFO - Filling up the DagBag from /home/airflow/.local/lib/python3.12/site-packages/airflow/example_dags/example_outlet_event_extra.py
[2025-04-02T07:25:58.005+0000] {processor.py:925} INFO - DAG(s) 'dataset_with_extra_from_classic_operator', 'dataset_with_extra_by_yield', 'dataset_with_extra_by_context' retrieved from /home/airflow/.local/lib/python3.12/site-packages/airflow/example_dags/example_outlet_event_extra.py
[2025-04-02T07:25:58.044+0000] {logging_mixin.py:190} INFO - [2025-04-02T07:25:58.044+0000] {override.py:1912} INFO - Created Permission View: can delete on DAG:dataset_with_extra_from_classic_operator
[2025-04-02T07:25:58.048+0000] {logging_mixin.py:190} INFO - [2025-04-02T07:25:58.048+0000] {override.py:1912} INFO - Created Permission View: can read on DAG:dataset_with_extra_from_classic_operator
[2025-04-02T07:25:58.051+0000] {logging_mixin.py:190} INFO - [2025-04-02T07:25:58.051+0000] {override.py:1912} INFO - Created Permission View: can edit on DAG:dataset_with_extra_from_classic_operator
[2025-04-02T07:25:58.053+0000] {logging_mixin.py:190} INFO - [2025-04-02T07:25:58.053+0000] {override.py:1912} INFO - Created Permission View: can delete on DAG Run:dataset_with_extra_from_classic_operator
[2025-04-02T07:25:58.056+0000] {logging_mixin.py:190} INFO - [2025-04-02T07:25:58.056+0000] {override.py:1912} INFO - Created Permission View: can read on DAG Run:dataset_with_extra_from_classic_operator
[2025-04-02T07:25:58.058+0000] {logging_mixin.py:190} INFO - [2025-04-02T07:25:58.058+0000] {override.py:1912} INFO - Created Permission View: can create on DAG Run:dataset_with_extra_from_classic_operator
[2025-04-02T07:25:58.060+0000] {logging_mixin.py:190} INFO - [2025-04-02T07:25:58.060+0000] {override.py:1912} INFO - Created Permission View: menu access on DAG Run:dataset_with_extra_from_classic_operator
[2025-04-02T07:25:58.067+0000] {logging_mixin.py:190} INFO - [2025-04-02T07:25:58.067+0000] {override.py:1912} INFO - Created Permission View: can delete on DAG:dataset_with_extra_by_yield
[2025-04-02T07:25:58.070+0000] {logging_mixin.py:190} INFO - [2025-04-02T07:25:58.070+0000] {override.py:1912} INFO - Created Permission View: can read on DAG:dataset_with_extra_by_yield
[2025-04-02T07:25:58.072+0000] {logging_mixin.py:190} INFO - [2025-04-02T07:25:58.072+0000] {override.py:1912} INFO - Created Permission View: can edit on DAG:dataset_with_extra_by_yield
[2025-04-02T07:25:58.074+0000] {logging_mixin.py:190} INFO - [2025-04-02T07:25:58.074+0000] {override.py:1912} INFO - Created Permission View: can delete on DAG Run:dataset_with_extra_by_yield
[2025-04-02T07:25:58.076+0000] {logging_mixin.py:190} INFO - [2025-04-02T07:25:58.076+0000] {override.py:1912} INFO - Created Permission View: can read on DAG Run:dataset_with_extra_by_yield
[2025-04-02T07:25:58.078+0000] {logging_mixin.py:190} INFO - [2025-04-02T07:25:58.078+0000] {override.py:1912} INFO - Created Permission View: can create on DAG Run:dataset_with_extra_by_yield
[2025-04-02T07:25:58.080+0000] {logging_mixin.py:190} INFO - [2025-04-02T07:25:58.080+0000] {override.py:1912} INFO - Created Permission View: menu access on DAG Run:dataset_with_extra_by_yield
[2025-04-02T07:25:58.084+0000] {logging_mixin.py:190} INFO - [2025-04-02T07:25:58.084+0000] {override.py:1912} INFO - Created Permission View: can delete on DAG:dataset_with_extra_by_context
[2025-04-02T07:25:58.086+0000] {logging_mixin.py:190} INFO - [2025-04-02T07:25:58.086+0000] {override.py:1912} INFO - Created Permission View: can read on DAG:dataset_with_extra_by_context
[2025-04-02T07:25:58.088+0000] {logging_mixin.py:190} INFO - [2025-04-02T07:25:58.088+0000] {override.py:1912} INFO - Created Permission View: can edit on DAG:dataset_with_extra_by_context
[2025-04-02T07:25:58.093+0000] {logging_mixin.py:190} INFO - [2025-04-02T07:25:58.093+0000] {override.py:1912} INFO - Created Permission View: can delete on DAG Run:dataset_with_extra_by_context
[2025-04-02T07:25:58.095+0000] {logging_mixin.py:190} INFO - [2025-04-02T07:25:58.095+0000] {override.py:1912} INFO - Created Permission View: can read on DAG Run:dataset_with_extra_by_context
[2025-04-02T07:25:58.097+0000] {logging_mixin.py:190} INFO - [2025-04-02T07:25:58.097+0000] {override.py:1912} INFO - Created Permission View: can create on DAG Run:dataset_with_extra_by_context
[2025-04-02T07:25:58.099+0000] {logging_mixin.py:190} INFO - [2025-04-02T07:25:58.099+0000] {override.py:1912} INFO - Created Permission View: menu access on DAG Run:dataset_with_extra_by_context
[2025-04-02T07:25:58.100+0000] {logging_mixin.py:190} INFO - [2025-04-02T07:25:58.099+0000] {dag.py:3239} INFO - Sync 3 DAGs
[2025-04-02T07:25:58.106+0000] {logging_mixin.py:190} INFO - [2025-04-02T07:25:58.106+0000] {dag.py:3262} INFO - Creating ORM DAG for dataset_with_extra_by_context
[2025-04-02T07:25:58.106+0000] {logging_mixin.py:190} INFO - [2025-04-02T07:25:58.106+0000] {dag.py:3262} INFO - Creating ORM DAG for dataset_with_extra_by_yield
[2025-04-02T07:25:58.106+0000] {logging_mixin.py:190} INFO - [2025-04-02T07:25:58.106+0000] {dag.py:3262} INFO - Creating ORM DAG for dataset_with_extra_from_classic_operator
[2025-04-02T07:25:58.111+0000] {logging_mixin.py:190} INFO - [2025-04-02T07:25:58.111+0000] {dag.py:4180} INFO - Setting next_dagrun for dataset_with_extra_by_context to 2025-04-01 00:00:00+00:00, run_after=2025-04-02 00:00:00+00:00
[2025-04-02T07:25:58.112+0000] {logging_mixin.py:190} INFO - [2025-04-02T07:25:58.112+0000] {dag.py:4180} INFO - Setting next_dagrun for dataset_with_extra_by_yield to 2025-04-01 00:00:00+00:00, run_after=2025-04-02 00:00:00+00:00
[2025-04-02T07:25:58.112+0000] {logging_mixin.py:190} INFO - [2025-04-02T07:25:58.112+0000] {dag.py:4180} INFO - Setting next_dagrun for dataset_with_extra_from_classic_operator to 2025-04-01 00:00:00+00:00, run_after=2025-04-02 00:00:00+00:00
[2025-04-02T07:25:58.127+0000] {processor.py:208} INFO - Processing /home/airflow/.local/lib/python3.12/site-packages/airflow/example_dags/example_outlet_event_extra.py took 0.496 seconds
[2025-04-02T07:26:43.606+0000] {processor.py:186} INFO - Started process (PID=93) to work on /home/airflow/.local/lib/python3.12/site-packages/airflow/example_dags/example_outlet_event_extra.py
[2025-04-02T07:26:43.607+0000] {processor.py:914} INFO - Processing file /home/airflow/.local/lib/python3.12/site-packages/airflow/example_dags/example_outlet_event_extra.py for tasks to queue
[2025-04-02T07:26:43.609+0000] {logging_mixin.py:190} INFO - [2025-04-02T07:26:43.609+0000] {dagbag.py:588} INFO - Filling up the DagBag from /home/airflow/.local/lib/python3.12/site-packages/airflow/example_dags/example_outlet_event_extra.py
[2025-04-02T07:26:43.961+0000] {processor.py:925} INFO - DAG(s) 'dataset_with_extra_by_yield', 'dataset_with_extra_by_context', 'dataset_with_extra_from_classic_operator' retrieved from /home/airflow/.local/lib/python3.12/site-packages/airflow/example_dags/example_outlet_event_extra.py
[2025-04-02T07:26:43.971+0000] {logging_mixin.py:190} INFO - [2025-04-02T07:26:43.971+0000] {dag.py:3239} INFO - Sync 3 DAGs
[2025-04-02T07:26:43.980+0000] {logging_mixin.py:190} INFO - [2025-04-02T07:26:43.980+0000] {dag.py:4180} INFO - Setting next_dagrun for dataset_with_extra_by_context to 2025-04-01 00:00:00+00:00, run_after=2025-04-02 00:00:00+00:00
[2025-04-02T07:26:43.982+0000] {logging_mixin.py:190} INFO - [2025-04-02T07:26:43.982+0000] {dag.py:4180} INFO - Setting next_dagrun for dataset_with_extra_by_yield to 2025-04-01 00:00:00+00:00, run_after=2025-04-02 00:00:00+00:00
[2025-04-02T07:26:43.983+0000] {logging_mixin.py:190} INFO - [2025-04-02T07:26:43.983+0000] {dag.py:4180} INFO - Setting next_dagrun for dataset_with_extra_from_classic_operator to 2025-04-01 00:00:00+00:00, run_after=2025-04-02 00:00:00+00:00
[2025-04-02T07:26:43.990+0000] {processor.py:208} INFO - Processing /home/airflow/.local/lib/python3.12/site-packages/airflow/example_dags/example_outlet_event_extra.py took 0.386 seconds
[2025-04-02T07:27:14.306+0000] {processor.py:186} INFO - Started process (PID=156) to work on /home/airflow/.local/lib/python3.12/site-packages/airflow/example_dags/example_outlet_event_extra.py
[2025-04-02T07:27:14.307+0000] {processor.py:914} INFO - Processing file /home/airflow/.local/lib/python3.12/site-packages/airflow/example_dags/example_outlet_event_extra.py for tasks to queue
[2025-04-02T07:27:14.309+0000] {logging_mixin.py:190} INFO - [2025-04-02T07:27:14.308+0000] {dagbag.py:588} INFO - Filling up the DagBag from /home/airflow/.local/lib/python3.12/site-packages/airflow/example_dags/example_outlet_event_extra.py
[2025-04-02T07:27:14.585+0000] {processor.py:925} INFO - DAG(s) 'dataset_with_extra_from_classic_operator', 'dataset_with_extra_by_context', 'dataset_with_extra_by_yield' retrieved from /home/airflow/.local/lib/python3.12/site-packages/airflow/example_dags/example_outlet_event_extra.py
[2025-04-02T07:27:14.594+0000] {logging_mixin.py:190} INFO - [2025-04-02T07:27:14.594+0000] {dag.py:3239} INFO - Sync 3 DAGs
[2025-04-02T07:27:14.602+0000] {logging_mixin.py:190} INFO - [2025-04-02T07:27:14.602+0000] {dag.py:4180} INFO - Setting next_dagrun for dataset_with_extra_by_context to 2025-04-01 00:00:00+00:00, run_after=2025-04-02 00:00:00+00:00
[2025-04-02T07:27:14.604+0000] {logging_mixin.py:190} INFO - [2025-04-02T07:27:14.604+0000] {dag.py:4180} INFO - Setting next_dagrun for dataset_with_extra_by_yield to 2025-04-01 00:00:00+00:00, run_after=2025-04-02 00:00:00+00:00
[2025-04-02T07:27:14.605+0000] {logging_mixin.py:190} INFO - [2025-04-02T07:27:14.604+0000] {dag.py:4180} INFO - Setting next_dagrun for dataset_with_extra_from_classic_operator to 2025-04-01 00:00:00+00:00, run_after=2025-04-02 00:00:00+00:00
[2025-04-02T07:27:14.611+0000] {processor.py:208} INFO - Processing /home/airflow/.local/lib/python3.12/site-packages/airflow/example_dags/example_outlet_event_extra.py took 0.307 seconds
[2025-04-02T07:27:45.166+0000] {processor.py:186} INFO - Started process (PID=219) to work on /home/airflow/.local/lib/python3.12/site-packages/airflow/example_dags/example_outlet_event_extra.py
[2025-04-02T07:27:45.167+0000] {processor.py:914} INFO - Processing file /home/airflow/.local/lib/python3.12/site-packages/airflow/example_dags/example_outlet_event_extra.py for tasks to queue
[2025-04-02T07:27:45.170+0000] {logging_mixin.py:190} INFO - [2025-04-02T07:27:45.170+0000] {dagbag.py:588} INFO - Filling up the DagBag from /home/airflow/.local/lib/python3.12/site-packages/airflow/example_dags/example_outlet_event_extra.py
[2025-04-02T07:27:45.448+0000] {processor.py:925} INFO - DAG(s) 'dataset_with_extra_from_classic_operator', 'dataset_with_extra_by_yield', 'dataset_with_extra_by_context' retrieved from /home/airflow/.local/lib/python3.12/site-packages/airflow/example_dags/example_outlet_event_extra.py
[2025-04-02T07:27:45.458+0000] {logging_mixin.py:190} INFO - [2025-04-02T07:27:45.458+0000] {dag.py:3239} INFO - Sync 3 DAGs
[2025-04-02T07:27:45.466+0000] {logging_mixin.py:190} INFO - [2025-04-02T07:27:45.466+0000] {dag.py:4180} INFO - Setting next_dagrun for dataset_with_extra_by_context to 2025-04-01 00:00:00+00:00, run_after=2025-04-02 00:00:00+00:00
[2025-04-02T07:27:45.468+0000] {logging_mixin.py:190} INFO - [2025-04-02T07:27:45.468+0000] {dag.py:4180} INFO - Setting next_dagrun for dataset_with_extra_by_yield to 2025-04-01 00:00:00+00:00, run_after=2025-04-02 00:00:00+00:00
[2025-04-02T07:27:45.469+0000] {logging_mixin.py:190} INFO - [2025-04-02T07:27:45.469+0000] {dag.py:4180} INFO - Setting next_dagrun for dataset_with_extra_from_classic_operator to 2025-04-01 00:00:00+00:00, run_after=2025-04-02 00:00:00+00:00
[2025-04-02T07:27:45.475+0000] {processor.py:208} INFO - Processing /home/airflow/.local/lib/python3.12/site-packages/airflow/example_dags/example_outlet_event_extra.py took 0.312 seconds
[2025-04-02T07:28:15.916+0000] {processor.py:186} INFO - Started process (PID=281) to work on /home/airflow/.local/lib/python3.12/site-packages/airflow/example_dags/example_outlet_event_extra.py
[2025-04-02T07:28:15.917+0000] {processor.py:914} INFO - Processing file /home/airflow/.local/lib/python3.12/site-packages/airflow/example_dags/example_outlet_event_extra.py for tasks to queue
[2025-04-02T07:28:15.918+0000] {logging_mixin.py:190} INFO - [2025-04-02T07:28:15.918+0000] {dagbag.py:588} INFO - Filling up the DagBag from /home/airflow/.local/lib/python3.12/site-packages/airflow/example_dags/example_outlet_event_extra.py
[2025-04-02T07:28:16.477+0000] {processor.py:925} INFO - DAG(s) 'dataset_with_extra_from_classic_operator', 'dataset_with_extra_by_yield', 'dataset_with_extra_by_context' retrieved from /home/airflow/.local/lib/python3.12/site-packages/airflow/example_dags/example_outlet_event_extra.py
[2025-04-02T07:28:16.509+0000] {logging_mixin.py:190} INFO - [2025-04-02T07:28:16.509+0000] {dag.py:3239} INFO - Sync 3 DAGs
[2025-04-02T07:28:16.524+0000] {logging_mixin.py:190} INFO - [2025-04-02T07:28:16.524+0000] {dag.py:4180} INFO - Setting next_dagrun for dataset_with_extra_by_context to 2025-04-01 00:00:00+00:00, run_after=2025-04-02 00:00:00+00:00
[2025-04-02T07:28:16.526+0000] {logging_mixin.py:190} INFO - [2025-04-02T07:28:16.526+0000] {dag.py:4180} INFO - Setting next_dagrun for dataset_with_extra_by_yield to 2025-04-01 00:00:00+00:00, run_after=2025-04-02 00:00:00+00:00
[2025-04-02T07:28:16.527+0000] {logging_mixin.py:190} INFO - [2025-04-02T07:28:16.527+0000] {dag.py:4180} INFO - Setting next_dagrun for dataset_with_extra_from_classic_operator to 2025-04-01 00:00:00+00:00, run_after=2025-04-02 00:00:00+00:00
[2025-04-02T07:28:16.535+0000] {processor.py:208} INFO - Processing /home/airflow/.local/lib/python3.12/site-packages/airflow/example_dags/example_outlet_event_extra.py took 0.624 seconds
[2025-04-02T07:28:47.425+0000] {processor.py:186} INFO - Started process (PID=344) to work on /home/airflow/.local/lib/python3.12/site-packages/airflow/example_dags/example_outlet_event_extra.py
[2025-04-02T07:28:47.427+0000] {processor.py:914} INFO - Processing file /home/airflow/.local/lib/python3.12/site-packages/airflow/example_dags/example_outlet_event_extra.py for tasks to queue
[2025-04-02T07:28:47.428+0000] {logging_mixin.py:190} INFO - [2025-04-02T07:28:47.428+0000] {dagbag.py:588} INFO - Filling up the DagBag from /home/airflow/.local/lib/python3.12/site-packages/airflow/example_dags/example_outlet_event_extra.py
[2025-04-02T07:28:47.692+0000] {processor.py:925} INFO - DAG(s) 'dataset_with_extra_by_yield', 'dataset_with_extra_by_context', 'dataset_with_extra_from_classic_operator' retrieved from /home/airflow/.local/lib/python3.12/site-packages/airflow/example_dags/example_outlet_event_extra.py
[2025-04-02T07:28:47.702+0000] {logging_mixin.py:190} INFO - [2025-04-02T07:28:47.701+0000] {dag.py:3239} INFO - Sync 3 DAGs
[2025-04-02T07:28:47.710+0000] {logging_mixin.py:190} INFO - [2025-04-02T07:28:47.710+0000] {dag.py:4180} INFO - Setting next_dagrun for dataset_with_extra_by_context to 2025-04-01 00:00:00+00:00, run_after=2025-04-02 00:00:00+00:00
[2025-04-02T07:28:47.712+0000] {logging_mixin.py:190} INFO - [2025-04-02T07:28:47.712+0000] {dag.py:4180} INFO - Setting next_dagrun for dataset_with_extra_by_yield to 2025-04-01 00:00:00+00:00, run_after=2025-04-02 00:00:00+00:00
[2025-04-02T07:28:47.713+0000] {logging_mixin.py:190} INFO - [2025-04-02T07:28:47.713+0000] {dag.py:4180} INFO - Setting next_dagrun for dataset_with_extra_from_classic_operator to 2025-04-01 00:00:00+00:00, run_after=2025-04-02 00:00:00+00:00
[2025-04-02T07:28:47.720+0000] {processor.py:208} INFO - Processing /home/airflow/.local/lib/python3.12/site-packages/airflow/example_dags/example_outlet_event_extra.py took 0.304 seconds
[2025-04-02T07:29:18.344+0000] {processor.py:186} INFO - Started process (PID=407) to work on /home/airflow/.local/lib/python3.12/site-packages/airflow/example_dags/example_outlet_event_extra.py
[2025-04-02T07:29:18.344+0000] {processor.py:914} INFO - Processing file /home/airflow/.local/lib/python3.12/site-packages/airflow/example_dags/example_outlet_event_extra.py for tasks to queue
[2025-04-02T07:29:18.345+0000] {logging_mixin.py:190} INFO - [2025-04-02T07:29:18.345+0000] {dagbag.py:588} INFO - Filling up the DagBag from /home/airflow/.local/lib/python3.12/site-packages/airflow/example_dags/example_outlet_event_extra.py
[2025-04-02T07:29:18.616+0000] {processor.py:925} INFO - DAG(s) 'dataset_with_extra_from_classic_operator', 'dataset_with_extra_by_yield', 'dataset_with_extra_by_context' retrieved from /home/airflow/.local/lib/python3.12/site-packages/airflow/example_dags/example_outlet_event_extra.py
[2025-04-02T07:29:18.655+0000] {logging_mixin.py:190} INFO - [2025-04-02T07:29:18.655+0000] {dag.py:3239} INFO - Sync 3 DAGs
[2025-04-02T07:29:18.666+0000] {logging_mixin.py:190} INFO - [2025-04-02T07:29:18.666+0000] {dag.py:4180} INFO - Setting next_dagrun for dataset_with_extra_by_context to 2025-04-01 00:00:00+00:00, run_after=2025-04-02 00:00:00+00:00
[2025-04-02T07:29:18.668+0000] {logging_mixin.py:190} INFO - [2025-04-02T07:29:18.668+0000] {dag.py:4180} INFO - Setting next_dagrun for dataset_with_extra_by_yield to 2025-04-01 00:00:00+00:00, run_after=2025-04-02 00:00:00+00:00
[2025-04-02T07:29:18.668+0000] {logging_mixin.py:190} INFO - [2025-04-02T07:29:18.668+0000] {dag.py:4180} INFO - Setting next_dagrun for dataset_with_extra_from_classic_operator to 2025-04-01 00:00:00+00:00, run_after=2025-04-02 00:00:00+00:00
[2025-04-02T07:29:18.676+0000] {processor.py:208} INFO - Processing /home/airflow/.local/lib/python3.12/site-packages/airflow/example_dags/example_outlet_event_extra.py took 0.335 seconds
[2025-04-02T07:29:48.724+0000] {processor.py:186} INFO - Started process (PID=470) to work on /home/airflow/.local/lib/python3.12/site-packages/airflow/example_dags/example_outlet_event_extra.py
[2025-04-02T07:29:48.725+0000] {processor.py:914} INFO - Processing file /home/airflow/.local/lib/python3.12/site-packages/airflow/example_dags/example_outlet_event_extra.py for tasks to queue
[2025-04-02T07:29:48.727+0000] {logging_mixin.py:190} INFO - [2025-04-02T07:29:48.727+0000] {dagbag.py:588} INFO - Filling up the DagBag from /home/airflow/.local/lib/python3.12/site-packages/airflow/example_dags/example_outlet_event_extra.py
[2025-04-02T07:29:49.110+0000] {processor.py:925} INFO - DAG(s) 'dataset_with_extra_by_yield', 'dataset_with_extra_from_classic_operator', 'dataset_with_extra_by_context' retrieved from /home/airflow/.local/lib/python3.12/site-packages/airflow/example_dags/example_outlet_event_extra.py
[2025-04-02T07:29:49.127+0000] {logging_mixin.py:190} INFO - [2025-04-02T07:29:49.127+0000] {dag.py:3239} INFO - Sync 3 DAGs
[2025-04-02T07:29:49.142+0000] {logging_mixin.py:190} INFO - [2025-04-02T07:29:49.142+0000] {dag.py:4180} INFO - Setting next_dagrun for dataset_with_extra_by_context to 2025-04-01 00:00:00+00:00, run_after=2025-04-02 00:00:00+00:00
[2025-04-02T07:29:49.146+0000] {logging_mixin.py:190} INFO - [2025-04-02T07:29:49.146+0000] {dag.py:4180} INFO - Setting next_dagrun for dataset_with_extra_by_yield to 2025-04-01 00:00:00+00:00, run_after=2025-04-02 00:00:00+00:00
[2025-04-02T07:29:49.148+0000] {logging_mixin.py:190} INFO - [2025-04-02T07:29:49.148+0000] {dag.py:4180} INFO - Setting next_dagrun for dataset_with_extra_from_classic_operator to 2025-04-01 00:00:00+00:00, run_after=2025-04-02 00:00:00+00:00
[2025-04-02T07:29:49.157+0000] {processor.py:208} INFO - Processing /home/airflow/.local/lib/python3.12/site-packages/airflow/example_dags/example_outlet_event_extra.py took 0.437 seconds
[2025-04-02T07:30:29.716+0000] {processor.py:186} INFO - Started process (PID=534) to work on /home/airflow/.local/lib/python3.12/site-packages/airflow/example_dags/example_outlet_event_extra.py
[2025-04-02T07:30:29.720+0000] {processor.py:914} INFO - Processing file /home/airflow/.local/lib/python3.12/site-packages/airflow/example_dags/example_outlet_event_extra.py for tasks to queue
[2025-04-02T07:30:29.728+0000] {logging_mixin.py:190} INFO - [2025-04-02T07:30:29.728+0000] {dagbag.py:588} INFO - Filling up the DagBag from /home/airflow/.local/lib/python3.12/site-packages/airflow/example_dags/example_outlet_event_extra.py
[2025-04-02T07:30:31.274+0000] {processor.py:925} INFO - DAG(s) 'dataset_with_extra_from_classic_operator', 'dataset_with_extra_by_context', 'dataset_with_extra_by_yield' retrieved from /home/airflow/.local/lib/python3.12/site-packages/airflow/example_dags/example_outlet_event_extra.py
[2025-04-02T07:30:31.317+0000] {logging_mixin.py:190} INFO - [2025-04-02T07:30:31.317+0000] {dag.py:3239} INFO - Sync 3 DAGs
[2025-04-02T07:30:31.354+0000] {logging_mixin.py:190} INFO - [2025-04-02T07:30:31.354+0000] {dag.py:4180} INFO - Setting next_dagrun for dataset_with_extra_by_context to 2025-04-01 00:00:00+00:00, run_after=2025-04-02 00:00:00+00:00
[2025-04-02T07:30:31.361+0000] {logging_mixin.py:190} INFO - [2025-04-02T07:30:31.361+0000] {dag.py:4180} INFO - Setting next_dagrun for dataset_with_extra_by_yield to 2025-04-01 00:00:00+00:00, run_after=2025-04-02 00:00:00+00:00
[2025-04-02T07:30:31.368+0000] {logging_mixin.py:190} INFO - [2025-04-02T07:30:31.368+0000] {dag.py:4180} INFO - Setting next_dagrun for dataset_with_extra_from_classic_operator to 2025-04-01 00:00:00+00:00, run_after=2025-04-02 00:00:00+00:00
[2025-04-02T07:30:31.443+0000] {processor.py:208} INFO - Processing /home/airflow/.local/lib/python3.12/site-packages/airflow/example_dags/example_outlet_event_extra.py took 1.746 seconds
[2025-04-02T07:31:01.641+0000] {processor.py:186} INFO - Started process (PID=599) to work on /home/airflow/.local/lib/python3.12/site-packages/airflow/example_dags/example_outlet_event_extra.py
[2025-04-02T07:31:01.647+0000] {processor.py:914} INFO - Processing file /home/airflow/.local/lib/python3.12/site-packages/airflow/example_dags/example_outlet_event_extra.py for tasks to queue
[2025-04-02T07:31:01.654+0000] {logging_mixin.py:190} INFO - [2025-04-02T07:31:01.653+0000] {dagbag.py:588} INFO - Filling up the DagBag from /home/airflow/.local/lib/python3.12/site-packages/airflow/example_dags/example_outlet_event_extra.py
[2025-04-02T07:31:03.167+0000] {processor.py:925} INFO - DAG(s) 'dataset_with_extra_from_classic_operator', 'dataset_with_extra_by_yield', 'dataset_with_extra_by_context' retrieved from /home/airflow/.local/lib/python3.12/site-packages/airflow/example_dags/example_outlet_event_extra.py
[2025-04-02T07:31:03.271+0000] {logging_mixin.py:190} INFO - [2025-04-02T07:31:03.270+0000] {dag.py:3239} INFO - Sync 3 DAGs
[2025-04-02T07:31:03.347+0000] {logging_mixin.py:190} INFO - [2025-04-02T07:31:03.344+0000] {dag.py:4180} INFO - Setting next_dagrun for dataset_with_extra_by_context to 2025-04-01 00:00:00+00:00, run_after=2025-04-02 00:00:00+00:00
[2025-04-02T07:31:03.361+0000] {logging_mixin.py:190} INFO - [2025-04-02T07:31:03.360+0000] {dag.py:4180} INFO - Setting next_dagrun for dataset_with_extra_by_yield to 2025-04-01 00:00:00+00:00, run_after=2025-04-02 00:00:00+00:00
[2025-04-02T07:31:03.373+0000] {logging_mixin.py:190} INFO - [2025-04-02T07:31:03.372+0000] {dag.py:4180} INFO - Setting next_dagrun for dataset_with_extra_from_classic_operator to 2025-04-01 00:00:00+00:00, run_after=2025-04-02 00:00:00+00:00
[2025-04-02T07:31:03.439+0000] {processor.py:208} INFO - Processing /home/airflow/.local/lib/python3.12/site-packages/airflow/example_dags/example_outlet_event_extra.py took 1.814 seconds
[2025-04-02T07:31:34.243+0000] {processor.py:186} INFO - Started process (PID=668) to work on /home/airflow/.local/lib/python3.12/site-packages/airflow/example_dags/example_outlet_event_extra.py
[2025-04-02T07:31:34.246+0000] {processor.py:914} INFO - Processing file /home/airflow/.local/lib/python3.12/site-packages/airflow/example_dags/example_outlet_event_extra.py for tasks to queue
[2025-04-02T07:31:34.247+0000] {logging_mixin.py:190} INFO - [2025-04-02T07:31:34.247+0000] {dagbag.py:588} INFO - Filling up the DagBag from /home/airflow/.local/lib/python3.12/site-packages/airflow/example_dags/example_outlet_event_extra.py
[2025-04-02T07:31:34.548+0000] {processor.py:925} INFO - DAG(s) 'dataset_with_extra_by_context', 'dataset_with_extra_by_yield', 'dataset_with_extra_from_classic_operator' retrieved from /home/airflow/.local/lib/python3.12/site-packages/airflow/example_dags/example_outlet_event_extra.py
[2025-04-02T07:31:34.560+0000] {logging_mixin.py:190} INFO - [2025-04-02T07:31:34.560+0000] {dag.py:3239} INFO - Sync 3 DAGs
[2025-04-02T07:31:34.571+0000] {logging_mixin.py:190} INFO - [2025-04-02T07:31:34.571+0000] {dag.py:4180} INFO - Setting next_dagrun for dataset_with_extra_by_context to 2025-04-01 00:00:00+00:00, run_after=2025-04-02 00:00:00+00:00
[2025-04-02T07:31:34.573+0000] {logging_mixin.py:190} INFO - [2025-04-02T07:31:34.573+0000] {dag.py:4180} INFO - Setting next_dagrun for dataset_with_extra_by_yield to 2025-04-01 00:00:00+00:00, run_after=2025-04-02 00:00:00+00:00
[2025-04-02T07:31:34.573+0000] {logging_mixin.py:190} INFO - [2025-04-02T07:31:34.573+0000] {dag.py:4180} INFO - Setting next_dagrun for dataset_with_extra_from_classic_operator to 2025-04-01 00:00:00+00:00, run_after=2025-04-02 00:00:00+00:00
[2025-04-02T07:31:34.581+0000] {processor.py:208} INFO - Processing /home/airflow/.local/lib/python3.12/site-packages/airflow/example_dags/example_outlet_event_extra.py took 0.341 seconds
[2025-04-02T07:32:05.536+0000] {processor.py:186} INFO - Started process (PID=732) to work on /home/airflow/.local/lib/python3.12/site-packages/airflow/example_dags/example_outlet_event_extra.py
[2025-04-02T07:32:05.537+0000] {processor.py:914} INFO - Processing file /home/airflow/.local/lib/python3.12/site-packages/airflow/example_dags/example_outlet_event_extra.py for tasks to queue
[2025-04-02T07:32:05.539+0000] {logging_mixin.py:190} INFO - [2025-04-02T07:32:05.539+0000] {dagbag.py:588} INFO - Filling up the DagBag from /home/airflow/.local/lib/python3.12/site-packages/airflow/example_dags/example_outlet_event_extra.py
[2025-04-02T07:32:05.798+0000] {processor.py:925} INFO - DAG(s) 'dataset_with_extra_by_context', 'dataset_with_extra_from_classic_operator', 'dataset_with_extra_by_yield' retrieved from /home/airflow/.local/lib/python3.12/site-packages/airflow/example_dags/example_outlet_event_extra.py
[2025-04-02T07:32:05.809+0000] {logging_mixin.py:190} INFO - [2025-04-02T07:32:05.809+0000] {dag.py:3239} INFO - Sync 3 DAGs
[2025-04-02T07:32:05.818+0000] {logging_mixin.py:190} INFO - [2025-04-02T07:32:05.818+0000] {dag.py:4180} INFO - Setting next_dagrun for dataset_with_extra_by_context to 2025-04-01 00:00:00+00:00, run_after=2025-04-02 00:00:00+00:00
[2025-04-02T07:32:05.820+0000] {logging_mixin.py:190} INFO - [2025-04-02T07:32:05.820+0000] {dag.py:4180} INFO - Setting next_dagrun for dataset_with_extra_by_yield to 2025-04-01 00:00:00+00:00, run_after=2025-04-02 00:00:00+00:00
[2025-04-02T07:32:05.821+0000] {logging_mixin.py:190} INFO - [2025-04-02T07:32:05.821+0000] {dag.py:4180} INFO - Setting next_dagrun for dataset_with_extra_from_classic_operator to 2025-04-01 00:00:00+00:00, run_after=2025-04-02 00:00:00+00:00
[2025-04-02T07:32:05.828+0000] {processor.py:208} INFO - Processing /home/airflow/.local/lib/python3.12/site-packages/airflow/example_dags/example_outlet_event_extra.py took 0.297 seconds
