[2025-04-02T07:25:54.996+0000] {processor.py:186} INFO - Started process (PID=73) to work on /home/airflow/.local/lib/python3.12/site-packages/airflow/example_dags/example_branch_python_dop_operator_3.py
[2025-04-02T07:25:54.997+0000] {processor.py:914} INFO - Processing file /home/airflow/.local/lib/python3.12/site-packages/airflow/example_dags/example_branch_python_dop_operator_3.py for tasks to queue
[2025-04-02T07:25:54.998+0000] {logging_mixin.py:190} INFO - [2025-04-02T07:25:54.998+0000] {dagbag.py:588} INFO - Filling up the DagBag from /home/airflow/.local/lib/python3.12/site-packages/airflow/example_dags/example_branch_python_dop_operator_3.py
[2025-04-02T07:25:55.003+0000] {processor.py:925} INFO - DAG(s) 'example_branch_dop_operator_v3' retrieved from /home/airflow/.local/lib/python3.12/site-packages/airflow/example_dags/example_branch_python_dop_operator_3.py
[2025-04-02T07:25:55.063+0000] {logging_mixin.py:190} INFO - [2025-04-02T07:25:55.062+0000] {override.py:1912} INFO - Created Permission View: can delete on DAG:example_branch_dop_operator_v3
[2025-04-02T07:25:55.070+0000] {logging_mixin.py:190} INFO - [2025-04-02T07:25:55.070+0000] {override.py:1912} INFO - Created Permission View: can read on DAG:example_branch_dop_operator_v3
[2025-04-02T07:25:55.076+0000] {logging_mixin.py:190} INFO - [2025-04-02T07:25:55.076+0000] {override.py:1912} INFO - Created Permission View: can edit on DAG:example_branch_dop_operator_v3
[2025-04-02T07:25:55.082+0000] {logging_mixin.py:190} INFO - [2025-04-02T07:25:55.082+0000] {override.py:1912} INFO - Created Permission View: can delete on DAG Run:example_branch_dop_operator_v3
[2025-04-02T07:25:55.088+0000] {logging_mixin.py:190} INFO - [2025-04-02T07:25:55.088+0000] {override.py:1912} INFO - Created Permission View: can read on DAG Run:example_branch_dop_operator_v3
[2025-04-02T07:25:55.094+0000] {logging_mixin.py:190} INFO - [2025-04-02T07:25:55.093+0000] {override.py:1912} INFO - Created Permission View: can create on DAG Run:example_branch_dop_operator_v3
[2025-04-02T07:25:55.096+0000] {logging_mixin.py:190} INFO - [2025-04-02T07:25:55.096+0000] {override.py:1912} INFO - Created Permission View: menu access on DAG Run:example_branch_dop_operator_v3
[2025-04-02T07:25:55.097+0000] {logging_mixin.py:190} INFO - [2025-04-02T07:25:55.097+0000] {dag.py:3239} INFO - Sync 1 DAGs
[2025-04-02T07:25:55.103+0000] {logging_mixin.py:190} INFO - [2025-04-02T07:25:55.102+0000] {dag.py:3262} INFO - Creating ORM DAG for example_branch_dop_operator_v3
[2025-04-02T07:25:55.108+0000] {logging_mixin.py:190} INFO - [2025-04-02T07:25:55.108+0000] {dag.py:4180} INFO - Setting next_dagrun for example_branch_dop_operator_v3 to 2025-04-02 07:24:00+00:00, run_after=2025-04-02 07:25:00+00:00
[2025-04-02T07:25:55.116+0000] {processor.py:208} INFO - Processing /home/airflow/.local/lib/python3.12/site-packages/airflow/example_dags/example_branch_python_dop_operator_3.py took 0.122 seconds
[2025-04-02T07:26:42.361+0000] {processor.py:186} INFO - Started process (PID=65) to work on /home/airflow/.local/lib/python3.12/site-packages/airflow/example_dags/example_branch_python_dop_operator_3.py
[2025-04-02T07:26:42.366+0000] {processor.py:914} INFO - Processing file /home/airflow/.local/lib/python3.12/site-packages/airflow/example_dags/example_branch_python_dop_operator_3.py for tasks to queue
[2025-04-02T07:26:42.378+0000] {logging_mixin.py:190} INFO - [2025-04-02T07:26:42.377+0000] {dagbag.py:588} INFO - Filling up the DagBag from /home/airflow/.local/lib/python3.12/site-packages/airflow/example_dags/example_branch_python_dop_operator_3.py
[2025-04-02T07:26:42.408+0000] {processor.py:925} INFO - DAG(s) 'example_branch_dop_operator_v3' retrieved from /home/airflow/.local/lib/python3.12/site-packages/airflow/example_dags/example_branch_python_dop_operator_3.py
[2025-04-02T07:26:42.480+0000] {logging_mixin.py:190} INFO - [2025-04-02T07:26:42.479+0000] {dag.py:3239} INFO - Sync 1 DAGs
[2025-04-02T07:26:42.533+0000] {logging_mixin.py:190} INFO - [2025-04-02T07:26:42.533+0000] {dag.py:4180} INFO - Setting next_dagrun for example_branch_dop_operator_v3 to 2025-04-02 07:25:00+00:00, run_after=2025-04-02 07:26:00+00:00
[2025-04-02T07:26:42.567+0000] {processor.py:208} INFO - Processing /home/airflow/.local/lib/python3.12/site-packages/airflow/example_dags/example_branch_python_dop_operator_3.py took 0.230 seconds
[2025-04-02T07:27:13.578+0000] {processor.py:186} INFO - Started process (PID=128) to work on /home/airflow/.local/lib/python3.12/site-packages/airflow/example_dags/example_branch_python_dop_operator_3.py
[2025-04-02T07:27:13.579+0000] {processor.py:914} INFO - Processing file /home/airflow/.local/lib/python3.12/site-packages/airflow/example_dags/example_branch_python_dop_operator_3.py for tasks to queue
[2025-04-02T07:27:13.582+0000] {logging_mixin.py:190} INFO - [2025-04-02T07:27:13.581+0000] {dagbag.py:588} INFO - Filling up the DagBag from /home/airflow/.local/lib/python3.12/site-packages/airflow/example_dags/example_branch_python_dop_operator_3.py
[2025-04-02T07:27:13.590+0000] {processor.py:925} INFO - DAG(s) 'example_branch_dop_operator_v3' retrieved from /home/airflow/.local/lib/python3.12/site-packages/airflow/example_dags/example_branch_python_dop_operator_3.py
[2025-04-02T07:27:13.602+0000] {logging_mixin.py:190} INFO - [2025-04-02T07:27:13.602+0000] {dag.py:3239} INFO - Sync 1 DAGs
[2025-04-02T07:27:13.616+0000] {logging_mixin.py:190} INFO - [2025-04-02T07:27:13.615+0000] {dag.py:4180} INFO - Setting next_dagrun for example_branch_dop_operator_v3 to 2025-04-02 07:26:00+00:00, run_after=2025-04-02 07:27:00+00:00
[2025-04-02T07:27:13.622+0000] {processor.py:208} INFO - Processing /home/airflow/.local/lib/python3.12/site-packages/airflow/example_dags/example_branch_python_dop_operator_3.py took 0.050 seconds
[2025-04-02T07:27:44.093+0000] {processor.py:186} INFO - Started process (PID=191) to work on /home/airflow/.local/lib/python3.12/site-packages/airflow/example_dags/example_branch_python_dop_operator_3.py
[2025-04-02T07:27:44.094+0000] {processor.py:914} INFO - Processing file /home/airflow/.local/lib/python3.12/site-packages/airflow/example_dags/example_branch_python_dop_operator_3.py for tasks to queue
[2025-04-02T07:27:44.096+0000] {logging_mixin.py:190} INFO - [2025-04-02T07:27:44.096+0000] {dagbag.py:588} INFO - Filling up the DagBag from /home/airflow/.local/lib/python3.12/site-packages/airflow/example_dags/example_branch_python_dop_operator_3.py
[2025-04-02T07:27:44.104+0000] {processor.py:925} INFO - DAG(s) 'example_branch_dop_operator_v3' retrieved from /home/airflow/.local/lib/python3.12/site-packages/airflow/example_dags/example_branch_python_dop_operator_3.py
[2025-04-02T07:27:44.117+0000] {logging_mixin.py:190} INFO - [2025-04-02T07:27:44.117+0000] {dag.py:3239} INFO - Sync 1 DAGs
[2025-04-02T07:27:44.129+0000] {logging_mixin.py:190} INFO - [2025-04-02T07:27:44.129+0000] {dag.py:4180} INFO - Setting next_dagrun for example_branch_dop_operator_v3 to 2025-04-02 07:26:00+00:00, run_after=2025-04-02 07:27:00+00:00
[2025-04-02T07:27:44.137+0000] {processor.py:208} INFO - Processing /home/airflow/.local/lib/python3.12/site-packages/airflow/example_dags/example_branch_python_dop_operator_3.py took 0.049 seconds
[2025-04-02T07:28:15.006+0000] {processor.py:186} INFO - Started process (PID=253) to work on /home/airflow/.local/lib/python3.12/site-packages/airflow/example_dags/example_branch_python_dop_operator_3.py
[2025-04-02T07:28:15.007+0000] {processor.py:914} INFO - Processing file /home/airflow/.local/lib/python3.12/site-packages/airflow/example_dags/example_branch_python_dop_operator_3.py for tasks to queue
[2025-04-02T07:28:15.008+0000] {logging_mixin.py:190} INFO - [2025-04-02T07:28:15.008+0000] {dagbag.py:588} INFO - Filling up the DagBag from /home/airflow/.local/lib/python3.12/site-packages/airflow/example_dags/example_branch_python_dop_operator_3.py
[2025-04-02T07:28:15.015+0000] {processor.py:925} INFO - DAG(s) 'example_branch_dop_operator_v3' retrieved from /home/airflow/.local/lib/python3.12/site-packages/airflow/example_dags/example_branch_python_dop_operator_3.py
[2025-04-02T07:28:15.027+0000] {logging_mixin.py:190} INFO - [2025-04-02T07:28:15.027+0000] {dag.py:3239} INFO - Sync 1 DAGs
[2025-04-02T07:28:15.040+0000] {logging_mixin.py:190} INFO - [2025-04-02T07:28:15.040+0000] {dag.py:4180} INFO - Setting next_dagrun for example_branch_dop_operator_v3 to 2025-04-02 07:27:00+00:00, run_after=2025-04-02 07:28:00+00:00
[2025-04-02T07:28:15.048+0000] {processor.py:208} INFO - Processing /home/airflow/.local/lib/python3.12/site-packages/airflow/example_dags/example_branch_python_dop_operator_3.py took 0.045 seconds
[2025-04-02T07:28:45.591+0000] {processor.py:186} INFO - Started process (PID=316) to work on /home/airflow/.local/lib/python3.12/site-packages/airflow/example_dags/example_branch_python_dop_operator_3.py
[2025-04-02T07:28:45.591+0000] {processor.py:914} INFO - Processing file /home/airflow/.local/lib/python3.12/site-packages/airflow/example_dags/example_branch_python_dop_operator_3.py for tasks to queue
[2025-04-02T07:28:45.592+0000] {logging_mixin.py:190} INFO - [2025-04-02T07:28:45.592+0000] {dagbag.py:588} INFO - Filling up the DagBag from /home/airflow/.local/lib/python3.12/site-packages/airflow/example_dags/example_branch_python_dop_operator_3.py
[2025-04-02T07:28:45.597+0000] {processor.py:925} INFO - DAG(s) 'example_branch_dop_operator_v3' retrieved from /home/airflow/.local/lib/python3.12/site-packages/airflow/example_dags/example_branch_python_dop_operator_3.py
[2025-04-02T07:28:45.606+0000] {logging_mixin.py:190} INFO - [2025-04-02T07:28:45.606+0000] {dag.py:3239} INFO - Sync 1 DAGs
[2025-04-02T07:28:45.617+0000] {logging_mixin.py:190} INFO - [2025-04-02T07:28:45.617+0000] {dag.py:4180} INFO - Setting next_dagrun for example_branch_dop_operator_v3 to 2025-04-02 07:27:00+00:00, run_after=2025-04-02 07:28:00+00:00
[2025-04-02T07:28:45.625+0000] {processor.py:208} INFO - Processing /home/airflow/.local/lib/python3.12/site-packages/airflow/example_dags/example_branch_python_dop_operator_3.py took 0.036 seconds
[2025-04-02T07:29:16.401+0000] {processor.py:186} INFO - Started process (PID=379) to work on /home/airflow/.local/lib/python3.12/site-packages/airflow/example_dags/example_branch_python_dop_operator_3.py
[2025-04-02T07:29:16.402+0000] {processor.py:914} INFO - Processing file /home/airflow/.local/lib/python3.12/site-packages/airflow/example_dags/example_branch_python_dop_operator_3.py for tasks to queue
[2025-04-02T07:29:16.403+0000] {logging_mixin.py:190} INFO - [2025-04-02T07:29:16.403+0000] {dagbag.py:588} INFO - Filling up the DagBag from /home/airflow/.local/lib/python3.12/site-packages/airflow/example_dags/example_branch_python_dop_operator_3.py
[2025-04-02T07:29:16.414+0000] {processor.py:925} INFO - DAG(s) 'example_branch_dop_operator_v3' retrieved from /home/airflow/.local/lib/python3.12/site-packages/airflow/example_dags/example_branch_python_dop_operator_3.py
[2025-04-02T07:29:16.432+0000] {logging_mixin.py:190} INFO - [2025-04-02T07:29:16.432+0000] {dag.py:3239} INFO - Sync 1 DAGs
[2025-04-02T07:29:16.444+0000] {logging_mixin.py:190} INFO - [2025-04-02T07:29:16.444+0000] {dag.py:4180} INFO - Setting next_dagrun for example_branch_dop_operator_v3 to 2025-04-02 07:28:00+00:00, run_after=2025-04-02 07:29:00+00:00
[2025-04-02T07:29:16.451+0000] {processor.py:208} INFO - Processing /home/airflow/.local/lib/python3.12/site-packages/airflow/example_dags/example_branch_python_dop_operator_3.py took 0.053 seconds
[2025-04-02T07:29:47.397+0000] {processor.py:186} INFO - Started process (PID=442) to work on /home/airflow/.local/lib/python3.12/site-packages/airflow/example_dags/example_branch_python_dop_operator_3.py
[2025-04-02T07:29:47.397+0000] {processor.py:914} INFO - Processing file /home/airflow/.local/lib/python3.12/site-packages/airflow/example_dags/example_branch_python_dop_operator_3.py for tasks to queue
[2025-04-02T07:29:47.399+0000] {logging_mixin.py:190} INFO - [2025-04-02T07:29:47.399+0000] {dagbag.py:588} INFO - Filling up the DagBag from /home/airflow/.local/lib/python3.12/site-packages/airflow/example_dags/example_branch_python_dop_operator_3.py
[2025-04-02T07:29:47.404+0000] {processor.py:925} INFO - DAG(s) 'example_branch_dop_operator_v3' retrieved from /home/airflow/.local/lib/python3.12/site-packages/airflow/example_dags/example_branch_python_dop_operator_3.py
[2025-04-02T07:29:47.417+0000] {logging_mixin.py:190} INFO - [2025-04-02T07:29:47.417+0000] {dag.py:3239} INFO - Sync 1 DAGs
[2025-04-02T07:29:47.440+0000] {logging_mixin.py:190} INFO - [2025-04-02T07:29:47.440+0000] {dag.py:4180} INFO - Setting next_dagrun for example_branch_dop_operator_v3 to 2025-04-02 07:28:00+00:00, run_after=2025-04-02 07:29:00+00:00
[2025-04-02T07:29:47.452+0000] {processor.py:208} INFO - Processing /home/airflow/.local/lib/python3.12/site-packages/airflow/example_dags/example_branch_python_dop_operator_3.py took 0.059 seconds
[2025-04-02T07:30:24.138+0000] {processor.py:186} INFO - Started process (PID=506) to work on /home/airflow/.local/lib/python3.12/site-packages/airflow/example_dags/example_branch_python_dop_operator_3.py
[2025-04-02T07:30:24.143+0000] {processor.py:914} INFO - Processing file /home/airflow/.local/lib/python3.12/site-packages/airflow/example_dags/example_branch_python_dop_operator_3.py for tasks to queue
[2025-04-02T07:30:24.161+0000] {logging_mixin.py:190} INFO - [2025-04-02T07:30:24.160+0000] {dagbag.py:588} INFO - Filling up the DagBag from /home/airflow/.local/lib/python3.12/site-packages/airflow/example_dags/example_branch_python_dop_operator_3.py
[2025-04-02T07:30:24.187+0000] {processor.py:925} INFO - DAG(s) 'example_branch_dop_operator_v3' retrieved from /home/airflow/.local/lib/python3.12/site-packages/airflow/example_dags/example_branch_python_dop_operator_3.py
[2025-04-02T07:30:24.270+0000] {logging_mixin.py:190} INFO - [2025-04-02T07:30:24.269+0000] {dag.py:3239} INFO - Sync 1 DAGs
[2025-04-02T07:30:24.350+0000] {logging_mixin.py:190} INFO - [2025-04-02T07:30:24.349+0000] {dag.py:4180} INFO - Setting next_dagrun for example_branch_dop_operator_v3 to 2025-04-02 07:29:00+00:00, run_after=2025-04-02 07:30:00+00:00
[2025-04-02T07:30:24.411+0000] {processor.py:208} INFO - Processing /home/airflow/.local/lib/python3.12/site-packages/airflow/example_dags/example_branch_python_dop_operator_3.py took 0.298 seconds
[2025-04-02T07:30:55.036+0000] {processor.py:186} INFO - Started process (PID=569) to work on /home/airflow/.local/lib/python3.12/site-packages/airflow/example_dags/example_branch_python_dop_operator_3.py
[2025-04-02T07:30:55.042+0000] {processor.py:914} INFO - Processing file /home/airflow/.local/lib/python3.12/site-packages/airflow/example_dags/example_branch_python_dop_operator_3.py for tasks to queue
[2025-04-02T07:30:55.047+0000] {logging_mixin.py:190} INFO - [2025-04-02T07:30:55.046+0000] {dagbag.py:588} INFO - Filling up the DagBag from /home/airflow/.local/lib/python3.12/site-packages/airflow/example_dags/example_branch_python_dop_operator_3.py
[2025-04-02T07:30:55.066+0000] {processor.py:925} INFO - DAG(s) 'example_branch_dop_operator_v3' retrieved from /home/airflow/.local/lib/python3.12/site-packages/airflow/example_dags/example_branch_python_dop_operator_3.py
[2025-04-02T07:30:55.148+0000] {logging_mixin.py:190} INFO - [2025-04-02T07:30:55.147+0000] {dag.py:3239} INFO - Sync 1 DAGs
[2025-04-02T07:30:55.195+0000] {logging_mixin.py:190} INFO - [2025-04-02T07:30:55.195+0000] {dag.py:4180} INFO - Setting next_dagrun for example_branch_dop_operator_v3 to 2025-04-02 07:29:00+00:00, run_after=2025-04-02 07:30:00+00:00
[2025-04-02T07:30:55.257+0000] {processor.py:208} INFO - Processing /home/airflow/.local/lib/python3.12/site-packages/airflow/example_dags/example_branch_python_dop_operator_3.py took 0.232 seconds
[2025-04-02T07:31:26.179+0000] {processor.py:186} INFO - Started process (PID=632) to work on /home/airflow/.local/lib/python3.12/site-packages/airflow/example_dags/example_branch_python_dop_operator_3.py
[2025-04-02T07:31:26.180+0000] {processor.py:914} INFO - Processing file /home/airflow/.local/lib/python3.12/site-packages/airflow/example_dags/example_branch_python_dop_operator_3.py for tasks to queue
[2025-04-02T07:31:26.184+0000] {logging_mixin.py:190} INFO - [2025-04-02T07:31:26.184+0000] {dagbag.py:588} INFO - Filling up the DagBag from /home/airflow/.local/lib/python3.12/site-packages/airflow/example_dags/example_branch_python_dop_operator_3.py
[2025-04-02T07:31:26.194+0000] {processor.py:925} INFO - DAG(s) 'example_branch_dop_operator_v3' retrieved from /home/airflow/.local/lib/python3.12/site-packages/airflow/example_dags/example_branch_python_dop_operator_3.py
[2025-04-02T07:31:26.205+0000] {logging_mixin.py:190} INFO - [2025-04-02T07:31:26.205+0000] {dag.py:3239} INFO - Sync 1 DAGs
[2025-04-02T07:31:26.218+0000] {logging_mixin.py:190} INFO - [2025-04-02T07:31:26.218+0000] {dag.py:4180} INFO - Setting next_dagrun for example_branch_dop_operator_v3 to 2025-04-02 07:30:00+00:00, run_after=2025-04-02 07:31:00+00:00
[2025-04-02T07:31:26.225+0000] {processor.py:208} INFO - Processing /home/airflow/.local/lib/python3.12/site-packages/airflow/example_dags/example_branch_python_dop_operator_3.py took 0.055 seconds
[2025-04-02T07:31:56.369+0000] {processor.py:186} INFO - Started process (PID=696) to work on /home/airflow/.local/lib/python3.12/site-packages/airflow/example_dags/example_branch_python_dop_operator_3.py
[2025-04-02T07:31:56.370+0000] {processor.py:914} INFO - Processing file /home/airflow/.local/lib/python3.12/site-packages/airflow/example_dags/example_branch_python_dop_operator_3.py for tasks to queue
[2025-04-02T07:31:56.371+0000] {logging_mixin.py:190} INFO - [2025-04-02T07:31:56.371+0000] {dagbag.py:588} INFO - Filling up the DagBag from /home/airflow/.local/lib/python3.12/site-packages/airflow/example_dags/example_branch_python_dop_operator_3.py
[2025-04-02T07:31:56.378+0000] {processor.py:925} INFO - DAG(s) 'example_branch_dop_operator_v3' retrieved from /home/airflow/.local/lib/python3.12/site-packages/airflow/example_dags/example_branch_python_dop_operator_3.py
[2025-04-02T07:31:56.390+0000] {logging_mixin.py:190} INFO - [2025-04-02T07:31:56.390+0000] {dag.py:3239} INFO - Sync 1 DAGs
[2025-04-02T07:31:56.401+0000] {logging_mixin.py:190} INFO - [2025-04-02T07:31:56.401+0000] {dag.py:4180} INFO - Setting next_dagrun for example_branch_dop_operator_v3 to 2025-04-02 07:30:00+00:00, run_after=2025-04-02 07:31:00+00:00
[2025-04-02T07:31:56.413+0000] {processor.py:208} INFO - Processing /home/airflow/.local/lib/python3.12/site-packages/airflow/example_dags/example_branch_python_dop_operator_3.py took 0.047 seconds
[2025-04-02T07:32:27.400+0000] {processor.py:186} INFO - Started process (PID=760) to work on /home/airflow/.local/lib/python3.12/site-packages/airflow/example_dags/example_branch_python_dop_operator_3.py
[2025-04-02T07:32:27.401+0000] {processor.py:914} INFO - Processing file /home/airflow/.local/lib/python3.12/site-packages/airflow/example_dags/example_branch_python_dop_operator_3.py for tasks to queue
[2025-04-02T07:32:27.402+0000] {logging_mixin.py:190} INFO - [2025-04-02T07:32:27.402+0000] {dagbag.py:588} INFO - Filling up the DagBag from /home/airflow/.local/lib/python3.12/site-packages/airflow/example_dags/example_branch_python_dop_operator_3.py
[2025-04-02T07:32:27.407+0000] {processor.py:925} INFO - DAG(s) 'example_branch_dop_operator_v3' retrieved from /home/airflow/.local/lib/python3.12/site-packages/airflow/example_dags/example_branch_python_dop_operator_3.py
[2025-04-02T07:32:27.418+0000] {logging_mixin.py:190} INFO - [2025-04-02T07:32:27.418+0000] {dag.py:3239} INFO - Sync 1 DAGs
[2025-04-02T07:32:27.433+0000] {logging_mixin.py:190} INFO - [2025-04-02T07:32:27.433+0000] {dag.py:4180} INFO - Setting next_dagrun for example_branch_dop_operator_v3 to 2025-04-02 07:31:00+00:00, run_after=2025-04-02 07:32:00+00:00
[2025-04-02T07:32:27.444+0000] {processor.py:208} INFO - Processing /home/airflow/.local/lib/python3.12/site-packages/airflow/example_dags/example_branch_python_dop_operator_3.py took 0.046 seconds
