[2025-04-02T07:25:52.650+0000] {processor.py:186} INFO - Started process (PID=61) to work on /home/airflow/.local/lib/python3.12/site-packages/airflow/example_dags/example_inlet_event_extra.py
[2025-04-02T07:25:52.651+0000] {processor.py:914} INFO - Processing file /home/airflow/.local/lib/python3.12/site-packages/airflow/example_dags/example_inlet_event_extra.py for tasks to queue
[2025-04-02T07:25:52.653+0000] {logging_mixin.py:190} INFO - [2025-04-02T07:25:52.652+0000] {dagbag.py:588} INFO - Filling up the DagBag from /home/airflow/.local/lib/python3.12/site-packages/airflow/example_dags/example_inlet_event_extra.py
[2025-04-02T07:25:53.687+0000] {processor.py:925} INFO - DAG(s) 'read_dataset_event', 'read_dataset_event_from_classic' retrieved from /home/airflow/.local/lib/python3.12/site-packages/airflow/example_dags/example_inlet_event_extra.py
[2025-04-02T07:25:53.728+0000] {logging_mixin.py:190} INFO - [2025-04-02T07:25:53.728+0000] {override.py:1912} INFO - Created Permission View: can delete on DAG:read_dataset_event
[2025-04-02T07:25:53.731+0000] {logging_mixin.py:190} INFO - [2025-04-02T07:25:53.731+0000] {override.py:1912} INFO - Created Permission View: can read on DAG:read_dataset_event
[2025-04-02T07:25:53.734+0000] {logging_mixin.py:190} INFO - [2025-04-02T07:25:53.734+0000] {override.py:1912} INFO - Created Permission View: can edit on DAG:read_dataset_event
[2025-04-02T07:25:53.736+0000] {logging_mixin.py:190} INFO - [2025-04-02T07:25:53.736+0000] {override.py:1912} INFO - Created Permission View: can delete on DAG Run:read_dataset_event
[2025-04-02T07:25:53.738+0000] {logging_mixin.py:190} INFO - [2025-04-02T07:25:53.738+0000] {override.py:1912} INFO - Created Permission View: can read on DAG Run:read_dataset_event
[2025-04-02T07:25:53.740+0000] {logging_mixin.py:190} INFO - [2025-04-02T07:25:53.740+0000] {override.py:1912} INFO - Created Permission View: can create on DAG Run:read_dataset_event
[2025-04-02T07:25:53.742+0000] {logging_mixin.py:190} INFO - [2025-04-02T07:25:53.742+0000] {override.py:1912} INFO - Created Permission View: menu access on DAG Run:read_dataset_event
[2025-04-02T07:25:53.747+0000] {logging_mixin.py:190} INFO - [2025-04-02T07:25:53.747+0000] {override.py:1912} INFO - Created Permission View: can delete on DAG:read_dataset_event_from_classic
[2025-04-02T07:25:53.750+0000] {logging_mixin.py:190} INFO - [2025-04-02T07:25:53.750+0000] {override.py:1912} INFO - Created Permission View: can read on DAG:read_dataset_event_from_classic
[2025-04-02T07:25:53.753+0000] {logging_mixin.py:190} INFO - [2025-04-02T07:25:53.753+0000] {override.py:1912} INFO - Created Permission View: can edit on DAG:read_dataset_event_from_classic
[2025-04-02T07:25:53.755+0000] {logging_mixin.py:190} INFO - [2025-04-02T07:25:53.755+0000] {override.py:1912} INFO - Created Permission View: can delete on DAG Run:read_dataset_event_from_classic
[2025-04-02T07:25:53.758+0000] {logging_mixin.py:190} INFO - [2025-04-02T07:25:53.758+0000] {override.py:1912} INFO - Created Permission View: can read on DAG Run:read_dataset_event_from_classic
[2025-04-02T07:25:53.760+0000] {logging_mixin.py:190} INFO - [2025-04-02T07:25:53.760+0000] {override.py:1912} INFO - Created Permission View: can create on DAG Run:read_dataset_event_from_classic
[2025-04-02T07:25:53.762+0000] {logging_mixin.py:190} INFO - [2025-04-02T07:25:53.762+0000] {override.py:1912} INFO - Created Permission View: menu access on DAG Run:read_dataset_event_from_classic
[2025-04-02T07:25:53.762+0000] {logging_mixin.py:190} INFO - [2025-04-02T07:25:53.762+0000] {dag.py:3239} INFO - Sync 2 DAGs
[2025-04-02T07:25:53.767+0000] {logging_mixin.py:190} INFO - [2025-04-02T07:25:53.767+0000] {dag.py:3262} INFO - Creating ORM DAG for read_dataset_event_from_classic
[2025-04-02T07:25:53.767+0000] {logging_mixin.py:190} INFO - [2025-04-02T07:25:53.767+0000] {dag.py:3262} INFO - Creating ORM DAG for read_dataset_event
[2025-04-02T07:25:53.772+0000] {logging_mixin.py:190} INFO - [2025-04-02T07:25:53.772+0000] {dag.py:4180} INFO - Setting next_dagrun for read_dataset_event to 2025-04-01 00:00:00+00:00, run_after=2025-04-02 00:00:00+00:00
[2025-04-02T07:25:53.773+0000] {logging_mixin.py:190} INFO - [2025-04-02T07:25:53.773+0000] {dag.py:4180} INFO - Setting next_dagrun for read_dataset_event_from_classic to 2025-04-01 00:00:00+00:00, run_after=2025-04-02 00:00:00+00:00
[2025-04-02T07:25:53.779+0000] {processor.py:208} INFO - Processing /home/airflow/.local/lib/python3.12/site-packages/airflow/example_dags/example_inlet_event_extra.py took 1.132 seconds
[2025-04-02T07:26:39.916+0000] {processor.py:186} INFO - Started process (PID=47) to work on /home/airflow/.local/lib/python3.12/site-packages/airflow/example_dags/example_inlet_event_extra.py
[2025-04-02T07:26:39.917+0000] {processor.py:914} INFO - Processing file /home/airflow/.local/lib/python3.12/site-packages/airflow/example_dags/example_inlet_event_extra.py for tasks to queue
[2025-04-02T07:26:39.920+0000] {logging_mixin.py:190} INFO - [2025-04-02T07:26:39.920+0000] {dagbag.py:588} INFO - Filling up the DagBag from /home/airflow/.local/lib/python3.12/site-packages/airflow/example_dags/example_inlet_event_extra.py
[2025-04-02T07:26:40.518+0000] {processor.py:925} INFO - DAG(s) 'read_dataset_event_from_classic', 'read_dataset_event' retrieved from /home/airflow/.local/lib/python3.12/site-packages/airflow/example_dags/example_inlet_event_extra.py
[2025-04-02T07:26:40.544+0000] {logging_mixin.py:190} INFO - [2025-04-02T07:26:40.544+0000] {dag.py:3239} INFO - Sync 2 DAGs
[2025-04-02T07:26:40.572+0000] {logging_mixin.py:190} INFO - [2025-04-02T07:26:40.571+0000] {dag.py:4180} INFO - Setting next_dagrun for read_dataset_event to 2025-04-01 00:00:00+00:00, run_after=2025-04-02 00:00:00+00:00
[2025-04-02T07:26:40.580+0000] {logging_mixin.py:190} INFO - [2025-04-02T07:26:40.580+0000] {dag.py:4180} INFO - Setting next_dagrun for read_dataset_event_from_classic to 2025-04-01 00:00:00+00:00, run_after=2025-04-02 00:00:00+00:00
[2025-04-02T07:26:40.601+0000] {processor.py:208} INFO - Processing /home/airflow/.local/lib/python3.12/site-packages/airflow/example_dags/example_inlet_event_extra.py took 0.690 seconds
[2025-04-02T07:27:11.490+0000] {processor.py:186} INFO - Started process (PID=117) to work on /home/airflow/.local/lib/python3.12/site-packages/airflow/example_dags/example_inlet_event_extra.py
[2025-04-02T07:27:11.492+0000] {processor.py:914} INFO - Processing file /home/airflow/.local/lib/python3.12/site-packages/airflow/example_dags/example_inlet_event_extra.py for tasks to queue
[2025-04-02T07:27:11.497+0000] {logging_mixin.py:190} INFO - [2025-04-02T07:27:11.496+0000] {dagbag.py:588} INFO - Filling up the DagBag from /home/airflow/.local/lib/python3.12/site-packages/airflow/example_dags/example_inlet_event_extra.py
[2025-04-02T07:27:11.885+0000] {processor.py:925} INFO - DAG(s) 'read_dataset_event', 'read_dataset_event_from_classic' retrieved from /home/airflow/.local/lib/python3.12/site-packages/airflow/example_dags/example_inlet_event_extra.py
[2025-04-02T07:27:11.899+0000] {logging_mixin.py:190} INFO - [2025-04-02T07:27:11.899+0000] {dag.py:3239} INFO - Sync 2 DAGs
[2025-04-02T07:27:11.913+0000] {logging_mixin.py:190} INFO - [2025-04-02T07:27:11.913+0000] {dag.py:4180} INFO - Setting next_dagrun for read_dataset_event to 2025-04-01 00:00:00+00:00, run_after=2025-04-02 00:00:00+00:00
[2025-04-02T07:27:11.916+0000] {logging_mixin.py:190} INFO - [2025-04-02T07:27:11.916+0000] {dag.py:4180} INFO - Setting next_dagrun for read_dataset_event_from_classic to 2025-04-01 00:00:00+00:00, run_after=2025-04-02 00:00:00+00:00
[2025-04-02T07:27:11.925+0000] {processor.py:208} INFO - Processing /home/airflow/.local/lib/python3.12/site-packages/airflow/example_dags/example_inlet_event_extra.py took 0.441 seconds
[2025-04-02T07:27:42.195+0000] {processor.py:186} INFO - Started process (PID=180) to work on /home/airflow/.local/lib/python3.12/site-packages/airflow/example_dags/example_inlet_event_extra.py
[2025-04-02T07:27:42.197+0000] {processor.py:914} INFO - Processing file /home/airflow/.local/lib/python3.12/site-packages/airflow/example_dags/example_inlet_event_extra.py for tasks to queue
[2025-04-02T07:27:42.198+0000] {logging_mixin.py:190} INFO - [2025-04-02T07:27:42.198+0000] {dagbag.py:588} INFO - Filling up the DagBag from /home/airflow/.local/lib/python3.12/site-packages/airflow/example_dags/example_inlet_event_extra.py
[2025-04-02T07:27:42.549+0000] {processor.py:925} INFO - DAG(s) 'read_dataset_event', 'read_dataset_event_from_classic' retrieved from /home/airflow/.local/lib/python3.12/site-packages/airflow/example_dags/example_inlet_event_extra.py
[2025-04-02T07:27:42.562+0000] {logging_mixin.py:190} INFO - [2025-04-02T07:27:42.562+0000] {dag.py:3239} INFO - Sync 2 DAGs
[2025-04-02T07:27:42.572+0000] {logging_mixin.py:190} INFO - [2025-04-02T07:27:42.572+0000] {dag.py:4180} INFO - Setting next_dagrun for read_dataset_event to 2025-04-01 00:00:00+00:00, run_after=2025-04-02 00:00:00+00:00
[2025-04-02T07:27:42.574+0000] {logging_mixin.py:190} INFO - [2025-04-02T07:27:42.574+0000] {dag.py:4180} INFO - Setting next_dagrun for read_dataset_event_from_classic to 2025-04-01 00:00:00+00:00, run_after=2025-04-02 00:00:00+00:00
[2025-04-02T07:27:42.581+0000] {processor.py:208} INFO - Processing /home/airflow/.local/lib/python3.12/site-packages/airflow/example_dags/example_inlet_event_extra.py took 0.392 seconds
[2025-04-02T07:28:13.101+0000] {processor.py:186} INFO - Started process (PID=242) to work on /home/airflow/.local/lib/python3.12/site-packages/airflow/example_dags/example_inlet_event_extra.py
[2025-04-02T07:28:13.101+0000] {processor.py:914} INFO - Processing file /home/airflow/.local/lib/python3.12/site-packages/airflow/example_dags/example_inlet_event_extra.py for tasks to queue
[2025-04-02T07:28:13.102+0000] {logging_mixin.py:190} INFO - [2025-04-02T07:28:13.102+0000] {dagbag.py:588} INFO - Filling up the DagBag from /home/airflow/.local/lib/python3.12/site-packages/airflow/example_dags/example_inlet_event_extra.py
[2025-04-02T07:28:13.476+0000] {processor.py:925} INFO - DAG(s) 'read_dataset_event', 'read_dataset_event_from_classic' retrieved from /home/airflow/.local/lib/python3.12/site-packages/airflow/example_dags/example_inlet_event_extra.py
[2025-04-02T07:28:13.493+0000] {logging_mixin.py:190} INFO - [2025-04-02T07:28:13.492+0000] {dag.py:3239} INFO - Sync 2 DAGs
[2025-04-02T07:28:13.504+0000] {logging_mixin.py:190} INFO - [2025-04-02T07:28:13.504+0000] {dag.py:4180} INFO - Setting next_dagrun for read_dataset_event to 2025-04-01 00:00:00+00:00, run_after=2025-04-02 00:00:00+00:00
[2025-04-02T07:28:13.506+0000] {logging_mixin.py:190} INFO - [2025-04-02T07:28:13.506+0000] {dag.py:4180} INFO - Setting next_dagrun for read_dataset_event_from_classic to 2025-04-01 00:00:00+00:00, run_after=2025-04-02 00:00:00+00:00
[2025-04-02T07:28:13.512+0000] {processor.py:208} INFO - Processing /home/airflow/.local/lib/python3.12/site-packages/airflow/example_dags/example_inlet_event_extra.py took 0.414 seconds
[2025-04-02T07:28:44.343+0000] {processor.py:186} INFO - Started process (PID=305) to work on /home/airflow/.local/lib/python3.12/site-packages/airflow/example_dags/example_inlet_event_extra.py
[2025-04-02T07:28:44.343+0000] {processor.py:914} INFO - Processing file /home/airflow/.local/lib/python3.12/site-packages/airflow/example_dags/example_inlet_event_extra.py for tasks to queue
[2025-04-02T07:28:44.345+0000] {logging_mixin.py:190} INFO - [2025-04-02T07:28:44.345+0000] {dagbag.py:588} INFO - Filling up the DagBag from /home/airflow/.local/lib/python3.12/site-packages/airflow/example_dags/example_inlet_event_extra.py
[2025-04-02T07:28:44.934+0000] {processor.py:925} INFO - DAG(s) 'read_dataset_event', 'read_dataset_event_from_classic' retrieved from /home/airflow/.local/lib/python3.12/site-packages/airflow/example_dags/example_inlet_event_extra.py
[2025-04-02T07:28:44.958+0000] {logging_mixin.py:190} INFO - [2025-04-02T07:28:44.958+0000] {dag.py:3239} INFO - Sync 2 DAGs
[2025-04-02T07:28:44.991+0000] {logging_mixin.py:190} INFO - [2025-04-02T07:28:44.990+0000] {dag.py:4180} INFO - Setting next_dagrun for read_dataset_event to 2025-04-01 00:00:00+00:00, run_after=2025-04-02 00:00:00+00:00
[2025-04-02T07:28:44.993+0000] {logging_mixin.py:190} INFO - [2025-04-02T07:28:44.992+0000] {dag.py:4180} INFO - Setting next_dagrun for read_dataset_event_from_classic to 2025-04-01 00:00:00+00:00, run_after=2025-04-02 00:00:00+00:00
[2025-04-02T07:28:44.999+0000] {processor.py:208} INFO - Processing /home/airflow/.local/lib/python3.12/site-packages/airflow/example_dags/example_inlet_event_extra.py took 0.660 seconds
[2025-04-02T07:29:15.241+0000] {processor.py:186} INFO - Started process (PID=368) to work on /home/airflow/.local/lib/python3.12/site-packages/airflow/example_dags/example_inlet_event_extra.py
[2025-04-02T07:29:15.242+0000] {processor.py:914} INFO - Processing file /home/airflow/.local/lib/python3.12/site-packages/airflow/example_dags/example_inlet_event_extra.py for tasks to queue
[2025-04-02T07:29:15.244+0000] {logging_mixin.py:190} INFO - [2025-04-02T07:29:15.244+0000] {dagbag.py:588} INFO - Filling up the DagBag from /home/airflow/.local/lib/python3.12/site-packages/airflow/example_dags/example_inlet_event_extra.py
[2025-04-02T07:29:15.763+0000] {processor.py:925} INFO - DAG(s) 'read_dataset_event', 'read_dataset_event_from_classic' retrieved from /home/airflow/.local/lib/python3.12/site-packages/airflow/example_dags/example_inlet_event_extra.py
[2025-04-02T07:29:15.785+0000] {logging_mixin.py:190} INFO - [2025-04-02T07:29:15.784+0000] {dag.py:3239} INFO - Sync 2 DAGs
[2025-04-02T07:29:15.801+0000] {logging_mixin.py:190} INFO - [2025-04-02T07:29:15.801+0000] {dag.py:4180} INFO - Setting next_dagrun for read_dataset_event to 2025-04-01 00:00:00+00:00, run_after=2025-04-02 00:00:00+00:00
[2025-04-02T07:29:15.803+0000] {logging_mixin.py:190} INFO - [2025-04-02T07:29:15.803+0000] {dag.py:4180} INFO - Setting next_dagrun for read_dataset_event_from_classic to 2025-04-01 00:00:00+00:00, run_after=2025-04-02 00:00:00+00:00
[2025-04-02T07:29:15.811+0000] {processor.py:208} INFO - Processing /home/airflow/.local/lib/python3.12/site-packages/airflow/example_dags/example_inlet_event_extra.py took 0.573 seconds
[2025-04-02T07:29:46.113+0000] {processor.py:186} INFO - Started process (PID=431) to work on /home/airflow/.local/lib/python3.12/site-packages/airflow/example_dags/example_inlet_event_extra.py
[2025-04-02T07:29:46.114+0000] {processor.py:914} INFO - Processing file /home/airflow/.local/lib/python3.12/site-packages/airflow/example_dags/example_inlet_event_extra.py for tasks to queue
[2025-04-02T07:29:46.115+0000] {logging_mixin.py:190} INFO - [2025-04-02T07:29:46.115+0000] {dagbag.py:588} INFO - Filling up the DagBag from /home/airflow/.local/lib/python3.12/site-packages/airflow/example_dags/example_inlet_event_extra.py
[2025-04-02T07:29:46.590+0000] {processor.py:925} INFO - DAG(s) 'read_dataset_event_from_classic', 'read_dataset_event' retrieved from /home/airflow/.local/lib/python3.12/site-packages/airflow/example_dags/example_inlet_event_extra.py
[2025-04-02T07:29:46.606+0000] {logging_mixin.py:190} INFO - [2025-04-02T07:29:46.605+0000] {dag.py:3239} INFO - Sync 2 DAGs
[2025-04-02T07:29:46.625+0000] {logging_mixin.py:190} INFO - [2025-04-02T07:29:46.625+0000] {dag.py:4180} INFO - Setting next_dagrun for read_dataset_event to 2025-04-01 00:00:00+00:00, run_after=2025-04-02 00:00:00+00:00
[2025-04-02T07:29:46.628+0000] {logging_mixin.py:190} INFO - [2025-04-02T07:29:46.628+0000] {dag.py:4180} INFO - Setting next_dagrun for read_dataset_event_from_classic to 2025-04-01 00:00:00+00:00, run_after=2025-04-02 00:00:00+00:00
[2025-04-02T07:29:46.637+0000] {processor.py:208} INFO - Processing /home/airflow/.local/lib/python3.12/site-packages/airflow/example_dags/example_inlet_event_extra.py took 0.526 seconds
[2025-04-02T07:30:17.000+0000] {processor.py:186} INFO - Started process (PID=495) to work on /home/airflow/.local/lib/python3.12/site-packages/airflow/example_dags/example_inlet_event_extra.py
[2025-04-02T07:30:17.002+0000] {processor.py:914} INFO - Processing file /home/airflow/.local/lib/python3.12/site-packages/airflow/example_dags/example_inlet_event_extra.py for tasks to queue
[2025-04-02T07:30:17.017+0000] {logging_mixin.py:190} INFO - [2025-04-02T07:30:17.014+0000] {dagbag.py:588} INFO - Filling up the DagBag from /home/airflow/.local/lib/python3.12/site-packages/airflow/example_dags/example_inlet_event_extra.py
[2025-04-02T07:30:18.897+0000] {processor.py:925} INFO - DAG(s) 'read_dataset_event', 'read_dataset_event_from_classic' retrieved from /home/airflow/.local/lib/python3.12/site-packages/airflow/example_dags/example_inlet_event_extra.py
[2025-04-02T07:30:19.035+0000] {logging_mixin.py:190} INFO - [2025-04-02T07:30:19.033+0000] {dag.py:3239} INFO - Sync 2 DAGs
[2025-04-02T07:30:19.196+0000] {logging_mixin.py:190} INFO - [2025-04-02T07:30:19.194+0000] {dag.py:4180} INFO - Setting next_dagrun for read_dataset_event to 2025-04-01 00:00:00+00:00, run_after=2025-04-02 00:00:00+00:00
[2025-04-02T07:30:19.270+0000] {logging_mixin.py:190} INFO - [2025-04-02T07:30:19.270+0000] {dag.py:4180} INFO - Setting next_dagrun for read_dataset_event_from_classic to 2025-04-01 00:00:00+00:00, run_after=2025-04-02 00:00:00+00:00
[2025-04-02T07:30:19.492+0000] {processor.py:208} INFO - Processing /home/airflow/.local/lib/python3.12/site-packages/airflow/example_dags/example_inlet_event_extra.py took 2.513 seconds
[2025-04-02T07:30:50.365+0000] {processor.py:186} INFO - Started process (PID=558) to work on /home/airflow/.local/lib/python3.12/site-packages/airflow/example_dags/example_inlet_event_extra.py
[2025-04-02T07:30:50.371+0000] {processor.py:914} INFO - Processing file /home/airflow/.local/lib/python3.12/site-packages/airflow/example_dags/example_inlet_event_extra.py for tasks to queue
[2025-04-02T07:30:50.381+0000] {logging_mixin.py:190} INFO - [2025-04-02T07:30:50.378+0000] {dagbag.py:588} INFO - Filling up the DagBag from /home/airflow/.local/lib/python3.12/site-packages/airflow/example_dags/example_inlet_event_extra.py
[2025-04-02T07:30:51.811+0000] {processor.py:925} INFO - DAG(s) 'read_dataset_event', 'read_dataset_event_from_classic' retrieved from /home/airflow/.local/lib/python3.12/site-packages/airflow/example_dags/example_inlet_event_extra.py
[2025-04-02T07:30:51.882+0000] {logging_mixin.py:190} INFO - [2025-04-02T07:30:51.881+0000] {dag.py:3239} INFO - Sync 2 DAGs
[2025-04-02T07:30:51.923+0000] {logging_mixin.py:190} INFO - [2025-04-02T07:30:51.922+0000] {dag.py:4180} INFO - Setting next_dagrun for read_dataset_event to 2025-04-01 00:00:00+00:00, run_after=2025-04-02 00:00:00+00:00
[2025-04-02T07:30:51.931+0000] {logging_mixin.py:190} INFO - [2025-04-02T07:30:51.931+0000] {dag.py:4180} INFO - Setting next_dagrun for read_dataset_event_from_classic to 2025-04-01 00:00:00+00:00, run_after=2025-04-02 00:00:00+00:00
[2025-04-02T07:30:51.961+0000] {processor.py:208} INFO - Processing /home/airflow/.local/lib/python3.12/site-packages/airflow/example_dags/example_inlet_event_extra.py took 1.630 seconds
[2025-04-02T07:31:22.141+0000] {processor.py:186} INFO - Started process (PID=621) to work on /home/airflow/.local/lib/python3.12/site-packages/airflow/example_dags/example_inlet_event_extra.py
[2025-04-02T07:31:22.143+0000] {processor.py:914} INFO - Processing file /home/airflow/.local/lib/python3.12/site-packages/airflow/example_dags/example_inlet_event_extra.py for tasks to queue
[2025-04-02T07:31:22.145+0000] {logging_mixin.py:190} INFO - [2025-04-02T07:31:22.145+0000] {dagbag.py:588} INFO - Filling up the DagBag from /home/airflow/.local/lib/python3.12/site-packages/airflow/example_dags/example_inlet_event_extra.py
[2025-04-02T07:31:22.558+0000] {processor.py:925} INFO - DAG(s) 'read_dataset_event_from_classic', 'read_dataset_event' retrieved from /home/airflow/.local/lib/python3.12/site-packages/airflow/example_dags/example_inlet_event_extra.py
[2025-04-02T07:31:22.571+0000] {logging_mixin.py:190} INFO - [2025-04-02T07:31:22.571+0000] {dag.py:3239} INFO - Sync 2 DAGs
[2025-04-02T07:31:22.584+0000] {logging_mixin.py:190} INFO - [2025-04-02T07:31:22.584+0000] {dag.py:4180} INFO - Setting next_dagrun for read_dataset_event to 2025-04-01 00:00:00+00:00, run_after=2025-04-02 00:00:00+00:00
[2025-04-02T07:31:22.588+0000] {logging_mixin.py:190} INFO - [2025-04-02T07:31:22.588+0000] {dag.py:4180} INFO - Setting next_dagrun for read_dataset_event_from_classic to 2025-04-01 00:00:00+00:00, run_after=2025-04-02 00:00:00+00:00
[2025-04-02T07:31:22.595+0000] {processor.py:208} INFO - Processing /home/airflow/.local/lib/python3.12/site-packages/airflow/example_dags/example_inlet_event_extra.py took 0.460 seconds
[2025-04-02T07:31:53.365+0000] {processor.py:186} INFO - Started process (PID=685) to work on /home/airflow/.local/lib/python3.12/site-packages/airflow/example_dags/example_inlet_event_extra.py
[2025-04-02T07:31:53.367+0000] {processor.py:914} INFO - Processing file /home/airflow/.local/lib/python3.12/site-packages/airflow/example_dags/example_inlet_event_extra.py for tasks to queue
[2025-04-02T07:31:53.370+0000] {logging_mixin.py:190} INFO - [2025-04-02T07:31:53.369+0000] {dagbag.py:588} INFO - Filling up the DagBag from /home/airflow/.local/lib/python3.12/site-packages/airflow/example_dags/example_inlet_event_extra.py
[2025-04-02T07:31:53.736+0000] {processor.py:925} INFO - DAG(s) 'read_dataset_event_from_classic', 'read_dataset_event' retrieved from /home/airflow/.local/lib/python3.12/site-packages/airflow/example_dags/example_inlet_event_extra.py
[2025-04-02T07:31:53.750+0000] {logging_mixin.py:190} INFO - [2025-04-02T07:31:53.748+0000] {dag.py:3239} INFO - Sync 2 DAGs
[2025-04-02T07:31:53.763+0000] {logging_mixin.py:190} INFO - [2025-04-02T07:31:53.763+0000] {dag.py:4180} INFO - Setting next_dagrun for read_dataset_event to 2025-04-01 00:00:00+00:00, run_after=2025-04-02 00:00:00+00:00
[2025-04-02T07:31:53.765+0000] {logging_mixin.py:190} INFO - [2025-04-02T07:31:53.765+0000] {dag.py:4180} INFO - Setting next_dagrun for read_dataset_event_from_classic to 2025-04-01 00:00:00+00:00, run_after=2025-04-02 00:00:00+00:00
[2025-04-02T07:31:53.772+0000] {processor.py:208} INFO - Processing /home/airflow/.local/lib/python3.12/site-packages/airflow/example_dags/example_inlet_event_extra.py took 0.416 seconds
[2025-04-02T07:32:24.444+0000] {processor.py:186} INFO - Started process (PID=749) to work on /home/airflow/.local/lib/python3.12/site-packages/airflow/example_dags/example_inlet_event_extra.py
[2025-04-02T07:32:24.446+0000] {processor.py:914} INFO - Processing file /home/airflow/.local/lib/python3.12/site-packages/airflow/example_dags/example_inlet_event_extra.py for tasks to queue
[2025-04-02T07:32:24.448+0000] {logging_mixin.py:190} INFO - [2025-04-02T07:32:24.448+0000] {dagbag.py:588} INFO - Filling up the DagBag from /home/airflow/.local/lib/python3.12/site-packages/airflow/example_dags/example_inlet_event_extra.py
[2025-04-02T07:32:24.807+0000] {processor.py:925} INFO - DAG(s) 'read_dataset_event', 'read_dataset_event_from_classic' retrieved from /home/airflow/.local/lib/python3.12/site-packages/airflow/example_dags/example_inlet_event_extra.py
[2025-04-02T07:32:24.819+0000] {logging_mixin.py:190} INFO - [2025-04-02T07:32:24.818+0000] {dag.py:3239} INFO - Sync 2 DAGs
[2025-04-02T07:32:24.833+0000] {logging_mixin.py:190} INFO - [2025-04-02T07:32:24.832+0000] {dag.py:4180} INFO - Setting next_dagrun for read_dataset_event to 2025-04-01 00:00:00+00:00, run_after=2025-04-02 00:00:00+00:00
[2025-04-02T07:32:24.836+0000] {logging_mixin.py:190} INFO - [2025-04-02T07:32:24.835+0000] {dag.py:4180} INFO - Setting next_dagrun for read_dataset_event_from_classic to 2025-04-01 00:00:00+00:00, run_after=2025-04-02 00:00:00+00:00
[2025-04-02T07:32:24.845+0000] {processor.py:208} INFO - Processing /home/airflow/.local/lib/python3.12/site-packages/airflow/example_dags/example_inlet_event_extra.py took 0.409 seconds
