[2025-04-02T07:25:52.435+0000] {processor.py:186} INFO - Started process (PID=60) to work on /home/airflow/.local/lib/python3.12/site-packages/airflow/example_dags/example_subdag_operator.py
[2025-04-02T07:25:52.439+0000] {processor.py:914} INFO - Processing file /home/airflow/.local/lib/python3.12/site-packages/airflow/example_dags/example_subdag_operator.py for tasks to queue
[2025-04-02T07:25:52.442+0000] {logging_mixin.py:190} INFO - [2025-04-02T07:25:52.441+0000] {dagbag.py:588} INFO - Filling up the DagBag from /home/airflow/.local/lib/python3.12/site-packages/airflow/example_dags/example_subdag_operator.py
[2025-04-02T07:25:52.537+0000] {processor.py:925} INFO - DAG(s) 'example_subdag_operator.section-1', 'example_subdag_operator.section-2', 'example_subdag_operator' retrieved from /home/airflow/.local/lib/python3.12/site-packages/airflow/example_dags/example_subdag_operator.py
[2025-04-02T07:25:52.604+0000] {logging_mixin.py:190} INFO - [2025-04-02T07:25:52.603+0000] {override.py:1912} INFO - Created Permission View: can delete on DAG:example_subdag_operator
[2025-04-02T07:25:52.610+0000] {logging_mixin.py:190} INFO - [2025-04-02T07:25:52.610+0000] {override.py:1912} INFO - Created Permission View: can read on DAG:example_subdag_operator
[2025-04-02T07:25:52.615+0000] {logging_mixin.py:190} INFO - [2025-04-02T07:25:52.615+0000] {override.py:1912} INFO - Created Permission View: can edit on DAG:example_subdag_operator
[2025-04-02T07:25:52.618+0000] {logging_mixin.py:190} INFO - [2025-04-02T07:25:52.618+0000] {override.py:1912} INFO - Created Permission View: can delete on DAG Run:example_subdag_operator
[2025-04-02T07:25:52.621+0000] {logging_mixin.py:190} INFO - [2025-04-02T07:25:52.621+0000] {override.py:1912} INFO - Created Permission View: can read on DAG Run:example_subdag_operator
[2025-04-02T07:25:52.625+0000] {logging_mixin.py:190} INFO - [2025-04-02T07:25:52.624+0000] {override.py:1912} INFO - Created Permission View: can create on DAG Run:example_subdag_operator
[2025-04-02T07:25:52.628+0000] {logging_mixin.py:190} INFO - [2025-04-02T07:25:52.628+0000] {override.py:1912} INFO - Created Permission View: menu access on DAG Run:example_subdag_operator
[2025-04-02T07:25:52.631+0000] {logging_mixin.py:190} INFO - [2025-04-02T07:25:52.631+0000] {dag.py:3239} INFO - Sync 3 DAGs
[2025-04-02T07:25:52.642+0000] {logging_mixin.py:190} INFO - [2025-04-02T07:25:52.642+0000] {dag.py:3262} INFO - Creating ORM DAG for example_subdag_operator.section-2
[2025-04-02T07:25:52.642+0000] {logging_mixin.py:190} INFO - [2025-04-02T07:25:52.642+0000] {dag.py:3262} INFO - Creating ORM DAG for example_subdag_operator
[2025-04-02T07:25:52.643+0000] {logging_mixin.py:190} INFO - [2025-04-02T07:25:52.642+0000] {dag.py:3262} INFO - Creating ORM DAG for example_subdag_operator.section-1
[2025-04-02T07:25:52.647+0000] {logging_mixin.py:190} INFO - [2025-04-02T07:25:52.647+0000] {dag.py:4180} INFO - Setting next_dagrun for example_subdag_operator to 2022-01-01 00:00:00+00:00, run_after=2022-01-01 00:00:00+00:00
[2025-04-02T07:25:52.648+0000] {logging_mixin.py:190} INFO - [2025-04-02T07:25:52.648+0000] {dag.py:4180} INFO - Setting next_dagrun for example_subdag_operator.section-1 to None, run_after=None
[2025-04-02T07:25:52.648+0000] {logging_mixin.py:190} INFO - [2025-04-02T07:25:52.648+0000] {dag.py:4180} INFO - Setting next_dagrun for example_subdag_operator.section-2 to None, run_after=None
[2025-04-02T07:25:52.652+0000] {logging_mixin.py:190} INFO - [2025-04-02T07:25:52.652+0000] {dag.py:3239} INFO - Sync 2 DAGs
[2025-04-02T07:25:52.655+0000] {logging_mixin.py:190} INFO - [2025-04-02T07:25:52.655+0000] {dag.py:4180} INFO - Setting next_dagrun for example_subdag_operator.section-1 to None, run_after=None
[2025-04-02T07:25:52.657+0000] {logging_mixin.py:190} INFO - [2025-04-02T07:25:52.657+0000] {dag.py:4180} INFO - Setting next_dagrun for example_subdag_operator.section-2 to None, run_after=None
[2025-04-02T07:25:52.664+0000] {processor.py:208} INFO - Processing /home/airflow/.local/lib/python3.12/site-packages/airflow/example_dags/example_subdag_operator.py took 0.235 seconds
[2025-04-02T07:26:39.842+0000] {processor.py:186} INFO - Started process (PID=46) to work on /home/airflow/.local/lib/python3.12/site-packages/airflow/example_dags/example_subdag_operator.py
[2025-04-02T07:26:39.845+0000] {processor.py:914} INFO - Processing file /home/airflow/.local/lib/python3.12/site-packages/airflow/example_dags/example_subdag_operator.py for tasks to queue
[2025-04-02T07:26:39.847+0000] {logging_mixin.py:190} INFO - [2025-04-02T07:26:39.847+0000] {dagbag.py:588} INFO - Filling up the DagBag from /home/airflow/.local/lib/python3.12/site-packages/airflow/example_dags/example_subdag_operator.py
[2025-04-02T07:26:39.878+0000] {processor.py:925} INFO - DAG(s) 'example_subdag_operator.section-1', 'example_subdag_operator.section-2', 'example_subdag_operator' retrieved from /home/airflow/.local/lib/python3.12/site-packages/airflow/example_dags/example_subdag_operator.py
[2025-04-02T07:26:39.899+0000] {logging_mixin.py:190} INFO - [2025-04-02T07:26:39.899+0000] {dag.py:3239} INFO - Sync 3 DAGs
[2025-04-02T07:26:39.922+0000] {logging_mixin.py:190} INFO - [2025-04-02T07:26:39.922+0000] {dag.py:4180} INFO - Setting next_dagrun for example_subdag_operator to 2022-01-01 00:00:00+00:00, run_after=2022-01-01 00:00:00+00:00
[2025-04-02T07:26:39.925+0000] {logging_mixin.py:190} INFO - [2025-04-02T07:26:39.925+0000] {dag.py:4180} INFO - Setting next_dagrun for example_subdag_operator.section-1 to None, run_after=None
[2025-04-02T07:26:39.928+0000] {logging_mixin.py:190} INFO - [2025-04-02T07:26:39.927+0000] {dag.py:4180} INFO - Setting next_dagrun for example_subdag_operator.section-2 to None, run_after=None
[2025-04-02T07:26:39.939+0000] {logging_mixin.py:190} INFO - [2025-04-02T07:26:39.939+0000] {dag.py:3239} INFO - Sync 2 DAGs
[2025-04-02T07:26:39.946+0000] {logging_mixin.py:190} INFO - [2025-04-02T07:26:39.946+0000] {dag.py:4180} INFO - Setting next_dagrun for example_subdag_operator.section-1 to None, run_after=None
[2025-04-02T07:26:39.947+0000] {logging_mixin.py:190} INFO - [2025-04-02T07:26:39.947+0000] {dag.py:4180} INFO - Setting next_dagrun for example_subdag_operator.section-2 to None, run_after=None
[2025-04-02T07:26:39.960+0000] {processor.py:208} INFO - Processing /home/airflow/.local/lib/python3.12/site-packages/airflow/example_dags/example_subdag_operator.py took 0.133 seconds
[2025-04-02T07:27:10.405+0000] {processor.py:186} INFO - Started process (PID=109) to work on /home/airflow/.local/lib/python3.12/site-packages/airflow/example_dags/example_subdag_operator.py
[2025-04-02T07:27:10.407+0000] {processor.py:914} INFO - Processing file /home/airflow/.local/lib/python3.12/site-packages/airflow/example_dags/example_subdag_operator.py for tasks to queue
[2025-04-02T07:27:10.409+0000] {logging_mixin.py:190} INFO - [2025-04-02T07:27:10.409+0000] {dagbag.py:588} INFO - Filling up the DagBag from /home/airflow/.local/lib/python3.12/site-packages/airflow/example_dags/example_subdag_operator.py
[2025-04-02T07:27:10.424+0000] {processor.py:925} INFO - DAG(s) 'example_subdag_operator.section-1', 'example_subdag_operator.section-2', 'example_subdag_operator' retrieved from /home/airflow/.local/lib/python3.12/site-packages/airflow/example_dags/example_subdag_operator.py
[2025-04-02T07:27:10.431+0000] {logging_mixin.py:190} INFO - [2025-04-02T07:27:10.431+0000] {dag.py:3239} INFO - Sync 3 DAGs
[2025-04-02T07:27:10.444+0000] {logging_mixin.py:190} INFO - [2025-04-02T07:27:10.444+0000] {dag.py:4180} INFO - Setting next_dagrun for example_subdag_operator to 2022-01-01 00:00:00+00:00, run_after=2022-01-01 00:00:00+00:00
[2025-04-02T07:27:10.445+0000] {logging_mixin.py:190} INFO - [2025-04-02T07:27:10.445+0000] {dag.py:4180} INFO - Setting next_dagrun for example_subdag_operator.section-1 to None, run_after=None
[2025-04-02T07:27:10.446+0000] {logging_mixin.py:190} INFO - [2025-04-02T07:27:10.446+0000] {dag.py:4180} INFO - Setting next_dagrun for example_subdag_operator.section-2 to None, run_after=None
[2025-04-02T07:27:10.449+0000] {logging_mixin.py:190} INFO - [2025-04-02T07:27:10.449+0000] {dag.py:3239} INFO - Sync 2 DAGs
[2025-04-02T07:27:10.451+0000] {logging_mixin.py:190} INFO - [2025-04-02T07:27:10.451+0000] {dag.py:4180} INFO - Setting next_dagrun for example_subdag_operator.section-1 to None, run_after=None
[2025-04-02T07:27:10.451+0000] {logging_mixin.py:190} INFO - [2025-04-02T07:27:10.451+0000] {dag.py:4180} INFO - Setting next_dagrun for example_subdag_operator.section-2 to None, run_after=None
[2025-04-02T07:27:10.456+0000] {processor.py:208} INFO - Processing /home/airflow/.local/lib/python3.12/site-packages/airflow/example_dags/example_subdag_operator.py took 0.054 seconds
[2025-04-02T07:27:41.112+0000] {processor.py:186} INFO - Started process (PID=172) to work on /home/airflow/.local/lib/python3.12/site-packages/airflow/example_dags/example_subdag_operator.py
[2025-04-02T07:27:41.115+0000] {processor.py:914} INFO - Processing file /home/airflow/.local/lib/python3.12/site-packages/airflow/example_dags/example_subdag_operator.py for tasks to queue
[2025-04-02T07:27:41.117+0000] {logging_mixin.py:190} INFO - [2025-04-02T07:27:41.117+0000] {dagbag.py:588} INFO - Filling up the DagBag from /home/airflow/.local/lib/python3.12/site-packages/airflow/example_dags/example_subdag_operator.py
[2025-04-02T07:27:41.127+0000] {processor.py:925} INFO - DAG(s) 'example_subdag_operator.section-1', 'example_subdag_operator.section-2', 'example_subdag_operator' retrieved from /home/airflow/.local/lib/python3.12/site-packages/airflow/example_dags/example_subdag_operator.py
[2025-04-02T07:27:41.134+0000] {logging_mixin.py:190} INFO - [2025-04-02T07:27:41.134+0000] {dag.py:3239} INFO - Sync 3 DAGs
[2025-04-02T07:27:41.143+0000] {logging_mixin.py:190} INFO - [2025-04-02T07:27:41.143+0000] {dag.py:4180} INFO - Setting next_dagrun for example_subdag_operator to 2022-01-01 00:00:00+00:00, run_after=2022-01-01 00:00:00+00:00
[2025-04-02T07:27:41.145+0000] {logging_mixin.py:190} INFO - [2025-04-02T07:27:41.145+0000] {dag.py:4180} INFO - Setting next_dagrun for example_subdag_operator.section-1 to None, run_after=None
[2025-04-02T07:27:41.146+0000] {logging_mixin.py:190} INFO - [2025-04-02T07:27:41.146+0000] {dag.py:4180} INFO - Setting next_dagrun for example_subdag_operator.section-2 to None, run_after=None
[2025-04-02T07:27:41.152+0000] {logging_mixin.py:190} INFO - [2025-04-02T07:27:41.152+0000] {dag.py:3239} INFO - Sync 2 DAGs
[2025-04-02T07:27:41.154+0000] {logging_mixin.py:190} INFO - [2025-04-02T07:27:41.154+0000] {dag.py:4180} INFO - Setting next_dagrun for example_subdag_operator.section-1 to None, run_after=None
[2025-04-02T07:27:41.154+0000] {logging_mixin.py:190} INFO - [2025-04-02T07:27:41.154+0000] {dag.py:4180} INFO - Setting next_dagrun for example_subdag_operator.section-2 to None, run_after=None
[2025-04-02T07:27:41.158+0000] {processor.py:208} INFO - Processing /home/airflow/.local/lib/python3.12/site-packages/airflow/example_dags/example_subdag_operator.py took 0.048 seconds
[2025-04-02T07:28:12.016+0000] {processor.py:186} INFO - Started process (PID=240) to work on /home/airflow/.local/lib/python3.12/site-packages/airflow/example_dags/example_subdag_operator.py
[2025-04-02T07:28:12.016+0000] {processor.py:914} INFO - Processing file /home/airflow/.local/lib/python3.12/site-packages/airflow/example_dags/example_subdag_operator.py for tasks to queue
[2025-04-02T07:28:12.020+0000] {logging_mixin.py:190} INFO - [2025-04-02T07:28:12.020+0000] {dagbag.py:588} INFO - Filling up the DagBag from /home/airflow/.local/lib/python3.12/site-packages/airflow/example_dags/example_subdag_operator.py
[2025-04-02T07:28:12.033+0000] {processor.py:925} INFO - DAG(s) 'example_subdag_operator.section-1', 'example_subdag_operator.section-2', 'example_subdag_operator' retrieved from /home/airflow/.local/lib/python3.12/site-packages/airflow/example_dags/example_subdag_operator.py
[2025-04-02T07:28:12.043+0000] {logging_mixin.py:190} INFO - [2025-04-02T07:28:12.043+0000] {dag.py:3239} INFO - Sync 3 DAGs
[2025-04-02T07:28:12.058+0000] {logging_mixin.py:190} INFO - [2025-04-02T07:28:12.058+0000] {dag.py:4180} INFO - Setting next_dagrun for example_subdag_operator to 2022-01-01 00:00:00+00:00, run_after=2022-01-01 00:00:00+00:00
[2025-04-02T07:28:12.061+0000] {logging_mixin.py:190} INFO - [2025-04-02T07:28:12.061+0000] {dag.py:4180} INFO - Setting next_dagrun for example_subdag_operator.section-1 to None, run_after=None
[2025-04-02T07:28:12.061+0000] {logging_mixin.py:190} INFO - [2025-04-02T07:28:12.061+0000] {dag.py:4180} INFO - Setting next_dagrun for example_subdag_operator.section-2 to None, run_after=None
[2025-04-02T07:28:12.069+0000] {logging_mixin.py:190} INFO - [2025-04-02T07:28:12.069+0000] {dag.py:3239} INFO - Sync 2 DAGs
[2025-04-02T07:28:12.073+0000] {logging_mixin.py:190} INFO - [2025-04-02T07:28:12.073+0000] {dag.py:4180} INFO - Setting next_dagrun for example_subdag_operator.section-1 to None, run_after=None
[2025-04-02T07:28:12.073+0000] {logging_mixin.py:190} INFO - [2025-04-02T07:28:12.073+0000] {dag.py:4180} INFO - Setting next_dagrun for example_subdag_operator.section-2 to None, run_after=None
[2025-04-02T07:28:12.078+0000] {processor.py:208} INFO - Processing /home/airflow/.local/lib/python3.12/site-packages/airflow/example_dags/example_subdag_operator.py took 0.066 seconds
[2025-04-02T07:28:42.263+0000] {processor.py:186} INFO - Started process (PID=303) to work on /home/airflow/.local/lib/python3.12/site-packages/airflow/example_dags/example_subdag_operator.py
[2025-04-02T07:28:42.265+0000] {processor.py:914} INFO - Processing file /home/airflow/.local/lib/python3.12/site-packages/airflow/example_dags/example_subdag_operator.py for tasks to queue
[2025-04-02T07:28:42.270+0000] {logging_mixin.py:190} INFO - [2025-04-02T07:28:42.269+0000] {dagbag.py:588} INFO - Filling up the DagBag from /home/airflow/.local/lib/python3.12/site-packages/airflow/example_dags/example_subdag_operator.py
[2025-04-02T07:28:42.292+0000] {processor.py:925} INFO - DAG(s) 'example_subdag_operator.section-1', 'example_subdag_operator.section-2', 'example_subdag_operator' retrieved from /home/airflow/.local/lib/python3.12/site-packages/airflow/example_dags/example_subdag_operator.py
[2025-04-02T07:28:42.299+0000] {logging_mixin.py:190} INFO - [2025-04-02T07:28:42.299+0000] {dag.py:3239} INFO - Sync 3 DAGs
[2025-04-02T07:28:42.309+0000] {logging_mixin.py:190} INFO - [2025-04-02T07:28:42.308+0000] {dag.py:4180} INFO - Setting next_dagrun for example_subdag_operator to 2022-01-01 00:00:00+00:00, run_after=2022-01-01 00:00:00+00:00
[2025-04-02T07:28:42.310+0000] {logging_mixin.py:190} INFO - [2025-04-02T07:28:42.310+0000] {dag.py:4180} INFO - Setting next_dagrun for example_subdag_operator.section-1 to None, run_after=None
[2025-04-02T07:28:42.311+0000] {logging_mixin.py:190} INFO - [2025-04-02T07:28:42.311+0000] {dag.py:4180} INFO - Setting next_dagrun for example_subdag_operator.section-2 to None, run_after=None
[2025-04-02T07:28:42.315+0000] {logging_mixin.py:190} INFO - [2025-04-02T07:28:42.315+0000] {dag.py:3239} INFO - Sync 2 DAGs
[2025-04-02T07:28:42.317+0000] {logging_mixin.py:190} INFO - [2025-04-02T07:28:42.317+0000] {dag.py:4180} INFO - Setting next_dagrun for example_subdag_operator.section-1 to None, run_after=None
[2025-04-02T07:28:42.318+0000] {logging_mixin.py:190} INFO - [2025-04-02T07:28:42.318+0000] {dag.py:4180} INFO - Setting next_dagrun for example_subdag_operator.section-2 to None, run_after=None
[2025-04-02T07:28:42.322+0000] {processor.py:208} INFO - Processing /home/airflow/.local/lib/python3.12/site-packages/airflow/example_dags/example_subdag_operator.py took 0.067 seconds
[2025-04-02T07:29:13.166+0000] {processor.py:186} INFO - Started process (PID=366) to work on /home/airflow/.local/lib/python3.12/site-packages/airflow/example_dags/example_subdag_operator.py
[2025-04-02T07:29:13.167+0000] {processor.py:914} INFO - Processing file /home/airflow/.local/lib/python3.12/site-packages/airflow/example_dags/example_subdag_operator.py for tasks to queue
[2025-04-02T07:29:13.167+0000] {logging_mixin.py:190} INFO - [2025-04-02T07:29:13.167+0000] {dagbag.py:588} INFO - Filling up the DagBag from /home/airflow/.local/lib/python3.12/site-packages/airflow/example_dags/example_subdag_operator.py
[2025-04-02T07:29:13.179+0000] {processor.py:925} INFO - DAG(s) 'example_subdag_operator.section-1', 'example_subdag_operator.section-2', 'example_subdag_operator' retrieved from /home/airflow/.local/lib/python3.12/site-packages/airflow/example_dags/example_subdag_operator.py
[2025-04-02T07:29:13.186+0000] {logging_mixin.py:190} INFO - [2025-04-02T07:29:13.186+0000] {dag.py:3239} INFO - Sync 3 DAGs
[2025-04-02T07:29:13.200+0000] {logging_mixin.py:190} INFO - [2025-04-02T07:29:13.200+0000] {dag.py:4180} INFO - Setting next_dagrun for example_subdag_operator to 2022-01-01 00:00:00+00:00, run_after=2022-01-01 00:00:00+00:00
[2025-04-02T07:29:13.201+0000] {logging_mixin.py:190} INFO - [2025-04-02T07:29:13.201+0000] {dag.py:4180} INFO - Setting next_dagrun for example_subdag_operator.section-1 to None, run_after=None
[2025-04-02T07:29:13.202+0000] {logging_mixin.py:190} INFO - [2025-04-02T07:29:13.202+0000] {dag.py:4180} INFO - Setting next_dagrun for example_subdag_operator.section-2 to None, run_after=None
[2025-04-02T07:29:13.206+0000] {logging_mixin.py:190} INFO - [2025-04-02T07:29:13.206+0000] {dag.py:3239} INFO - Sync 2 DAGs
[2025-04-02T07:29:13.208+0000] {logging_mixin.py:190} INFO - [2025-04-02T07:29:13.208+0000] {dag.py:4180} INFO - Setting next_dagrun for example_subdag_operator.section-1 to None, run_after=None
[2025-04-02T07:29:13.208+0000] {logging_mixin.py:190} INFO - [2025-04-02T07:29:13.208+0000] {dag.py:4180} INFO - Setting next_dagrun for example_subdag_operator.section-2 to None, run_after=None
[2025-04-02T07:29:13.212+0000] {processor.py:208} INFO - Processing /home/airflow/.local/lib/python3.12/site-packages/airflow/example_dags/example_subdag_operator.py took 0.048 seconds
[2025-04-02T07:29:44.040+0000] {processor.py:186} INFO - Started process (PID=429) to work on /home/airflow/.local/lib/python3.12/site-packages/airflow/example_dags/example_subdag_operator.py
[2025-04-02T07:29:44.040+0000] {processor.py:914} INFO - Processing file /home/airflow/.local/lib/python3.12/site-packages/airflow/example_dags/example_subdag_operator.py for tasks to queue
[2025-04-02T07:29:44.041+0000] {logging_mixin.py:190} INFO - [2025-04-02T07:29:44.041+0000] {dagbag.py:588} INFO - Filling up the DagBag from /home/airflow/.local/lib/python3.12/site-packages/airflow/example_dags/example_subdag_operator.py
[2025-04-02T07:29:44.056+0000] {processor.py:925} INFO - DAG(s) 'example_subdag_operator.section-1', 'example_subdag_operator.section-2', 'example_subdag_operator' retrieved from /home/airflow/.local/lib/python3.12/site-packages/airflow/example_dags/example_subdag_operator.py
[2025-04-02T07:29:44.068+0000] {logging_mixin.py:190} INFO - [2025-04-02T07:29:44.068+0000] {dag.py:3239} INFO - Sync 3 DAGs
[2025-04-02T07:29:44.080+0000] {logging_mixin.py:190} INFO - [2025-04-02T07:29:44.080+0000] {dag.py:4180} INFO - Setting next_dagrun for example_subdag_operator to 2022-01-01 00:00:00+00:00, run_after=2022-01-01 00:00:00+00:00
[2025-04-02T07:29:44.081+0000] {logging_mixin.py:190} INFO - [2025-04-02T07:29:44.081+0000] {dag.py:4180} INFO - Setting next_dagrun for example_subdag_operator.section-1 to None, run_after=None
[2025-04-02T07:29:44.082+0000] {logging_mixin.py:190} INFO - [2025-04-02T07:29:44.082+0000] {dag.py:4180} INFO - Setting next_dagrun for example_subdag_operator.section-2 to None, run_after=None
[2025-04-02T07:29:44.085+0000] {logging_mixin.py:190} INFO - [2025-04-02T07:29:44.085+0000] {dag.py:3239} INFO - Sync 2 DAGs
[2025-04-02T07:29:44.088+0000] {logging_mixin.py:190} INFO - [2025-04-02T07:29:44.088+0000] {dag.py:4180} INFO - Setting next_dagrun for example_subdag_operator.section-1 to None, run_after=None
[2025-04-02T07:29:44.088+0000] {logging_mixin.py:190} INFO - [2025-04-02T07:29:44.088+0000] {dag.py:4180} INFO - Setting next_dagrun for example_subdag_operator.section-2 to None, run_after=None
[2025-04-02T07:29:44.093+0000] {processor.py:208} INFO - Processing /home/airflow/.local/lib/python3.12/site-packages/airflow/example_dags/example_subdag_operator.py took 0.056 seconds
[2025-04-02T07:30:15.679+0000] {processor.py:186} INFO - Started process (PID=493) to work on /home/airflow/.local/lib/python3.12/site-packages/airflow/example_dags/example_subdag_operator.py
[2025-04-02T07:30:15.687+0000] {processor.py:914} INFO - Processing file /home/airflow/.local/lib/python3.12/site-packages/airflow/example_dags/example_subdag_operator.py for tasks to queue
[2025-04-02T07:30:15.692+0000] {logging_mixin.py:190} INFO - [2025-04-02T07:30:15.691+0000] {dagbag.py:588} INFO - Filling up the DagBag from /home/airflow/.local/lib/python3.12/site-packages/airflow/example_dags/example_subdag_operator.py
[2025-04-02T07:30:15.764+0000] {processor.py:925} INFO - DAG(s) 'example_subdag_operator.section-1', 'example_subdag_operator.section-2', 'example_subdag_operator' retrieved from /home/airflow/.local/lib/python3.12/site-packages/airflow/example_dags/example_subdag_operator.py
[2025-04-02T07:30:15.790+0000] {logging_mixin.py:190} INFO - [2025-04-02T07:30:15.790+0000] {dag.py:3239} INFO - Sync 3 DAGs
[2025-04-02T07:30:15.828+0000] {logging_mixin.py:190} INFO - [2025-04-02T07:30:15.827+0000] {dag.py:4180} INFO - Setting next_dagrun for example_subdag_operator to 2022-01-01 00:00:00+00:00, run_after=2022-01-01 00:00:00+00:00
[2025-04-02T07:30:15.833+0000] {logging_mixin.py:190} INFO - [2025-04-02T07:30:15.833+0000] {dag.py:4180} INFO - Setting next_dagrun for example_subdag_operator.section-1 to None, run_after=None
[2025-04-02T07:30:15.836+0000] {logging_mixin.py:190} INFO - [2025-04-02T07:30:15.836+0000] {dag.py:4180} INFO - Setting next_dagrun for example_subdag_operator.section-2 to None, run_after=None
[2025-04-02T07:30:15.852+0000] {logging_mixin.py:190} INFO - [2025-04-02T07:30:15.852+0000] {dag.py:3239} INFO - Sync 2 DAGs
[2025-04-02T07:30:15.876+0000] {logging_mixin.py:190} INFO - [2025-04-02T07:30:15.876+0000] {dag.py:4180} INFO - Setting next_dagrun for example_subdag_operator.section-1 to None, run_after=None
[2025-04-02T07:30:15.878+0000] {logging_mixin.py:190} INFO - [2025-04-02T07:30:15.877+0000] {dag.py:4180} INFO - Setting next_dagrun for example_subdag_operator.section-2 to None, run_after=None
[2025-04-02T07:30:15.912+0000] {processor.py:208} INFO - Processing /home/airflow/.local/lib/python3.12/site-packages/airflow/example_dags/example_subdag_operator.py took 0.256 seconds
[2025-04-02T07:30:46.012+0000] {processor.py:186} INFO - Started process (PID=556) to work on /home/airflow/.local/lib/python3.12/site-packages/airflow/example_dags/example_subdag_operator.py
[2025-04-02T07:30:46.013+0000] {processor.py:914} INFO - Processing file /home/airflow/.local/lib/python3.12/site-packages/airflow/example_dags/example_subdag_operator.py for tasks to queue
[2025-04-02T07:30:46.017+0000] {logging_mixin.py:190} INFO - [2025-04-02T07:30:46.017+0000] {dagbag.py:588} INFO - Filling up the DagBag from /home/airflow/.local/lib/python3.12/site-packages/airflow/example_dags/example_subdag_operator.py
[2025-04-02T07:30:46.059+0000] {processor.py:925} INFO - DAG(s) 'example_subdag_operator.section-1', 'example_subdag_operator.section-2', 'example_subdag_operator' retrieved from /home/airflow/.local/lib/python3.12/site-packages/airflow/example_dags/example_subdag_operator.py
[2025-04-02T07:30:46.071+0000] {logging_mixin.py:190} INFO - [2025-04-02T07:30:46.071+0000] {dag.py:3239} INFO - Sync 3 DAGs
[2025-04-02T07:30:46.083+0000] {logging_mixin.py:190} INFO - [2025-04-02T07:30:46.083+0000] {dag.py:4180} INFO - Setting next_dagrun for example_subdag_operator to 2022-01-01 00:00:00+00:00, run_after=2022-01-01 00:00:00+00:00
[2025-04-02T07:30:46.085+0000] {logging_mixin.py:190} INFO - [2025-04-02T07:30:46.085+0000] {dag.py:4180} INFO - Setting next_dagrun for example_subdag_operator.section-1 to None, run_after=None
[2025-04-02T07:30:46.086+0000] {logging_mixin.py:190} INFO - [2025-04-02T07:30:46.086+0000] {dag.py:4180} INFO - Setting next_dagrun for example_subdag_operator.section-2 to None, run_after=None
[2025-04-02T07:30:46.092+0000] {logging_mixin.py:190} INFO - [2025-04-02T07:30:46.092+0000] {dag.py:3239} INFO - Sync 2 DAGs
[2025-04-02T07:30:46.101+0000] {logging_mixin.py:190} INFO - [2025-04-02T07:30:46.101+0000] {dag.py:4180} INFO - Setting next_dagrun for example_subdag_operator.section-1 to None, run_after=None
[2025-04-02T07:30:46.101+0000] {logging_mixin.py:190} INFO - [2025-04-02T07:30:46.101+0000] {dag.py:4180} INFO - Setting next_dagrun for example_subdag_operator.section-2 to None, run_after=None
[2025-04-02T07:30:46.160+0000] {processor.py:208} INFO - Processing /home/airflow/.local/lib/python3.12/site-packages/airflow/example_dags/example_subdag_operator.py took 0.161 seconds
[2025-04-02T07:31:17.052+0000] {processor.py:186} INFO - Started process (PID=619) to work on /home/airflow/.local/lib/python3.12/site-packages/airflow/example_dags/example_subdag_operator.py
[2025-04-02T07:31:17.053+0000] {processor.py:914} INFO - Processing file /home/airflow/.local/lib/python3.12/site-packages/airflow/example_dags/example_subdag_operator.py for tasks to queue
[2025-04-02T07:31:17.055+0000] {logging_mixin.py:190} INFO - [2025-04-02T07:31:17.055+0000] {dagbag.py:588} INFO - Filling up the DagBag from /home/airflow/.local/lib/python3.12/site-packages/airflow/example_dags/example_subdag_operator.py
[2025-04-02T07:31:17.077+0000] {processor.py:925} INFO - DAG(s) 'example_subdag_operator.section-1', 'example_subdag_operator.section-2', 'example_subdag_operator' retrieved from /home/airflow/.local/lib/python3.12/site-packages/airflow/example_dags/example_subdag_operator.py
[2025-04-02T07:31:17.085+0000] {logging_mixin.py:190} INFO - [2025-04-02T07:31:17.084+0000] {dag.py:3239} INFO - Sync 3 DAGs
[2025-04-02T07:31:17.097+0000] {logging_mixin.py:190} INFO - [2025-04-02T07:31:17.097+0000] {dag.py:4180} INFO - Setting next_dagrun for example_subdag_operator to 2022-01-01 00:00:00+00:00, run_after=2022-01-01 00:00:00+00:00
[2025-04-02T07:31:17.099+0000] {logging_mixin.py:190} INFO - [2025-04-02T07:31:17.099+0000] {dag.py:4180} INFO - Setting next_dagrun for example_subdag_operator.section-1 to None, run_after=None
[2025-04-02T07:31:17.100+0000] {logging_mixin.py:190} INFO - [2025-04-02T07:31:17.100+0000] {dag.py:4180} INFO - Setting next_dagrun for example_subdag_operator.section-2 to None, run_after=None
[2025-04-02T07:31:17.103+0000] {logging_mixin.py:190} INFO - [2025-04-02T07:31:17.103+0000] {dag.py:3239} INFO - Sync 2 DAGs
[2025-04-02T07:31:17.106+0000] {logging_mixin.py:190} INFO - [2025-04-02T07:31:17.106+0000] {dag.py:4180} INFO - Setting next_dagrun for example_subdag_operator.section-1 to None, run_after=None
[2025-04-02T07:31:17.106+0000] {logging_mixin.py:190} INFO - [2025-04-02T07:31:17.106+0000] {dag.py:4180} INFO - Setting next_dagrun for example_subdag_operator.section-2 to None, run_after=None
[2025-04-02T07:31:17.111+0000] {processor.py:208} INFO - Processing /home/airflow/.local/lib/python3.12/site-packages/airflow/example_dags/example_subdag_operator.py took 0.067 seconds
[2025-04-02T07:31:47.167+0000] {processor.py:186} INFO - Started process (PID=683) to work on /home/airflow/.local/lib/python3.12/site-packages/airflow/example_dags/example_subdag_operator.py
[2025-04-02T07:31:47.168+0000] {processor.py:914} INFO - Processing file /home/airflow/.local/lib/python3.12/site-packages/airflow/example_dags/example_subdag_operator.py for tasks to queue
[2025-04-02T07:31:47.170+0000] {logging_mixin.py:190} INFO - [2025-04-02T07:31:47.169+0000] {dagbag.py:588} INFO - Filling up the DagBag from /home/airflow/.local/lib/python3.12/site-packages/airflow/example_dags/example_subdag_operator.py
[2025-04-02T07:31:47.198+0000] {processor.py:925} INFO - DAG(s) 'example_subdag_operator.section-1', 'example_subdag_operator.section-2', 'example_subdag_operator' retrieved from /home/airflow/.local/lib/python3.12/site-packages/airflow/example_dags/example_subdag_operator.py
[2025-04-02T07:31:47.212+0000] {logging_mixin.py:190} INFO - [2025-04-02T07:31:47.212+0000] {dag.py:3239} INFO - Sync 3 DAGs
[2025-04-02T07:31:47.230+0000] {logging_mixin.py:190} INFO - [2025-04-02T07:31:47.230+0000] {dag.py:4180} INFO - Setting next_dagrun for example_subdag_operator to 2022-01-01 00:00:00+00:00, run_after=2022-01-01 00:00:00+00:00
[2025-04-02T07:31:47.233+0000] {logging_mixin.py:190} INFO - [2025-04-02T07:31:47.233+0000] {dag.py:4180} INFO - Setting next_dagrun for example_subdag_operator.section-1 to None, run_after=None
[2025-04-02T07:31:47.234+0000] {logging_mixin.py:190} INFO - [2025-04-02T07:31:47.234+0000] {dag.py:4180} INFO - Setting next_dagrun for example_subdag_operator.section-2 to None, run_after=None
[2025-04-02T07:31:47.238+0000] {logging_mixin.py:190} INFO - [2025-04-02T07:31:47.238+0000] {dag.py:3239} INFO - Sync 2 DAGs
[2025-04-02T07:31:47.240+0000] {logging_mixin.py:190} INFO - [2025-04-02T07:31:47.240+0000] {dag.py:4180} INFO - Setting next_dagrun for example_subdag_operator.section-1 to None, run_after=None
[2025-04-02T07:31:47.241+0000] {logging_mixin.py:190} INFO - [2025-04-02T07:31:47.240+0000] {dag.py:4180} INFO - Setting next_dagrun for example_subdag_operator.section-2 to None, run_after=None
[2025-04-02T07:31:47.244+0000] {processor.py:208} INFO - Processing /home/airflow/.local/lib/python3.12/site-packages/airflow/example_dags/example_subdag_operator.py took 0.085 seconds
[2025-04-02T07:32:17.265+0000] {processor.py:186} INFO - Started process (PID=747) to work on /home/airflow/.local/lib/python3.12/site-packages/airflow/example_dags/example_subdag_operator.py
[2025-04-02T07:32:17.266+0000] {processor.py:914} INFO - Processing file /home/airflow/.local/lib/python3.12/site-packages/airflow/example_dags/example_subdag_operator.py for tasks to queue
[2025-04-02T07:32:17.268+0000] {logging_mixin.py:190} INFO - [2025-04-02T07:32:17.268+0000] {dagbag.py:588} INFO - Filling up the DagBag from /home/airflow/.local/lib/python3.12/site-packages/airflow/example_dags/example_subdag_operator.py
[2025-04-02T07:32:17.285+0000] {processor.py:925} INFO - DAG(s) 'example_subdag_operator.section-1', 'example_subdag_operator.section-2', 'example_subdag_operator' retrieved from /home/airflow/.local/lib/python3.12/site-packages/airflow/example_dags/example_subdag_operator.py
[2025-04-02T07:32:17.296+0000] {logging_mixin.py:190} INFO - [2025-04-02T07:32:17.294+0000] {dag.py:3239} INFO - Sync 3 DAGs
[2025-04-02T07:32:17.312+0000] {logging_mixin.py:190} INFO - [2025-04-02T07:32:17.312+0000] {dag.py:4180} INFO - Setting next_dagrun for example_subdag_operator to 2022-01-01 00:00:00+00:00, run_after=2022-01-01 00:00:00+00:00
[2025-04-02T07:32:17.315+0000] {logging_mixin.py:190} INFO - [2025-04-02T07:32:17.315+0000] {dag.py:4180} INFO - Setting next_dagrun for example_subdag_operator.section-1 to None, run_after=None
[2025-04-02T07:32:17.316+0000] {logging_mixin.py:190} INFO - [2025-04-02T07:32:17.316+0000] {dag.py:4180} INFO - Setting next_dagrun for example_subdag_operator.section-2 to None, run_after=None
[2025-04-02T07:32:17.320+0000] {logging_mixin.py:190} INFO - [2025-04-02T07:32:17.320+0000] {dag.py:3239} INFO - Sync 2 DAGs
[2025-04-02T07:32:17.323+0000] {logging_mixin.py:190} INFO - [2025-04-02T07:32:17.323+0000] {dag.py:4180} INFO - Setting next_dagrun for example_subdag_operator.section-1 to None, run_after=None
[2025-04-02T07:32:17.324+0000] {logging_mixin.py:190} INFO - [2025-04-02T07:32:17.324+0000] {dag.py:4180} INFO - Setting next_dagrun for example_subdag_operator.section-2 to None, run_after=None
[2025-04-02T07:32:17.330+0000] {processor.py:208} INFO - Processing /home/airflow/.local/lib/python3.12/site-packages/airflow/example_dags/example_subdag_operator.py took 0.069 seconds
