[2025-04-02T07:25:50.744+0000] {processor.py:186} INFO - Started process (PID=46) to work on /home/airflow/.local/lib/python3.12/site-packages/airflow/example_dags/example_skip_dag.py
[2025-04-02T07:25:50.746+0000] {processor.py:914} INFO - Processing file /home/airflow/.local/lib/python3.12/site-packages/airflow/example_dags/example_skip_dag.py for tasks to queue
[2025-04-02T07:25:50.752+0000] {logging_mixin.py:190} INFO - [2025-04-02T07:25:50.752+0000] {dagbag.py:588} INFO - Filling up the DagBag from /home/airflow/.local/lib/python3.12/site-packages/airflow/example_dags/example_skip_dag.py
[2025-04-02T07:25:50.785+0000] {processor.py:925} INFO - DAG(s) 'example_skip_dag' retrieved from /home/airflow/.local/lib/python3.12/site-packages/airflow/example_dags/example_skip_dag.py
[2025-04-02T07:25:51.333+0000] {logging_mixin.py:190} INFO - [2025-04-02T07:25:51.325+0000] {override.py:1912} INFO - Created Permission View: can delete on DAG:example_skip_dag
[2025-04-02T07:25:51.346+0000] {logging_mixin.py:190} INFO - [2025-04-02T07:25:51.345+0000] {override.py:1912} INFO - Created Permission View: can read on DAG:example_skip_dag
[2025-04-02T07:25:51.359+0000] {logging_mixin.py:190} INFO - [2025-04-02T07:25:51.358+0000] {override.py:1912} INFO - Created Permission View: can edit on DAG:example_skip_dag
[2025-04-02T07:25:51.370+0000] {logging_mixin.py:190} INFO - [2025-04-02T07:25:51.370+0000] {override.py:1912} INFO - Created Permission View: can delete on DAG Run:example_skip_dag
[2025-04-02T07:25:51.392+0000] {logging_mixin.py:190} INFO - [2025-04-02T07:25:51.392+0000] {override.py:1912} INFO - Created Permission View: can read on DAG Run:example_skip_dag
[2025-04-02T07:25:51.417+0000] {logging_mixin.py:190} INFO - [2025-04-02T07:25:51.414+0000] {override.py:1912} INFO - Created Permission View: can create on DAG Run:example_skip_dag
[2025-04-02T07:25:51.451+0000] {logging_mixin.py:190} INFO - [2025-04-02T07:25:51.450+0000] {override.py:1912} INFO - Created Permission View: menu access on DAG Run:example_skip_dag
[2025-04-02T07:25:51.457+0000] {logging_mixin.py:190} INFO - [2025-04-02T07:25:51.456+0000] {dag.py:3239} INFO - Sync 1 DAGs
[2025-04-02T07:25:51.479+0000] {logging_mixin.py:190} INFO - [2025-04-02T07:25:51.479+0000] {dag.py:3262} INFO - Creating ORM DAG for example_skip_dag
[2025-04-02T07:25:51.499+0000] {logging_mixin.py:190} INFO - [2025-04-02T07:25:51.499+0000] {dag.py:4180} INFO - Setting next_dagrun for example_skip_dag to 2025-04-01 00:00:00+00:00, run_after=2025-04-02 00:00:00+00:00
[2025-04-02T07:25:51.527+0000] {processor.py:208} INFO - Processing /home/airflow/.local/lib/python3.12/site-packages/airflow/example_dags/example_skip_dag.py took 0.793 seconds
[2025-04-02T07:26:39.428+0000] {processor.py:186} INFO - Started process (PID=39) to work on /home/airflow/.local/lib/python3.12/site-packages/airflow/example_dags/example_skip_dag.py
[2025-04-02T07:26:39.431+0000] {processor.py:914} INFO - Processing file /home/airflow/.local/lib/python3.12/site-packages/airflow/example_dags/example_skip_dag.py for tasks to queue
[2025-04-02T07:26:39.436+0000] {logging_mixin.py:190} INFO - [2025-04-02T07:26:39.436+0000] {dagbag.py:588} INFO - Filling up the DagBag from /home/airflow/.local/lib/python3.12/site-packages/airflow/example_dags/example_skip_dag.py
[2025-04-02T07:26:39.455+0000] {processor.py:925} INFO - DAG(s) 'example_skip_dag' retrieved from /home/airflow/.local/lib/python3.12/site-packages/airflow/example_dags/example_skip_dag.py
[2025-04-02T07:26:39.485+0000] {logging_mixin.py:190} INFO - [2025-04-02T07:26:39.485+0000] {dag.py:3239} INFO - Sync 1 DAGs
[2025-04-02T07:26:39.516+0000] {logging_mixin.py:190} INFO - [2025-04-02T07:26:39.515+0000] {dag.py:4180} INFO - Setting next_dagrun for example_skip_dag to 2025-04-01 00:00:00+00:00, run_after=2025-04-02 00:00:00+00:00
[2025-04-02T07:26:39.539+0000] {processor.py:208} INFO - Processing /home/airflow/.local/lib/python3.12/site-packages/airflow/example_dags/example_skip_dag.py took 0.119 seconds
[2025-04-02T07:27:10.208+0000] {processor.py:186} INFO - Started process (PID=102) to work on /home/airflow/.local/lib/python3.12/site-packages/airflow/example_dags/example_skip_dag.py
[2025-04-02T07:27:10.210+0000] {processor.py:914} INFO - Processing file /home/airflow/.local/lib/python3.12/site-packages/airflow/example_dags/example_skip_dag.py for tasks to queue
[2025-04-02T07:27:10.216+0000] {logging_mixin.py:190} INFO - [2025-04-02T07:27:10.215+0000] {dagbag.py:588} INFO - Filling up the DagBag from /home/airflow/.local/lib/python3.12/site-packages/airflow/example_dags/example_skip_dag.py
[2025-04-02T07:27:10.227+0000] {processor.py:925} INFO - DAG(s) 'example_skip_dag' retrieved from /home/airflow/.local/lib/python3.12/site-packages/airflow/example_dags/example_skip_dag.py
[2025-04-02T07:27:10.244+0000] {logging_mixin.py:190} INFO - [2025-04-02T07:27:10.244+0000] {dag.py:3239} INFO - Sync 1 DAGs
[2025-04-02T07:27:10.262+0000] {logging_mixin.py:190} INFO - [2025-04-02T07:27:10.262+0000] {dag.py:4180} INFO - Setting next_dagrun for example_skip_dag to 2025-04-01 00:00:00+00:00, run_after=2025-04-02 00:00:00+00:00
[2025-04-02T07:27:10.270+0000] {processor.py:208} INFO - Processing /home/airflow/.local/lib/python3.12/site-packages/airflow/example_dags/example_skip_dag.py took 0.072 seconds
[2025-04-02T07:27:40.902+0000] {processor.py:186} INFO - Started process (PID=165) to work on /home/airflow/.local/lib/python3.12/site-packages/airflow/example_dags/example_skip_dag.py
[2025-04-02T07:27:40.903+0000] {processor.py:914} INFO - Processing file /home/airflow/.local/lib/python3.12/site-packages/airflow/example_dags/example_skip_dag.py for tasks to queue
[2025-04-02T07:27:40.907+0000] {logging_mixin.py:190} INFO - [2025-04-02T07:27:40.906+0000] {dagbag.py:588} INFO - Filling up the DagBag from /home/airflow/.local/lib/python3.12/site-packages/airflow/example_dags/example_skip_dag.py
[2025-04-02T07:27:40.924+0000] {processor.py:925} INFO - DAG(s) 'example_skip_dag' retrieved from /home/airflow/.local/lib/python3.12/site-packages/airflow/example_dags/example_skip_dag.py
[2025-04-02T07:27:40.945+0000] {logging_mixin.py:190} INFO - [2025-04-02T07:27:40.945+0000] {dag.py:3239} INFO - Sync 1 DAGs
[2025-04-02T07:27:40.962+0000] {logging_mixin.py:190} INFO - [2025-04-02T07:27:40.962+0000] {dag.py:4180} INFO - Setting next_dagrun for example_skip_dag to 2025-04-01 00:00:00+00:00, run_after=2025-04-02 00:00:00+00:00
[2025-04-02T07:27:40.973+0000] {processor.py:208} INFO - Processing /home/airflow/.local/lib/python3.12/site-packages/airflow/example_dags/example_skip_dag.py took 0.087 seconds
[2025-04-02T07:28:11.744+0000] {processor.py:186} INFO - Started process (PID=233) to work on /home/airflow/.local/lib/python3.12/site-packages/airflow/example_dags/example_skip_dag.py
[2025-04-02T07:28:11.745+0000] {processor.py:914} INFO - Processing file /home/airflow/.local/lib/python3.12/site-packages/airflow/example_dags/example_skip_dag.py for tasks to queue
[2025-04-02T07:28:11.749+0000] {logging_mixin.py:190} INFO - [2025-04-02T07:28:11.748+0000] {dagbag.py:588} INFO - Filling up the DagBag from /home/airflow/.local/lib/python3.12/site-packages/airflow/example_dags/example_skip_dag.py
[2025-04-02T07:28:11.761+0000] {processor.py:925} INFO - DAG(s) 'example_skip_dag' retrieved from /home/airflow/.local/lib/python3.12/site-packages/airflow/example_dags/example_skip_dag.py
[2025-04-02T07:28:11.787+0000] {logging_mixin.py:190} INFO - [2025-04-02T07:28:11.787+0000] {dag.py:3239} INFO - Sync 1 DAGs
[2025-04-02T07:28:11.804+0000] {logging_mixin.py:190} INFO - [2025-04-02T07:28:11.804+0000] {dag.py:4180} INFO - Setting next_dagrun for example_skip_dag to 2025-04-01 00:00:00+00:00, run_after=2025-04-02 00:00:00+00:00
[2025-04-02T07:28:11.818+0000] {processor.py:208} INFO - Processing /home/airflow/.local/lib/python3.12/site-packages/airflow/example_dags/example_skip_dag.py took 0.082 seconds
[2025-04-02T07:28:41.935+0000] {processor.py:186} INFO - Started process (PID=296) to work on /home/airflow/.local/lib/python3.12/site-packages/airflow/example_dags/example_skip_dag.py
[2025-04-02T07:28:41.936+0000] {processor.py:914} INFO - Processing file /home/airflow/.local/lib/python3.12/site-packages/airflow/example_dags/example_skip_dag.py for tasks to queue
[2025-04-02T07:28:41.941+0000] {logging_mixin.py:190} INFO - [2025-04-02T07:28:41.940+0000] {dagbag.py:588} INFO - Filling up the DagBag from /home/airflow/.local/lib/python3.12/site-packages/airflow/example_dags/example_skip_dag.py
[2025-04-02T07:28:41.954+0000] {processor.py:925} INFO - DAG(s) 'example_skip_dag' retrieved from /home/airflow/.local/lib/python3.12/site-packages/airflow/example_dags/example_skip_dag.py
[2025-04-02T07:28:41.992+0000] {logging_mixin.py:190} INFO - [2025-04-02T07:28:41.991+0000] {dag.py:3239} INFO - Sync 1 DAGs
[2025-04-02T07:28:42.006+0000] {logging_mixin.py:190} INFO - [2025-04-02T07:28:42.006+0000] {dag.py:4180} INFO - Setting next_dagrun for example_skip_dag to 2025-04-01 00:00:00+00:00, run_after=2025-04-02 00:00:00+00:00
[2025-04-02T07:28:42.016+0000] {processor.py:208} INFO - Processing /home/airflow/.local/lib/python3.12/site-packages/airflow/example_dags/example_skip_dag.py took 0.091 seconds
[2025-04-02T07:29:12.864+0000] {processor.py:186} INFO - Started process (PID=359) to work on /home/airflow/.local/lib/python3.12/site-packages/airflow/example_dags/example_skip_dag.py
[2025-04-02T07:29:12.866+0000] {processor.py:914} INFO - Processing file /home/airflow/.local/lib/python3.12/site-packages/airflow/example_dags/example_skip_dag.py for tasks to queue
[2025-04-02T07:29:12.869+0000] {logging_mixin.py:190} INFO - [2025-04-02T07:29:12.869+0000] {dagbag.py:588} INFO - Filling up the DagBag from /home/airflow/.local/lib/python3.12/site-packages/airflow/example_dags/example_skip_dag.py
[2025-04-02T07:29:12.886+0000] {processor.py:925} INFO - DAG(s) 'example_skip_dag' retrieved from /home/airflow/.local/lib/python3.12/site-packages/airflow/example_dags/example_skip_dag.py
[2025-04-02T07:29:12.916+0000] {logging_mixin.py:190} INFO - [2025-04-02T07:29:12.916+0000] {dag.py:3239} INFO - Sync 1 DAGs
[2025-04-02T07:29:12.942+0000] {logging_mixin.py:190} INFO - [2025-04-02T07:29:12.942+0000] {dag.py:4180} INFO - Setting next_dagrun for example_skip_dag to 2025-04-01 00:00:00+00:00, run_after=2025-04-02 00:00:00+00:00
[2025-04-02T07:29:12.954+0000] {processor.py:208} INFO - Processing /home/airflow/.local/lib/python3.12/site-packages/airflow/example_dags/example_skip_dag.py took 0.112 seconds
[2025-04-02T07:29:43.774+0000] {processor.py:186} INFO - Started process (PID=422) to work on /home/airflow/.local/lib/python3.12/site-packages/airflow/example_dags/example_skip_dag.py
[2025-04-02T07:29:43.774+0000] {processor.py:914} INFO - Processing file /home/airflow/.local/lib/python3.12/site-packages/airflow/example_dags/example_skip_dag.py for tasks to queue
[2025-04-02T07:29:43.777+0000] {logging_mixin.py:190} INFO - [2025-04-02T07:29:43.777+0000] {dagbag.py:588} INFO - Filling up the DagBag from /home/airflow/.local/lib/python3.12/site-packages/airflow/example_dags/example_skip_dag.py
[2025-04-02T07:29:43.790+0000] {processor.py:925} INFO - DAG(s) 'example_skip_dag' retrieved from /home/airflow/.local/lib/python3.12/site-packages/airflow/example_dags/example_skip_dag.py
[2025-04-02T07:29:43.825+0000] {logging_mixin.py:190} INFO - [2025-04-02T07:29:43.824+0000] {dag.py:3239} INFO - Sync 1 DAGs
[2025-04-02T07:29:43.856+0000] {logging_mixin.py:190} INFO - [2025-04-02T07:29:43.856+0000] {dag.py:4180} INFO - Setting next_dagrun for example_skip_dag to 2025-04-01 00:00:00+00:00, run_after=2025-04-02 00:00:00+00:00
[2025-04-02T07:29:43.874+0000] {processor.py:208} INFO - Processing /home/airflow/.local/lib/python3.12/site-packages/airflow/example_dags/example_skip_dag.py took 0.107 seconds
[2025-04-02T07:30:14.766+0000] {processor.py:186} INFO - Started process (PID=486) to work on /home/airflow/.local/lib/python3.12/site-packages/airflow/example_dags/example_skip_dag.py
[2025-04-02T07:30:14.768+0000] {processor.py:914} INFO - Processing file /home/airflow/.local/lib/python3.12/site-packages/airflow/example_dags/example_skip_dag.py for tasks to queue
[2025-04-02T07:30:14.778+0000] {logging_mixin.py:190} INFO - [2025-04-02T07:30:14.776+0000] {dagbag.py:588} INFO - Filling up the DagBag from /home/airflow/.local/lib/python3.12/site-packages/airflow/example_dags/example_skip_dag.py
[2025-04-02T07:30:14.816+0000] {processor.py:925} INFO - DAG(s) 'example_skip_dag' retrieved from /home/airflow/.local/lib/python3.12/site-packages/airflow/example_dags/example_skip_dag.py
[2025-04-02T07:30:14.880+0000] {logging_mixin.py:190} INFO - [2025-04-02T07:30:14.880+0000] {dag.py:3239} INFO - Sync 1 DAGs
[2025-04-02T07:30:14.931+0000] {logging_mixin.py:190} INFO - [2025-04-02T07:30:14.931+0000] {dag.py:4180} INFO - Setting next_dagrun for example_skip_dag to 2025-04-01 00:00:00+00:00, run_after=2025-04-02 00:00:00+00:00
[2025-04-02T07:30:14.953+0000] {processor.py:208} INFO - Processing /home/airflow/.local/lib/python3.12/site-packages/airflow/example_dags/example_skip_dag.py took 0.227 seconds
[2025-04-02T07:30:45.314+0000] {processor.py:186} INFO - Started process (PID=549) to work on /home/airflow/.local/lib/python3.12/site-packages/airflow/example_dags/example_skip_dag.py
[2025-04-02T07:30:45.321+0000] {processor.py:914} INFO - Processing file /home/airflow/.local/lib/python3.12/site-packages/airflow/example_dags/example_skip_dag.py for tasks to queue
[2025-04-02T07:30:45.336+0000] {logging_mixin.py:190} INFO - [2025-04-02T07:30:45.335+0000] {dagbag.py:588} INFO - Filling up the DagBag from /home/airflow/.local/lib/python3.12/site-packages/airflow/example_dags/example_skip_dag.py
[2025-04-02T07:30:45.367+0000] {processor.py:925} INFO - DAG(s) 'example_skip_dag' retrieved from /home/airflow/.local/lib/python3.12/site-packages/airflow/example_dags/example_skip_dag.py
[2025-04-02T07:30:45.428+0000] {logging_mixin.py:190} INFO - [2025-04-02T07:30:45.427+0000] {dag.py:3239} INFO - Sync 1 DAGs
[2025-04-02T07:30:45.474+0000] {logging_mixin.py:190} INFO - [2025-04-02T07:30:45.474+0000] {dag.py:4180} INFO - Setting next_dagrun for example_skip_dag to 2025-04-01 00:00:00+00:00, run_after=2025-04-02 00:00:00+00:00
[2025-04-02T07:30:45.501+0000] {processor.py:208} INFO - Processing /home/airflow/.local/lib/python3.12/site-packages/airflow/example_dags/example_skip_dag.py took 0.215 seconds
[2025-04-02T07:31:15.740+0000] {processor.py:186} INFO - Started process (PID=612) to work on /home/airflow/.local/lib/python3.12/site-packages/airflow/example_dags/example_skip_dag.py
[2025-04-02T07:31:15.741+0000] {processor.py:914} INFO - Processing file /home/airflow/.local/lib/python3.12/site-packages/airflow/example_dags/example_skip_dag.py for tasks to queue
[2025-04-02T07:31:15.745+0000] {logging_mixin.py:190} INFO - [2025-04-02T07:31:15.744+0000] {dagbag.py:588} INFO - Filling up the DagBag from /home/airflow/.local/lib/python3.12/site-packages/airflow/example_dags/example_skip_dag.py
[2025-04-02T07:31:15.759+0000] {processor.py:925} INFO - DAG(s) 'example_skip_dag' retrieved from /home/airflow/.local/lib/python3.12/site-packages/airflow/example_dags/example_skip_dag.py
[2025-04-02T07:31:15.782+0000] {logging_mixin.py:190} INFO - [2025-04-02T07:31:15.782+0000] {dag.py:3239} INFO - Sync 1 DAGs
[2025-04-02T07:31:15.803+0000] {logging_mixin.py:190} INFO - [2025-04-02T07:31:15.803+0000] {dag.py:4180} INFO - Setting next_dagrun for example_skip_dag to 2025-04-01 00:00:00+00:00, run_after=2025-04-02 00:00:00+00:00
[2025-04-02T07:31:15.814+0000] {processor.py:208} INFO - Processing /home/airflow/.local/lib/python3.12/site-packages/airflow/example_dags/example_skip_dag.py took 0.082 seconds
[2025-04-02T07:31:45.928+0000] {processor.py:186} INFO - Started process (PID=676) to work on /home/airflow/.local/lib/python3.12/site-packages/airflow/example_dags/example_skip_dag.py
[2025-04-02T07:31:45.930+0000] {processor.py:914} INFO - Processing file /home/airflow/.local/lib/python3.12/site-packages/airflow/example_dags/example_skip_dag.py for tasks to queue
[2025-04-02T07:31:45.934+0000] {logging_mixin.py:190} INFO - [2025-04-02T07:31:45.933+0000] {dagbag.py:588} INFO - Filling up the DagBag from /home/airflow/.local/lib/python3.12/site-packages/airflow/example_dags/example_skip_dag.py
[2025-04-02T07:31:45.946+0000] {processor.py:925} INFO - DAG(s) 'example_skip_dag' retrieved from /home/airflow/.local/lib/python3.12/site-packages/airflow/example_dags/example_skip_dag.py
[2025-04-02T07:31:45.964+0000] {logging_mixin.py:190} INFO - [2025-04-02T07:31:45.964+0000] {dag.py:3239} INFO - Sync 1 DAGs
[2025-04-02T07:31:45.980+0000] {logging_mixin.py:190} INFO - [2025-04-02T07:31:45.980+0000] {dag.py:4180} INFO - Setting next_dagrun for example_skip_dag to 2025-04-01 00:00:00+00:00, run_after=2025-04-02 00:00:00+00:00
[2025-04-02T07:31:45.994+0000] {processor.py:208} INFO - Processing /home/airflow/.local/lib/python3.12/site-packages/airflow/example_dags/example_skip_dag.py took 0.074 seconds
[2025-04-02T07:32:16.989+0000] {processor.py:186} INFO - Started process (PID=740) to work on /home/airflow/.local/lib/python3.12/site-packages/airflow/example_dags/example_skip_dag.py
[2025-04-02T07:32:16.990+0000] {processor.py:914} INFO - Processing file /home/airflow/.local/lib/python3.12/site-packages/airflow/example_dags/example_skip_dag.py for tasks to queue
[2025-04-02T07:32:16.992+0000] {logging_mixin.py:190} INFO - [2025-04-02T07:32:16.992+0000] {dagbag.py:588} INFO - Filling up the DagBag from /home/airflow/.local/lib/python3.12/site-packages/airflow/example_dags/example_skip_dag.py
[2025-04-02T07:32:17.003+0000] {processor.py:925} INFO - DAG(s) 'example_skip_dag' retrieved from /home/airflow/.local/lib/python3.12/site-packages/airflow/example_dags/example_skip_dag.py
[2025-04-02T07:32:17.026+0000] {logging_mixin.py:190} INFO - [2025-04-02T07:32:17.026+0000] {dag.py:3239} INFO - Sync 1 DAGs
[2025-04-02T07:32:17.041+0000] {logging_mixin.py:190} INFO - [2025-04-02T07:32:17.041+0000] {dag.py:4180} INFO - Setting next_dagrun for example_skip_dag to 2025-04-01 00:00:00+00:00, run_after=2025-04-02 00:00:00+00:00
[2025-04-02T07:32:17.054+0000] {processor.py:208} INFO - Processing /home/airflow/.local/lib/python3.12/site-packages/airflow/example_dags/example_skip_dag.py took 0.073 seconds
