[2025-04-02T07:25:53.832+0000] {processor.py:186} INFO - Started process (PID=65) to work on /home/airflow/.local/lib/python3.12/site-packages/airflow/example_dags/example_datasets.py
[2025-04-02T07:25:53.832+0000] {processor.py:914} INFO - Processing file /home/airflow/.local/lib/python3.12/site-packages/airflow/example_dags/example_datasets.py for tasks to queue
[2025-04-02T07:25:53.834+0000] {logging_mixin.py:190} INFO - [2025-04-02T07:25:53.834+0000] {dagbag.py:588} INFO - Filling up the DagBag from /home/airflow/.local/lib/python3.12/site-packages/airflow/example_dags/example_datasets.py
[2025-04-02T07:25:54.125+0000] {processor.py:925} INFO - DAG(s) 'dataset_produces_1', 'dataset_produces_2', 'consume_1_or_2_with_dataset_expressions', 'conditional_dataset_and_time_based_timetable', 'dataset_consumes_1_and_2', 'dataset_consumes_1_never_scheduled', 'consume_1_and_2_with_dataset_expressions', 'dataset_consumes_unknown_never_scheduled', 'consume_1_or_both_2_and_3_with_dataset_expressions', 'dataset_consumes_1' retrieved from /home/airflow/.local/lib/python3.12/site-packages/airflow/example_dags/example_datasets.py
[2025-04-02T07:25:54.163+0000] {logging_mixin.py:190} INFO - [2025-04-02T07:25:54.163+0000] {override.py:1912} INFO - Created Permission View: can delete on DAG:dataset_produces_1
[2025-04-02T07:25:54.167+0000] {logging_mixin.py:190} INFO - [2025-04-02T07:25:54.166+0000] {override.py:1912} INFO - Created Permission View: can read on DAG:dataset_produces_1
[2025-04-02T07:25:54.169+0000] {logging_mixin.py:190} INFO - [2025-04-02T07:25:54.169+0000] {override.py:1912} INFO - Created Permission View: can edit on DAG:dataset_produces_1
[2025-04-02T07:25:54.171+0000] {logging_mixin.py:190} INFO - [2025-04-02T07:25:54.171+0000] {override.py:1912} INFO - Created Permission View: can delete on DAG Run:dataset_produces_1
[2025-04-02T07:25:54.172+0000] {logging_mixin.py:190} INFO - [2025-04-02T07:25:54.172+0000] {override.py:1912} INFO - Created Permission View: can read on DAG Run:dataset_produces_1
[2025-04-02T07:25:54.174+0000] {logging_mixin.py:190} INFO - [2025-04-02T07:25:54.174+0000] {override.py:1912} INFO - Created Permission View: can create on DAG Run:dataset_produces_1
[2025-04-02T07:25:54.176+0000] {logging_mixin.py:190} INFO - [2025-04-02T07:25:54.176+0000] {override.py:1912} INFO - Created Permission View: menu access on DAG Run:dataset_produces_1
[2025-04-02T07:25:54.179+0000] {logging_mixin.py:190} INFO - [2025-04-02T07:25:54.179+0000] {override.py:1912} INFO - Created Permission View: can delete on DAG:dataset_produces_2
[2025-04-02T07:25:54.181+0000] {logging_mixin.py:190} INFO - [2025-04-02T07:25:54.181+0000] {override.py:1912} INFO - Created Permission View: can read on DAG:dataset_produces_2
[2025-04-02T07:25:54.183+0000] {logging_mixin.py:190} INFO - [2025-04-02T07:25:54.183+0000] {override.py:1912} INFO - Created Permission View: can edit on DAG:dataset_produces_2
[2025-04-02T07:25:54.185+0000] {logging_mixin.py:190} INFO - [2025-04-02T07:25:54.184+0000] {override.py:1912} INFO - Created Permission View: can delete on DAG Run:dataset_produces_2
[2025-04-02T07:25:54.186+0000] {logging_mixin.py:190} INFO - [2025-04-02T07:25:54.186+0000] {override.py:1912} INFO - Created Permission View: can read on DAG Run:dataset_produces_2
[2025-04-02T07:25:54.188+0000] {logging_mixin.py:190} INFO - [2025-04-02T07:25:54.188+0000] {override.py:1912} INFO - Created Permission View: can create on DAG Run:dataset_produces_2
[2025-04-02T07:25:54.190+0000] {logging_mixin.py:190} INFO - [2025-04-02T07:25:54.190+0000] {override.py:1912} INFO - Created Permission View: menu access on DAG Run:dataset_produces_2
[2025-04-02T07:25:54.194+0000] {logging_mixin.py:190} INFO - [2025-04-02T07:25:54.194+0000] {override.py:1912} INFO - Created Permission View: can delete on DAG:consume_1_or_2_with_dataset_expressions
[2025-04-02T07:25:54.196+0000] {logging_mixin.py:190} INFO - [2025-04-02T07:25:54.195+0000] {override.py:1912} INFO - Created Permission View: can read on DAG:consume_1_or_2_with_dataset_expressions
[2025-04-02T07:25:54.197+0000] {logging_mixin.py:190} INFO - [2025-04-02T07:25:54.197+0000] {override.py:1912} INFO - Created Permission View: can edit on DAG:consume_1_or_2_with_dataset_expressions
[2025-04-02T07:25:54.199+0000] {logging_mixin.py:190} INFO - [2025-04-02T07:25:54.199+0000] {override.py:1912} INFO - Created Permission View: can delete on DAG Run:consume_1_or_2_with_dataset_expressions
[2025-04-02T07:25:54.201+0000] {logging_mixin.py:190} INFO - [2025-04-02T07:25:54.201+0000] {override.py:1912} INFO - Created Permission View: can read on DAG Run:consume_1_or_2_with_dataset_expressions
[2025-04-02T07:25:54.202+0000] {logging_mixin.py:190} INFO - [2025-04-02T07:25:54.202+0000] {override.py:1912} INFO - Created Permission View: can create on DAG Run:consume_1_or_2_with_dataset_expressions
[2025-04-02T07:25:54.204+0000] {logging_mixin.py:190} INFO - [2025-04-02T07:25:54.204+0000] {override.py:1912} INFO - Created Permission View: menu access on DAG Run:consume_1_or_2_with_dataset_expressions
[2025-04-02T07:25:54.208+0000] {logging_mixin.py:190} INFO - [2025-04-02T07:25:54.208+0000] {override.py:1912} INFO - Created Permission View: can delete on DAG:conditional_dataset_and_time_based_timetable
[2025-04-02T07:25:54.210+0000] {logging_mixin.py:190} INFO - [2025-04-02T07:25:54.210+0000] {override.py:1912} INFO - Created Permission View: can read on DAG:conditional_dataset_and_time_based_timetable
[2025-04-02T07:25:54.212+0000] {logging_mixin.py:190} INFO - [2025-04-02T07:25:54.212+0000] {override.py:1912} INFO - Created Permission View: can edit on DAG:conditional_dataset_and_time_based_timetable
[2025-04-02T07:25:54.214+0000] {logging_mixin.py:190} INFO - [2025-04-02T07:25:54.214+0000] {override.py:1912} INFO - Created Permission View: can delete on DAG Run:conditional_dataset_and_time_based_timetable
[2025-04-02T07:25:54.216+0000] {logging_mixin.py:190} INFO - [2025-04-02T07:25:54.216+0000] {override.py:1912} INFO - Created Permission View: can read on DAG Run:conditional_dataset_and_time_based_timetable
[2025-04-02T07:25:54.219+0000] {logging_mixin.py:190} INFO - [2025-04-02T07:25:54.219+0000] {override.py:1912} INFO - Created Permission View: can create on DAG Run:conditional_dataset_and_time_based_timetable
[2025-04-02T07:25:54.222+0000] {logging_mixin.py:190} INFO - [2025-04-02T07:25:54.222+0000] {override.py:1912} INFO - Created Permission View: menu access on DAG Run:conditional_dataset_and_time_based_timetable
[2025-04-02T07:25:54.232+0000] {logging_mixin.py:190} INFO - [2025-04-02T07:25:54.231+0000] {override.py:1912} INFO - Created Permission View: can delete on DAG:dataset_consumes_1_and_2
[2025-04-02T07:25:54.235+0000] {logging_mixin.py:190} INFO - [2025-04-02T07:25:54.235+0000] {override.py:1912} INFO - Created Permission View: can read on DAG:dataset_consumes_1_and_2
[2025-04-02T07:25:54.237+0000] {logging_mixin.py:190} INFO - [2025-04-02T07:25:54.237+0000] {override.py:1912} INFO - Created Permission View: can edit on DAG:dataset_consumes_1_and_2
[2025-04-02T07:25:54.239+0000] {logging_mixin.py:190} INFO - [2025-04-02T07:25:54.239+0000] {override.py:1912} INFO - Created Permission View: can delete on DAG Run:dataset_consumes_1_and_2
[2025-04-02T07:25:54.241+0000] {logging_mixin.py:190} INFO - [2025-04-02T07:25:54.241+0000] {override.py:1912} INFO - Created Permission View: can read on DAG Run:dataset_consumes_1_and_2
[2025-04-02T07:25:54.243+0000] {logging_mixin.py:190} INFO - [2025-04-02T07:25:54.243+0000] {override.py:1912} INFO - Created Permission View: can create on DAG Run:dataset_consumes_1_and_2
[2025-04-02T07:25:54.245+0000] {logging_mixin.py:190} INFO - [2025-04-02T07:25:54.244+0000] {override.py:1912} INFO - Created Permission View: menu access on DAG Run:dataset_consumes_1_and_2
[2025-04-02T07:25:54.257+0000] {logging_mixin.py:190} INFO - [2025-04-02T07:25:54.256+0000] {override.py:1912} INFO - Created Permission View: can delete on DAG:dataset_consumes_1_never_scheduled
[2025-04-02T07:25:54.371+0000] {logging_mixin.py:190} INFO - [2025-04-02T07:25:54.368+0000] {override.py:1912} INFO - Created Permission View: can read on DAG:dataset_consumes_1_never_scheduled
[2025-04-02T07:25:54.382+0000] {logging_mixin.py:190} INFO - [2025-04-02T07:25:54.382+0000] {override.py:1912} INFO - Created Permission View: can edit on DAG:dataset_consumes_1_never_scheduled
[2025-04-02T07:25:54.402+0000] {logging_mixin.py:190} INFO - [2025-04-02T07:25:54.402+0000] {override.py:1912} INFO - Created Permission View: can delete on DAG Run:dataset_consumes_1_never_scheduled
[2025-04-02T07:25:54.411+0000] {logging_mixin.py:190} INFO - [2025-04-02T07:25:54.410+0000] {override.py:1912} INFO - Created Permission View: can read on DAG Run:dataset_consumes_1_never_scheduled
[2025-04-02T07:25:54.416+0000] {logging_mixin.py:190} INFO - [2025-04-02T07:25:54.416+0000] {override.py:1912} INFO - Created Permission View: can create on DAG Run:dataset_consumes_1_never_scheduled
[2025-04-02T07:25:54.426+0000] {logging_mixin.py:190} INFO - [2025-04-02T07:25:54.426+0000] {override.py:1912} INFO - Created Permission View: menu access on DAG Run:dataset_consumes_1_never_scheduled
[2025-04-02T07:25:54.435+0000] {logging_mixin.py:190} INFO - [2025-04-02T07:25:54.435+0000] {override.py:1912} INFO - Created Permission View: can delete on DAG:consume_1_and_2_with_dataset_expressions
[2025-04-02T07:25:54.441+0000] {logging_mixin.py:190} INFO - [2025-04-02T07:25:54.441+0000] {override.py:1912} INFO - Created Permission View: can read on DAG:consume_1_and_2_with_dataset_expressions
[2025-04-02T07:25:54.444+0000] {logging_mixin.py:190} INFO - [2025-04-02T07:25:54.444+0000] {override.py:1912} INFO - Created Permission View: can edit on DAG:consume_1_and_2_with_dataset_expressions
[2025-04-02T07:25:54.448+0000] {logging_mixin.py:190} INFO - [2025-04-02T07:25:54.448+0000] {override.py:1912} INFO - Created Permission View: can delete on DAG Run:consume_1_and_2_with_dataset_expressions
[2025-04-02T07:25:54.453+0000] {logging_mixin.py:190} INFO - [2025-04-02T07:25:54.453+0000] {override.py:1912} INFO - Created Permission View: can read on DAG Run:consume_1_and_2_with_dataset_expressions
[2025-04-02T07:25:54.455+0000] {logging_mixin.py:190} INFO - [2025-04-02T07:25:54.455+0000] {override.py:1912} INFO - Created Permission View: can create on DAG Run:consume_1_and_2_with_dataset_expressions
[2025-04-02T07:25:54.458+0000] {logging_mixin.py:190} INFO - [2025-04-02T07:25:54.457+0000] {override.py:1912} INFO - Created Permission View: menu access on DAG Run:consume_1_and_2_with_dataset_expressions
[2025-04-02T07:25:54.470+0000] {logging_mixin.py:190} INFO - [2025-04-02T07:25:54.469+0000] {override.py:1912} INFO - Created Permission View: can delete on DAG:dataset_consumes_unknown_never_scheduled
[2025-04-02T07:25:54.472+0000] {logging_mixin.py:190} INFO - [2025-04-02T07:25:54.472+0000] {override.py:1912} INFO - Created Permission View: can read on DAG:dataset_consumes_unknown_never_scheduled
[2025-04-02T07:25:54.475+0000] {logging_mixin.py:190} INFO - [2025-04-02T07:25:54.475+0000] {override.py:1912} INFO - Created Permission View: can edit on DAG:dataset_consumes_unknown_never_scheduled
[2025-04-02T07:25:54.477+0000] {logging_mixin.py:190} INFO - [2025-04-02T07:25:54.477+0000] {override.py:1912} INFO - Created Permission View: can delete on DAG Run:dataset_consumes_unknown_never_scheduled
[2025-04-02T07:25:54.479+0000] {logging_mixin.py:190} INFO - [2025-04-02T07:25:54.479+0000] {override.py:1912} INFO - Created Permission View: can read on DAG Run:dataset_consumes_unknown_never_scheduled
[2025-04-02T07:25:54.505+0000] {logging_mixin.py:190} INFO - [2025-04-02T07:25:54.505+0000] {override.py:1912} INFO - Created Permission View: can create on DAG Run:dataset_consumes_unknown_never_scheduled
[2025-04-02T07:25:54.512+0000] {logging_mixin.py:190} INFO - [2025-04-02T07:25:54.511+0000] {override.py:1912} INFO - Created Permission View: menu access on DAG Run:dataset_consumes_unknown_never_scheduled
[2025-04-02T07:25:54.521+0000] {logging_mixin.py:190} INFO - [2025-04-02T07:25:54.521+0000] {override.py:1912} INFO - Created Permission View: can delete on DAG:consume_1_or_both_2_and_3_with_dataset_expressions
[2025-04-02T07:25:54.542+0000] {logging_mixin.py:190} INFO - [2025-04-02T07:25:54.542+0000] {override.py:1912} INFO - Created Permission View: can read on DAG:consume_1_or_both_2_and_3_with_dataset_expressions
[2025-04-02T07:25:54.550+0000] {logging_mixin.py:190} INFO - [2025-04-02T07:25:54.550+0000] {override.py:1912} INFO - Created Permission View: can edit on DAG:consume_1_or_both_2_and_3_with_dataset_expressions
[2025-04-02T07:25:54.554+0000] {logging_mixin.py:190} INFO - [2025-04-02T07:25:54.554+0000] {override.py:1912} INFO - Created Permission View: can delete on DAG Run:consume_1_or_both_2_and_3_with_dataset_expressions
[2025-04-02T07:25:54.557+0000] {logging_mixin.py:190} INFO - [2025-04-02T07:25:54.557+0000] {override.py:1912} INFO - Created Permission View: can read on DAG Run:consume_1_or_both_2_and_3_with_dataset_expressions
[2025-04-02T07:25:54.561+0000] {logging_mixin.py:190} INFO - [2025-04-02T07:25:54.561+0000] {override.py:1912} INFO - Created Permission View: can create on DAG Run:consume_1_or_both_2_and_3_with_dataset_expressions
[2025-04-02T07:25:54.565+0000] {logging_mixin.py:190} INFO - [2025-04-02T07:25:54.564+0000] {override.py:1912} INFO - Created Permission View: menu access on DAG Run:consume_1_or_both_2_and_3_with_dataset_expressions
[2025-04-02T07:25:54.580+0000] {logging_mixin.py:190} INFO - [2025-04-02T07:25:54.580+0000] {override.py:1912} INFO - Created Permission View: can delete on DAG:dataset_consumes_1
[2025-04-02T07:25:54.587+0000] {logging_mixin.py:190} INFO - [2025-04-02T07:25:54.586+0000] {override.py:1912} INFO - Created Permission View: can read on DAG:dataset_consumes_1
[2025-04-02T07:25:54.590+0000] {logging_mixin.py:190} INFO - [2025-04-02T07:25:54.589+0000] {override.py:1912} INFO - Created Permission View: can edit on DAG:dataset_consumes_1
[2025-04-02T07:25:54.593+0000] {logging_mixin.py:190} INFO - [2025-04-02T07:25:54.593+0000] {override.py:1912} INFO - Created Permission View: can delete on DAG Run:dataset_consumes_1
[2025-04-02T07:25:54.596+0000] {logging_mixin.py:190} INFO - [2025-04-02T07:25:54.595+0000] {override.py:1912} INFO - Created Permission View: can read on DAG Run:dataset_consumes_1
[2025-04-02T07:25:54.598+0000] {logging_mixin.py:190} INFO - [2025-04-02T07:25:54.598+0000] {override.py:1912} INFO - Created Permission View: can create on DAG Run:dataset_consumes_1
[2025-04-02T07:25:54.600+0000] {logging_mixin.py:190} INFO - [2025-04-02T07:25:54.600+0000] {override.py:1912} INFO - Created Permission View: menu access on DAG Run:dataset_consumes_1
[2025-04-02T07:25:54.601+0000] {logging_mixin.py:190} INFO - [2025-04-02T07:25:54.601+0000] {dag.py:3239} INFO - Sync 10 DAGs
[2025-04-02T07:25:54.613+0000] {logging_mixin.py:190} INFO - [2025-04-02T07:25:54.612+0000] {dag.py:3262} INFO - Creating ORM DAG for consume_1_or_2_with_dataset_expressions
[2025-04-02T07:25:54.613+0000] {logging_mixin.py:190} INFO - [2025-04-02T07:25:54.613+0000] {dag.py:3262} INFO - Creating ORM DAG for conditional_dataset_and_time_based_timetable
[2025-04-02T07:25:54.614+0000] {logging_mixin.py:190} INFO - [2025-04-02T07:25:54.614+0000] {dag.py:3262} INFO - Creating ORM DAG for dataset_produces_1
[2025-04-02T07:25:54.615+0000] {logging_mixin.py:190} INFO - [2025-04-02T07:25:54.614+0000] {dag.py:3262} INFO - Creating ORM DAG for dataset_consumes_1_never_scheduled
[2025-04-02T07:25:54.615+0000] {logging_mixin.py:190} INFO - [2025-04-02T07:25:54.615+0000] {dag.py:3262} INFO - Creating ORM DAG for consume_1_or_both_2_and_3_with_dataset_expressions
[2025-04-02T07:25:54.616+0000] {logging_mixin.py:190} INFO - [2025-04-02T07:25:54.616+0000] {dag.py:3262} INFO - Creating ORM DAG for dataset_produces_2
[2025-04-02T07:25:54.617+0000] {logging_mixin.py:190} INFO - [2025-04-02T07:25:54.616+0000] {dag.py:3262} INFO - Creating ORM DAG for dataset_consumes_1_and_2
[2025-04-02T07:25:54.617+0000] {logging_mixin.py:190} INFO - [2025-04-02T07:25:54.617+0000] {dag.py:3262} INFO - Creating ORM DAG for dataset_consumes_1
[2025-04-02T07:25:54.618+0000] {logging_mixin.py:190} INFO - [2025-04-02T07:25:54.618+0000] {dag.py:3262} INFO - Creating ORM DAG for dataset_consumes_unknown_never_scheduled
[2025-04-02T07:25:54.618+0000] {logging_mixin.py:190} INFO - [2025-04-02T07:25:54.618+0000] {dag.py:3262} INFO - Creating ORM DAG for consume_1_and_2_with_dataset_expressions
[2025-04-02T07:25:54.627+0000] {logging_mixin.py:190} INFO - [2025-04-02T07:25:54.627+0000] {dag.py:4180} INFO - Setting next_dagrun for conditional_dataset_and_time_based_timetable to 2025-04-02 01:00:00+00:00, run_after=2025-04-02 01:00:00+00:00
[2025-04-02T07:25:54.628+0000] {logging_mixin.py:190} INFO - [2025-04-02T07:25:54.627+0000] {dag.py:4180} INFO - Setting next_dagrun for consume_1_and_2_with_dataset_expressions to None, run_after=None
[2025-04-02T07:25:54.628+0000] {logging_mixin.py:190} INFO - [2025-04-02T07:25:54.628+0000] {dag.py:4180} INFO - Setting next_dagrun for consume_1_or_2_with_dataset_expressions to None, run_after=None
[2025-04-02T07:25:54.629+0000] {logging_mixin.py:190} INFO - [2025-04-02T07:25:54.629+0000] {dag.py:4180} INFO - Setting next_dagrun for consume_1_or_both_2_and_3_with_dataset_expressions to None, run_after=None
[2025-04-02T07:25:54.629+0000] {logging_mixin.py:190} INFO - [2025-04-02T07:25:54.629+0000] {dag.py:4180} INFO - Setting next_dagrun for dataset_consumes_1 to None, run_after=None
[2025-04-02T07:25:54.630+0000] {logging_mixin.py:190} INFO - [2025-04-02T07:25:54.630+0000] {dag.py:4180} INFO - Setting next_dagrun for dataset_consumes_1_and_2 to None, run_after=None
[2025-04-02T07:25:54.630+0000] {logging_mixin.py:190} INFO - [2025-04-02T07:25:54.630+0000] {dag.py:4180} INFO - Setting next_dagrun for dataset_consumes_1_never_scheduled to None, run_after=None
[2025-04-02T07:25:54.631+0000] {logging_mixin.py:190} INFO - [2025-04-02T07:25:54.631+0000] {dag.py:4180} INFO - Setting next_dagrun for dataset_consumes_unknown_never_scheduled to None, run_after=None
[2025-04-02T07:25:54.632+0000] {logging_mixin.py:190} INFO - [2025-04-02T07:25:54.632+0000] {dag.py:4180} INFO - Setting next_dagrun for dataset_produces_1 to 2025-04-01 00:00:00+00:00, run_after=2025-04-02 00:00:00+00:00
[2025-04-02T07:25:54.633+0000] {logging_mixin.py:190} INFO - [2025-04-02T07:25:54.632+0000] {dag.py:4180} INFO - Setting next_dagrun for dataset_produces_2 to None, run_after=None
[2025-04-02T07:25:54.677+0000] {processor.py:208} INFO - Processing /home/airflow/.local/lib/python3.12/site-packages/airflow/example_dags/example_datasets.py took 0.848 seconds
[2025-04-02T07:26:40.738+0000] {processor.py:186} INFO - Started process (PID=51) to work on /home/airflow/.local/lib/python3.12/site-packages/airflow/example_dags/example_datasets.py
[2025-04-02T07:26:40.739+0000] {processor.py:914} INFO - Processing file /home/airflow/.local/lib/python3.12/site-packages/airflow/example_dags/example_datasets.py for tasks to queue
[2025-04-02T07:26:40.744+0000] {logging_mixin.py:190} INFO - [2025-04-02T07:26:40.743+0000] {dagbag.py:588} INFO - Filling up the DagBag from /home/airflow/.local/lib/python3.12/site-packages/airflow/example_dags/example_datasets.py
[2025-04-02T07:26:41.304+0000] {processor.py:925} INFO - DAG(s) 'dataset_consumes_1', 'dataset_consumes_1_and_2', 'consume_1_and_2_with_dataset_expressions', 'dataset_consumes_unknown_never_scheduled', 'dataset_produces_1', 'consume_1_or_2_with_dataset_expressions', 'consume_1_or_both_2_and_3_with_dataset_expressions', 'dataset_consumes_1_never_scheduled', 'conditional_dataset_and_time_based_timetable', 'dataset_produces_2' retrieved from /home/airflow/.local/lib/python3.12/site-packages/airflow/example_dags/example_datasets.py
[2025-04-02T07:26:41.372+0000] {logging_mixin.py:190} INFO - [2025-04-02T07:26:41.371+0000] {dag.py:3239} INFO - Sync 10 DAGs
[2025-04-02T07:26:41.390+0000] {logging_mixin.py:190} INFO - [2025-04-02T07:26:41.390+0000] {dag.py:4180} INFO - Setting next_dagrun for conditional_dataset_and_time_based_timetable to 2025-04-02 01:00:00+00:00, run_after=2025-04-02 01:00:00+00:00
[2025-04-02T07:26:41.393+0000] {logging_mixin.py:190} INFO - [2025-04-02T07:26:41.393+0000] {dag.py:4180} INFO - Setting next_dagrun for consume_1_and_2_with_dataset_expressions to None, run_after=None
[2025-04-02T07:26:41.394+0000] {logging_mixin.py:190} INFO - [2025-04-02T07:26:41.394+0000] {dag.py:4180} INFO - Setting next_dagrun for consume_1_or_2_with_dataset_expressions to None, run_after=None
[2025-04-02T07:26:41.395+0000] {logging_mixin.py:190} INFO - [2025-04-02T07:26:41.395+0000] {dag.py:4180} INFO - Setting next_dagrun for consume_1_or_both_2_and_3_with_dataset_expressions to None, run_after=None
[2025-04-02T07:26:41.395+0000] {logging_mixin.py:190} INFO - [2025-04-02T07:26:41.395+0000] {dag.py:4180} INFO - Setting next_dagrun for dataset_consumes_1 to None, run_after=None
[2025-04-02T07:26:41.396+0000] {logging_mixin.py:190} INFO - [2025-04-02T07:26:41.396+0000] {dag.py:4180} INFO - Setting next_dagrun for dataset_consumes_1_and_2 to None, run_after=None
[2025-04-02T07:26:41.396+0000] {logging_mixin.py:190} INFO - [2025-04-02T07:26:41.396+0000] {dag.py:4180} INFO - Setting next_dagrun for dataset_consumes_1_never_scheduled to None, run_after=None
[2025-04-02T07:26:41.397+0000] {logging_mixin.py:190} INFO - [2025-04-02T07:26:41.397+0000] {dag.py:4180} INFO - Setting next_dagrun for dataset_consumes_unknown_never_scheduled to None, run_after=None
[2025-04-02T07:26:41.398+0000] {logging_mixin.py:190} INFO - [2025-04-02T07:26:41.398+0000] {dag.py:4180} INFO - Setting next_dagrun for dataset_produces_1 to 2025-04-01 00:00:00+00:00, run_after=2025-04-02 00:00:00+00:00
[2025-04-02T07:26:41.398+0000] {logging_mixin.py:190} INFO - [2025-04-02T07:26:41.398+0000] {dag.py:4180} INFO - Setting next_dagrun for dataset_produces_2 to None, run_after=None
[2025-04-02T07:26:41.427+0000] {processor.py:208} INFO - Processing /home/airflow/.local/lib/python3.12/site-packages/airflow/example_dags/example_datasets.py took 0.698 seconds
[2025-04-02T07:27:11.994+0000] {processor.py:186} INFO - Started process (PID=120) to work on /home/airflow/.local/lib/python3.12/site-packages/airflow/example_dags/example_datasets.py
[2025-04-02T07:27:12.010+0000] {processor.py:914} INFO - Processing file /home/airflow/.local/lib/python3.12/site-packages/airflow/example_dags/example_datasets.py for tasks to queue
[2025-04-02T07:27:12.014+0000] {logging_mixin.py:190} INFO - [2025-04-02T07:27:12.013+0000] {dagbag.py:588} INFO - Filling up the DagBag from /home/airflow/.local/lib/python3.12/site-packages/airflow/example_dags/example_datasets.py
[2025-04-02T07:27:12.336+0000] {processor.py:925} INFO - DAG(s) 'dataset_produces_1', 'consume_1_or_2_with_dataset_expressions', 'conditional_dataset_and_time_based_timetable', 'dataset_consumes_1_and_2', 'dataset_produces_2', 'dataset_consumes_1', 'consume_1_and_2_with_dataset_expressions', 'dataset_consumes_unknown_never_scheduled', 'dataset_consumes_1_never_scheduled', 'consume_1_or_both_2_and_3_with_dataset_expressions' retrieved from /home/airflow/.local/lib/python3.12/site-packages/airflow/example_dags/example_datasets.py
[2025-04-02T07:27:12.356+0000] {logging_mixin.py:190} INFO - [2025-04-02T07:27:12.356+0000] {dag.py:3239} INFO - Sync 10 DAGs
[2025-04-02T07:27:12.367+0000] {logging_mixin.py:190} INFO - [2025-04-02T07:27:12.367+0000] {dag.py:4180} INFO - Setting next_dagrun for conditional_dataset_and_time_based_timetable to 2025-04-02 01:00:00+00:00, run_after=2025-04-02 01:00:00+00:00
[2025-04-02T07:27:12.368+0000] {logging_mixin.py:190} INFO - [2025-04-02T07:27:12.368+0000] {dag.py:4180} INFO - Setting next_dagrun for consume_1_and_2_with_dataset_expressions to None, run_after=None
[2025-04-02T07:27:12.369+0000] {logging_mixin.py:190} INFO - [2025-04-02T07:27:12.369+0000] {dag.py:4180} INFO - Setting next_dagrun for consume_1_or_2_with_dataset_expressions to None, run_after=None
[2025-04-02T07:27:12.369+0000] {logging_mixin.py:190} INFO - [2025-04-02T07:27:12.369+0000] {dag.py:4180} INFO - Setting next_dagrun for consume_1_or_both_2_and_3_with_dataset_expressions to None, run_after=None
[2025-04-02T07:27:12.370+0000] {logging_mixin.py:190} INFO - [2025-04-02T07:27:12.370+0000] {dag.py:4180} INFO - Setting next_dagrun for dataset_consumes_1 to None, run_after=None
[2025-04-02T07:27:12.370+0000] {logging_mixin.py:190} INFO - [2025-04-02T07:27:12.370+0000] {dag.py:4180} INFO - Setting next_dagrun for dataset_consumes_1_and_2 to None, run_after=None
[2025-04-02T07:27:12.371+0000] {logging_mixin.py:190} INFO - [2025-04-02T07:27:12.370+0000] {dag.py:4180} INFO - Setting next_dagrun for dataset_consumes_1_never_scheduled to None, run_after=None
[2025-04-02T07:27:12.371+0000] {logging_mixin.py:190} INFO - [2025-04-02T07:27:12.371+0000] {dag.py:4180} INFO - Setting next_dagrun for dataset_consumes_unknown_never_scheduled to None, run_after=None
[2025-04-02T07:27:12.372+0000] {logging_mixin.py:190} INFO - [2025-04-02T07:27:12.372+0000] {dag.py:4180} INFO - Setting next_dagrun for dataset_produces_1 to 2025-04-01 00:00:00+00:00, run_after=2025-04-02 00:00:00+00:00
[2025-04-02T07:27:12.372+0000] {logging_mixin.py:190} INFO - [2025-04-02T07:27:12.372+0000] {dag.py:4180} INFO - Setting next_dagrun for dataset_produces_2 to None, run_after=None
[2025-04-02T07:27:12.386+0000] {processor.py:208} INFO - Processing /home/airflow/.local/lib/python3.12/site-packages/airflow/example_dags/example_datasets.py took 0.397 seconds
[2025-04-02T07:27:42.663+0000] {processor.py:186} INFO - Started process (PID=184) to work on /home/airflow/.local/lib/python3.12/site-packages/airflow/example_dags/example_datasets.py
[2025-04-02T07:27:42.663+0000] {processor.py:914} INFO - Processing file /home/airflow/.local/lib/python3.12/site-packages/airflow/example_dags/example_datasets.py for tasks to queue
[2025-04-02T07:27:42.665+0000] {logging_mixin.py:190} INFO - [2025-04-02T07:27:42.664+0000] {dagbag.py:588} INFO - Filling up the DagBag from /home/airflow/.local/lib/python3.12/site-packages/airflow/example_dags/example_datasets.py
[2025-04-02T07:27:42.922+0000] {processor.py:925} INFO - DAG(s) 'dataset_produces_2', 'dataset_consumes_unknown_never_scheduled', 'dataset_produces_1', 'conditional_dataset_and_time_based_timetable', 'consume_1_or_2_with_dataset_expressions', 'consume_1_and_2_with_dataset_expressions', 'consume_1_or_both_2_and_3_with_dataset_expressions', 'dataset_consumes_1_never_scheduled', 'dataset_consumes_1_and_2', 'dataset_consumes_1' retrieved from /home/airflow/.local/lib/python3.12/site-packages/airflow/example_dags/example_datasets.py
[2025-04-02T07:27:42.938+0000] {logging_mixin.py:190} INFO - [2025-04-02T07:27:42.938+0000] {dag.py:3239} INFO - Sync 10 DAGs
[2025-04-02T07:27:42.949+0000] {logging_mixin.py:190} INFO - [2025-04-02T07:27:42.949+0000] {dag.py:4180} INFO - Setting next_dagrun for conditional_dataset_and_time_based_timetable to 2025-04-02 01:00:00+00:00, run_after=2025-04-02 01:00:00+00:00
[2025-04-02T07:27:42.950+0000] {logging_mixin.py:190} INFO - [2025-04-02T07:27:42.950+0000] {dag.py:4180} INFO - Setting next_dagrun for consume_1_and_2_with_dataset_expressions to None, run_after=None
[2025-04-02T07:27:42.951+0000] {logging_mixin.py:190} INFO - [2025-04-02T07:27:42.951+0000] {dag.py:4180} INFO - Setting next_dagrun for consume_1_or_2_with_dataset_expressions to None, run_after=None
[2025-04-02T07:27:42.951+0000] {logging_mixin.py:190} INFO - [2025-04-02T07:27:42.951+0000] {dag.py:4180} INFO - Setting next_dagrun for consume_1_or_both_2_and_3_with_dataset_expressions to None, run_after=None
[2025-04-02T07:27:42.952+0000] {logging_mixin.py:190} INFO - [2025-04-02T07:27:42.952+0000] {dag.py:4180} INFO - Setting next_dagrun for dataset_consumes_1 to None, run_after=None
[2025-04-02T07:27:42.952+0000] {logging_mixin.py:190} INFO - [2025-04-02T07:27:42.952+0000] {dag.py:4180} INFO - Setting next_dagrun for dataset_consumes_1_and_2 to None, run_after=None
[2025-04-02T07:27:42.953+0000] {logging_mixin.py:190} INFO - [2025-04-02T07:27:42.953+0000] {dag.py:4180} INFO - Setting next_dagrun for dataset_consumes_1_never_scheduled to None, run_after=None
[2025-04-02T07:27:42.953+0000] {logging_mixin.py:190} INFO - [2025-04-02T07:27:42.953+0000] {dag.py:4180} INFO - Setting next_dagrun for dataset_consumes_unknown_never_scheduled to None, run_after=None
[2025-04-02T07:27:42.954+0000] {logging_mixin.py:190} INFO - [2025-04-02T07:27:42.954+0000] {dag.py:4180} INFO - Setting next_dagrun for dataset_produces_1 to 2025-04-01 00:00:00+00:00, run_after=2025-04-02 00:00:00+00:00
[2025-04-02T07:27:42.955+0000] {logging_mixin.py:190} INFO - [2025-04-02T07:27:42.954+0000] {dag.py:4180} INFO - Setting next_dagrun for dataset_produces_2 to None, run_after=None
[2025-04-02T07:27:42.967+0000] {processor.py:208} INFO - Processing /home/airflow/.local/lib/python3.12/site-packages/airflow/example_dags/example_datasets.py took 0.307 seconds
[2025-04-02T07:28:13.533+0000] {processor.py:186} INFO - Started process (PID=245) to work on /home/airflow/.local/lib/python3.12/site-packages/airflow/example_dags/example_datasets.py
[2025-04-02T07:28:13.533+0000] {processor.py:914} INFO - Processing file /home/airflow/.local/lib/python3.12/site-packages/airflow/example_dags/example_datasets.py for tasks to queue
[2025-04-02T07:28:13.535+0000] {logging_mixin.py:190} INFO - [2025-04-02T07:28:13.535+0000] {dagbag.py:588} INFO - Filling up the DagBag from /home/airflow/.local/lib/python3.12/site-packages/airflow/example_dags/example_datasets.py
[2025-04-02T07:28:13.786+0000] {processor.py:925} INFO - DAG(s) 'dataset_produces_1', 'dataset_consumes_unknown_never_scheduled', 'dataset_consumes_1_and_2', 'consume_1_and_2_with_dataset_expressions', 'dataset_consumes_1_never_scheduled', 'consume_1_or_both_2_and_3_with_dataset_expressions', 'dataset_produces_2', 'consume_1_or_2_with_dataset_expressions', 'dataset_consumes_1', 'conditional_dataset_and_time_based_timetable' retrieved from /home/airflow/.local/lib/python3.12/site-packages/airflow/example_dags/example_datasets.py
[2025-04-02T07:28:13.813+0000] {logging_mixin.py:190} INFO - [2025-04-02T07:28:13.812+0000] {dag.py:3239} INFO - Sync 10 DAGs
[2025-04-02T07:28:13.823+0000] {logging_mixin.py:190} INFO - [2025-04-02T07:28:13.823+0000] {dag.py:4180} INFO - Setting next_dagrun for conditional_dataset_and_time_based_timetable to 2025-04-02 01:00:00+00:00, run_after=2025-04-02 01:00:00+00:00
[2025-04-02T07:28:13.825+0000] {logging_mixin.py:190} INFO - [2025-04-02T07:28:13.825+0000] {dag.py:4180} INFO - Setting next_dagrun for consume_1_and_2_with_dataset_expressions to None, run_after=None
[2025-04-02T07:28:13.826+0000] {logging_mixin.py:190} INFO - [2025-04-02T07:28:13.826+0000] {dag.py:4180} INFO - Setting next_dagrun for consume_1_or_2_with_dataset_expressions to None, run_after=None
[2025-04-02T07:28:13.826+0000] {logging_mixin.py:190} INFO - [2025-04-02T07:28:13.826+0000] {dag.py:4180} INFO - Setting next_dagrun for consume_1_or_both_2_and_3_with_dataset_expressions to None, run_after=None
[2025-04-02T07:28:13.827+0000] {logging_mixin.py:190} INFO - [2025-04-02T07:28:13.827+0000] {dag.py:4180} INFO - Setting next_dagrun for dataset_consumes_1 to None, run_after=None
[2025-04-02T07:28:13.827+0000] {logging_mixin.py:190} INFO - [2025-04-02T07:28:13.827+0000] {dag.py:4180} INFO - Setting next_dagrun for dataset_consumes_1_and_2 to None, run_after=None
[2025-04-02T07:28:13.828+0000] {logging_mixin.py:190} INFO - [2025-04-02T07:28:13.828+0000] {dag.py:4180} INFO - Setting next_dagrun for dataset_consumes_1_never_scheduled to None, run_after=None
[2025-04-02T07:28:13.828+0000] {logging_mixin.py:190} INFO - [2025-04-02T07:28:13.828+0000] {dag.py:4180} INFO - Setting next_dagrun for dataset_consumes_unknown_never_scheduled to None, run_after=None
[2025-04-02T07:28:13.829+0000] {logging_mixin.py:190} INFO - [2025-04-02T07:28:13.829+0000] {dag.py:4180} INFO - Setting next_dagrun for dataset_produces_1 to 2025-04-01 00:00:00+00:00, run_after=2025-04-02 00:00:00+00:00
[2025-04-02T07:28:13.830+0000] {logging_mixin.py:190} INFO - [2025-04-02T07:28:13.830+0000] {dag.py:4180} INFO - Setting next_dagrun for dataset_produces_2 to None, run_after=None
[2025-04-02T07:28:13.843+0000] {processor.py:208} INFO - Processing /home/airflow/.local/lib/python3.12/site-packages/airflow/example_dags/example_datasets.py took 0.313 seconds
[2025-04-02T07:28:45.072+0000] {processor.py:186} INFO - Started process (PID=308) to work on /home/airflow/.local/lib/python3.12/site-packages/airflow/example_dags/example_datasets.py
[2025-04-02T07:28:45.072+0000] {processor.py:914} INFO - Processing file /home/airflow/.local/lib/python3.12/site-packages/airflow/example_dags/example_datasets.py for tasks to queue
[2025-04-02T07:28:45.074+0000] {logging_mixin.py:190} INFO - [2025-04-02T07:28:45.073+0000] {dagbag.py:588} INFO - Filling up the DagBag from /home/airflow/.local/lib/python3.12/site-packages/airflow/example_dags/example_datasets.py
[2025-04-02T07:28:45.376+0000] {processor.py:925} INFO - DAG(s) 'dataset_produces_2', 'conditional_dataset_and_time_based_timetable', 'consume_1_or_2_with_dataset_expressions', 'consume_1_and_2_with_dataset_expressions', 'consume_1_or_both_2_and_3_with_dataset_expressions', 'dataset_consumes_unknown_never_scheduled', 'dataset_consumes_1_never_scheduled', 'dataset_consumes_1_and_2', 'dataset_consumes_1', 'dataset_produces_1' retrieved from /home/airflow/.local/lib/python3.12/site-packages/airflow/example_dags/example_datasets.py
[2025-04-02T07:28:45.403+0000] {logging_mixin.py:190} INFO - [2025-04-02T07:28:45.403+0000] {dag.py:3239} INFO - Sync 10 DAGs
[2025-04-02T07:28:45.415+0000] {logging_mixin.py:190} INFO - [2025-04-02T07:28:45.415+0000] {dag.py:4180} INFO - Setting next_dagrun for conditional_dataset_and_time_based_timetable to 2025-04-02 01:00:00+00:00, run_after=2025-04-02 01:00:00+00:00
[2025-04-02T07:28:45.416+0000] {logging_mixin.py:190} INFO - [2025-04-02T07:28:45.416+0000] {dag.py:4180} INFO - Setting next_dagrun for consume_1_and_2_with_dataset_expressions to None, run_after=None
[2025-04-02T07:28:45.417+0000] {logging_mixin.py:190} INFO - [2025-04-02T07:28:45.417+0000] {dag.py:4180} INFO - Setting next_dagrun for consume_1_or_2_with_dataset_expressions to None, run_after=None
[2025-04-02T07:28:45.417+0000] {logging_mixin.py:190} INFO - [2025-04-02T07:28:45.417+0000] {dag.py:4180} INFO - Setting next_dagrun for consume_1_or_both_2_and_3_with_dataset_expressions to None, run_after=None
[2025-04-02T07:28:45.418+0000] {logging_mixin.py:190} INFO - [2025-04-02T07:28:45.418+0000] {dag.py:4180} INFO - Setting next_dagrun for dataset_consumes_1 to None, run_after=None
[2025-04-02T07:28:45.418+0000] {logging_mixin.py:190} INFO - [2025-04-02T07:28:45.418+0000] {dag.py:4180} INFO - Setting next_dagrun for dataset_consumes_1_and_2 to None, run_after=None
[2025-04-02T07:28:45.419+0000] {logging_mixin.py:190} INFO - [2025-04-02T07:28:45.419+0000] {dag.py:4180} INFO - Setting next_dagrun for dataset_consumes_1_never_scheduled to None, run_after=None
[2025-04-02T07:28:45.419+0000] {logging_mixin.py:190} INFO - [2025-04-02T07:28:45.419+0000] {dag.py:4180} INFO - Setting next_dagrun for dataset_consumes_unknown_never_scheduled to None, run_after=None
[2025-04-02T07:28:45.420+0000] {logging_mixin.py:190} INFO - [2025-04-02T07:28:45.420+0000] {dag.py:4180} INFO - Setting next_dagrun for dataset_produces_1 to 2025-04-01 00:00:00+00:00, run_after=2025-04-02 00:00:00+00:00
[2025-04-02T07:28:45.421+0000] {logging_mixin.py:190} INFO - [2025-04-02T07:28:45.421+0000] {dag.py:4180} INFO - Setting next_dagrun for dataset_produces_2 to None, run_after=None
[2025-04-02T07:28:45.435+0000] {processor.py:208} INFO - Processing /home/airflow/.local/lib/python3.12/site-packages/airflow/example_dags/example_datasets.py took 0.367 seconds
[2025-04-02T07:29:15.903+0000] {processor.py:186} INFO - Started process (PID=373) to work on /home/airflow/.local/lib/python3.12/site-packages/airflow/example_dags/example_datasets.py
[2025-04-02T07:29:15.904+0000] {processor.py:914} INFO - Processing file /home/airflow/.local/lib/python3.12/site-packages/airflow/example_dags/example_datasets.py for tasks to queue
[2025-04-02T07:29:15.905+0000] {logging_mixin.py:190} INFO - [2025-04-02T07:29:15.905+0000] {dagbag.py:588} INFO - Filling up the DagBag from /home/airflow/.local/lib/python3.12/site-packages/airflow/example_dags/example_datasets.py
[2025-04-02T07:29:16.212+0000] {processor.py:925} INFO - DAG(s) 'dataset_produces_1', 'conditional_dataset_and_time_based_timetable', 'dataset_consumes_1', 'consume_1_and_2_with_dataset_expressions', 'dataset_consumes_1_and_2', 'dataset_consumes_unknown_never_scheduled', 'consume_1_or_2_with_dataset_expressions', 'consume_1_or_both_2_and_3_with_dataset_expressions', 'dataset_consumes_1_never_scheduled', 'dataset_produces_2' retrieved from /home/airflow/.local/lib/python3.12/site-packages/airflow/example_dags/example_datasets.py
[2025-04-02T07:29:16.241+0000] {logging_mixin.py:190} INFO - [2025-04-02T07:29:16.241+0000] {dag.py:3239} INFO - Sync 10 DAGs
[2025-04-02T07:29:16.263+0000] {logging_mixin.py:190} INFO - [2025-04-02T07:29:16.263+0000] {dag.py:4180} INFO - Setting next_dagrun for conditional_dataset_and_time_based_timetable to 2025-04-02 01:00:00+00:00, run_after=2025-04-02 01:00:00+00:00
[2025-04-02T07:29:16.265+0000] {logging_mixin.py:190} INFO - [2025-04-02T07:29:16.265+0000] {dag.py:4180} INFO - Setting next_dagrun for consume_1_and_2_with_dataset_expressions to None, run_after=None
[2025-04-02T07:29:16.266+0000] {logging_mixin.py:190} INFO - [2025-04-02T07:29:16.266+0000] {dag.py:4180} INFO - Setting next_dagrun for consume_1_or_2_with_dataset_expressions to None, run_after=None
[2025-04-02T07:29:16.267+0000] {logging_mixin.py:190} INFO - [2025-04-02T07:29:16.267+0000] {dag.py:4180} INFO - Setting next_dagrun for consume_1_or_both_2_and_3_with_dataset_expressions to None, run_after=None
[2025-04-02T07:29:16.268+0000] {logging_mixin.py:190} INFO - [2025-04-02T07:29:16.268+0000] {dag.py:4180} INFO - Setting next_dagrun for dataset_consumes_1 to None, run_after=None
[2025-04-02T07:29:16.268+0000] {logging_mixin.py:190} INFO - [2025-04-02T07:29:16.268+0000] {dag.py:4180} INFO - Setting next_dagrun for dataset_consumes_1_and_2 to None, run_after=None
[2025-04-02T07:29:16.269+0000] {logging_mixin.py:190} INFO - [2025-04-02T07:29:16.269+0000] {dag.py:4180} INFO - Setting next_dagrun for dataset_consumes_1_never_scheduled to None, run_after=None
[2025-04-02T07:29:16.269+0000] {logging_mixin.py:190} INFO - [2025-04-02T07:29:16.269+0000] {dag.py:4180} INFO - Setting next_dagrun for dataset_consumes_unknown_never_scheduled to None, run_after=None
[2025-04-02T07:29:16.270+0000] {logging_mixin.py:190} INFO - [2025-04-02T07:29:16.270+0000] {dag.py:4180} INFO - Setting next_dagrun for dataset_produces_1 to 2025-04-01 00:00:00+00:00, run_after=2025-04-02 00:00:00+00:00
[2025-04-02T07:29:16.271+0000] {logging_mixin.py:190} INFO - [2025-04-02T07:29:16.271+0000] {dag.py:4180} INFO - Setting next_dagrun for dataset_produces_2 to None, run_after=None
[2025-04-02T07:29:16.288+0000] {processor.py:208} INFO - Processing /home/airflow/.local/lib/python3.12/site-packages/airflow/example_dags/example_datasets.py took 0.388 seconds
[2025-04-02T07:29:46.799+0000] {processor.py:186} INFO - Started process (PID=436) to work on /home/airflow/.local/lib/python3.12/site-packages/airflow/example_dags/example_datasets.py
[2025-04-02T07:29:46.800+0000] {processor.py:914} INFO - Processing file /home/airflow/.local/lib/python3.12/site-packages/airflow/example_dags/example_datasets.py for tasks to queue
[2025-04-02T07:29:46.803+0000] {logging_mixin.py:190} INFO - [2025-04-02T07:29:46.803+0000] {dagbag.py:588} INFO - Filling up the DagBag from /home/airflow/.local/lib/python3.12/site-packages/airflow/example_dags/example_datasets.py
[2025-04-02T07:29:47.152+0000] {processor.py:925} INFO - DAG(s) 'consume_1_or_2_with_dataset_expressions', 'dataset_consumes_unknown_never_scheduled', 'dataset_produces_1', 'consume_1_and_2_with_dataset_expressions', 'dataset_consumes_1_and_2', 'consume_1_or_both_2_and_3_with_dataset_expressions', 'conditional_dataset_and_time_based_timetable', 'dataset_consumes_1_never_scheduled', 'dataset_produces_2', 'dataset_consumes_1' retrieved from /home/airflow/.local/lib/python3.12/site-packages/airflow/example_dags/example_datasets.py
[2025-04-02T07:29:47.178+0000] {logging_mixin.py:190} INFO - [2025-04-02T07:29:47.178+0000] {dag.py:3239} INFO - Sync 10 DAGs
[2025-04-02T07:29:47.206+0000] {logging_mixin.py:190} INFO - [2025-04-02T07:29:47.206+0000] {dag.py:4180} INFO - Setting next_dagrun for conditional_dataset_and_time_based_timetable to 2025-04-02 01:00:00+00:00, run_after=2025-04-02 01:00:00+00:00
[2025-04-02T07:29:47.209+0000] {logging_mixin.py:190} INFO - [2025-04-02T07:29:47.208+0000] {dag.py:4180} INFO - Setting next_dagrun for consume_1_and_2_with_dataset_expressions to None, run_after=None
[2025-04-02T07:29:47.210+0000] {logging_mixin.py:190} INFO - [2025-04-02T07:29:47.210+0000] {dag.py:4180} INFO - Setting next_dagrun for consume_1_or_2_with_dataset_expressions to None, run_after=None
[2025-04-02T07:29:47.211+0000] {logging_mixin.py:190} INFO - [2025-04-02T07:29:47.211+0000] {dag.py:4180} INFO - Setting next_dagrun for consume_1_or_both_2_and_3_with_dataset_expressions to None, run_after=None
[2025-04-02T07:29:47.212+0000] {logging_mixin.py:190} INFO - [2025-04-02T07:29:47.212+0000] {dag.py:4180} INFO - Setting next_dagrun for dataset_consumes_1 to None, run_after=None
[2025-04-02T07:29:47.213+0000] {logging_mixin.py:190} INFO - [2025-04-02T07:29:47.213+0000] {dag.py:4180} INFO - Setting next_dagrun for dataset_consumes_1_and_2 to None, run_after=None
[2025-04-02T07:29:47.214+0000] {logging_mixin.py:190} INFO - [2025-04-02T07:29:47.214+0000] {dag.py:4180} INFO - Setting next_dagrun for dataset_consumes_1_never_scheduled to None, run_after=None
[2025-04-02T07:29:47.215+0000] {logging_mixin.py:190} INFO - [2025-04-02T07:29:47.215+0000] {dag.py:4180} INFO - Setting next_dagrun for dataset_consumes_unknown_never_scheduled to None, run_after=None
[2025-04-02T07:29:47.217+0000] {logging_mixin.py:190} INFO - [2025-04-02T07:29:47.216+0000] {dag.py:4180} INFO - Setting next_dagrun for dataset_produces_1 to 2025-04-01 00:00:00+00:00, run_after=2025-04-02 00:00:00+00:00
[2025-04-02T07:29:47.218+0000] {logging_mixin.py:190} INFO - [2025-04-02T07:29:47.217+0000] {dag.py:4180} INFO - Setting next_dagrun for dataset_produces_2 to None, run_after=None
[2025-04-02T07:29:47.240+0000] {processor.py:208} INFO - Processing /home/airflow/.local/lib/python3.12/site-packages/airflow/example_dags/example_datasets.py took 0.443 seconds
[2025-04-02T07:30:20.455+0000] {processor.py:186} INFO - Started process (PID=500) to work on /home/airflow/.local/lib/python3.12/site-packages/airflow/example_dags/example_datasets.py
[2025-04-02T07:30:20.457+0000] {processor.py:914} INFO - Processing file /home/airflow/.local/lib/python3.12/site-packages/airflow/example_dags/example_datasets.py for tasks to queue
[2025-04-02T07:30:20.462+0000] {logging_mixin.py:190} INFO - [2025-04-02T07:30:20.461+0000] {dagbag.py:588} INFO - Filling up the DagBag from /home/airflow/.local/lib/python3.12/site-packages/airflow/example_dags/example_datasets.py
[2025-04-02T07:30:22.339+0000] {processor.py:925} INFO - DAG(s) 'consume_1_or_both_2_and_3_with_dataset_expressions', 'conditional_dataset_and_time_based_timetable', 'consume_1_or_2_with_dataset_expressions', 'dataset_consumes_1_and_2', 'dataset_consumes_1_never_scheduled', 'dataset_produces_1', 'dataset_consumes_unknown_never_scheduled', 'dataset_consumes_1', 'dataset_produces_2', 'consume_1_and_2_with_dataset_expressions' retrieved from /home/airflow/.local/lib/python3.12/site-packages/airflow/example_dags/example_datasets.py
[2025-04-02T07:30:22.514+0000] {logging_mixin.py:190} INFO - [2025-04-02T07:30:22.514+0000] {dag.py:3239} INFO - Sync 10 DAGs
[2025-04-02T07:30:22.615+0000] {logging_mixin.py:190} INFO - [2025-04-02T07:30:22.615+0000] {dag.py:4180} INFO - Setting next_dagrun for conditional_dataset_and_time_based_timetable to 2025-04-02 01:00:00+00:00, run_after=2025-04-02 01:00:00+00:00
[2025-04-02T07:30:22.622+0000] {logging_mixin.py:190} INFO - [2025-04-02T07:30:22.621+0000] {dag.py:4180} INFO - Setting next_dagrun for consume_1_and_2_with_dataset_expressions to None, run_after=None
[2025-04-02T07:30:22.631+0000] {logging_mixin.py:190} INFO - [2025-04-02T07:30:22.630+0000] {dag.py:4180} INFO - Setting next_dagrun for consume_1_or_2_with_dataset_expressions to None, run_after=None
[2025-04-02T07:30:22.635+0000] {logging_mixin.py:190} INFO - [2025-04-02T07:30:22.635+0000] {dag.py:4180} INFO - Setting next_dagrun for consume_1_or_both_2_and_3_with_dataset_expressions to None, run_after=None
[2025-04-02T07:30:22.642+0000] {logging_mixin.py:190} INFO - [2025-04-02T07:30:22.642+0000] {dag.py:4180} INFO - Setting next_dagrun for dataset_consumes_1 to None, run_after=None
[2025-04-02T07:30:22.647+0000] {logging_mixin.py:190} INFO - [2025-04-02T07:30:22.646+0000] {dag.py:4180} INFO - Setting next_dagrun for dataset_consumes_1_and_2 to None, run_after=None
[2025-04-02T07:30:22.657+0000] {logging_mixin.py:190} INFO - [2025-04-02T07:30:22.656+0000] {dag.py:4180} INFO - Setting next_dagrun for dataset_consumes_1_never_scheduled to None, run_after=None
[2025-04-02T07:30:22.714+0000] {logging_mixin.py:190} INFO - [2025-04-02T07:30:22.713+0000] {dag.py:4180} INFO - Setting next_dagrun for dataset_consumes_unknown_never_scheduled to None, run_after=None
[2025-04-02T07:30:22.724+0000] {logging_mixin.py:190} INFO - [2025-04-02T07:30:22.723+0000] {dag.py:4180} INFO - Setting next_dagrun for dataset_produces_1 to 2025-04-01 00:00:00+00:00, run_after=2025-04-02 00:00:00+00:00
[2025-04-02T07:30:22.729+0000] {logging_mixin.py:190} INFO - [2025-04-02T07:30:22.729+0000] {dag.py:4180} INFO - Setting next_dagrun for dataset_produces_2 to None, run_after=None
[2025-04-02T07:30:22.881+0000] {processor.py:208} INFO - Processing /home/airflow/.local/lib/python3.12/site-packages/airflow/example_dags/example_datasets.py took 2.437 seconds
[2025-04-02T07:30:53.407+0000] {processor.py:186} INFO - Started process (PID=563) to work on /home/airflow/.local/lib/python3.12/site-packages/airflow/example_dags/example_datasets.py
[2025-04-02T07:30:53.409+0000] {processor.py:914} INFO - Processing file /home/airflow/.local/lib/python3.12/site-packages/airflow/example_dags/example_datasets.py for tasks to queue
[2025-04-02T07:30:53.414+0000] {logging_mixin.py:190} INFO - [2025-04-02T07:30:53.413+0000] {dagbag.py:588} INFO - Filling up the DagBag from /home/airflow/.local/lib/python3.12/site-packages/airflow/example_dags/example_datasets.py
[2025-04-02T07:30:54.347+0000] {processor.py:925} INFO - DAG(s) 'dataset_consumes_1_never_scheduled', 'consume_1_or_both_2_and_3_with_dataset_expressions', 'consume_1_or_2_with_dataset_expressions', 'dataset_produces_1', 'dataset_produces_2', 'dataset_consumes_1', 'conditional_dataset_and_time_based_timetable', 'consume_1_and_2_with_dataset_expressions', 'dataset_consumes_unknown_never_scheduled', 'dataset_consumes_1_and_2' retrieved from /home/airflow/.local/lib/python3.12/site-packages/airflow/example_dags/example_datasets.py
[2025-04-02T07:30:54.416+0000] {logging_mixin.py:190} INFO - [2025-04-02T07:30:54.416+0000] {dag.py:3239} INFO - Sync 10 DAGs
[2025-04-02T07:30:54.447+0000] {logging_mixin.py:190} INFO - [2025-04-02T07:30:54.446+0000] {dag.py:4180} INFO - Setting next_dagrun for conditional_dataset_and_time_based_timetable to 2025-04-02 01:00:00+00:00, run_after=2025-04-02 01:00:00+00:00
[2025-04-02T07:30:54.449+0000] {logging_mixin.py:190} INFO - [2025-04-02T07:30:54.449+0000] {dag.py:4180} INFO - Setting next_dagrun for consume_1_and_2_with_dataset_expressions to None, run_after=None
[2025-04-02T07:30:54.452+0000] {logging_mixin.py:190} INFO - [2025-04-02T07:30:54.452+0000] {dag.py:4180} INFO - Setting next_dagrun for consume_1_or_2_with_dataset_expressions to None, run_after=None
[2025-04-02T07:30:54.453+0000] {logging_mixin.py:190} INFO - [2025-04-02T07:30:54.453+0000] {dag.py:4180} INFO - Setting next_dagrun for consume_1_or_both_2_and_3_with_dataset_expressions to None, run_after=None
[2025-04-02T07:30:54.455+0000] {logging_mixin.py:190} INFO - [2025-04-02T07:30:54.454+0000] {dag.py:4180} INFO - Setting next_dagrun for dataset_consumes_1 to None, run_after=None
[2025-04-02T07:30:54.460+0000] {logging_mixin.py:190} INFO - [2025-04-02T07:30:54.459+0000] {dag.py:4180} INFO - Setting next_dagrun for dataset_consumes_1_and_2 to None, run_after=None
[2025-04-02T07:30:54.464+0000] {logging_mixin.py:190} INFO - [2025-04-02T07:30:54.463+0000] {dag.py:4180} INFO - Setting next_dagrun for dataset_consumes_1_never_scheduled to None, run_after=None
[2025-04-02T07:30:54.467+0000] {logging_mixin.py:190} INFO - [2025-04-02T07:30:54.467+0000] {dag.py:4180} INFO - Setting next_dagrun for dataset_consumes_unknown_never_scheduled to None, run_after=None
[2025-04-02T07:30:54.478+0000] {logging_mixin.py:190} INFO - [2025-04-02T07:30:54.477+0000] {dag.py:4180} INFO - Setting next_dagrun for dataset_produces_1 to 2025-04-01 00:00:00+00:00, run_after=2025-04-02 00:00:00+00:00
[2025-04-02T07:30:54.482+0000] {logging_mixin.py:190} INFO - [2025-04-02T07:30:54.482+0000] {dag.py:4180} INFO - Setting next_dagrun for dataset_produces_2 to None, run_after=None
[2025-04-02T07:30:54.601+0000] {processor.py:208} INFO - Processing /home/airflow/.local/lib/python3.12/site-packages/airflow/example_dags/example_datasets.py took 1.204 seconds
[2025-04-02T07:31:24.751+0000] {processor.py:186} INFO - Started process (PID=626) to work on /home/airflow/.local/lib/python3.12/site-packages/airflow/example_dags/example_datasets.py
[2025-04-02T07:31:24.752+0000] {processor.py:914} INFO - Processing file /home/airflow/.local/lib/python3.12/site-packages/airflow/example_dags/example_datasets.py for tasks to queue
[2025-04-02T07:31:24.754+0000] {logging_mixin.py:190} INFO - [2025-04-02T07:31:24.754+0000] {dagbag.py:588} INFO - Filling up the DagBag from /home/airflow/.local/lib/python3.12/site-packages/airflow/example_dags/example_datasets.py
[2025-04-02T07:31:25.007+0000] {processor.py:925} INFO - DAG(s) 'dataset_consumes_1', 'dataset_consumes_1_and_2', 'dataset_produces_1', 'dataset_consumes_1_never_scheduled', 'dataset_produces_2', 'consume_1_or_both_2_and_3_with_dataset_expressions', 'dataset_consumes_unknown_never_scheduled', 'consume_1_and_2_with_dataset_expressions', 'conditional_dataset_and_time_based_timetable', 'consume_1_or_2_with_dataset_expressions' retrieved from /home/airflow/.local/lib/python3.12/site-packages/airflow/example_dags/example_datasets.py
[2025-04-02T07:31:25.022+0000] {logging_mixin.py:190} INFO - [2025-04-02T07:31:25.022+0000] {dag.py:3239} INFO - Sync 10 DAGs
[2025-04-02T07:31:25.032+0000] {logging_mixin.py:190} INFO - [2025-04-02T07:31:25.032+0000] {dag.py:4180} INFO - Setting next_dagrun for conditional_dataset_and_time_based_timetable to 2025-04-02 01:00:00+00:00, run_after=2025-04-02 01:00:00+00:00
[2025-04-02T07:31:25.033+0000] {logging_mixin.py:190} INFO - [2025-04-02T07:31:25.033+0000] {dag.py:4180} INFO - Setting next_dagrun for consume_1_and_2_with_dataset_expressions to None, run_after=None
[2025-04-02T07:31:25.034+0000] {logging_mixin.py:190} INFO - [2025-04-02T07:31:25.034+0000] {dag.py:4180} INFO - Setting next_dagrun for consume_1_or_2_with_dataset_expressions to None, run_after=None
[2025-04-02T07:31:25.034+0000] {logging_mixin.py:190} INFO - [2025-04-02T07:31:25.034+0000] {dag.py:4180} INFO - Setting next_dagrun for consume_1_or_both_2_and_3_with_dataset_expressions to None, run_after=None
[2025-04-02T07:31:25.035+0000] {logging_mixin.py:190} INFO - [2025-04-02T07:31:25.035+0000] {dag.py:4180} INFO - Setting next_dagrun for dataset_consumes_1 to None, run_after=None
[2025-04-02T07:31:25.035+0000] {logging_mixin.py:190} INFO - [2025-04-02T07:31:25.035+0000] {dag.py:4180} INFO - Setting next_dagrun for dataset_consumes_1_and_2 to None, run_after=None
[2025-04-02T07:31:25.036+0000] {logging_mixin.py:190} INFO - [2025-04-02T07:31:25.036+0000] {dag.py:4180} INFO - Setting next_dagrun for dataset_consumes_1_never_scheduled to None, run_after=None
[2025-04-02T07:31:25.036+0000] {logging_mixin.py:190} INFO - [2025-04-02T07:31:25.036+0000] {dag.py:4180} INFO - Setting next_dagrun for dataset_consumes_unknown_never_scheduled to None, run_after=None
[2025-04-02T07:31:25.037+0000] {logging_mixin.py:190} INFO - [2025-04-02T07:31:25.037+0000] {dag.py:4180} INFO - Setting next_dagrun for dataset_produces_1 to 2025-04-01 00:00:00+00:00, run_after=2025-04-02 00:00:00+00:00
[2025-04-02T07:31:25.038+0000] {logging_mixin.py:190} INFO - [2025-04-02T07:31:25.037+0000] {dag.py:4180} INFO - Setting next_dagrun for dataset_produces_2 to None, run_after=None
[2025-04-02T07:31:25.051+0000] {processor.py:208} INFO - Processing /home/airflow/.local/lib/python3.12/site-packages/airflow/example_dags/example_datasets.py took 0.305 seconds
[2025-04-02T07:31:55.910+0000] {processor.py:186} INFO - Started process (PID=690) to work on /home/airflow/.local/lib/python3.12/site-packages/airflow/example_dags/example_datasets.py
[2025-04-02T07:31:55.912+0000] {processor.py:914} INFO - Processing file /home/airflow/.local/lib/python3.12/site-packages/airflow/example_dags/example_datasets.py for tasks to queue
[2025-04-02T07:31:55.916+0000] {logging_mixin.py:190} INFO - [2025-04-02T07:31:55.915+0000] {dagbag.py:588} INFO - Filling up the DagBag from /home/airflow/.local/lib/python3.12/site-packages/airflow/example_dags/example_datasets.py
[2025-04-02T07:31:56.205+0000] {processor.py:925} INFO - DAG(s) 'dataset_produces_1', 'dataset_consumes_1_never_scheduled', 'dataset_consumes_1_and_2', 'dataset_produces_2', 'dataset_consumes_1', 'conditional_dataset_and_time_based_timetable', 'consume_1_or_both_2_and_3_with_dataset_expressions', 'dataset_consumes_unknown_never_scheduled', 'consume_1_or_2_with_dataset_expressions', 'consume_1_and_2_with_dataset_expressions' retrieved from /home/airflow/.local/lib/python3.12/site-packages/airflow/example_dags/example_datasets.py
[2025-04-02T07:31:56.227+0000] {logging_mixin.py:190} INFO - [2025-04-02T07:31:56.227+0000] {dag.py:3239} INFO - Sync 10 DAGs
[2025-04-02T07:31:56.237+0000] {logging_mixin.py:190} INFO - [2025-04-02T07:31:56.237+0000] {dag.py:4180} INFO - Setting next_dagrun for conditional_dataset_and_time_based_timetable to 2025-04-02 01:00:00+00:00, run_after=2025-04-02 01:00:00+00:00
[2025-04-02T07:31:56.240+0000] {logging_mixin.py:190} INFO - [2025-04-02T07:31:56.240+0000] {dag.py:4180} INFO - Setting next_dagrun for consume_1_and_2_with_dataset_expressions to None, run_after=None
[2025-04-02T07:31:56.241+0000] {logging_mixin.py:190} INFO - [2025-04-02T07:31:56.241+0000] {dag.py:4180} INFO - Setting next_dagrun for consume_1_or_2_with_dataset_expressions to None, run_after=None
[2025-04-02T07:31:56.243+0000] {logging_mixin.py:190} INFO - [2025-04-02T07:31:56.242+0000] {dag.py:4180} INFO - Setting next_dagrun for consume_1_or_both_2_and_3_with_dataset_expressions to None, run_after=None
[2025-04-02T07:31:56.243+0000] {logging_mixin.py:190} INFO - [2025-04-02T07:31:56.243+0000] {dag.py:4180} INFO - Setting next_dagrun for dataset_consumes_1 to None, run_after=None
[2025-04-02T07:31:56.243+0000] {logging_mixin.py:190} INFO - [2025-04-02T07:31:56.243+0000] {dag.py:4180} INFO - Setting next_dagrun for dataset_consumes_1_and_2 to None, run_after=None
[2025-04-02T07:31:56.244+0000] {logging_mixin.py:190} INFO - [2025-04-02T07:31:56.244+0000] {dag.py:4180} INFO - Setting next_dagrun for dataset_consumes_1_never_scheduled to None, run_after=None
[2025-04-02T07:31:56.245+0000] {logging_mixin.py:190} INFO - [2025-04-02T07:31:56.245+0000] {dag.py:4180} INFO - Setting next_dagrun for dataset_consumes_unknown_never_scheduled to None, run_after=None
[2025-04-02T07:31:56.246+0000] {logging_mixin.py:190} INFO - [2025-04-02T07:31:56.246+0000] {dag.py:4180} INFO - Setting next_dagrun for dataset_produces_1 to 2025-04-01 00:00:00+00:00, run_after=2025-04-02 00:00:00+00:00
[2025-04-02T07:31:56.247+0000] {logging_mixin.py:190} INFO - [2025-04-02T07:31:56.247+0000] {dag.py:4180} INFO - Setting next_dagrun for dataset_produces_2 to None, run_after=None
[2025-04-02T07:31:56.261+0000] {processor.py:208} INFO - Processing /home/airflow/.local/lib/python3.12/site-packages/airflow/example_dags/example_datasets.py took 0.358 seconds
[2025-04-02T07:32:26.967+0000] {processor.py:186} INFO - Started process (PID=754) to work on /home/airflow/.local/lib/python3.12/site-packages/airflow/example_dags/example_datasets.py
[2025-04-02T07:32:26.968+0000] {processor.py:914} INFO - Processing file /home/airflow/.local/lib/python3.12/site-packages/airflow/example_dags/example_datasets.py for tasks to queue
[2025-04-02T07:32:26.970+0000] {logging_mixin.py:190} INFO - [2025-04-02T07:32:26.969+0000] {dagbag.py:588} INFO - Filling up the DagBag from /home/airflow/.local/lib/python3.12/site-packages/airflow/example_dags/example_datasets.py
[2025-04-02T07:32:27.226+0000] {processor.py:925} INFO - DAG(s) 'dataset_consumes_1_never_scheduled', 'dataset_produces_1', 'conditional_dataset_and_time_based_timetable', 'dataset_produces_2', 'consume_1_and_2_with_dataset_expressions', 'dataset_consumes_unknown_never_scheduled', 'dataset_consumes_1_and_2', 'consume_1_or_2_with_dataset_expressions', 'consume_1_or_both_2_and_3_with_dataset_expressions', 'dataset_consumes_1' retrieved from /home/airflow/.local/lib/python3.12/site-packages/airflow/example_dags/example_datasets.py
[2025-04-02T07:32:27.248+0000] {logging_mixin.py:190} INFO - [2025-04-02T07:32:27.248+0000] {dag.py:3239} INFO - Sync 10 DAGs
[2025-04-02T07:32:27.262+0000] {logging_mixin.py:190} INFO - [2025-04-02T07:32:27.262+0000] {dag.py:4180} INFO - Setting next_dagrun for conditional_dataset_and_time_based_timetable to 2025-04-02 01:00:00+00:00, run_after=2025-04-02 01:00:00+00:00
[2025-04-02T07:32:27.264+0000] {logging_mixin.py:190} INFO - [2025-04-02T07:32:27.264+0000] {dag.py:4180} INFO - Setting next_dagrun for consume_1_and_2_with_dataset_expressions to None, run_after=None
[2025-04-02T07:32:27.266+0000] {logging_mixin.py:190} INFO - [2025-04-02T07:32:27.266+0000] {dag.py:4180} INFO - Setting next_dagrun for consume_1_or_2_with_dataset_expressions to None, run_after=None
[2025-04-02T07:32:27.267+0000] {logging_mixin.py:190} INFO - [2025-04-02T07:32:27.267+0000] {dag.py:4180} INFO - Setting next_dagrun for consume_1_or_both_2_and_3_with_dataset_expressions to None, run_after=None
[2025-04-02T07:32:27.268+0000] {logging_mixin.py:190} INFO - [2025-04-02T07:32:27.268+0000] {dag.py:4180} INFO - Setting next_dagrun for dataset_consumes_1 to None, run_after=None
[2025-04-02T07:32:27.269+0000] {logging_mixin.py:190} INFO - [2025-04-02T07:32:27.268+0000] {dag.py:4180} INFO - Setting next_dagrun for dataset_consumes_1_and_2 to None, run_after=None
[2025-04-02T07:32:27.269+0000] {logging_mixin.py:190} INFO - [2025-04-02T07:32:27.269+0000] {dag.py:4180} INFO - Setting next_dagrun for dataset_consumes_1_never_scheduled to None, run_after=None
[2025-04-02T07:32:27.270+0000] {logging_mixin.py:190} INFO - [2025-04-02T07:32:27.270+0000] {dag.py:4180} INFO - Setting next_dagrun for dataset_consumes_unknown_never_scheduled to None, run_after=None
[2025-04-02T07:32:27.271+0000] {logging_mixin.py:190} INFO - [2025-04-02T07:32:27.271+0000] {dag.py:4180} INFO - Setting next_dagrun for dataset_produces_1 to 2025-04-01 00:00:00+00:00, run_after=2025-04-02 00:00:00+00:00
[2025-04-02T07:32:27.271+0000] {logging_mixin.py:190} INFO - [2025-04-02T07:32:27.271+0000] {dag.py:4180} INFO - Setting next_dagrun for dataset_produces_2 to None, run_after=None
[2025-04-02T07:32:27.286+0000] {processor.py:208} INFO - Processing /home/airflow/.local/lib/python3.12/site-packages/airflow/example_dags/example_datasets.py took 0.325 seconds
