[2025-04-02T07:25:56.208+0000] {processor.py:186} INFO - Started process (PID=81) to work on /home/airflow/.local/lib/python3.12/site-packages/airflow/example_dags/example_trigger_controller_dag.py
[2025-04-02T07:25:56.210+0000] {processor.py:914} INFO - Processing file /home/airflow/.local/lib/python3.12/site-packages/airflow/example_dags/example_trigger_controller_dag.py for tasks to queue
[2025-04-02T07:25:56.213+0000] {logging_mixin.py:190} INFO - [2025-04-02T07:25:56.213+0000] {dagbag.py:588} INFO - Filling up the DagBag from /home/airflow/.local/lib/python3.12/site-packages/airflow/example_dags/example_trigger_controller_dag.py
[2025-04-02T07:25:56.218+0000] {processor.py:925} INFO - DAG(s) 'example_trigger_controller_dag' retrieved from /home/airflow/.local/lib/python3.12/site-packages/airflow/example_dags/example_trigger_controller_dag.py
[2025-04-02T07:25:56.280+0000] {logging_mixin.py:190} INFO - [2025-04-02T07:25:56.279+0000] {override.py:1912} INFO - Created Permission View: can delete on DAG:example_trigger_controller_dag
[2025-04-02T07:25:56.285+0000] {logging_mixin.py:190} INFO - [2025-04-02T07:25:56.285+0000] {override.py:1912} INFO - Created Permission View: can read on DAG:example_trigger_controller_dag
[2025-04-02T07:25:56.287+0000] {logging_mixin.py:190} INFO - [2025-04-02T07:25:56.287+0000] {override.py:1912} INFO - Created Permission View: can edit on DAG:example_trigger_controller_dag
[2025-04-02T07:25:56.290+0000] {logging_mixin.py:190} INFO - [2025-04-02T07:25:56.290+0000] {override.py:1912} INFO - Created Permission View: can delete on DAG Run:example_trigger_controller_dag
[2025-04-02T07:25:56.294+0000] {logging_mixin.py:190} INFO - [2025-04-02T07:25:56.294+0000] {override.py:1912} INFO - Created Permission View: can read on DAG Run:example_trigger_controller_dag
[2025-04-02T07:25:56.296+0000] {logging_mixin.py:190} INFO - [2025-04-02T07:25:56.296+0000] {override.py:1912} INFO - Created Permission View: can create on DAG Run:example_trigger_controller_dag
[2025-04-02T07:25:56.299+0000] {logging_mixin.py:190} INFO - [2025-04-02T07:25:56.299+0000] {override.py:1912} INFO - Created Permission View: menu access on DAG Run:example_trigger_controller_dag
[2025-04-02T07:25:56.300+0000] {logging_mixin.py:190} INFO - [2025-04-02T07:25:56.300+0000] {dag.py:3239} INFO - Sync 1 DAGs
[2025-04-02T07:25:56.309+0000] {logging_mixin.py:190} INFO - [2025-04-02T07:25:56.308+0000] {dag.py:3262} INFO - Creating ORM DAG for example_trigger_controller_dag
[2025-04-02T07:25:56.318+0000] {logging_mixin.py:190} INFO - [2025-04-02T07:25:56.317+0000] {dag.py:4180} INFO - Setting next_dagrun for example_trigger_controller_dag to 2021-01-01 00:00:00+00:00, run_after=2021-01-01 00:00:00+00:00
[2025-04-02T07:25:56.337+0000] {processor.py:208} INFO - Processing /home/airflow/.local/lib/python3.12/site-packages/airflow/example_dags/example_trigger_controller_dag.py took 0.134 seconds
[2025-04-02T07:26:42.968+0000] {processor.py:186} INFO - Started process (PID=73) to work on /home/airflow/.local/lib/python3.12/site-packages/airflow/example_dags/example_trigger_controller_dag.py
[2025-04-02T07:26:42.969+0000] {processor.py:914} INFO - Processing file /home/airflow/.local/lib/python3.12/site-packages/airflow/example_dags/example_trigger_controller_dag.py for tasks to queue
[2025-04-02T07:26:42.970+0000] {logging_mixin.py:190} INFO - [2025-04-02T07:26:42.970+0000] {dagbag.py:588} INFO - Filling up the DagBag from /home/airflow/.local/lib/python3.12/site-packages/airflow/example_dags/example_trigger_controller_dag.py
[2025-04-02T07:26:42.973+0000] {processor.py:925} INFO - DAG(s) 'example_trigger_controller_dag' retrieved from /home/airflow/.local/lib/python3.12/site-packages/airflow/example_dags/example_trigger_controller_dag.py
[2025-04-02T07:26:42.982+0000] {logging_mixin.py:190} INFO - [2025-04-02T07:26:42.982+0000] {dag.py:3239} INFO - Sync 1 DAGs
[2025-04-02T07:26:42.993+0000] {logging_mixin.py:190} INFO - [2025-04-02T07:26:42.993+0000] {dag.py:4180} INFO - Setting next_dagrun for example_trigger_controller_dag to 2021-01-01 00:00:00+00:00, run_after=2021-01-01 00:00:00+00:00
[2025-04-02T07:26:43.003+0000] {processor.py:208} INFO - Processing /home/airflow/.local/lib/python3.12/site-packages/airflow/example_dags/example_trigger_controller_dag.py took 0.038 seconds
[2025-04-02T07:27:13.800+0000] {processor.py:186} INFO - Started process (PID=136) to work on /home/airflow/.local/lib/python3.12/site-packages/airflow/example_dags/example_trigger_controller_dag.py
[2025-04-02T07:27:13.800+0000] {processor.py:914} INFO - Processing file /home/airflow/.local/lib/python3.12/site-packages/airflow/example_dags/example_trigger_controller_dag.py for tasks to queue
[2025-04-02T07:27:13.801+0000] {logging_mixin.py:190} INFO - [2025-04-02T07:27:13.801+0000] {dagbag.py:588} INFO - Filling up the DagBag from /home/airflow/.local/lib/python3.12/site-packages/airflow/example_dags/example_trigger_controller_dag.py
[2025-04-02T07:27:13.804+0000] {processor.py:925} INFO - DAG(s) 'example_trigger_controller_dag' retrieved from /home/airflow/.local/lib/python3.12/site-packages/airflow/example_dags/example_trigger_controller_dag.py
[2025-04-02T07:27:13.813+0000] {logging_mixin.py:190} INFO - [2025-04-02T07:27:13.813+0000] {dag.py:3239} INFO - Sync 1 DAGs
[2025-04-02T07:27:13.822+0000] {logging_mixin.py:190} INFO - [2025-04-02T07:27:13.822+0000] {dag.py:4180} INFO - Setting next_dagrun for example_trigger_controller_dag to 2021-01-01 00:00:00+00:00, run_after=2021-01-01 00:00:00+00:00
[2025-04-02T07:27:13.829+0000] {processor.py:208} INFO - Processing /home/airflow/.local/lib/python3.12/site-packages/airflow/example_dags/example_trigger_controller_dag.py took 0.031 seconds
[2025-04-02T07:27:44.321+0000] {processor.py:186} INFO - Started process (PID=199) to work on /home/airflow/.local/lib/python3.12/site-packages/airflow/example_dags/example_trigger_controller_dag.py
[2025-04-02T07:27:44.323+0000] {processor.py:914} INFO - Processing file /home/airflow/.local/lib/python3.12/site-packages/airflow/example_dags/example_trigger_controller_dag.py for tasks to queue
[2025-04-02T07:27:44.325+0000] {logging_mixin.py:190} INFO - [2025-04-02T07:27:44.324+0000] {dagbag.py:588} INFO - Filling up the DagBag from /home/airflow/.local/lib/python3.12/site-packages/airflow/example_dags/example_trigger_controller_dag.py
[2025-04-02T07:27:44.330+0000] {processor.py:925} INFO - DAG(s) 'example_trigger_controller_dag' retrieved from /home/airflow/.local/lib/python3.12/site-packages/airflow/example_dags/example_trigger_controller_dag.py
[2025-04-02T07:27:44.343+0000] {logging_mixin.py:190} INFO - [2025-04-02T07:27:44.343+0000] {dag.py:3239} INFO - Sync 1 DAGs
[2025-04-02T07:27:44.353+0000] {logging_mixin.py:190} INFO - [2025-04-02T07:27:44.353+0000] {dag.py:4180} INFO - Setting next_dagrun for example_trigger_controller_dag to 2021-01-01 00:00:00+00:00, run_after=2021-01-01 00:00:00+00:00
[2025-04-02T07:27:44.361+0000] {processor.py:208} INFO - Processing /home/airflow/.local/lib/python3.12/site-packages/airflow/example_dags/example_trigger_controller_dag.py took 0.044 seconds
[2025-04-02T07:28:15.265+0000] {processor.py:186} INFO - Started process (PID=261) to work on /home/airflow/.local/lib/python3.12/site-packages/airflow/example_dags/example_trigger_controller_dag.py
[2025-04-02T07:28:15.266+0000] {processor.py:914} INFO - Processing file /home/airflow/.local/lib/python3.12/site-packages/airflow/example_dags/example_trigger_controller_dag.py for tasks to queue
[2025-04-02T07:28:15.267+0000] {logging_mixin.py:190} INFO - [2025-04-02T07:28:15.267+0000] {dagbag.py:588} INFO - Filling up the DagBag from /home/airflow/.local/lib/python3.12/site-packages/airflow/example_dags/example_trigger_controller_dag.py
[2025-04-02T07:28:15.273+0000] {processor.py:925} INFO - DAG(s) 'example_trigger_controller_dag' retrieved from /home/airflow/.local/lib/python3.12/site-packages/airflow/example_dags/example_trigger_controller_dag.py
[2025-04-02T07:28:15.286+0000] {logging_mixin.py:190} INFO - [2025-04-02T07:28:15.286+0000] {dag.py:3239} INFO - Sync 1 DAGs
[2025-04-02T07:28:15.297+0000] {logging_mixin.py:190} INFO - [2025-04-02T07:28:15.297+0000] {dag.py:4180} INFO - Setting next_dagrun for example_trigger_controller_dag to 2021-01-01 00:00:00+00:00, run_after=2021-01-01 00:00:00+00:00
[2025-04-02T07:28:15.305+0000] {processor.py:208} INFO - Processing /home/airflow/.local/lib/python3.12/site-packages/airflow/example_dags/example_trigger_controller_dag.py took 0.043 seconds
[2025-04-02T07:28:45.816+0000] {processor.py:186} INFO - Started process (PID=324) to work on /home/airflow/.local/lib/python3.12/site-packages/airflow/example_dags/example_trigger_controller_dag.py
[2025-04-02T07:28:45.816+0000] {processor.py:914} INFO - Processing file /home/airflow/.local/lib/python3.12/site-packages/airflow/example_dags/example_trigger_controller_dag.py for tasks to queue
[2025-04-02T07:28:45.817+0000] {logging_mixin.py:190} INFO - [2025-04-02T07:28:45.817+0000] {dagbag.py:588} INFO - Filling up the DagBag from /home/airflow/.local/lib/python3.12/site-packages/airflow/example_dags/example_trigger_controller_dag.py
[2025-04-02T07:28:45.820+0000] {processor.py:925} INFO - DAG(s) 'example_trigger_controller_dag' retrieved from /home/airflow/.local/lib/python3.12/site-packages/airflow/example_dags/example_trigger_controller_dag.py
[2025-04-02T07:28:45.830+0000] {logging_mixin.py:190} INFO - [2025-04-02T07:28:45.829+0000] {dag.py:3239} INFO - Sync 1 DAGs
[2025-04-02T07:28:45.839+0000] {logging_mixin.py:190} INFO - [2025-04-02T07:28:45.839+0000] {dag.py:4180} INFO - Setting next_dagrun for example_trigger_controller_dag to 2021-01-01 00:00:00+00:00, run_after=2021-01-01 00:00:00+00:00
[2025-04-02T07:28:45.847+0000] {processor.py:208} INFO - Processing /home/airflow/.local/lib/python3.12/site-packages/airflow/example_dags/example_trigger_controller_dag.py took 0.034 seconds
[2025-04-02T07:29:16.747+0000] {processor.py:186} INFO - Started process (PID=387) to work on /home/airflow/.local/lib/python3.12/site-packages/airflow/example_dags/example_trigger_controller_dag.py
[2025-04-02T07:29:16.747+0000] {processor.py:914} INFO - Processing file /home/airflow/.local/lib/python3.12/site-packages/airflow/example_dags/example_trigger_controller_dag.py for tasks to queue
[2025-04-02T07:29:16.748+0000] {logging_mixin.py:190} INFO - [2025-04-02T07:29:16.748+0000] {dagbag.py:588} INFO - Filling up the DagBag from /home/airflow/.local/lib/python3.12/site-packages/airflow/example_dags/example_trigger_controller_dag.py
[2025-04-02T07:29:16.751+0000] {processor.py:925} INFO - DAG(s) 'example_trigger_controller_dag' retrieved from /home/airflow/.local/lib/python3.12/site-packages/airflow/example_dags/example_trigger_controller_dag.py
[2025-04-02T07:29:16.761+0000] {logging_mixin.py:190} INFO - [2025-04-02T07:29:16.760+0000] {dag.py:3239} INFO - Sync 1 DAGs
[2025-04-02T07:29:16.770+0000] {logging_mixin.py:190} INFO - [2025-04-02T07:29:16.769+0000] {dag.py:4180} INFO - Setting next_dagrun for example_trigger_controller_dag to 2021-01-01 00:00:00+00:00, run_after=2021-01-01 00:00:00+00:00
[2025-04-02T07:29:16.777+0000] {processor.py:208} INFO - Processing /home/airflow/.local/lib/python3.12/site-packages/airflow/example_dags/example_trigger_controller_dag.py took 0.033 seconds
[2025-04-02T07:29:47.709+0000] {processor.py:186} INFO - Started process (PID=450) to work on /home/airflow/.local/lib/python3.12/site-packages/airflow/example_dags/example_trigger_controller_dag.py
[2025-04-02T07:29:47.709+0000] {processor.py:914} INFO - Processing file /home/airflow/.local/lib/python3.12/site-packages/airflow/example_dags/example_trigger_controller_dag.py for tasks to queue
[2025-04-02T07:29:47.711+0000] {logging_mixin.py:190} INFO - [2025-04-02T07:29:47.711+0000] {dagbag.py:588} INFO - Filling up the DagBag from /home/airflow/.local/lib/python3.12/site-packages/airflow/example_dags/example_trigger_controller_dag.py
[2025-04-02T07:29:47.715+0000] {processor.py:925} INFO - DAG(s) 'example_trigger_controller_dag' retrieved from /home/airflow/.local/lib/python3.12/site-packages/airflow/example_dags/example_trigger_controller_dag.py
[2025-04-02T07:29:47.728+0000] {logging_mixin.py:190} INFO - [2025-04-02T07:29:47.728+0000] {dag.py:3239} INFO - Sync 1 DAGs
[2025-04-02T07:29:47.738+0000] {logging_mixin.py:190} INFO - [2025-04-02T07:29:47.738+0000] {dag.py:4180} INFO - Setting next_dagrun for example_trigger_controller_dag to 2021-01-01 00:00:00+00:00, run_after=2021-01-01 00:00:00+00:00
[2025-04-02T07:29:47.749+0000] {processor.py:208} INFO - Processing /home/airflow/.local/lib/python3.12/site-packages/airflow/example_dags/example_trigger_controller_dag.py took 0.043 seconds
[2025-04-02T07:30:25.640+0000] {processor.py:186} INFO - Started process (PID=514) to work on /home/airflow/.local/lib/python3.12/site-packages/airflow/example_dags/example_trigger_controller_dag.py
[2025-04-02T07:30:25.647+0000] {processor.py:914} INFO - Processing file /home/airflow/.local/lib/python3.12/site-packages/airflow/example_dags/example_trigger_controller_dag.py for tasks to queue
[2025-04-02T07:30:25.650+0000] {logging_mixin.py:190} INFO - [2025-04-02T07:30:25.650+0000] {dagbag.py:588} INFO - Filling up the DagBag from /home/airflow/.local/lib/python3.12/site-packages/airflow/example_dags/example_trigger_controller_dag.py
[2025-04-02T07:30:25.663+0000] {processor.py:925} INFO - DAG(s) 'example_trigger_controller_dag' retrieved from /home/airflow/.local/lib/python3.12/site-packages/airflow/example_dags/example_trigger_controller_dag.py
[2025-04-02T07:30:25.749+0000] {logging_mixin.py:190} INFO - [2025-04-02T07:30:25.748+0000] {dag.py:3239} INFO - Sync 1 DAGs
[2025-04-02T07:30:25.798+0000] {logging_mixin.py:190} INFO - [2025-04-02T07:30:25.798+0000] {dag.py:4180} INFO - Setting next_dagrun for example_trigger_controller_dag to 2021-01-01 00:00:00+00:00, run_after=2021-01-01 00:00:00+00:00
[2025-04-02T07:30:25.853+0000] {processor.py:208} INFO - Processing /home/airflow/.local/lib/python3.12/site-packages/airflow/example_dags/example_trigger_controller_dag.py took 0.229 seconds
[2025-04-02T07:30:55.997+0000] {processor.py:186} INFO - Started process (PID=577) to work on /home/airflow/.local/lib/python3.12/site-packages/airflow/example_dags/example_trigger_controller_dag.py
[2025-04-02T07:30:55.999+0000] {processor.py:914} INFO - Processing file /home/airflow/.local/lib/python3.12/site-packages/airflow/example_dags/example_trigger_controller_dag.py for tasks to queue
[2025-04-02T07:30:56.002+0000] {logging_mixin.py:190} INFO - [2025-04-02T07:30:56.001+0000] {dagbag.py:588} INFO - Filling up the DagBag from /home/airflow/.local/lib/python3.12/site-packages/airflow/example_dags/example_trigger_controller_dag.py
[2025-04-02T07:30:56.014+0000] {processor.py:925} INFO - DAG(s) 'example_trigger_controller_dag' retrieved from /home/airflow/.local/lib/python3.12/site-packages/airflow/example_dags/example_trigger_controller_dag.py
[2025-04-02T07:30:56.069+0000] {logging_mixin.py:190} INFO - [2025-04-02T07:30:56.068+0000] {dag.py:3239} INFO - Sync 1 DAGs
[2025-04-02T07:30:56.114+0000] {logging_mixin.py:190} INFO - [2025-04-02T07:30:56.114+0000] {dag.py:4180} INFO - Setting next_dagrun for example_trigger_controller_dag to 2021-01-01 00:00:00+00:00, run_after=2021-01-01 00:00:00+00:00
[2025-04-02T07:30:56.165+0000] {processor.py:208} INFO - Processing /home/airflow/.local/lib/python3.12/site-packages/airflow/example_dags/example_trigger_controller_dag.py took 0.177 seconds
[2025-04-02T07:31:26.362+0000] {processor.py:186} INFO - Started process (PID=639) to work on /home/airflow/.local/lib/python3.12/site-packages/airflow/example_dags/example_trigger_controller_dag.py
[2025-04-02T07:31:26.362+0000] {processor.py:914} INFO - Processing file /home/airflow/.local/lib/python3.12/site-packages/airflow/example_dags/example_trigger_controller_dag.py for tasks to queue
[2025-04-02T07:31:26.363+0000] {logging_mixin.py:190} INFO - [2025-04-02T07:31:26.363+0000] {dagbag.py:588} INFO - Filling up the DagBag from /home/airflow/.local/lib/python3.12/site-packages/airflow/example_dags/example_trigger_controller_dag.py
[2025-04-02T07:31:26.366+0000] {processor.py:925} INFO - DAG(s) 'example_trigger_controller_dag' retrieved from /home/airflow/.local/lib/python3.12/site-packages/airflow/example_dags/example_trigger_controller_dag.py
[2025-04-02T07:31:26.374+0000] {logging_mixin.py:190} INFO - [2025-04-02T07:31:26.374+0000] {dag.py:3239} INFO - Sync 1 DAGs
[2025-04-02T07:31:26.382+0000] {logging_mixin.py:190} INFO - [2025-04-02T07:31:26.382+0000] {dag.py:4180} INFO - Setting next_dagrun for example_trigger_controller_dag to 2021-01-01 00:00:00+00:00, run_after=2021-01-01 00:00:00+00:00
[2025-04-02T07:31:26.388+0000] {processor.py:208} INFO - Processing /home/airflow/.local/lib/python3.12/site-packages/airflow/example_dags/example_trigger_controller_dag.py took 0.029 seconds
[2025-04-02T07:31:56.561+0000] {processor.py:186} INFO - Started process (PID=703) to work on /home/airflow/.local/lib/python3.12/site-packages/airflow/example_dags/example_trigger_controller_dag.py
[2025-04-02T07:31:56.562+0000] {processor.py:914} INFO - Processing file /home/airflow/.local/lib/python3.12/site-packages/airflow/example_dags/example_trigger_controller_dag.py for tasks to queue
[2025-04-02T07:31:56.563+0000] {logging_mixin.py:190} INFO - [2025-04-02T07:31:56.563+0000] {dagbag.py:588} INFO - Filling up the DagBag from /home/airflow/.local/lib/python3.12/site-packages/airflow/example_dags/example_trigger_controller_dag.py
[2025-04-02T07:31:56.566+0000] {processor.py:925} INFO - DAG(s) 'example_trigger_controller_dag' retrieved from /home/airflow/.local/lib/python3.12/site-packages/airflow/example_dags/example_trigger_controller_dag.py
[2025-04-02T07:31:56.581+0000] {logging_mixin.py:190} INFO - [2025-04-02T07:31:56.581+0000] {dag.py:3239} INFO - Sync 1 DAGs
[2025-04-02T07:31:56.591+0000] {logging_mixin.py:190} INFO - [2025-04-02T07:31:56.591+0000] {dag.py:4180} INFO - Setting next_dagrun for example_trigger_controller_dag to 2021-01-01 00:00:00+00:00, run_after=2021-01-01 00:00:00+00:00
[2025-04-02T07:31:56.600+0000] {processor.py:208} INFO - Processing /home/airflow/.local/lib/python3.12/site-packages/airflow/example_dags/example_trigger_controller_dag.py took 0.041 seconds
[2025-04-02T07:32:27.594+0000] {processor.py:186} INFO - Started process (PID=767) to work on /home/airflow/.local/lib/python3.12/site-packages/airflow/example_dags/example_trigger_controller_dag.py
[2025-04-02T07:32:27.595+0000] {processor.py:914} INFO - Processing file /home/airflow/.local/lib/python3.12/site-packages/airflow/example_dags/example_trigger_controller_dag.py for tasks to queue
[2025-04-02T07:32:27.596+0000] {logging_mixin.py:190} INFO - [2025-04-02T07:32:27.596+0000] {dagbag.py:588} INFO - Filling up the DagBag from /home/airflow/.local/lib/python3.12/site-packages/airflow/example_dags/example_trigger_controller_dag.py
[2025-04-02T07:32:27.599+0000] {processor.py:925} INFO - DAG(s) 'example_trigger_controller_dag' retrieved from /home/airflow/.local/lib/python3.12/site-packages/airflow/example_dags/example_trigger_controller_dag.py
[2025-04-02T07:32:27.609+0000] {logging_mixin.py:190} INFO - [2025-04-02T07:32:27.609+0000] {dag.py:3239} INFO - Sync 1 DAGs
[2025-04-02T07:32:27.618+0000] {logging_mixin.py:190} INFO - [2025-04-02T07:32:27.617+0000] {dag.py:4180} INFO - Setting next_dagrun for example_trigger_controller_dag to 2021-01-01 00:00:00+00:00, run_after=2021-01-01 00:00:00+00:00
[2025-04-02T07:32:27.623+0000] {processor.py:208} INFO - Processing /home/airflow/.local/lib/python3.12/site-packages/airflow/example_dags/example_trigger_controller_dag.py took 0.032 seconds
