[2025-04-02T07:25:55.980+0000] {processor.py:186} INFO - Started process (PID=80) to work on /home/airflow/.local/lib/python3.12/site-packages/airflow/example_dags/example_python_operator.py
[2025-04-02T07:25:55.982+0000] {processor.py:914} INFO - Processing file /home/airflow/.local/lib/python3.12/site-packages/airflow/example_dags/example_python_operator.py for tasks to queue
[2025-04-02T07:25:55.985+0000] {logging_mixin.py:190} INFO - [2025-04-02T07:25:55.984+0000] {dagbag.py:588} INFO - Filling up the DagBag from /home/airflow/.local/lib/python3.12/site-packages/airflow/example_dags/example_python_operator.py
[2025-04-02T07:25:55.999+0000] {processor.py:925} INFO - DAG(s) 'example_python_operator' retrieved from /home/airflow/.local/lib/python3.12/site-packages/airflow/example_dags/example_python_operator.py
[2025-04-02T07:25:56.099+0000] {logging_mixin.py:190} INFO - [2025-04-02T07:25:56.098+0000] {override.py:1912} INFO - Created Permission View: can delete on DAG:example_python_operator
[2025-04-02T07:25:56.109+0000] {logging_mixin.py:190} INFO - [2025-04-02T07:25:56.109+0000] {override.py:1912} INFO - Created Permission View: can read on DAG:example_python_operator
[2025-04-02T07:25:56.119+0000] {logging_mixin.py:190} INFO - [2025-04-02T07:25:56.118+0000] {override.py:1912} INFO - Created Permission View: can edit on DAG:example_python_operator
[2025-04-02T07:25:56.128+0000] {logging_mixin.py:190} INFO - [2025-04-02T07:25:56.128+0000] {override.py:1912} INFO - Created Permission View: can delete on DAG Run:example_python_operator
[2025-04-02T07:25:56.136+0000] {logging_mixin.py:190} INFO - [2025-04-02T07:25:56.135+0000] {override.py:1912} INFO - Created Permission View: can read on DAG Run:example_python_operator
[2025-04-02T07:25:56.141+0000] {logging_mixin.py:190} INFO - [2025-04-02T07:25:56.141+0000] {override.py:1912} INFO - Created Permission View: can create on DAG Run:example_python_operator
[2025-04-02T07:25:56.147+0000] {logging_mixin.py:190} INFO - [2025-04-02T07:25:56.146+0000] {override.py:1912} INFO - Created Permission View: menu access on DAG Run:example_python_operator
[2025-04-02T07:25:56.150+0000] {logging_mixin.py:190} INFO - [2025-04-02T07:25:56.150+0000] {dag.py:3239} INFO - Sync 1 DAGs
[2025-04-02T07:25:56.162+0000] {logging_mixin.py:190} INFO - [2025-04-02T07:25:56.162+0000] {dag.py:3262} INFO - Creating ORM DAG for example_python_operator
[2025-04-02T07:25:56.163+0000] {logging_mixin.py:190} INFO - [2025-04-02T07:25:56.163+0000] {dag.py:4180} INFO - Setting next_dagrun for example_python_operator to None, run_after=None
[2025-04-02T07:25:56.171+0000] {processor.py:208} INFO - Processing /home/airflow/.local/lib/python3.12/site-packages/airflow/example_dags/example_python_operator.py took 0.197 seconds
[2025-04-02T07:26:42.881+0000] {processor.py:186} INFO - Started process (PID=72) to work on /home/airflow/.local/lib/python3.12/site-packages/airflow/example_dags/example_python_operator.py
[2025-04-02T07:26:42.881+0000] {processor.py:914} INFO - Processing file /home/airflow/.local/lib/python3.12/site-packages/airflow/example_dags/example_python_operator.py for tasks to queue
[2025-04-02T07:26:42.883+0000] {logging_mixin.py:190} INFO - [2025-04-02T07:26:42.882+0000] {dagbag.py:588} INFO - Filling up the DagBag from /home/airflow/.local/lib/python3.12/site-packages/airflow/example_dags/example_python_operator.py
[2025-04-02T07:26:42.889+0000] {processor.py:925} INFO - DAG(s) 'example_python_operator' retrieved from /home/airflow/.local/lib/python3.12/site-packages/airflow/example_dags/example_python_operator.py
[2025-04-02T07:26:42.938+0000] {logging_mixin.py:190} INFO - [2025-04-02T07:26:42.938+0000] {dag.py:3239} INFO - Sync 1 DAGs
[2025-04-02T07:26:42.943+0000] {logging_mixin.py:190} INFO - [2025-04-02T07:26:42.943+0000] {dag.py:4180} INFO - Setting next_dagrun for example_python_operator to None, run_after=None
[2025-04-02T07:26:42.950+0000] {processor.py:208} INFO - Processing /home/airflow/.local/lib/python3.12/site-packages/airflow/example_dags/example_python_operator.py took 0.073 seconds
[2025-04-02T07:27:13.758+0000] {processor.py:186} INFO - Started process (PID=135) to work on /home/airflow/.local/lib/python3.12/site-packages/airflow/example_dags/example_python_operator.py
[2025-04-02T07:27:13.758+0000] {processor.py:914} INFO - Processing file /home/airflow/.local/lib/python3.12/site-packages/airflow/example_dags/example_python_operator.py for tasks to queue
[2025-04-02T07:27:13.759+0000] {logging_mixin.py:190} INFO - [2025-04-02T07:27:13.759+0000] {dagbag.py:588} INFO - Filling up the DagBag from /home/airflow/.local/lib/python3.12/site-packages/airflow/example_dags/example_python_operator.py
[2025-04-02T07:27:13.765+0000] {processor.py:925} INFO - DAG(s) 'example_python_operator' retrieved from /home/airflow/.local/lib/python3.12/site-packages/airflow/example_dags/example_python_operator.py
[2025-04-02T07:27:13.774+0000] {logging_mixin.py:190} INFO - [2025-04-02T07:27:13.774+0000] {dag.py:3239} INFO - Sync 1 DAGs
[2025-04-02T07:27:13.781+0000] {logging_mixin.py:190} INFO - [2025-04-02T07:27:13.781+0000] {dag.py:4180} INFO - Setting next_dagrun for example_python_operator to None, run_after=None
[2025-04-02T07:27:13.789+0000] {processor.py:208} INFO - Processing /home/airflow/.local/lib/python3.12/site-packages/airflow/example_dags/example_python_operator.py took 0.034 seconds
[2025-04-02T07:27:44.273+0000] {processor.py:186} INFO - Started process (PID=198) to work on /home/airflow/.local/lib/python3.12/site-packages/airflow/example_dags/example_python_operator.py
[2025-04-02T07:27:44.274+0000] {processor.py:914} INFO - Processing file /home/airflow/.local/lib/python3.12/site-packages/airflow/example_dags/example_python_operator.py for tasks to queue
[2025-04-02T07:27:44.275+0000] {logging_mixin.py:190} INFO - [2025-04-02T07:27:44.275+0000] {dagbag.py:588} INFO - Filling up the DagBag from /home/airflow/.local/lib/python3.12/site-packages/airflow/example_dags/example_python_operator.py
[2025-04-02T07:27:44.280+0000] {processor.py:925} INFO - DAG(s) 'example_python_operator' retrieved from /home/airflow/.local/lib/python3.12/site-packages/airflow/example_dags/example_python_operator.py
[2025-04-02T07:27:44.290+0000] {logging_mixin.py:190} INFO - [2025-04-02T07:27:44.290+0000] {dag.py:3239} INFO - Sync 1 DAGs
[2025-04-02T07:27:44.297+0000] {logging_mixin.py:190} INFO - [2025-04-02T07:27:44.297+0000] {dag.py:4180} INFO - Setting next_dagrun for example_python_operator to None, run_after=None
[2025-04-02T07:27:44.304+0000] {processor.py:208} INFO - Processing /home/airflow/.local/lib/python3.12/site-packages/airflow/example_dags/example_python_operator.py took 0.034 seconds
[2025-04-02T07:28:15.201+0000] {processor.py:186} INFO - Started process (PID=260) to work on /home/airflow/.local/lib/python3.12/site-packages/airflow/example_dags/example_python_operator.py
[2025-04-02T07:28:15.202+0000] {processor.py:914} INFO - Processing file /home/airflow/.local/lib/python3.12/site-packages/airflow/example_dags/example_python_operator.py for tasks to queue
[2025-04-02T07:28:15.208+0000] {logging_mixin.py:190} INFO - [2025-04-02T07:28:15.208+0000] {dagbag.py:588} INFO - Filling up the DagBag from /home/airflow/.local/lib/python3.12/site-packages/airflow/example_dags/example_python_operator.py
[2025-04-02T07:28:15.217+0000] {processor.py:925} INFO - DAG(s) 'example_python_operator' retrieved from /home/airflow/.local/lib/python3.12/site-packages/airflow/example_dags/example_python_operator.py
[2025-04-02T07:28:15.235+0000] {logging_mixin.py:190} INFO - [2025-04-02T07:28:15.234+0000] {dag.py:3239} INFO - Sync 1 DAGs
[2025-04-02T07:28:15.243+0000] {logging_mixin.py:190} INFO - [2025-04-02T07:28:15.243+0000] {dag.py:4180} INFO - Setting next_dagrun for example_python_operator to None, run_after=None
[2025-04-02T07:28:15.250+0000] {processor.py:208} INFO - Processing /home/airflow/.local/lib/python3.12/site-packages/airflow/example_dags/example_python_operator.py took 0.054 seconds
[2025-04-02T07:28:45.770+0000] {processor.py:186} INFO - Started process (PID=323) to work on /home/airflow/.local/lib/python3.12/site-packages/airflow/example_dags/example_python_operator.py
[2025-04-02T07:28:45.771+0000] {processor.py:914} INFO - Processing file /home/airflow/.local/lib/python3.12/site-packages/airflow/example_dags/example_python_operator.py for tasks to queue
[2025-04-02T07:28:45.772+0000] {logging_mixin.py:190} INFO - [2025-04-02T07:28:45.772+0000] {dagbag.py:588} INFO - Filling up the DagBag from /home/airflow/.local/lib/python3.12/site-packages/airflow/example_dags/example_python_operator.py
[2025-04-02T07:28:45.777+0000] {processor.py:925} INFO - DAG(s) 'example_python_operator' retrieved from /home/airflow/.local/lib/python3.12/site-packages/airflow/example_dags/example_python_operator.py
[2025-04-02T07:28:45.786+0000] {logging_mixin.py:190} INFO - [2025-04-02T07:28:45.786+0000] {dag.py:3239} INFO - Sync 1 DAGs
[2025-04-02T07:28:45.792+0000] {logging_mixin.py:190} INFO - [2025-04-02T07:28:45.792+0000] {dag.py:4180} INFO - Setting next_dagrun for example_python_operator to None, run_after=None
[2025-04-02T07:28:45.801+0000] {processor.py:208} INFO - Processing /home/airflow/.local/lib/python3.12/site-packages/airflow/example_dags/example_python_operator.py took 0.033 seconds
[2025-04-02T07:29:16.745+0000] {processor.py:186} INFO - Started process (PID=386) to work on /home/airflow/.local/lib/python3.12/site-packages/airflow/example_dags/example_python_operator.py
[2025-04-02T07:29:16.745+0000] {processor.py:914} INFO - Processing file /home/airflow/.local/lib/python3.12/site-packages/airflow/example_dags/example_python_operator.py for tasks to queue
[2025-04-02T07:29:16.747+0000] {logging_mixin.py:190} INFO - [2025-04-02T07:29:16.746+0000] {dagbag.py:588} INFO - Filling up the DagBag from /home/airflow/.local/lib/python3.12/site-packages/airflow/example_dags/example_python_operator.py
[2025-04-02T07:29:16.752+0000] {processor.py:925} INFO - DAG(s) 'example_python_operator' retrieved from /home/airflow/.local/lib/python3.12/site-packages/airflow/example_dags/example_python_operator.py
[2025-04-02T07:29:16.762+0000] {logging_mixin.py:190} INFO - [2025-04-02T07:29:16.761+0000] {dag.py:3239} INFO - Sync 1 DAGs
[2025-04-02T07:29:16.767+0000] {logging_mixin.py:190} INFO - [2025-04-02T07:29:16.767+0000] {dag.py:4180} INFO - Setting next_dagrun for example_python_operator to None, run_after=None
[2025-04-02T07:29:16.774+0000] {processor.py:208} INFO - Processing /home/airflow/.local/lib/python3.12/site-packages/airflow/example_dags/example_python_operator.py took 0.032 seconds
[2025-04-02T07:29:47.638+0000] {processor.py:186} INFO - Started process (PID=449) to work on /home/airflow/.local/lib/python3.12/site-packages/airflow/example_dags/example_python_operator.py
[2025-04-02T07:29:47.640+0000] {processor.py:914} INFO - Processing file /home/airflow/.local/lib/python3.12/site-packages/airflow/example_dags/example_python_operator.py for tasks to queue
[2025-04-02T07:29:47.642+0000] {logging_mixin.py:190} INFO - [2025-04-02T07:29:47.642+0000] {dagbag.py:588} INFO - Filling up the DagBag from /home/airflow/.local/lib/python3.12/site-packages/airflow/example_dags/example_python_operator.py
[2025-04-02T07:29:47.652+0000] {processor.py:925} INFO - DAG(s) 'example_python_operator' retrieved from /home/airflow/.local/lib/python3.12/site-packages/airflow/example_dags/example_python_operator.py
[2025-04-02T07:29:47.674+0000] {logging_mixin.py:190} INFO - [2025-04-02T07:29:47.674+0000] {dag.py:3239} INFO - Sync 1 DAGs
[2025-04-02T07:29:47.681+0000] {logging_mixin.py:190} INFO - [2025-04-02T07:29:47.681+0000] {dag.py:4180} INFO - Setting next_dagrun for example_python_operator to None, run_after=None
[2025-04-02T07:29:47.693+0000] {processor.py:208} INFO - Processing /home/airflow/.local/lib/python3.12/site-packages/airflow/example_dags/example_python_operator.py took 0.057 seconds
[2025-04-02T07:30:25.339+0000] {processor.py:186} INFO - Started process (PID=513) to work on /home/airflow/.local/lib/python3.12/site-packages/airflow/example_dags/example_python_operator.py
[2025-04-02T07:30:25.341+0000] {processor.py:914} INFO - Processing file /home/airflow/.local/lib/python3.12/site-packages/airflow/example_dags/example_python_operator.py for tasks to queue
[2025-04-02T07:30:25.355+0000] {logging_mixin.py:190} INFO - [2025-04-02T07:30:25.354+0000] {dagbag.py:588} INFO - Filling up the DagBag from /home/airflow/.local/lib/python3.12/site-packages/airflow/example_dags/example_python_operator.py
[2025-04-02T07:30:25.374+0000] {processor.py:925} INFO - DAG(s) 'example_python_operator' retrieved from /home/airflow/.local/lib/python3.12/site-packages/airflow/example_dags/example_python_operator.py
[2025-04-02T07:30:25.468+0000] {logging_mixin.py:190} INFO - [2025-04-02T07:30:25.468+0000] {dag.py:3239} INFO - Sync 1 DAGs
[2025-04-02T07:30:25.493+0000] {logging_mixin.py:190} INFO - [2025-04-02T07:30:25.492+0000] {dag.py:4180} INFO - Setting next_dagrun for example_python_operator to None, run_after=None
[2025-04-02T07:30:25.564+0000] {processor.py:208} INFO - Processing /home/airflow/.local/lib/python3.12/site-packages/airflow/example_dags/example_python_operator.py took 0.234 seconds
[2025-04-02T07:30:55.818+0000] {processor.py:186} INFO - Started process (PID=575) to work on /home/airflow/.local/lib/python3.12/site-packages/airflow/example_dags/example_python_operator.py
[2025-04-02T07:30:55.821+0000] {processor.py:914} INFO - Processing file /home/airflow/.local/lib/python3.12/site-packages/airflow/example_dags/example_python_operator.py for tasks to queue
[2025-04-02T07:30:55.832+0000] {logging_mixin.py:190} INFO - [2025-04-02T07:30:55.831+0000] {dagbag.py:588} INFO - Filling up the DagBag from /home/airflow/.local/lib/python3.12/site-packages/airflow/example_dags/example_python_operator.py
[2025-04-02T07:30:55.861+0000] {processor.py:925} INFO - DAG(s) 'example_python_operator' retrieved from /home/airflow/.local/lib/python3.12/site-packages/airflow/example_dags/example_python_operator.py
[2025-04-02T07:30:55.898+0000] {logging_mixin.py:190} INFO - [2025-04-02T07:30:55.897+0000] {dag.py:3239} INFO - Sync 1 DAGs
[2025-04-02T07:30:55.913+0000] {logging_mixin.py:190} INFO - [2025-04-02T07:30:55.913+0000] {dag.py:4180} INFO - Setting next_dagrun for example_python_operator to None, run_after=None
[2025-04-02T07:30:55.947+0000] {processor.py:208} INFO - Processing /home/airflow/.local/lib/python3.12/site-packages/airflow/example_dags/example_python_operator.py took 0.138 seconds
[2025-04-02T07:31:26.325+0000] {processor.py:186} INFO - Started process (PID=638) to work on /home/airflow/.local/lib/python3.12/site-packages/airflow/example_dags/example_python_operator.py
[2025-04-02T07:31:26.325+0000] {processor.py:914} INFO - Processing file /home/airflow/.local/lib/python3.12/site-packages/airflow/example_dags/example_python_operator.py for tasks to queue
[2025-04-02T07:31:26.326+0000] {logging_mixin.py:190} INFO - [2025-04-02T07:31:26.326+0000] {dagbag.py:588} INFO - Filling up the DagBag from /home/airflow/.local/lib/python3.12/site-packages/airflow/example_dags/example_python_operator.py
[2025-04-02T07:31:26.331+0000] {processor.py:925} INFO - DAG(s) 'example_python_operator' retrieved from /home/airflow/.local/lib/python3.12/site-packages/airflow/example_dags/example_python_operator.py
[2025-04-02T07:31:26.340+0000] {logging_mixin.py:190} INFO - [2025-04-02T07:31:26.340+0000] {dag.py:3239} INFO - Sync 1 DAGs
[2025-04-02T07:31:26.345+0000] {logging_mixin.py:190} INFO - [2025-04-02T07:31:26.345+0000] {dag.py:4180} INFO - Setting next_dagrun for example_python_operator to None, run_after=None
[2025-04-02T07:31:26.351+0000] {processor.py:208} INFO - Processing /home/airflow/.local/lib/python3.12/site-packages/airflow/example_dags/example_python_operator.py took 0.029 seconds
[2025-04-02T07:31:56.553+0000] {processor.py:186} INFO - Started process (PID=702) to work on /home/airflow/.local/lib/python3.12/site-packages/airflow/example_dags/example_python_operator.py
[2025-04-02T07:31:56.553+0000] {processor.py:914} INFO - Processing file /home/airflow/.local/lib/python3.12/site-packages/airflow/example_dags/example_python_operator.py for tasks to queue
[2025-04-02T07:31:56.554+0000] {logging_mixin.py:190} INFO - [2025-04-02T07:31:56.554+0000] {dagbag.py:588} INFO - Filling up the DagBag from /home/airflow/.local/lib/python3.12/site-packages/airflow/example_dags/example_python_operator.py
[2025-04-02T07:31:56.560+0000] {processor.py:925} INFO - DAG(s) 'example_python_operator' retrieved from /home/airflow/.local/lib/python3.12/site-packages/airflow/example_dags/example_python_operator.py
[2025-04-02T07:31:56.573+0000] {logging_mixin.py:190} INFO - [2025-04-02T07:31:56.573+0000] {dag.py:3239} INFO - Sync 1 DAGs
[2025-04-02T07:31:56.579+0000] {logging_mixin.py:190} INFO - [2025-04-02T07:31:56.579+0000] {dag.py:4180} INFO - Setting next_dagrun for example_python_operator to None, run_after=None
[2025-04-02T07:31:56.591+0000] {processor.py:208} INFO - Processing /home/airflow/.local/lib/python3.12/site-packages/airflow/example_dags/example_python_operator.py took 0.040 seconds
[2025-04-02T07:32:27.558+0000] {processor.py:186} INFO - Started process (PID=766) to work on /home/airflow/.local/lib/python3.12/site-packages/airflow/example_dags/example_python_operator.py
[2025-04-02T07:32:27.559+0000] {processor.py:914} INFO - Processing file /home/airflow/.local/lib/python3.12/site-packages/airflow/example_dags/example_python_operator.py for tasks to queue
[2025-04-02T07:32:27.561+0000] {logging_mixin.py:190} INFO - [2025-04-02T07:32:27.561+0000] {dagbag.py:588} INFO - Filling up the DagBag from /home/airflow/.local/lib/python3.12/site-packages/airflow/example_dags/example_python_operator.py
[2025-04-02T07:32:27.569+0000] {processor.py:925} INFO - DAG(s) 'example_python_operator' retrieved from /home/airflow/.local/lib/python3.12/site-packages/airflow/example_dags/example_python_operator.py
[2025-04-02T07:32:27.584+0000] {logging_mixin.py:190} INFO - [2025-04-02T07:32:27.584+0000] {dag.py:3239} INFO - Sync 1 DAGs
[2025-04-02T07:32:27.591+0000] {logging_mixin.py:190} INFO - [2025-04-02T07:32:27.591+0000] {dag.py:4180} INFO - Setting next_dagrun for example_python_operator to None, run_after=None
[2025-04-02T07:32:27.598+0000] {processor.py:208} INFO - Processing /home/airflow/.local/lib/python3.12/site-packages/airflow/example_dags/example_python_operator.py took 0.042 seconds
