[2025-04-02T07:25:54.855+0000] {processor.py:186} INFO - Started process (PID=70) to work on /home/airflow/.local/lib/python3.12/site-packages/airflow/example_dags/example_task_group.py
[2025-04-02T07:25:54.855+0000] {processor.py:914} INFO - Processing file /home/airflow/.local/lib/python3.12/site-packages/airflow/example_dags/example_task_group.py for tasks to queue
[2025-04-02T07:25:54.857+0000] {logging_mixin.py:190} INFO - [2025-04-02T07:25:54.856+0000] {dagbag.py:588} INFO - Filling up the DagBag from /home/airflow/.local/lib/python3.12/site-packages/airflow/example_dags/example_task_group.py
[2025-04-02T07:25:54.862+0000] {processor.py:925} INFO - DAG(s) 'example_task_group' retrieved from /home/airflow/.local/lib/python3.12/site-packages/airflow/example_dags/example_task_group.py
[2025-04-02T07:25:54.914+0000] {logging_mixin.py:190} INFO - [2025-04-02T07:25:54.913+0000] {override.py:1912} INFO - Created Permission View: can delete on DAG:example_task_group
[2025-04-02T07:25:54.920+0000] {logging_mixin.py:190} INFO - [2025-04-02T07:25:54.920+0000] {override.py:1912} INFO - Created Permission View: can read on DAG:example_task_group
[2025-04-02T07:25:54.923+0000] {logging_mixin.py:190} INFO - [2025-04-02T07:25:54.923+0000] {override.py:1912} INFO - Created Permission View: can edit on DAG:example_task_group
[2025-04-02T07:25:54.925+0000] {logging_mixin.py:190} INFO - [2025-04-02T07:25:54.925+0000] {override.py:1912} INFO - Created Permission View: can delete on DAG Run:example_task_group
[2025-04-02T07:25:54.928+0000] {logging_mixin.py:190} INFO - [2025-04-02T07:25:54.928+0000] {override.py:1912} INFO - Created Permission View: can read on DAG Run:example_task_group
[2025-04-02T07:25:54.931+0000] {logging_mixin.py:190} INFO - [2025-04-02T07:25:54.930+0000] {override.py:1912} INFO - Created Permission View: can create on DAG Run:example_task_group
[2025-04-02T07:25:54.933+0000] {logging_mixin.py:190} INFO - [2025-04-02T07:25:54.933+0000] {override.py:1912} INFO - Created Permission View: menu access on DAG Run:example_task_group
[2025-04-02T07:25:54.933+0000] {logging_mixin.py:190} INFO - [2025-04-02T07:25:54.933+0000] {dag.py:3239} INFO - Sync 1 DAGs
[2025-04-02T07:25:54.940+0000] {logging_mixin.py:190} INFO - [2025-04-02T07:25:54.940+0000] {dag.py:3262} INFO - Creating ORM DAG for example_task_group
[2025-04-02T07:25:54.940+0000] {logging_mixin.py:190} INFO - [2025-04-02T07:25:54.940+0000] {dag.py:4180} INFO - Setting next_dagrun for example_task_group to None, run_after=None
[2025-04-02T07:25:54.947+0000] {processor.py:208} INFO - Processing /home/airflow/.local/lib/python3.12/site-packages/airflow/example_dags/example_task_group.py took 0.095 seconds
[2025-04-02T07:26:41.563+0000] {processor.py:186} INFO - Started process (PID=62) to work on /home/airflow/.local/lib/python3.12/site-packages/airflow/example_dags/example_task_group.py
[2025-04-02T07:26:41.564+0000] {processor.py:914} INFO - Processing file /home/airflow/.local/lib/python3.12/site-packages/airflow/example_dags/example_task_group.py for tasks to queue
[2025-04-02T07:26:41.565+0000] {logging_mixin.py:190} INFO - [2025-04-02T07:26:41.565+0000] {dagbag.py:588} INFO - Filling up the DagBag from /home/airflow/.local/lib/python3.12/site-packages/airflow/example_dags/example_task_group.py
[2025-04-02T07:26:41.573+0000] {processor.py:925} INFO - DAG(s) 'example_task_group' retrieved from /home/airflow/.local/lib/python3.12/site-packages/airflow/example_dags/example_task_group.py
[2025-04-02T07:26:41.593+0000] {logging_mixin.py:190} INFO - [2025-04-02T07:26:41.593+0000] {dag.py:3239} INFO - Sync 1 DAGs
[2025-04-02T07:26:41.604+0000] {logging_mixin.py:190} INFO - [2025-04-02T07:26:41.604+0000] {dag.py:4180} INFO - Setting next_dagrun for example_task_group to None, run_after=None
[2025-04-02T07:26:41.615+0000] {processor.py:208} INFO - Processing /home/airflow/.local/lib/python3.12/site-packages/airflow/example_dags/example_task_group.py took 0.056 seconds
[2025-04-02T07:27:12.452+0000] {processor.py:186} INFO - Started process (PID=125) to work on /home/airflow/.local/lib/python3.12/site-packages/airflow/example_dags/example_task_group.py
[2025-04-02T07:27:12.453+0000] {processor.py:914} INFO - Processing file /home/airflow/.local/lib/python3.12/site-packages/airflow/example_dags/example_task_group.py for tasks to queue
[2025-04-02T07:27:12.457+0000] {logging_mixin.py:190} INFO - [2025-04-02T07:27:12.457+0000] {dagbag.py:588} INFO - Filling up the DagBag from /home/airflow/.local/lib/python3.12/site-packages/airflow/example_dags/example_task_group.py
[2025-04-02T07:27:12.464+0000] {processor.py:925} INFO - DAG(s) 'example_task_group' retrieved from /home/airflow/.local/lib/python3.12/site-packages/airflow/example_dags/example_task_group.py
[2025-04-02T07:27:12.476+0000] {logging_mixin.py:190} INFO - [2025-04-02T07:27:12.475+0000] {dag.py:3239} INFO - Sync 1 DAGs
[2025-04-02T07:27:12.482+0000] {logging_mixin.py:190} INFO - [2025-04-02T07:27:12.482+0000] {dag.py:4180} INFO - Setting next_dagrun for example_task_group to None, run_after=None
[2025-04-02T07:27:12.489+0000] {processor.py:208} INFO - Processing /home/airflow/.local/lib/python3.12/site-packages/airflow/example_dags/example_task_group.py took 0.040 seconds
[2025-04-02T07:27:43.022+0000] {processor.py:186} INFO - Started process (PID=188) to work on /home/airflow/.local/lib/python3.12/site-packages/airflow/example_dags/example_task_group.py
[2025-04-02T07:27:43.023+0000] {processor.py:914} INFO - Processing file /home/airflow/.local/lib/python3.12/site-packages/airflow/example_dags/example_task_group.py for tasks to queue
[2025-04-02T07:27:43.024+0000] {logging_mixin.py:190} INFO - [2025-04-02T07:27:43.024+0000] {dagbag.py:588} INFO - Filling up the DagBag from /home/airflow/.local/lib/python3.12/site-packages/airflow/example_dags/example_task_group.py
[2025-04-02T07:27:43.028+0000] {processor.py:925} INFO - DAG(s) 'example_task_group' retrieved from /home/airflow/.local/lib/python3.12/site-packages/airflow/example_dags/example_task_group.py
[2025-04-02T07:27:43.037+0000] {logging_mixin.py:190} INFO - [2025-04-02T07:27:43.037+0000] {dag.py:3239} INFO - Sync 1 DAGs
[2025-04-02T07:27:43.043+0000] {logging_mixin.py:190} INFO - [2025-04-02T07:27:43.043+0000] {dag.py:4180} INFO - Setting next_dagrun for example_task_group to None, run_after=None
[2025-04-02T07:27:43.050+0000] {processor.py:208} INFO - Processing /home/airflow/.local/lib/python3.12/site-packages/airflow/example_dags/example_task_group.py took 0.031 seconds
[2025-04-02T07:28:13.908+0000] {processor.py:186} INFO - Started process (PID=250) to work on /home/airflow/.local/lib/python3.12/site-packages/airflow/example_dags/example_task_group.py
[2025-04-02T07:28:13.908+0000] {processor.py:914} INFO - Processing file /home/airflow/.local/lib/python3.12/site-packages/airflow/example_dags/example_task_group.py for tasks to queue
[2025-04-02T07:28:13.909+0000] {logging_mixin.py:190} INFO - [2025-04-02T07:28:13.909+0000] {dagbag.py:588} INFO - Filling up the DagBag from /home/airflow/.local/lib/python3.12/site-packages/airflow/example_dags/example_task_group.py
[2025-04-02T07:28:13.913+0000] {processor.py:925} INFO - DAG(s) 'example_task_group' retrieved from /home/airflow/.local/lib/python3.12/site-packages/airflow/example_dags/example_task_group.py
[2025-04-02T07:28:13.923+0000] {logging_mixin.py:190} INFO - [2025-04-02T07:28:13.922+0000] {dag.py:3239} INFO - Sync 1 DAGs
[2025-04-02T07:28:13.929+0000] {logging_mixin.py:190} INFO - [2025-04-02T07:28:13.928+0000] {dag.py:4180} INFO - Setting next_dagrun for example_task_group to None, run_after=None
[2025-04-02T07:28:13.936+0000] {processor.py:208} INFO - Processing /home/airflow/.local/lib/python3.12/site-packages/airflow/example_dags/example_task_group.py took 0.031 seconds
[2025-04-02T07:28:45.504+0000] {processor.py:186} INFO - Started process (PID=313) to work on /home/airflow/.local/lib/python3.12/site-packages/airflow/example_dags/example_task_group.py
[2025-04-02T07:28:45.505+0000] {processor.py:914} INFO - Processing file /home/airflow/.local/lib/python3.12/site-packages/airflow/example_dags/example_task_group.py for tasks to queue
[2025-04-02T07:28:45.506+0000] {logging_mixin.py:190} INFO - [2025-04-02T07:28:45.506+0000] {dagbag.py:588} INFO - Filling up the DagBag from /home/airflow/.local/lib/python3.12/site-packages/airflow/example_dags/example_task_group.py
[2025-04-02T07:28:45.512+0000] {processor.py:925} INFO - DAG(s) 'example_task_group' retrieved from /home/airflow/.local/lib/python3.12/site-packages/airflow/example_dags/example_task_group.py
[2025-04-02T07:28:45.521+0000] {logging_mixin.py:190} INFO - [2025-04-02T07:28:45.521+0000] {dag.py:3239} INFO - Sync 1 DAGs
[2025-04-02T07:28:45.527+0000] {logging_mixin.py:190} INFO - [2025-04-02T07:28:45.527+0000] {dag.py:4180} INFO - Setting next_dagrun for example_task_group to None, run_after=None
[2025-04-02T07:28:45.534+0000] {processor.py:208} INFO - Processing /home/airflow/.local/lib/python3.12/site-packages/airflow/example_dags/example_task_group.py took 0.032 seconds
[2025-04-02T07:29:16.330+0000] {processor.py:186} INFO - Started process (PID=376) to work on /home/airflow/.local/lib/python3.12/site-packages/airflow/example_dags/example_task_group.py
[2025-04-02T07:29:16.330+0000] {processor.py:914} INFO - Processing file /home/airflow/.local/lib/python3.12/site-packages/airflow/example_dags/example_task_group.py for tasks to queue
[2025-04-02T07:29:16.332+0000] {logging_mixin.py:190} INFO - [2025-04-02T07:29:16.331+0000] {dagbag.py:588} INFO - Filling up the DagBag from /home/airflow/.local/lib/python3.12/site-packages/airflow/example_dags/example_task_group.py
[2025-04-02T07:29:16.336+0000] {processor.py:925} INFO - DAG(s) 'example_task_group' retrieved from /home/airflow/.local/lib/python3.12/site-packages/airflow/example_dags/example_task_group.py
[2025-04-02T07:29:16.347+0000] {logging_mixin.py:190} INFO - [2025-04-02T07:29:16.347+0000] {dag.py:3239} INFO - Sync 1 DAGs
[2025-04-02T07:29:16.353+0000] {logging_mixin.py:190} INFO - [2025-04-02T07:29:16.353+0000] {dag.py:4180} INFO - Setting next_dagrun for example_task_group to None, run_after=None
[2025-04-02T07:29:16.362+0000] {processor.py:208} INFO - Processing /home/airflow/.local/lib/python3.12/site-packages/airflow/example_dags/example_task_group.py took 0.035 seconds
[2025-04-02T07:29:47.281+0000] {processor.py:186} INFO - Started process (PID=439) to work on /home/airflow/.local/lib/python3.12/site-packages/airflow/example_dags/example_task_group.py
[2025-04-02T07:29:47.283+0000] {processor.py:914} INFO - Processing file /home/airflow/.local/lib/python3.12/site-packages/airflow/example_dags/example_task_group.py for tasks to queue
[2025-04-02T07:29:47.287+0000] {logging_mixin.py:190} INFO - [2025-04-02T07:29:47.287+0000] {dagbag.py:588} INFO - Filling up the DagBag from /home/airflow/.local/lib/python3.12/site-packages/airflow/example_dags/example_task_group.py
[2025-04-02T07:29:47.292+0000] {processor.py:925} INFO - DAG(s) 'example_task_group' retrieved from /home/airflow/.local/lib/python3.12/site-packages/airflow/example_dags/example_task_group.py
[2025-04-02T07:29:47.310+0000] {logging_mixin.py:190} INFO - [2025-04-02T07:29:47.310+0000] {dag.py:3239} INFO - Sync 1 DAGs
[2025-04-02T07:29:47.317+0000] {logging_mixin.py:190} INFO - [2025-04-02T07:29:47.317+0000] {dag.py:4180} INFO - Setting next_dagrun for example_task_group to None, run_after=None
[2025-04-02T07:29:47.332+0000] {processor.py:208} INFO - Processing /home/airflow/.local/lib/python3.12/site-packages/airflow/example_dags/example_task_group.py took 0.054 seconds
[2025-04-02T07:30:22.993+0000] {processor.py:186} INFO - Started process (PID=503) to work on /home/airflow/.local/lib/python3.12/site-packages/airflow/example_dags/example_task_group.py
[2025-04-02T07:30:23.008+0000] {processor.py:914} INFO - Processing file /home/airflow/.local/lib/python3.12/site-packages/airflow/example_dags/example_task_group.py for tasks to queue
[2025-04-02T07:30:23.067+0000] {logging_mixin.py:190} INFO - [2025-04-02T07:30:23.049+0000] {dagbag.py:588} INFO - Filling up the DagBag from /home/airflow/.local/lib/python3.12/site-packages/airflow/example_dags/example_task_group.py
[2025-04-02T07:30:23.210+0000] {processor.py:925} INFO - DAG(s) 'example_task_group' retrieved from /home/airflow/.local/lib/python3.12/site-packages/airflow/example_dags/example_task_group.py
[2025-04-02T07:30:23.392+0000] {logging_mixin.py:190} INFO - [2025-04-02T07:30:23.390+0000] {dag.py:3239} INFO - Sync 1 DAGs
[2025-04-02T07:30:23.559+0000] {logging_mixin.py:190} INFO - [2025-04-02T07:30:23.559+0000] {dag.py:4180} INFO - Setting next_dagrun for example_task_group to None, run_after=None
[2025-04-02T07:30:23.725+0000] {processor.py:208} INFO - Processing /home/airflow/.local/lib/python3.12/site-packages/airflow/example_dags/example_task_group.py took 0.767 seconds
[2025-04-02T07:30:54.691+0000] {processor.py:186} INFO - Started process (PID=566) to work on /home/airflow/.local/lib/python3.12/site-packages/airflow/example_dags/example_task_group.py
[2025-04-02T07:30:54.694+0000] {processor.py:914} INFO - Processing file /home/airflow/.local/lib/python3.12/site-packages/airflow/example_dags/example_task_group.py for tasks to queue
[2025-04-02T07:30:54.696+0000] {logging_mixin.py:190} INFO - [2025-04-02T07:30:54.696+0000] {dagbag.py:588} INFO - Filling up the DagBag from /home/airflow/.local/lib/python3.12/site-packages/airflow/example_dags/example_task_group.py
[2025-04-02T07:30:54.708+0000] {processor.py:925} INFO - DAG(s) 'example_task_group' retrieved from /home/airflow/.local/lib/python3.12/site-packages/airflow/example_dags/example_task_group.py
[2025-04-02T07:30:54.744+0000] {logging_mixin.py:190} INFO - [2025-04-02T07:30:54.744+0000] {dag.py:3239} INFO - Sync 1 DAGs
[2025-04-02T07:30:54.770+0000] {logging_mixin.py:190} INFO - [2025-04-02T07:30:54.769+0000] {dag.py:4180} INFO - Setting next_dagrun for example_task_group to None, run_after=None
[2025-04-02T07:30:54.810+0000] {processor.py:208} INFO - Processing /home/airflow/.local/lib/python3.12/site-packages/airflow/example_dags/example_task_group.py took 0.131 seconds
[2025-04-02T07:31:25.065+0000] {processor.py:186} INFO - Started process (PID=629) to work on /home/airflow/.local/lib/python3.12/site-packages/airflow/example_dags/example_task_group.py
[2025-04-02T07:31:25.066+0000] {processor.py:914} INFO - Processing file /home/airflow/.local/lib/python3.12/site-packages/airflow/example_dags/example_task_group.py for tasks to queue
[2025-04-02T07:31:25.069+0000] {logging_mixin.py:190} INFO - [2025-04-02T07:31:25.069+0000] {dagbag.py:588} INFO - Filling up the DagBag from /home/airflow/.local/lib/python3.12/site-packages/airflow/example_dags/example_task_group.py
[2025-04-02T07:31:25.074+0000] {processor.py:925} INFO - DAG(s) 'example_task_group' retrieved from /home/airflow/.local/lib/python3.12/site-packages/airflow/example_dags/example_task_group.py
[2025-04-02T07:31:25.084+0000] {logging_mixin.py:190} INFO - [2025-04-02T07:31:25.084+0000] {dag.py:3239} INFO - Sync 1 DAGs
[2025-04-02T07:31:25.093+0000] {logging_mixin.py:190} INFO - [2025-04-02T07:31:25.093+0000] {dag.py:4180} INFO - Setting next_dagrun for example_task_group to None, run_after=None
[2025-04-02T07:31:25.101+0000] {processor.py:208} INFO - Processing /home/airflow/.local/lib/python3.12/site-packages/airflow/example_dags/example_task_group.py took 0.038 seconds
[2025-04-02T07:31:56.280+0000] {processor.py:186} INFO - Started process (PID=693) to work on /home/airflow/.local/lib/python3.12/site-packages/airflow/example_dags/example_task_group.py
[2025-04-02T07:31:56.281+0000] {processor.py:914} INFO - Processing file /home/airflow/.local/lib/python3.12/site-packages/airflow/example_dags/example_task_group.py for tasks to queue
[2025-04-02T07:31:56.285+0000] {logging_mixin.py:190} INFO - [2025-04-02T07:31:56.285+0000] {dagbag.py:588} INFO - Filling up the DagBag from /home/airflow/.local/lib/python3.12/site-packages/airflow/example_dags/example_task_group.py
[2025-04-02T07:31:56.289+0000] {processor.py:925} INFO - DAG(s) 'example_task_group' retrieved from /home/airflow/.local/lib/python3.12/site-packages/airflow/example_dags/example_task_group.py
[2025-04-02T07:31:56.301+0000] {logging_mixin.py:190} INFO - [2025-04-02T07:31:56.301+0000] {dag.py:3239} INFO - Sync 1 DAGs
[2025-04-02T07:31:56.310+0000] {logging_mixin.py:190} INFO - [2025-04-02T07:31:56.310+0000] {dag.py:4180} INFO - Setting next_dagrun for example_task_group to None, run_after=None
[2025-04-02T07:31:56.317+0000] {processor.py:208} INFO - Processing /home/airflow/.local/lib/python3.12/site-packages/airflow/example_dags/example_task_group.py took 0.040 seconds
[2025-04-02T07:32:27.305+0000] {processor.py:186} INFO - Started process (PID=757) to work on /home/airflow/.local/lib/python3.12/site-packages/airflow/example_dags/example_task_group.py
[2025-04-02T07:32:27.305+0000] {processor.py:914} INFO - Processing file /home/airflow/.local/lib/python3.12/site-packages/airflow/example_dags/example_task_group.py for tasks to queue
[2025-04-02T07:32:27.306+0000] {logging_mixin.py:190} INFO - [2025-04-02T07:32:27.306+0000] {dagbag.py:588} INFO - Filling up the DagBag from /home/airflow/.local/lib/python3.12/site-packages/airflow/example_dags/example_task_group.py
[2025-04-02T07:32:27.310+0000] {processor.py:925} INFO - DAG(s) 'example_task_group' retrieved from /home/airflow/.local/lib/python3.12/site-packages/airflow/example_dags/example_task_group.py
[2025-04-02T07:32:27.325+0000] {logging_mixin.py:190} INFO - [2025-04-02T07:32:27.324+0000] {dag.py:3239} INFO - Sync 1 DAGs
[2025-04-02T07:32:27.330+0000] {logging_mixin.py:190} INFO - [2025-04-02T07:32:27.330+0000] {dag.py:4180} INFO - Setting next_dagrun for example_task_group to None, run_after=None
[2025-04-02T07:32:27.340+0000] {processor.py:208} INFO - Processing /home/airflow/.local/lib/python3.12/site-packages/airflow/example_dags/example_task_group.py took 0.038 seconds
