[2025-04-02T07:25:57.124+0000] {processor.py:186} INFO - Started process (PID=92) to work on /home/airflow/.local/lib/python3.12/site-packages/airflow/example_dags/example_sensors.py
[2025-04-02T07:25:57.124+0000] {processor.py:914} INFO - Processing file /home/airflow/.local/lib/python3.12/site-packages/airflow/example_dags/example_sensors.py for tasks to queue
[2025-04-02T07:25:57.125+0000] {logging_mixin.py:190} INFO - [2025-04-02T07:25:57.125+0000] {dagbag.py:588} INFO - Filling up the DagBag from /home/airflow/.local/lib/python3.12/site-packages/airflow/example_dags/example_sensors.py
[2025-04-02T07:25:57.131+0000] {processor.py:925} INFO - DAG(s) 'example_sensors' retrieved from /home/airflow/.local/lib/python3.12/site-packages/airflow/example_dags/example_sensors.py
[2025-04-02T07:25:57.175+0000] {logging_mixin.py:190} INFO - [2025-04-02T07:25:57.175+0000] {override.py:1912} INFO - Created Permission View: can delete on DAG:example_sensors
[2025-04-02T07:25:57.178+0000] {logging_mixin.py:190} INFO - [2025-04-02T07:25:57.178+0000] {override.py:1912} INFO - Created Permission View: can read on DAG:example_sensors
[2025-04-02T07:25:57.180+0000] {logging_mixin.py:190} INFO - [2025-04-02T07:25:57.180+0000] {override.py:1912} INFO - Created Permission View: can edit on DAG:example_sensors
[2025-04-02T07:25:57.182+0000] {logging_mixin.py:190} INFO - [2025-04-02T07:25:57.182+0000] {override.py:1912} INFO - Created Permission View: can delete on DAG Run:example_sensors
[2025-04-02T07:25:57.184+0000] {logging_mixin.py:190} INFO - [2025-04-02T07:25:57.184+0000] {override.py:1912} INFO - Created Permission View: can read on DAG Run:example_sensors
[2025-04-02T07:25:57.186+0000] {logging_mixin.py:190} INFO - [2025-04-02T07:25:57.186+0000] {override.py:1912} INFO - Created Permission View: can create on DAG Run:example_sensors
[2025-04-02T07:25:57.188+0000] {logging_mixin.py:190} INFO - [2025-04-02T07:25:57.188+0000] {override.py:1912} INFO - Created Permission View: menu access on DAG Run:example_sensors
[2025-04-02T07:25:57.188+0000] {logging_mixin.py:190} INFO - [2025-04-02T07:25:57.188+0000] {dag.py:3239} INFO - Sync 1 DAGs
[2025-04-02T07:25:57.193+0000] {logging_mixin.py:190} INFO - [2025-04-02T07:25:57.192+0000] {dag.py:3262} INFO - Creating ORM DAG for example_sensors
[2025-04-02T07:25:57.193+0000] {logging_mixin.py:190} INFO - [2025-04-02T07:25:57.193+0000] {dag.py:4180} INFO - Setting next_dagrun for example_sensors to None, run_after=None
[2025-04-02T07:25:57.198+0000] {processor.py:208} INFO - Processing /home/airflow/.local/lib/python3.12/site-packages/airflow/example_dags/example_sensors.py took 0.077 seconds
[2025-04-02T07:26:43.241+0000] {processor.py:186} INFO - Started process (PID=84) to work on /home/airflow/.local/lib/python3.12/site-packages/airflow/example_dags/example_sensors.py
[2025-04-02T07:26:43.242+0000] {processor.py:914} INFO - Processing file /home/airflow/.local/lib/python3.12/site-packages/airflow/example_dags/example_sensors.py for tasks to queue
[2025-04-02T07:26:43.244+0000] {logging_mixin.py:190} INFO - [2025-04-02T07:26:43.243+0000] {dagbag.py:588} INFO - Filling up the DagBag from /home/airflow/.local/lib/python3.12/site-packages/airflow/example_dags/example_sensors.py
[2025-04-02T07:26:43.255+0000] {processor.py:925} INFO - DAG(s) 'example_sensors' retrieved from /home/airflow/.local/lib/python3.12/site-packages/airflow/example_dags/example_sensors.py
[2025-04-02T07:26:43.280+0000] {logging_mixin.py:190} INFO - [2025-04-02T07:26:43.280+0000] {dag.py:3239} INFO - Sync 1 DAGs
[2025-04-02T07:26:43.300+0000] {logging_mixin.py:190} INFO - [2025-04-02T07:26:43.300+0000] {dag.py:4180} INFO - Setting next_dagrun for example_sensors to None, run_after=None
[2025-04-02T07:26:43.308+0000] {processor.py:208} INFO - Processing /home/airflow/.local/lib/python3.12/site-packages/airflow/example_dags/example_sensors.py took 0.071 seconds
[2025-04-02T07:27:14.063+0000] {processor.py:186} INFO - Started process (PID=147) to work on /home/airflow/.local/lib/python3.12/site-packages/airflow/example_dags/example_sensors.py
[2025-04-02T07:27:14.064+0000] {processor.py:914} INFO - Processing file /home/airflow/.local/lib/python3.12/site-packages/airflow/example_dags/example_sensors.py for tasks to queue
[2025-04-02T07:27:14.064+0000] {logging_mixin.py:190} INFO - [2025-04-02T07:27:14.064+0000] {dagbag.py:588} INFO - Filling up the DagBag from /home/airflow/.local/lib/python3.12/site-packages/airflow/example_dags/example_sensors.py
[2025-04-02T07:27:14.069+0000] {processor.py:925} INFO - DAG(s) 'example_sensors' retrieved from /home/airflow/.local/lib/python3.12/site-packages/airflow/example_dags/example_sensors.py
[2025-04-02T07:27:14.080+0000] {logging_mixin.py:190} INFO - [2025-04-02T07:27:14.080+0000] {dag.py:3239} INFO - Sync 1 DAGs
[2025-04-02T07:27:14.085+0000] {logging_mixin.py:190} INFO - [2025-04-02T07:27:14.085+0000] {dag.py:4180} INFO - Setting next_dagrun for example_sensors to None, run_after=None
[2025-04-02T07:27:14.092+0000] {processor.py:208} INFO - Processing /home/airflow/.local/lib/python3.12/site-packages/airflow/example_dags/example_sensors.py took 0.031 seconds
[2025-04-02T07:27:44.833+0000] {processor.py:186} INFO - Started process (PID=210) to work on /home/airflow/.local/lib/python3.12/site-packages/airflow/example_dags/example_sensors.py
[2025-04-02T07:27:44.834+0000] {processor.py:914} INFO - Processing file /home/airflow/.local/lib/python3.12/site-packages/airflow/example_dags/example_sensors.py for tasks to queue
[2025-04-02T07:27:44.835+0000] {logging_mixin.py:190} INFO - [2025-04-02T07:27:44.835+0000] {dagbag.py:588} INFO - Filling up the DagBag from /home/airflow/.local/lib/python3.12/site-packages/airflow/example_dags/example_sensors.py
[2025-04-02T07:27:44.841+0000] {processor.py:925} INFO - DAG(s) 'example_sensors' retrieved from /home/airflow/.local/lib/python3.12/site-packages/airflow/example_dags/example_sensors.py
[2025-04-02T07:27:44.857+0000] {logging_mixin.py:190} INFO - [2025-04-02T07:27:44.856+0000] {dag.py:3239} INFO - Sync 1 DAGs
[2025-04-02T07:27:44.864+0000] {logging_mixin.py:190} INFO - [2025-04-02T07:27:44.864+0000] {dag.py:4180} INFO - Setting next_dagrun for example_sensors to None, run_after=None
[2025-04-02T07:27:44.876+0000] {processor.py:208} INFO - Processing /home/airflow/.local/lib/python3.12/site-packages/airflow/example_dags/example_sensors.py took 0.046 seconds
[2025-04-02T07:28:15.649+0000] {processor.py:186} INFO - Started process (PID=272) to work on /home/airflow/.local/lib/python3.12/site-packages/airflow/example_dags/example_sensors.py
[2025-04-02T07:28:15.652+0000] {processor.py:914} INFO - Processing file /home/airflow/.local/lib/python3.12/site-packages/airflow/example_dags/example_sensors.py for tasks to queue
[2025-04-02T07:28:15.653+0000] {logging_mixin.py:190} INFO - [2025-04-02T07:28:15.653+0000] {dagbag.py:588} INFO - Filling up the DagBag from /home/airflow/.local/lib/python3.12/site-packages/airflow/example_dags/example_sensors.py
[2025-04-02T07:28:15.658+0000] {processor.py:925} INFO - DAG(s) 'example_sensors' retrieved from /home/airflow/.local/lib/python3.12/site-packages/airflow/example_dags/example_sensors.py
[2025-04-02T07:28:15.669+0000] {logging_mixin.py:190} INFO - [2025-04-02T07:28:15.668+0000] {dag.py:3239} INFO - Sync 1 DAGs
[2025-04-02T07:28:15.674+0000] {logging_mixin.py:190} INFO - [2025-04-02T07:28:15.674+0000] {dag.py:4180} INFO - Setting next_dagrun for example_sensors to None, run_after=None
[2025-04-02T07:28:15.684+0000] {processor.py:208} INFO - Processing /home/airflow/.local/lib/python3.12/site-packages/airflow/example_dags/example_sensors.py took 0.038 seconds
[2025-04-02T07:28:46.159+0000] {processor.py:186} INFO - Started process (PID=335) to work on /home/airflow/.local/lib/python3.12/site-packages/airflow/example_dags/example_sensors.py
[2025-04-02T07:28:46.160+0000] {processor.py:914} INFO - Processing file /home/airflow/.local/lib/python3.12/site-packages/airflow/example_dags/example_sensors.py for tasks to queue
[2025-04-02T07:28:46.161+0000] {logging_mixin.py:190} INFO - [2025-04-02T07:28:46.161+0000] {dagbag.py:588} INFO - Filling up the DagBag from /home/airflow/.local/lib/python3.12/site-packages/airflow/example_dags/example_sensors.py
[2025-04-02T07:28:46.166+0000] {processor.py:925} INFO - DAG(s) 'example_sensors' retrieved from /home/airflow/.local/lib/python3.12/site-packages/airflow/example_dags/example_sensors.py
[2025-04-02T07:28:46.178+0000] {logging_mixin.py:190} INFO - [2025-04-02T07:28:46.178+0000] {dag.py:3239} INFO - Sync 1 DAGs
[2025-04-02T07:28:46.185+0000] {logging_mixin.py:190} INFO - [2025-04-02T07:28:46.185+0000] {dag.py:4180} INFO - Setting next_dagrun for example_sensors to None, run_after=None
[2025-04-02T07:28:46.195+0000] {processor.py:208} INFO - Processing /home/airflow/.local/lib/python3.12/site-packages/airflow/example_dags/example_sensors.py took 0.039 seconds
[2025-04-02T07:29:17.128+0000] {processor.py:186} INFO - Started process (PID=398) to work on /home/airflow/.local/lib/python3.12/site-packages/airflow/example_dags/example_sensors.py
[2025-04-02T07:29:17.128+0000] {processor.py:914} INFO - Processing file /home/airflow/.local/lib/python3.12/site-packages/airflow/example_dags/example_sensors.py for tasks to queue
[2025-04-02T07:29:17.129+0000] {logging_mixin.py:190} INFO - [2025-04-02T07:29:17.129+0000] {dagbag.py:588} INFO - Filling up the DagBag from /home/airflow/.local/lib/python3.12/site-packages/airflow/example_dags/example_sensors.py
[2025-04-02T07:29:17.134+0000] {processor.py:925} INFO - DAG(s) 'example_sensors' retrieved from /home/airflow/.local/lib/python3.12/site-packages/airflow/example_dags/example_sensors.py
[2025-04-02T07:29:17.146+0000] {logging_mixin.py:190} INFO - [2025-04-02T07:29:17.146+0000] {dag.py:3239} INFO - Sync 1 DAGs
[2025-04-02T07:29:17.153+0000] {logging_mixin.py:190} INFO - [2025-04-02T07:29:17.152+0000] {dag.py:4180} INFO - Setting next_dagrun for example_sensors to None, run_after=None
[2025-04-02T07:29:17.161+0000] {processor.py:208} INFO - Processing /home/airflow/.local/lib/python3.12/site-packages/airflow/example_dags/example_sensors.py took 0.036 seconds
[2025-04-02T07:29:48.295+0000] {processor.py:186} INFO - Started process (PID=461) to work on /home/airflow/.local/lib/python3.12/site-packages/airflow/example_dags/example_sensors.py
[2025-04-02T07:29:48.296+0000] {processor.py:914} INFO - Processing file /home/airflow/.local/lib/python3.12/site-packages/airflow/example_dags/example_sensors.py for tasks to queue
[2025-04-02T07:29:48.297+0000] {logging_mixin.py:190} INFO - [2025-04-02T07:29:48.297+0000] {dagbag.py:588} INFO - Filling up the DagBag from /home/airflow/.local/lib/python3.12/site-packages/airflow/example_dags/example_sensors.py
[2025-04-02T07:29:48.304+0000] {processor.py:925} INFO - DAG(s) 'example_sensors' retrieved from /home/airflow/.local/lib/python3.12/site-packages/airflow/example_dags/example_sensors.py
[2025-04-02T07:29:48.323+0000] {logging_mixin.py:190} INFO - [2025-04-02T07:29:48.323+0000] {dag.py:3239} INFO - Sync 1 DAGs
[2025-04-02T07:29:48.333+0000] {logging_mixin.py:190} INFO - [2025-04-02T07:29:48.332+0000] {dag.py:4180} INFO - Setting next_dagrun for example_sensors to None, run_after=None
[2025-04-02T07:29:48.344+0000] {processor.py:208} INFO - Processing /home/airflow/.local/lib/python3.12/site-packages/airflow/example_dags/example_sensors.py took 0.052 seconds
[2025-04-02T07:30:27.754+0000] {processor.py:186} INFO - Started process (PID=525) to work on /home/airflow/.local/lib/python3.12/site-packages/airflow/example_dags/example_sensors.py
[2025-04-02T07:30:27.758+0000] {processor.py:914} INFO - Processing file /home/airflow/.local/lib/python3.12/site-packages/airflow/example_dags/example_sensors.py for tasks to queue
[2025-04-02T07:30:27.761+0000] {logging_mixin.py:190} INFO - [2025-04-02T07:30:27.760+0000] {dagbag.py:588} INFO - Filling up the DagBag from /home/airflow/.local/lib/python3.12/site-packages/airflow/example_dags/example_sensors.py
[2025-04-02T07:30:27.776+0000] {processor.py:925} INFO - DAG(s) 'example_sensors' retrieved from /home/airflow/.local/lib/python3.12/site-packages/airflow/example_dags/example_sensors.py
[2025-04-02T07:30:27.869+0000] {logging_mixin.py:190} INFO - [2025-04-02T07:30:27.868+0000] {dag.py:3239} INFO - Sync 1 DAGs
[2025-04-02T07:30:27.888+0000] {logging_mixin.py:190} INFO - [2025-04-02T07:30:27.887+0000] {dag.py:4180} INFO - Setting next_dagrun for example_sensors to None, run_after=None
[2025-04-02T07:30:27.955+0000] {processor.py:208} INFO - Processing /home/airflow/.local/lib/python3.12/site-packages/airflow/example_dags/example_sensors.py took 0.213 seconds
[2025-04-02T07:30:59.244+0000] {processor.py:186} INFO - Started process (PID=588) to work on /home/airflow/.local/lib/python3.12/site-packages/airflow/example_dags/example_sensors.py
[2025-04-02T07:30:59.247+0000] {processor.py:914} INFO - Processing file /home/airflow/.local/lib/python3.12/site-packages/airflow/example_dags/example_sensors.py for tasks to queue
[2025-04-02T07:30:59.252+0000] {logging_mixin.py:190} INFO - [2025-04-02T07:30:59.251+0000] {dagbag.py:588} INFO - Filling up the DagBag from /home/airflow/.local/lib/python3.12/site-packages/airflow/example_dags/example_sensors.py
[2025-04-02T07:30:59.270+0000] {processor.py:925} INFO - DAG(s) 'example_sensors' retrieved from /home/airflow/.local/lib/python3.12/site-packages/airflow/example_dags/example_sensors.py
[2025-04-02T07:30:59.396+0000] {logging_mixin.py:190} INFO - [2025-04-02T07:30:59.396+0000] {dag.py:3239} INFO - Sync 1 DAGs
[2025-04-02T07:30:59.425+0000] {logging_mixin.py:190} INFO - [2025-04-02T07:30:59.424+0000] {dag.py:4180} INFO - Setting next_dagrun for example_sensors to None, run_after=None
[2025-04-02T07:30:59.507+0000] {processor.py:208} INFO - Processing /home/airflow/.local/lib/python3.12/site-packages/airflow/example_dags/example_sensors.py took 0.280 seconds
[2025-04-02T07:31:29.778+0000] {processor.py:186} INFO - Started process (PID=651) to work on /home/airflow/.local/lib/python3.12/site-packages/airflow/example_dags/example_sensors.py
[2025-04-02T07:31:29.778+0000] {processor.py:914} INFO - Processing file /home/airflow/.local/lib/python3.12/site-packages/airflow/example_dags/example_sensors.py for tasks to queue
[2025-04-02T07:31:29.779+0000] {logging_mixin.py:190} INFO - [2025-04-02T07:31:29.779+0000] {dagbag.py:588} INFO - Filling up the DagBag from /home/airflow/.local/lib/python3.12/site-packages/airflow/example_dags/example_sensors.py
[2025-04-02T07:31:29.784+0000] {processor.py:925} INFO - DAG(s) 'example_sensors' retrieved from /home/airflow/.local/lib/python3.12/site-packages/airflow/example_dags/example_sensors.py
[2025-04-02T07:31:29.797+0000] {logging_mixin.py:190} INFO - [2025-04-02T07:31:29.797+0000] {dag.py:3239} INFO - Sync 1 DAGs
[2025-04-02T07:31:29.803+0000] {logging_mixin.py:190} INFO - [2025-04-02T07:31:29.803+0000] {dag.py:4180} INFO - Setting next_dagrun for example_sensors to None, run_after=None
[2025-04-02T07:31:29.810+0000] {processor.py:208} INFO - Processing /home/airflow/.local/lib/python3.12/site-packages/airflow/example_dags/example_sensors.py took 0.036 seconds
[2025-04-02T07:32:00.029+0000] {processor.py:186} INFO - Started process (PID=715) to work on /home/airflow/.local/lib/python3.12/site-packages/airflow/example_dags/example_sensors.py
[2025-04-02T07:32:00.030+0000] {processor.py:914} INFO - Processing file /home/airflow/.local/lib/python3.12/site-packages/airflow/example_dags/example_sensors.py for tasks to queue
[2025-04-02T07:32:00.031+0000] {logging_mixin.py:190} INFO - [2025-04-02T07:32:00.030+0000] {dagbag.py:588} INFO - Filling up the DagBag from /home/airflow/.local/lib/python3.12/site-packages/airflow/example_dags/example_sensors.py
[2025-04-02T07:32:00.036+0000] {processor.py:925} INFO - DAG(s) 'example_sensors' retrieved from /home/airflow/.local/lib/python3.12/site-packages/airflow/example_dags/example_sensors.py
[2025-04-02T07:32:00.051+0000] {logging_mixin.py:190} INFO - [2025-04-02T07:32:00.051+0000] {dag.py:3239} INFO - Sync 1 DAGs
[2025-04-02T07:32:00.059+0000] {logging_mixin.py:190} INFO - [2025-04-02T07:32:00.059+0000] {dag.py:4180} INFO - Setting next_dagrun for example_sensors to None, run_after=None
[2025-04-02T07:32:00.069+0000] {processor.py:208} INFO - Processing /home/airflow/.local/lib/python3.12/site-packages/airflow/example_dags/example_sensors.py took 0.043 seconds
[2025-04-02T07:32:31.196+0000] {processor.py:186} INFO - Started process (PID=779) to work on /home/airflow/.local/lib/python3.12/site-packages/airflow/example_dags/example_sensors.py
[2025-04-02T07:32:31.196+0000] {processor.py:914} INFO - Processing file /home/airflow/.local/lib/python3.12/site-packages/airflow/example_dags/example_sensors.py for tasks to queue
[2025-04-02T07:32:31.198+0000] {logging_mixin.py:190} INFO - [2025-04-02T07:32:31.198+0000] {dagbag.py:588} INFO - Filling up the DagBag from /home/airflow/.local/lib/python3.12/site-packages/airflow/example_dags/example_sensors.py
[2025-04-02T07:32:31.205+0000] {processor.py:925} INFO - DAG(s) 'example_sensors' retrieved from /home/airflow/.local/lib/python3.12/site-packages/airflow/example_dags/example_sensors.py
[2025-04-02T07:32:31.228+0000] {logging_mixin.py:190} INFO - [2025-04-02T07:32:31.227+0000] {dag.py:3239} INFO - Sync 1 DAGs
[2025-04-02T07:32:31.240+0000] {logging_mixin.py:190} INFO - [2025-04-02T07:32:31.240+0000] {dag.py:4180} INFO - Setting next_dagrun for example_sensors to None, run_after=None
[2025-04-02T07:32:31.252+0000] {processor.py:208} INFO - Processing /home/airflow/.local/lib/python3.12/site-packages/airflow/example_dags/example_sensors.py took 0.060 seconds
