[2025-04-02T07:25:57.428+0000] {processor.py:186} INFO - Started process (PID=97) to work on /home/airflow/.local/lib/python3.12/site-packages/airflow/example_dags/tutorial_dag.py
[2025-04-02T07:25:57.429+0000] {processor.py:914} INFO - Processing file /home/airflow/.local/lib/python3.12/site-packages/airflow/example_dags/tutorial_dag.py for tasks to queue
[2025-04-02T07:25:57.430+0000] {logging_mixin.py:190} INFO - [2025-04-02T07:25:57.430+0000] {dagbag.py:588} INFO - Filling up the DagBag from /home/airflow/.local/lib/python3.12/site-packages/airflow/example_dags/tutorial_dag.py
[2025-04-02T07:25:57.434+0000] {processor.py:925} INFO - DAG(s) 'tutorial_dag' retrieved from /home/airflow/.local/lib/python3.12/site-packages/airflow/example_dags/tutorial_dag.py
[2025-04-02T07:25:57.477+0000] {logging_mixin.py:190} INFO - [2025-04-02T07:25:57.476+0000] {override.py:1912} INFO - Created Permission View: can delete on DAG:tutorial_dag
[2025-04-02T07:25:57.480+0000] {logging_mixin.py:190} INFO - [2025-04-02T07:25:57.480+0000] {override.py:1912} INFO - Created Permission View: can read on DAG:tutorial_dag
[2025-04-02T07:25:57.482+0000] {logging_mixin.py:190} INFO - [2025-04-02T07:25:57.482+0000] {override.py:1912} INFO - Created Permission View: can edit on DAG:tutorial_dag
[2025-04-02T07:25:57.484+0000] {logging_mixin.py:190} INFO - [2025-04-02T07:25:57.484+0000] {override.py:1912} INFO - Created Permission View: can delete on DAG Run:tutorial_dag
[2025-04-02T07:25:57.486+0000] {logging_mixin.py:190} INFO - [2025-04-02T07:25:57.486+0000] {override.py:1912} INFO - Created Permission View: can read on DAG Run:tutorial_dag
[2025-04-02T07:25:57.488+0000] {logging_mixin.py:190} INFO - [2025-04-02T07:25:57.488+0000] {override.py:1912} INFO - Created Permission View: can create on DAG Run:tutorial_dag
[2025-04-02T07:25:57.489+0000] {logging_mixin.py:190} INFO - [2025-04-02T07:25:57.489+0000] {override.py:1912} INFO - Created Permission View: menu access on DAG Run:tutorial_dag
[2025-04-02T07:25:57.489+0000] {logging_mixin.py:190} INFO - [2025-04-02T07:25:57.489+0000] {dag.py:3239} INFO - Sync 1 DAGs
[2025-04-02T07:25:57.494+0000] {logging_mixin.py:190} INFO - [2025-04-02T07:25:57.494+0000] {dag.py:3262} INFO - Creating ORM DAG for tutorial_dag
[2025-04-02T07:25:57.496+0000] {logging_mixin.py:190} INFO - [2025-04-02T07:25:57.495+0000] {dag.py:4180} INFO - Setting next_dagrun for tutorial_dag to None, run_after=None
[2025-04-02T07:25:57.503+0000] {processor.py:208} INFO - Processing /home/airflow/.local/lib/python3.12/site-packages/airflow/example_dags/tutorial_dag.py took 0.077 seconds
[2025-04-02T07:26:43.443+0000] {processor.py:186} INFO - Started process (PID=89) to work on /home/airflow/.local/lib/python3.12/site-packages/airflow/example_dags/tutorial_dag.py
[2025-04-02T07:26:43.444+0000] {processor.py:914} INFO - Processing file /home/airflow/.local/lib/python3.12/site-packages/airflow/example_dags/tutorial_dag.py for tasks to queue
[2025-04-02T07:26:43.448+0000] {logging_mixin.py:190} INFO - [2025-04-02T07:26:43.448+0000] {dagbag.py:588} INFO - Filling up the DagBag from /home/airflow/.local/lib/python3.12/site-packages/airflow/example_dags/tutorial_dag.py
[2025-04-02T07:26:43.454+0000] {processor.py:925} INFO - DAG(s) 'tutorial_dag' retrieved from /home/airflow/.local/lib/python3.12/site-packages/airflow/example_dags/tutorial_dag.py
[2025-04-02T07:26:43.464+0000] {logging_mixin.py:190} INFO - [2025-04-02T07:26:43.464+0000] {dag.py:3239} INFO - Sync 1 DAGs
[2025-04-02T07:26:43.470+0000] {logging_mixin.py:190} INFO - [2025-04-02T07:26:43.470+0000] {dag.py:4180} INFO - Setting next_dagrun for tutorial_dag to None, run_after=None
[2025-04-02T07:26:43.477+0000] {processor.py:208} INFO - Processing /home/airflow/.local/lib/python3.12/site-packages/airflow/example_dags/tutorial_dag.py took 0.036 seconds
[2025-04-02T07:27:14.186+0000] {processor.py:186} INFO - Started process (PID=152) to work on /home/airflow/.local/lib/python3.12/site-packages/airflow/example_dags/tutorial_dag.py
[2025-04-02T07:27:14.189+0000] {processor.py:914} INFO - Processing file /home/airflow/.local/lib/python3.12/site-packages/airflow/example_dags/tutorial_dag.py for tasks to queue
[2025-04-02T07:27:14.190+0000] {logging_mixin.py:190} INFO - [2025-04-02T07:27:14.190+0000] {dagbag.py:588} INFO - Filling up the DagBag from /home/airflow/.local/lib/python3.12/site-packages/airflow/example_dags/tutorial_dag.py
[2025-04-02T07:27:14.193+0000] {processor.py:925} INFO - DAG(s) 'tutorial_dag' retrieved from /home/airflow/.local/lib/python3.12/site-packages/airflow/example_dags/tutorial_dag.py
[2025-04-02T07:27:14.201+0000] {logging_mixin.py:190} INFO - [2025-04-02T07:27:14.201+0000] {dag.py:3239} INFO - Sync 1 DAGs
[2025-04-02T07:27:14.207+0000] {logging_mixin.py:190} INFO - [2025-04-02T07:27:14.207+0000] {dag.py:4180} INFO - Setting next_dagrun for tutorial_dag to None, run_after=None
[2025-04-02T07:27:14.214+0000] {processor.py:208} INFO - Processing /home/airflow/.local/lib/python3.12/site-packages/airflow/example_dags/tutorial_dag.py took 0.031 seconds
[2025-04-02T07:27:45.036+0000] {processor.py:186} INFO - Started process (PID=215) to work on /home/airflow/.local/lib/python3.12/site-packages/airflow/example_dags/tutorial_dag.py
[2025-04-02T07:27:45.040+0000] {processor.py:914} INFO - Processing file /home/airflow/.local/lib/python3.12/site-packages/airflow/example_dags/tutorial_dag.py for tasks to queue
[2025-04-02T07:27:45.041+0000] {logging_mixin.py:190} INFO - [2025-04-02T07:27:45.040+0000] {dagbag.py:588} INFO - Filling up the DagBag from /home/airflow/.local/lib/python3.12/site-packages/airflow/example_dags/tutorial_dag.py
[2025-04-02T07:27:45.044+0000] {processor.py:925} INFO - DAG(s) 'tutorial_dag' retrieved from /home/airflow/.local/lib/python3.12/site-packages/airflow/example_dags/tutorial_dag.py
[2025-04-02T07:27:45.053+0000] {logging_mixin.py:190} INFO - [2025-04-02T07:27:45.053+0000] {dag.py:3239} INFO - Sync 1 DAGs
[2025-04-02T07:27:45.059+0000] {logging_mixin.py:190} INFO - [2025-04-02T07:27:45.059+0000] {dag.py:4180} INFO - Setting next_dagrun for tutorial_dag to None, run_after=None
[2025-04-02T07:27:45.066+0000] {processor.py:208} INFO - Processing /home/airflow/.local/lib/python3.12/site-packages/airflow/example_dags/tutorial_dag.py took 0.032 seconds
[2025-04-02T07:28:15.775+0000] {processor.py:186} INFO - Started process (PID=277) to work on /home/airflow/.local/lib/python3.12/site-packages/airflow/example_dags/tutorial_dag.py
[2025-04-02T07:28:15.778+0000] {processor.py:914} INFO - Processing file /home/airflow/.local/lib/python3.12/site-packages/airflow/example_dags/tutorial_dag.py for tasks to queue
[2025-04-02T07:28:15.778+0000] {logging_mixin.py:190} INFO - [2025-04-02T07:28:15.778+0000] {dagbag.py:588} INFO - Filling up the DagBag from /home/airflow/.local/lib/python3.12/site-packages/airflow/example_dags/tutorial_dag.py
[2025-04-02T07:28:15.782+0000] {processor.py:925} INFO - DAG(s) 'tutorial_dag' retrieved from /home/airflow/.local/lib/python3.12/site-packages/airflow/example_dags/tutorial_dag.py
[2025-04-02T07:28:15.790+0000] {logging_mixin.py:190} INFO - [2025-04-02T07:28:15.790+0000] {dag.py:3239} INFO - Sync 1 DAGs
[2025-04-02T07:28:15.797+0000] {logging_mixin.py:190} INFO - [2025-04-02T07:28:15.797+0000] {dag.py:4180} INFO - Setting next_dagrun for tutorial_dag to None, run_after=None
[2025-04-02T07:28:15.804+0000] {processor.py:208} INFO - Processing /home/airflow/.local/lib/python3.12/site-packages/airflow/example_dags/tutorial_dag.py took 0.033 seconds
[2025-04-02T07:28:46.315+0000] {processor.py:186} INFO - Started process (PID=340) to work on /home/airflow/.local/lib/python3.12/site-packages/airflow/example_dags/tutorial_dag.py
[2025-04-02T07:28:46.316+0000] {processor.py:914} INFO - Processing file /home/airflow/.local/lib/python3.12/site-packages/airflow/example_dags/tutorial_dag.py for tasks to queue
[2025-04-02T07:28:46.317+0000] {logging_mixin.py:190} INFO - [2025-04-02T07:28:46.317+0000] {dagbag.py:588} INFO - Filling up the DagBag from /home/airflow/.local/lib/python3.12/site-packages/airflow/example_dags/tutorial_dag.py
[2025-04-02T07:28:46.320+0000] {processor.py:925} INFO - DAG(s) 'tutorial_dag' retrieved from /home/airflow/.local/lib/python3.12/site-packages/airflow/example_dags/tutorial_dag.py
[2025-04-02T07:28:46.330+0000] {logging_mixin.py:190} INFO - [2025-04-02T07:28:46.330+0000] {dag.py:3239} INFO - Sync 1 DAGs
[2025-04-02T07:28:46.337+0000] {logging_mixin.py:190} INFO - [2025-04-02T07:28:46.337+0000] {dag.py:4180} INFO - Setting next_dagrun for tutorial_dag to None, run_after=None
[2025-04-02T07:28:46.344+0000] {processor.py:208} INFO - Processing /home/airflow/.local/lib/python3.12/site-packages/airflow/example_dags/tutorial_dag.py took 0.032 seconds
[2025-04-02T07:29:17.239+0000] {processor.py:186} INFO - Started process (PID=403) to work on /home/airflow/.local/lib/python3.12/site-packages/airflow/example_dags/tutorial_dag.py
[2025-04-02T07:29:17.239+0000] {processor.py:914} INFO - Processing file /home/airflow/.local/lib/python3.12/site-packages/airflow/example_dags/tutorial_dag.py for tasks to queue
[2025-04-02T07:29:17.240+0000] {logging_mixin.py:190} INFO - [2025-04-02T07:29:17.240+0000] {dagbag.py:588} INFO - Filling up the DagBag from /home/airflow/.local/lib/python3.12/site-packages/airflow/example_dags/tutorial_dag.py
[2025-04-02T07:29:17.245+0000] {processor.py:925} INFO - DAG(s) 'tutorial_dag' retrieved from /home/airflow/.local/lib/python3.12/site-packages/airflow/example_dags/tutorial_dag.py
[2025-04-02T07:29:17.254+0000] {logging_mixin.py:190} INFO - [2025-04-02T07:29:17.254+0000] {dag.py:3239} INFO - Sync 1 DAGs
[2025-04-02T07:29:17.260+0000] {logging_mixin.py:190} INFO - [2025-04-02T07:29:17.260+0000] {dag.py:4180} INFO - Setting next_dagrun for tutorial_dag to None, run_after=None
[2025-04-02T07:29:17.270+0000] {processor.py:208} INFO - Processing /home/airflow/.local/lib/python3.12/site-packages/airflow/example_dags/tutorial_dag.py took 0.034 seconds
[2025-04-02T07:29:48.553+0000] {processor.py:186} INFO - Started process (PID=466) to work on /home/airflow/.local/lib/python3.12/site-packages/airflow/example_dags/tutorial_dag.py
[2025-04-02T07:29:48.554+0000] {processor.py:914} INFO - Processing file /home/airflow/.local/lib/python3.12/site-packages/airflow/example_dags/tutorial_dag.py for tasks to queue
[2025-04-02T07:29:48.556+0000] {logging_mixin.py:190} INFO - [2025-04-02T07:29:48.556+0000] {dagbag.py:588} INFO - Filling up the DagBag from /home/airflow/.local/lib/python3.12/site-packages/airflow/example_dags/tutorial_dag.py
[2025-04-02T07:29:48.566+0000] {processor.py:925} INFO - DAG(s) 'tutorial_dag' retrieved from /home/airflow/.local/lib/python3.12/site-packages/airflow/example_dags/tutorial_dag.py
[2025-04-02T07:29:48.594+0000] {logging_mixin.py:190} INFO - [2025-04-02T07:29:48.594+0000] {dag.py:3239} INFO - Sync 1 DAGs
[2025-04-02T07:29:48.606+0000] {logging_mixin.py:190} INFO - [2025-04-02T07:29:48.606+0000] {dag.py:4180} INFO - Setting next_dagrun for tutorial_dag to None, run_after=None
[2025-04-02T07:29:48.623+0000] {processor.py:208} INFO - Processing /home/airflow/.local/lib/python3.12/site-packages/airflow/example_dags/tutorial_dag.py took 0.077 seconds
[2025-04-02T07:30:28.367+0000] {processor.py:186} INFO - Started process (PID=530) to work on /home/airflow/.local/lib/python3.12/site-packages/airflow/example_dags/tutorial_dag.py
[2025-04-02T07:30:28.368+0000] {processor.py:914} INFO - Processing file /home/airflow/.local/lib/python3.12/site-packages/airflow/example_dags/tutorial_dag.py for tasks to queue
[2025-04-02T07:30:28.372+0000] {logging_mixin.py:190} INFO - [2025-04-02T07:30:28.372+0000] {dagbag.py:588} INFO - Filling up the DagBag from /home/airflow/.local/lib/python3.12/site-packages/airflow/example_dags/tutorial_dag.py
[2025-04-02T07:30:28.384+0000] {processor.py:925} INFO - DAG(s) 'tutorial_dag' retrieved from /home/airflow/.local/lib/python3.12/site-packages/airflow/example_dags/tutorial_dag.py
[2025-04-02T07:30:28.414+0000] {logging_mixin.py:190} INFO - [2025-04-02T07:30:28.414+0000] {dag.py:3239} INFO - Sync 1 DAGs
[2025-04-02T07:30:28.430+0000] {logging_mixin.py:190} INFO - [2025-04-02T07:30:28.430+0000] {dag.py:4180} INFO - Setting next_dagrun for tutorial_dag to None, run_after=None
[2025-04-02T07:30:28.446+0000] {processor.py:208} INFO - Processing /home/airflow/.local/lib/python3.12/site-packages/airflow/example_dags/tutorial_dag.py took 0.090 seconds
[2025-04-02T07:31:00.140+0000] {processor.py:186} INFO - Started process (PID=593) to work on /home/airflow/.local/lib/python3.12/site-packages/airflow/example_dags/tutorial_dag.py
[2025-04-02T07:31:00.143+0000] {processor.py:914} INFO - Processing file /home/airflow/.local/lib/python3.12/site-packages/airflow/example_dags/tutorial_dag.py for tasks to queue
[2025-04-02T07:31:00.151+0000] {logging_mixin.py:190} INFO - [2025-04-02T07:31:00.150+0000] {dagbag.py:588} INFO - Filling up the DagBag from /home/airflow/.local/lib/python3.12/site-packages/airflow/example_dags/tutorial_dag.py
[2025-04-02T07:31:00.163+0000] {processor.py:925} INFO - DAG(s) 'tutorial_dag' retrieved from /home/airflow/.local/lib/python3.12/site-packages/airflow/example_dags/tutorial_dag.py
[2025-04-02T07:31:00.231+0000] {logging_mixin.py:190} INFO - [2025-04-02T07:31:00.230+0000] {dag.py:3239} INFO - Sync 1 DAGs
[2025-04-02T07:31:00.259+0000] {logging_mixin.py:190} INFO - [2025-04-02T07:31:00.259+0000] {dag.py:4180} INFO - Setting next_dagrun for tutorial_dag to None, run_after=None
[2025-04-02T07:31:00.308+0000] {processor.py:208} INFO - Processing /home/airflow/.local/lib/python3.12/site-packages/airflow/example_dags/tutorial_dag.py took 0.181 seconds
[2025-04-02T07:31:30.950+0000] {processor.py:186} INFO - Started process (PID=656) to work on /home/airflow/.local/lib/python3.12/site-packages/airflow/example_dags/tutorial_dag.py
[2025-04-02T07:31:30.951+0000] {processor.py:914} INFO - Processing file /home/airflow/.local/lib/python3.12/site-packages/airflow/example_dags/tutorial_dag.py for tasks to queue
[2025-04-02T07:31:30.952+0000] {logging_mixin.py:190} INFO - [2025-04-02T07:31:30.952+0000] {dagbag.py:588} INFO - Filling up the DagBag from /home/airflow/.local/lib/python3.12/site-packages/airflow/example_dags/tutorial_dag.py
[2025-04-02T07:31:30.956+0000] {processor.py:925} INFO - DAG(s) 'tutorial_dag' retrieved from /home/airflow/.local/lib/python3.12/site-packages/airflow/example_dags/tutorial_dag.py
[2025-04-02T07:31:30.965+0000] {logging_mixin.py:190} INFO - [2025-04-02T07:31:30.965+0000] {dag.py:3239} INFO - Sync 1 DAGs
[2025-04-02T07:31:30.972+0000] {logging_mixin.py:190} INFO - [2025-04-02T07:31:30.972+0000] {dag.py:4180} INFO - Setting next_dagrun for tutorial_dag to None, run_after=None
[2025-04-02T07:31:30.984+0000] {processor.py:208} INFO - Processing /home/airflow/.local/lib/python3.12/site-packages/airflow/example_dags/tutorial_dag.py took 0.037 seconds
[2025-04-02T07:32:01.193+0000] {processor.py:186} INFO - Started process (PID=720) to work on /home/airflow/.local/lib/python3.12/site-packages/airflow/example_dags/tutorial_dag.py
[2025-04-02T07:32:01.195+0000] {processor.py:914} INFO - Processing file /home/airflow/.local/lib/python3.12/site-packages/airflow/example_dags/tutorial_dag.py for tasks to queue
[2025-04-02T07:32:01.196+0000] {logging_mixin.py:190} INFO - [2025-04-02T07:32:01.196+0000] {dagbag.py:588} INFO - Filling up the DagBag from /home/airflow/.local/lib/python3.12/site-packages/airflow/example_dags/tutorial_dag.py
[2025-04-02T07:32:01.200+0000] {processor.py:925} INFO - DAG(s) 'tutorial_dag' retrieved from /home/airflow/.local/lib/python3.12/site-packages/airflow/example_dags/tutorial_dag.py
[2025-04-02T07:32:01.208+0000] {logging_mixin.py:190} INFO - [2025-04-02T07:32:01.208+0000] {dag.py:3239} INFO - Sync 1 DAGs
[2025-04-02T07:32:01.215+0000] {logging_mixin.py:190} INFO - [2025-04-02T07:32:01.215+0000] {dag.py:4180} INFO - Setting next_dagrun for tutorial_dag to None, run_after=None
[2025-04-02T07:32:01.222+0000] {processor.py:208} INFO - Processing /home/airflow/.local/lib/python3.12/site-packages/airflow/example_dags/tutorial_dag.py took 0.032 seconds
[2025-04-02T07:32:31.434+0000] {processor.py:186} INFO - Started process (PID=784) to work on /home/airflow/.local/lib/python3.12/site-packages/airflow/example_dags/tutorial_dag.py
[2025-04-02T07:32:31.435+0000] {processor.py:914} INFO - Processing file /home/airflow/.local/lib/python3.12/site-packages/airflow/example_dags/tutorial_dag.py for tasks to queue
[2025-04-02T07:32:31.436+0000] {logging_mixin.py:190} INFO - [2025-04-02T07:32:31.436+0000] {dagbag.py:588} INFO - Filling up the DagBag from /home/airflow/.local/lib/python3.12/site-packages/airflow/example_dags/tutorial_dag.py
[2025-04-02T07:32:31.440+0000] {processor.py:925} INFO - DAG(s) 'tutorial_dag' retrieved from /home/airflow/.local/lib/python3.12/site-packages/airflow/example_dags/tutorial_dag.py
[2025-04-02T07:32:31.451+0000] {logging_mixin.py:190} INFO - [2025-04-02T07:32:31.451+0000] {dag.py:3239} INFO - Sync 1 DAGs
[2025-04-02T07:32:31.460+0000] {logging_mixin.py:190} INFO - [2025-04-02T07:32:31.459+0000] {dag.py:4180} INFO - Setting next_dagrun for tutorial_dag to None, run_after=None
[2025-04-02T07:32:31.472+0000] {processor.py:208} INFO - Processing /home/airflow/.local/lib/python3.12/site-packages/airflow/example_dags/tutorial_dag.py took 0.041 seconds
