[2025-04-02T07:25:51.885+0000] {processor.py:186} INFO - Started process (PID=49) to work on /home/airflow/.local/lib/python3.12/site-packages/airflow/example_dags/tutorial_objectstorage.py
[2025-04-02T07:25:51.886+0000] {processor.py:914} INFO - Processing file /home/airflow/.local/lib/python3.12/site-packages/airflow/example_dags/tutorial_objectstorage.py for tasks to queue
[2025-04-02T07:25:51.887+0000] {logging_mixin.py:190} INFO - [2025-04-02T07:25:51.887+0000] {dagbag.py:588} INFO - Filling up the DagBag from /home/airflow/.local/lib/python3.12/site-packages/airflow/example_dags/tutorial_objectstorage.py
[2025-04-02T07:25:51.900+0000] {processor.py:925} INFO - DAG(s) 'tutorial_objectstorage' retrieved from /home/airflow/.local/lib/python3.12/site-packages/airflow/example_dags/tutorial_objectstorage.py
[2025-04-02T07:25:52.020+0000] {logging_mixin.py:190} INFO - [2025-04-02T07:25:52.018+0000] {override.py:1912} INFO - Created Permission View: can delete on DAG:tutorial_objectstorage
[2025-04-02T07:25:52.030+0000] {logging_mixin.py:190} INFO - [2025-04-02T07:25:52.029+0000] {override.py:1912} INFO - Created Permission View: can read on DAG:tutorial_objectstorage
[2025-04-02T07:25:52.035+0000] {logging_mixin.py:190} INFO - [2025-04-02T07:25:52.035+0000] {override.py:1912} INFO - Created Permission View: can edit on DAG:tutorial_objectstorage
[2025-04-02T07:25:52.039+0000] {logging_mixin.py:190} INFO - [2025-04-02T07:25:52.039+0000] {override.py:1912} INFO - Created Permission View: can delete on DAG Run:tutorial_objectstorage
[2025-04-02T07:25:52.042+0000] {logging_mixin.py:190} INFO - [2025-04-02T07:25:52.042+0000] {override.py:1912} INFO - Created Permission View: can read on DAG Run:tutorial_objectstorage
[2025-04-02T07:25:52.045+0000] {logging_mixin.py:190} INFO - [2025-04-02T07:25:52.044+0000] {override.py:1912} INFO - Created Permission View: can create on DAG Run:tutorial_objectstorage
[2025-04-02T07:25:52.047+0000] {logging_mixin.py:190} INFO - [2025-04-02T07:25:52.047+0000] {override.py:1912} INFO - Created Permission View: menu access on DAG Run:tutorial_objectstorage
[2025-04-02T07:25:52.047+0000] {logging_mixin.py:190} INFO - [2025-04-02T07:25:52.047+0000] {dag.py:3239} INFO - Sync 1 DAGs
[2025-04-02T07:25:52.053+0000] {logging_mixin.py:190} INFO - [2025-04-02T07:25:52.053+0000] {dag.py:3262} INFO - Creating ORM DAG for tutorial_objectstorage
[2025-04-02T07:25:52.054+0000] {logging_mixin.py:190} INFO - [2025-04-02T07:25:52.054+0000] {dag.py:4180} INFO - Setting next_dagrun for tutorial_objectstorage to None, run_after=None
[2025-04-02T07:25:52.070+0000] {processor.py:208} INFO - Processing /home/airflow/.local/lib/python3.12/site-packages/airflow/example_dags/tutorial_objectstorage.py took 0.190 seconds
[2025-04-02T07:26:39.608+0000] {processor.py:186} INFO - Started process (PID=42) to work on /home/airflow/.local/lib/python3.12/site-packages/airflow/example_dags/tutorial_objectstorage.py
[2025-04-02T07:26:39.610+0000] {processor.py:914} INFO - Processing file /home/airflow/.local/lib/python3.12/site-packages/airflow/example_dags/tutorial_objectstorage.py for tasks to queue
[2025-04-02T07:26:39.612+0000] {logging_mixin.py:190} INFO - [2025-04-02T07:26:39.611+0000] {dagbag.py:588} INFO - Filling up the DagBag from /home/airflow/.local/lib/python3.12/site-packages/airflow/example_dags/tutorial_objectstorage.py
[2025-04-02T07:26:39.624+0000] {processor.py:925} INFO - DAG(s) 'tutorial_objectstorage' retrieved from /home/airflow/.local/lib/python3.12/site-packages/airflow/example_dags/tutorial_objectstorage.py
[2025-04-02T07:26:39.650+0000] {logging_mixin.py:190} INFO - [2025-04-02T07:26:39.650+0000] {dag.py:3239} INFO - Sync 1 DAGs
[2025-04-02T07:26:39.665+0000] {logging_mixin.py:190} INFO - [2025-04-02T07:26:39.665+0000] {dag.py:4180} INFO - Setting next_dagrun for tutorial_objectstorage to None, run_after=None
[2025-04-02T07:26:39.686+0000] {processor.py:208} INFO - Processing /home/airflow/.local/lib/python3.12/site-packages/airflow/example_dags/tutorial_objectstorage.py took 0.085 seconds
[2025-04-02T07:27:10.316+0000] {processor.py:186} INFO - Started process (PID=105) to work on /home/airflow/.local/lib/python3.12/site-packages/airflow/example_dags/tutorial_objectstorage.py
[2025-04-02T07:27:10.317+0000] {processor.py:914} INFO - Processing file /home/airflow/.local/lib/python3.12/site-packages/airflow/example_dags/tutorial_objectstorage.py for tasks to queue
[2025-04-02T07:27:10.318+0000] {logging_mixin.py:190} INFO - [2025-04-02T07:27:10.318+0000] {dagbag.py:588} INFO - Filling up the DagBag from /home/airflow/.local/lib/python3.12/site-packages/airflow/example_dags/tutorial_objectstorage.py
[2025-04-02T07:27:10.323+0000] {processor.py:925} INFO - DAG(s) 'tutorial_objectstorage' retrieved from /home/airflow/.local/lib/python3.12/site-packages/airflow/example_dags/tutorial_objectstorage.py
[2025-04-02T07:27:10.335+0000] {logging_mixin.py:190} INFO - [2025-04-02T07:27:10.334+0000] {dag.py:3239} INFO - Sync 1 DAGs
[2025-04-02T07:27:10.341+0000] {logging_mixin.py:190} INFO - [2025-04-02T07:27:10.341+0000] {dag.py:4180} INFO - Setting next_dagrun for tutorial_objectstorage to None, run_after=None
[2025-04-02T07:27:10.349+0000] {processor.py:208} INFO - Processing /home/airflow/.local/lib/python3.12/site-packages/airflow/example_dags/tutorial_objectstorage.py took 0.036 seconds
[2025-04-02T07:27:41.030+0000] {processor.py:186} INFO - Started process (PID=168) to work on /home/airflow/.local/lib/python3.12/site-packages/airflow/example_dags/tutorial_objectstorage.py
[2025-04-02T07:27:41.031+0000] {processor.py:914} INFO - Processing file /home/airflow/.local/lib/python3.12/site-packages/airflow/example_dags/tutorial_objectstorage.py for tasks to queue
[2025-04-02T07:27:41.033+0000] {logging_mixin.py:190} INFO - [2025-04-02T07:27:41.033+0000] {dagbag.py:588} INFO - Filling up the DagBag from /home/airflow/.local/lib/python3.12/site-packages/airflow/example_dags/tutorial_objectstorage.py
[2025-04-02T07:27:41.039+0000] {processor.py:925} INFO - DAG(s) 'tutorial_objectstorage' retrieved from /home/airflow/.local/lib/python3.12/site-packages/airflow/example_dags/tutorial_objectstorage.py
[2025-04-02T07:27:41.047+0000] {logging_mixin.py:190} INFO - [2025-04-02T07:27:41.047+0000] {dag.py:3239} INFO - Sync 1 DAGs
[2025-04-02T07:27:41.053+0000] {logging_mixin.py:190} INFO - [2025-04-02T07:27:41.053+0000] {dag.py:4180} INFO - Setting next_dagrun for tutorial_objectstorage to None, run_after=None
[2025-04-02T07:27:41.060+0000] {processor.py:208} INFO - Processing /home/airflow/.local/lib/python3.12/site-packages/airflow/example_dags/tutorial_objectstorage.py took 0.034 seconds
[2025-04-02T07:28:11.884+0000] {processor.py:186} INFO - Started process (PID=236) to work on /home/airflow/.local/lib/python3.12/site-packages/airflow/example_dags/tutorial_objectstorage.py
[2025-04-02T07:28:11.884+0000] {processor.py:914} INFO - Processing file /home/airflow/.local/lib/python3.12/site-packages/airflow/example_dags/tutorial_objectstorage.py for tasks to queue
[2025-04-02T07:28:11.887+0000] {logging_mixin.py:190} INFO - [2025-04-02T07:28:11.887+0000] {dagbag.py:588} INFO - Filling up the DagBag from /home/airflow/.local/lib/python3.12/site-packages/airflow/example_dags/tutorial_objectstorage.py
[2025-04-02T07:28:11.896+0000] {processor.py:925} INFO - DAG(s) 'tutorial_objectstorage' retrieved from /home/airflow/.local/lib/python3.12/site-packages/airflow/example_dags/tutorial_objectstorage.py
[2025-04-02T07:28:11.911+0000] {logging_mixin.py:190} INFO - [2025-04-02T07:28:11.911+0000] {dag.py:3239} INFO - Sync 1 DAGs
[2025-04-02T07:28:11.933+0000] {logging_mixin.py:190} INFO - [2025-04-02T07:28:11.932+0000] {dag.py:4180} INFO - Setting next_dagrun for tutorial_objectstorage to None, run_after=None
[2025-04-02T07:28:11.946+0000] {processor.py:208} INFO - Processing /home/airflow/.local/lib/python3.12/site-packages/airflow/example_dags/tutorial_objectstorage.py took 0.068 seconds
[2025-04-02T07:28:42.084+0000] {processor.py:186} INFO - Started process (PID=299) to work on /home/airflow/.local/lib/python3.12/site-packages/airflow/example_dags/tutorial_objectstorage.py
[2025-04-02T07:28:42.085+0000] {processor.py:914} INFO - Processing file /home/airflow/.local/lib/python3.12/site-packages/airflow/example_dags/tutorial_objectstorage.py for tasks to queue
[2025-04-02T07:28:42.087+0000] {logging_mixin.py:190} INFO - [2025-04-02T07:28:42.087+0000] {dagbag.py:588} INFO - Filling up the DagBag from /home/airflow/.local/lib/python3.12/site-packages/airflow/example_dags/tutorial_objectstorage.py
[2025-04-02T07:28:42.097+0000] {processor.py:925} INFO - DAG(s) 'tutorial_objectstorage' retrieved from /home/airflow/.local/lib/python3.12/site-packages/airflow/example_dags/tutorial_objectstorage.py
[2025-04-02T07:28:42.110+0000] {logging_mixin.py:190} INFO - [2025-04-02T07:28:42.110+0000] {dag.py:3239} INFO - Sync 1 DAGs
[2025-04-02T07:28:42.121+0000] {logging_mixin.py:190} INFO - [2025-04-02T07:28:42.120+0000] {dag.py:4180} INFO - Setting next_dagrun for tutorial_objectstorage to None, run_after=None
[2025-04-02T07:28:42.130+0000] {processor.py:208} INFO - Processing /home/airflow/.local/lib/python3.12/site-packages/airflow/example_dags/tutorial_objectstorage.py took 0.053 seconds
[2025-04-02T07:29:13.016+0000] {processor.py:186} INFO - Started process (PID=362) to work on /home/airflow/.local/lib/python3.12/site-packages/airflow/example_dags/tutorial_objectstorage.py
[2025-04-02T07:29:13.017+0000] {processor.py:914} INFO - Processing file /home/airflow/.local/lib/python3.12/site-packages/airflow/example_dags/tutorial_objectstorage.py for tasks to queue
[2025-04-02T07:29:13.019+0000] {logging_mixin.py:190} INFO - [2025-04-02T07:29:13.018+0000] {dagbag.py:588} INFO - Filling up the DagBag from /home/airflow/.local/lib/python3.12/site-packages/airflow/example_dags/tutorial_objectstorage.py
[2025-04-02T07:29:13.025+0000] {processor.py:925} INFO - DAG(s) 'tutorial_objectstorage' retrieved from /home/airflow/.local/lib/python3.12/site-packages/airflow/example_dags/tutorial_objectstorage.py
[2025-04-02T07:29:13.040+0000] {logging_mixin.py:190} INFO - [2025-04-02T07:29:13.040+0000] {dag.py:3239} INFO - Sync 1 DAGs
[2025-04-02T07:29:13.057+0000] {logging_mixin.py:190} INFO - [2025-04-02T07:29:13.056+0000] {dag.py:4180} INFO - Setting next_dagrun for tutorial_objectstorage to None, run_after=None
[2025-04-02T07:29:13.087+0000] {processor.py:208} INFO - Processing /home/airflow/.local/lib/python3.12/site-packages/airflow/example_dags/tutorial_objectstorage.py took 0.074 seconds
[2025-04-02T07:29:43.929+0000] {processor.py:186} INFO - Started process (PID=425) to work on /home/airflow/.local/lib/python3.12/site-packages/airflow/example_dags/tutorial_objectstorage.py
[2025-04-02T07:29:43.930+0000] {processor.py:914} INFO - Processing file /home/airflow/.local/lib/python3.12/site-packages/airflow/example_dags/tutorial_objectstorage.py for tasks to queue
[2025-04-02T07:29:43.931+0000] {logging_mixin.py:190} INFO - [2025-04-02T07:29:43.931+0000] {dagbag.py:588} INFO - Filling up the DagBag from /home/airflow/.local/lib/python3.12/site-packages/airflow/example_dags/tutorial_objectstorage.py
[2025-04-02T07:29:43.940+0000] {processor.py:925} INFO - DAG(s) 'tutorial_objectstorage' retrieved from /home/airflow/.local/lib/python3.12/site-packages/airflow/example_dags/tutorial_objectstorage.py
[2025-04-02T07:29:43.956+0000] {logging_mixin.py:190} INFO - [2025-04-02T07:29:43.955+0000] {dag.py:3239} INFO - Sync 1 DAGs
[2025-04-02T07:29:43.964+0000] {logging_mixin.py:190} INFO - [2025-04-02T07:29:43.964+0000] {dag.py:4180} INFO - Setting next_dagrun for tutorial_objectstorage to None, run_after=None
[2025-04-02T07:29:43.977+0000] {processor.py:208} INFO - Processing /home/airflow/.local/lib/python3.12/site-packages/airflow/example_dags/tutorial_objectstorage.py took 0.050 seconds
[2025-04-02T07:30:15.095+0000] {processor.py:186} INFO - Started process (PID=489) to work on /home/airflow/.local/lib/python3.12/site-packages/airflow/example_dags/tutorial_objectstorage.py
[2025-04-02T07:30:15.098+0000] {processor.py:914} INFO - Processing file /home/airflow/.local/lib/python3.12/site-packages/airflow/example_dags/tutorial_objectstorage.py for tasks to queue
[2025-04-02T07:30:15.103+0000] {logging_mixin.py:190} INFO - [2025-04-02T07:30:15.103+0000] {dagbag.py:588} INFO - Filling up the DagBag from /home/airflow/.local/lib/python3.12/site-packages/airflow/example_dags/tutorial_objectstorage.py
[2025-04-02T07:30:15.120+0000] {processor.py:925} INFO - DAG(s) 'tutorial_objectstorage' retrieved from /home/airflow/.local/lib/python3.12/site-packages/airflow/example_dags/tutorial_objectstorage.py
[2025-04-02T07:30:15.163+0000] {logging_mixin.py:190} INFO - [2025-04-02T07:30:15.162+0000] {dag.py:3239} INFO - Sync 1 DAGs
[2025-04-02T07:30:15.277+0000] {logging_mixin.py:190} INFO - [2025-04-02T07:30:15.276+0000] {dag.py:4180} INFO - Setting next_dagrun for tutorial_objectstorage to None, run_after=None
[2025-04-02T07:30:15.366+0000] {processor.py:208} INFO - Processing /home/airflow/.local/lib/python3.12/site-packages/airflow/example_dags/tutorial_objectstorage.py took 0.277 seconds
[2025-04-02T07:30:45.601+0000] {processor.py:186} INFO - Started process (PID=552) to work on /home/airflow/.local/lib/python3.12/site-packages/airflow/example_dags/tutorial_objectstorage.py
[2025-04-02T07:30:45.602+0000] {processor.py:914} INFO - Processing file /home/airflow/.local/lib/python3.12/site-packages/airflow/example_dags/tutorial_objectstorage.py for tasks to queue
[2025-04-02T07:30:45.604+0000] {logging_mixin.py:190} INFO - [2025-04-02T07:30:45.604+0000] {dagbag.py:588} INFO - Filling up the DagBag from /home/airflow/.local/lib/python3.12/site-packages/airflow/example_dags/tutorial_objectstorage.py
[2025-04-02T07:30:45.615+0000] {processor.py:925} INFO - DAG(s) 'tutorial_objectstorage' retrieved from /home/airflow/.local/lib/python3.12/site-packages/airflow/example_dags/tutorial_objectstorage.py
[2025-04-02T07:30:45.632+0000] {logging_mixin.py:190} INFO - [2025-04-02T07:30:45.632+0000] {dag.py:3239} INFO - Sync 1 DAGs
[2025-04-02T07:30:45.646+0000] {logging_mixin.py:190} INFO - [2025-04-02T07:30:45.646+0000] {dag.py:4180} INFO - Setting next_dagrun for tutorial_objectstorage to None, run_after=None
[2025-04-02T07:30:45.674+0000] {processor.py:208} INFO - Processing /home/airflow/.local/lib/python3.12/site-packages/airflow/example_dags/tutorial_objectstorage.py took 0.086 seconds
[2025-04-02T07:31:15.872+0000] {processor.py:186} INFO - Started process (PID=615) to work on /home/airflow/.local/lib/python3.12/site-packages/airflow/example_dags/tutorial_objectstorage.py
[2025-04-02T07:31:15.873+0000] {processor.py:914} INFO - Processing file /home/airflow/.local/lib/python3.12/site-packages/airflow/example_dags/tutorial_objectstorage.py for tasks to queue
[2025-04-02T07:31:15.873+0000] {logging_mixin.py:190} INFO - [2025-04-02T07:31:15.873+0000] {dagbag.py:588} INFO - Filling up the DagBag from /home/airflow/.local/lib/python3.12/site-packages/airflow/example_dags/tutorial_objectstorage.py
[2025-04-02T07:31:15.879+0000] {processor.py:925} INFO - DAG(s) 'tutorial_objectstorage' retrieved from /home/airflow/.local/lib/python3.12/site-packages/airflow/example_dags/tutorial_objectstorage.py
[2025-04-02T07:31:15.889+0000] {logging_mixin.py:190} INFO - [2025-04-02T07:31:15.889+0000] {dag.py:3239} INFO - Sync 1 DAGs
[2025-04-02T07:31:15.895+0000] {logging_mixin.py:190} INFO - [2025-04-02T07:31:15.895+0000] {dag.py:4180} INFO - Setting next_dagrun for tutorial_objectstorage to None, run_after=None
[2025-04-02T07:31:15.913+0000] {processor.py:208} INFO - Processing /home/airflow/.local/lib/python3.12/site-packages/airflow/example_dags/tutorial_objectstorage.py took 0.044 seconds
[2025-04-02T07:31:46.045+0000] {processor.py:186} INFO - Started process (PID=679) to work on /home/airflow/.local/lib/python3.12/site-packages/airflow/example_dags/tutorial_objectstorage.py
[2025-04-02T07:31:46.046+0000] {processor.py:914} INFO - Processing file /home/airflow/.local/lib/python3.12/site-packages/airflow/example_dags/tutorial_objectstorage.py for tasks to queue
[2025-04-02T07:31:46.049+0000] {logging_mixin.py:190} INFO - [2025-04-02T07:31:46.048+0000] {dagbag.py:588} INFO - Filling up the DagBag from /home/airflow/.local/lib/python3.12/site-packages/airflow/example_dags/tutorial_objectstorage.py
[2025-04-02T07:31:46.057+0000] {processor.py:925} INFO - DAG(s) 'tutorial_objectstorage' retrieved from /home/airflow/.local/lib/python3.12/site-packages/airflow/example_dags/tutorial_objectstorage.py
[2025-04-02T07:31:46.070+0000] {logging_mixin.py:190} INFO - [2025-04-02T07:31:46.070+0000] {dag.py:3239} INFO - Sync 1 DAGs
[2025-04-02T07:31:46.077+0000] {logging_mixin.py:190} INFO - [2025-04-02T07:31:46.076+0000] {dag.py:4180} INFO - Setting next_dagrun for tutorial_objectstorage to None, run_after=None
[2025-04-02T07:31:46.087+0000] {processor.py:208} INFO - Processing /home/airflow/.local/lib/python3.12/site-packages/airflow/example_dags/tutorial_objectstorage.py took 0.047 seconds
[2025-04-02T07:32:17.117+0000] {processor.py:186} INFO - Started process (PID=743) to work on /home/airflow/.local/lib/python3.12/site-packages/airflow/example_dags/tutorial_objectstorage.py
[2025-04-02T07:32:17.118+0000] {processor.py:914} INFO - Processing file /home/airflow/.local/lib/python3.12/site-packages/airflow/example_dags/tutorial_objectstorage.py for tasks to queue
[2025-04-02T07:32:17.120+0000] {logging_mixin.py:190} INFO - [2025-04-02T07:32:17.120+0000] {dagbag.py:588} INFO - Filling up the DagBag from /home/airflow/.local/lib/python3.12/site-packages/airflow/example_dags/tutorial_objectstorage.py
[2025-04-02T07:32:17.128+0000] {processor.py:925} INFO - DAG(s) 'tutorial_objectstorage' retrieved from /home/airflow/.local/lib/python3.12/site-packages/airflow/example_dags/tutorial_objectstorage.py
[2025-04-02T07:32:17.142+0000] {logging_mixin.py:190} INFO - [2025-04-02T07:32:17.142+0000] {dag.py:3239} INFO - Sync 1 DAGs
[2025-04-02T07:32:17.153+0000] {logging_mixin.py:190} INFO - [2025-04-02T07:32:17.153+0000] {dag.py:4180} INFO - Setting next_dagrun for tutorial_objectstorage to None, run_after=None
[2025-04-02T07:32:17.164+0000] {processor.py:208} INFO - Processing /home/airflow/.local/lib/python3.12/site-packages/airflow/example_dags/tutorial_objectstorage.py took 0.052 seconds
