[2025-04-02T07:25:54.019+0000] {processor.py:186} INFO - Started process (PID=67) to work on /home/airflow/.local/lib/python3.12/site-packages/airflow/example_dags/tutorial.py
[2025-04-02T07:25:54.020+0000] {processor.py:914} INFO - Processing file /home/airflow/.local/lib/python3.12/site-packages/airflow/example_dags/tutorial.py for tasks to queue
[2025-04-02T07:25:54.021+0000] {logging_mixin.py:190} INFO - [2025-04-02T07:25:54.021+0000] {dagbag.py:588} INFO - Filling up the DagBag from /home/airflow/.local/lib/python3.12/site-packages/airflow/example_dags/tutorial.py
[2025-04-02T07:25:54.027+0000] {processor.py:925} INFO - DAG(s) 'tutorial' retrieved from /home/airflow/.local/lib/python3.12/site-packages/airflow/example_dags/tutorial.py
[2025-04-02T07:25:54.077+0000] {logging_mixin.py:190} INFO - [2025-04-02T07:25:54.077+0000] {override.py:1912} INFO - Created Permission View: can delete on DAG:tutorial
[2025-04-02T07:25:54.081+0000] {logging_mixin.py:190} INFO - [2025-04-02T07:25:54.081+0000] {override.py:1912} INFO - Created Permission View: can read on DAG:tutorial
[2025-04-02T07:25:54.083+0000] {logging_mixin.py:190} INFO - [2025-04-02T07:25:54.083+0000] {override.py:1912} INFO - Created Permission View: can edit on DAG:tutorial
[2025-04-02T07:25:54.086+0000] {logging_mixin.py:190} INFO - [2025-04-02T07:25:54.086+0000] {override.py:1912} INFO - Created Permission View: can delete on DAG Run:tutorial
[2025-04-02T07:25:54.088+0000] {logging_mixin.py:190} INFO - [2025-04-02T07:25:54.088+0000] {override.py:1912} INFO - Created Permission View: can read on DAG Run:tutorial
[2025-04-02T07:25:54.090+0000] {logging_mixin.py:190} INFO - [2025-04-02T07:25:54.090+0000] {override.py:1912} INFO - Created Permission View: can create on DAG Run:tutorial
[2025-04-02T07:25:54.092+0000] {logging_mixin.py:190} INFO - [2025-04-02T07:25:54.091+0000] {override.py:1912} INFO - Created Permission View: menu access on DAG Run:tutorial
[2025-04-02T07:25:54.092+0000] {logging_mixin.py:190} INFO - [2025-04-02T07:25:54.092+0000] {dag.py:3239} INFO - Sync 1 DAGs
[2025-04-02T07:25:54.098+0000] {logging_mixin.py:190} INFO - [2025-04-02T07:25:54.098+0000] {dag.py:3262} INFO - Creating ORM DAG for tutorial
[2025-04-02T07:25:54.103+0000] {logging_mixin.py:190} INFO - [2025-04-02T07:25:54.103+0000] {dag.py:4180} INFO - Setting next_dagrun for tutorial to 2025-04-01 00:00:00+00:00, run_after=2025-04-02 00:00:00+00:00
[2025-04-02T07:25:54.111+0000] {processor.py:208} INFO - Processing /home/airflow/.local/lib/python3.12/site-packages/airflow/example_dags/tutorial.py took 0.095 seconds
[2025-04-02T07:26:40.959+0000] {processor.py:186} INFO - Started process (PID=53) to work on /home/airflow/.local/lib/python3.12/site-packages/airflow/example_dags/tutorial.py
[2025-04-02T07:26:40.961+0000] {processor.py:914} INFO - Processing file /home/airflow/.local/lib/python3.12/site-packages/airflow/example_dags/tutorial.py for tasks to queue
[2025-04-02T07:26:40.962+0000] {logging_mixin.py:190} INFO - [2025-04-02T07:26:40.962+0000] {dagbag.py:588} INFO - Filling up the DagBag from /home/airflow/.local/lib/python3.12/site-packages/airflow/example_dags/tutorial.py
[2025-04-02T07:26:40.966+0000] {processor.py:925} INFO - DAG(s) 'tutorial' retrieved from /home/airflow/.local/lib/python3.12/site-packages/airflow/example_dags/tutorial.py
[2025-04-02T07:26:40.991+0000] {logging_mixin.py:190} INFO - [2025-04-02T07:26:40.991+0000] {dag.py:3239} INFO - Sync 1 DAGs
[2025-04-02T07:26:41.016+0000] {logging_mixin.py:190} INFO - [2025-04-02T07:26:41.016+0000] {dag.py:4180} INFO - Setting next_dagrun for tutorial to 2025-04-01 00:00:00+00:00, run_after=2025-04-02 00:00:00+00:00
[2025-04-02T07:26:41.037+0000] {processor.py:208} INFO - Processing /home/airflow/.local/lib/python3.12/site-packages/airflow/example_dags/tutorial.py took 0.084 seconds
[2025-04-02T07:27:12.149+0000] {processor.py:186} INFO - Started process (PID=122) to work on /home/airflow/.local/lib/python3.12/site-packages/airflow/example_dags/tutorial.py
[2025-04-02T07:27:12.150+0000] {processor.py:914} INFO - Processing file /home/airflow/.local/lib/python3.12/site-packages/airflow/example_dags/tutorial.py for tasks to queue
[2025-04-02T07:27:12.151+0000] {logging_mixin.py:190} INFO - [2025-04-02T07:27:12.151+0000] {dagbag.py:588} INFO - Filling up the DagBag from /home/airflow/.local/lib/python3.12/site-packages/airflow/example_dags/tutorial.py
[2025-04-02T07:27:12.157+0000] {processor.py:925} INFO - DAG(s) 'tutorial' retrieved from /home/airflow/.local/lib/python3.12/site-packages/airflow/example_dags/tutorial.py
[2025-04-02T07:27:12.166+0000] {logging_mixin.py:190} INFO - [2025-04-02T07:27:12.166+0000] {dag.py:3239} INFO - Sync 1 DAGs
[2025-04-02T07:27:12.175+0000] {logging_mixin.py:190} INFO - [2025-04-02T07:27:12.175+0000] {dag.py:4180} INFO - Setting next_dagrun for tutorial to 2025-04-01 00:00:00+00:00, run_after=2025-04-02 00:00:00+00:00
[2025-04-02T07:27:12.182+0000] {processor.py:208} INFO - Processing /home/airflow/.local/lib/python3.12/site-packages/airflow/example_dags/tutorial.py took 0.036 seconds
[2025-04-02T07:27:42.676+0000] {processor.py:186} INFO - Started process (PID=185) to work on /home/airflow/.local/lib/python3.12/site-packages/airflow/example_dags/tutorial.py
[2025-04-02T07:27:42.676+0000] {processor.py:914} INFO - Processing file /home/airflow/.local/lib/python3.12/site-packages/airflow/example_dags/tutorial.py for tasks to queue
[2025-04-02T07:27:42.677+0000] {logging_mixin.py:190} INFO - [2025-04-02T07:27:42.677+0000] {dagbag.py:588} INFO - Filling up the DagBag from /home/airflow/.local/lib/python3.12/site-packages/airflow/example_dags/tutorial.py
[2025-04-02T07:27:42.681+0000] {processor.py:925} INFO - DAG(s) 'tutorial' retrieved from /home/airflow/.local/lib/python3.12/site-packages/airflow/example_dags/tutorial.py
[2025-04-02T07:27:42.691+0000] {logging_mixin.py:190} INFO - [2025-04-02T07:27:42.690+0000] {dag.py:3239} INFO - Sync 1 DAGs
[2025-04-02T07:27:42.700+0000] {logging_mixin.py:190} INFO - [2025-04-02T07:27:42.700+0000] {dag.py:4180} INFO - Setting next_dagrun for tutorial to 2025-04-01 00:00:00+00:00, run_after=2025-04-02 00:00:00+00:00
[2025-04-02T07:27:42.706+0000] {processor.py:208} INFO - Processing /home/airflow/.local/lib/python3.12/site-packages/airflow/example_dags/tutorial.py took 0.034 seconds
[2025-04-02T07:28:13.612+0000] {processor.py:186} INFO - Started process (PID=247) to work on /home/airflow/.local/lib/python3.12/site-packages/airflow/example_dags/tutorial.py
[2025-04-02T07:28:13.612+0000] {processor.py:914} INFO - Processing file /home/airflow/.local/lib/python3.12/site-packages/airflow/example_dags/tutorial.py for tasks to queue
[2025-04-02T07:28:13.613+0000] {logging_mixin.py:190} INFO - [2025-04-02T07:28:13.613+0000] {dagbag.py:588} INFO - Filling up the DagBag from /home/airflow/.local/lib/python3.12/site-packages/airflow/example_dags/tutorial.py
[2025-04-02T07:28:13.618+0000] {processor.py:925} INFO - DAG(s) 'tutorial' retrieved from /home/airflow/.local/lib/python3.12/site-packages/airflow/example_dags/tutorial.py
[2025-04-02T07:28:13.627+0000] {logging_mixin.py:190} INFO - [2025-04-02T07:28:13.627+0000] {dag.py:3239} INFO - Sync 1 DAGs
[2025-04-02T07:28:13.637+0000] {logging_mixin.py:190} INFO - [2025-04-02T07:28:13.637+0000] {dag.py:4180} INFO - Setting next_dagrun for tutorial to 2025-04-01 00:00:00+00:00, run_after=2025-04-02 00:00:00+00:00
[2025-04-02T07:28:13.644+0000] {processor.py:208} INFO - Processing /home/airflow/.local/lib/python3.12/site-packages/airflow/example_dags/tutorial.py took 0.035 seconds
[2025-04-02T07:28:45.128+0000] {processor.py:186} INFO - Started process (PID=310) to work on /home/airflow/.local/lib/python3.12/site-packages/airflow/example_dags/tutorial.py
[2025-04-02T07:28:45.129+0000] {processor.py:914} INFO - Processing file /home/airflow/.local/lib/python3.12/site-packages/airflow/example_dags/tutorial.py for tasks to queue
[2025-04-02T07:28:45.130+0000] {logging_mixin.py:190} INFO - [2025-04-02T07:28:45.130+0000] {dagbag.py:588} INFO - Filling up the DagBag from /home/airflow/.local/lib/python3.12/site-packages/airflow/example_dags/tutorial.py
[2025-04-02T07:28:45.134+0000] {processor.py:925} INFO - DAG(s) 'tutorial' retrieved from /home/airflow/.local/lib/python3.12/site-packages/airflow/example_dags/tutorial.py
[2025-04-02T07:28:45.143+0000] {logging_mixin.py:190} INFO - [2025-04-02T07:28:45.143+0000] {dag.py:3239} INFO - Sync 1 DAGs
[2025-04-02T07:28:45.152+0000] {logging_mixin.py:190} INFO - [2025-04-02T07:28:45.152+0000] {dag.py:4180} INFO - Setting next_dagrun for tutorial to 2025-04-01 00:00:00+00:00, run_after=2025-04-02 00:00:00+00:00
[2025-04-02T07:28:45.160+0000] {processor.py:208} INFO - Processing /home/airflow/.local/lib/python3.12/site-packages/airflow/example_dags/tutorial.py took 0.035 seconds
[2025-04-02T07:29:15.877+0000] {processor.py:186} INFO - Started process (PID=372) to work on /home/airflow/.local/lib/python3.12/site-packages/airflow/example_dags/tutorial.py
[2025-04-02T07:29:15.878+0000] {processor.py:914} INFO - Processing file /home/airflow/.local/lib/python3.12/site-packages/airflow/example_dags/tutorial.py for tasks to queue
[2025-04-02T07:29:15.879+0000] {logging_mixin.py:190} INFO - [2025-04-02T07:29:15.879+0000] {dagbag.py:588} INFO - Filling up the DagBag from /home/airflow/.local/lib/python3.12/site-packages/airflow/example_dags/tutorial.py
[2025-04-02T07:29:15.884+0000] {processor.py:925} INFO - DAG(s) 'tutorial' retrieved from /home/airflow/.local/lib/python3.12/site-packages/airflow/example_dags/tutorial.py
[2025-04-02T07:29:15.897+0000] {logging_mixin.py:190} INFO - [2025-04-02T07:29:15.897+0000] {dag.py:3239} INFO - Sync 1 DAGs
[2025-04-02T07:29:15.910+0000] {logging_mixin.py:190} INFO - [2025-04-02T07:29:15.910+0000] {dag.py:4180} INFO - Setting next_dagrun for tutorial to 2025-04-01 00:00:00+00:00, run_after=2025-04-02 00:00:00+00:00
[2025-04-02T07:29:15.918+0000] {processor.py:208} INFO - Processing /home/airflow/.local/lib/python3.12/site-packages/airflow/example_dags/tutorial.py took 0.043 seconds
[2025-04-02T07:29:46.711+0000] {processor.py:186} INFO - Started process (PID=435) to work on /home/airflow/.local/lib/python3.12/site-packages/airflow/example_dags/tutorial.py
[2025-04-02T07:29:46.717+0000] {processor.py:914} INFO - Processing file /home/airflow/.local/lib/python3.12/site-packages/airflow/example_dags/tutorial.py for tasks to queue
[2025-04-02T07:29:46.721+0000] {logging_mixin.py:190} INFO - [2025-04-02T07:29:46.721+0000] {dagbag.py:588} INFO - Filling up the DagBag from /home/airflow/.local/lib/python3.12/site-packages/airflow/example_dags/tutorial.py
[2025-04-02T07:29:46.738+0000] {processor.py:925} INFO - DAG(s) 'tutorial' retrieved from /home/airflow/.local/lib/python3.12/site-packages/airflow/example_dags/tutorial.py
[2025-04-02T07:29:46.769+0000] {logging_mixin.py:190} INFO - [2025-04-02T07:29:46.769+0000] {dag.py:3239} INFO - Sync 1 DAGs
[2025-04-02T07:29:46.787+0000] {logging_mixin.py:190} INFO - [2025-04-02T07:29:46.787+0000] {dag.py:4180} INFO - Setting next_dagrun for tutorial to 2025-04-01 00:00:00+00:00, run_after=2025-04-02 00:00:00+00:00
[2025-04-02T07:29:46.804+0000] {processor.py:208} INFO - Processing /home/airflow/.local/lib/python3.12/site-packages/airflow/example_dags/tutorial.py took 0.102 seconds
[2025-04-02T07:30:20.150+0000] {processor.py:186} INFO - Started process (PID=499) to work on /home/airflow/.local/lib/python3.12/site-packages/airflow/example_dags/tutorial.py
[2025-04-02T07:30:20.158+0000] {processor.py:914} INFO - Processing file /home/airflow/.local/lib/python3.12/site-packages/airflow/example_dags/tutorial.py for tasks to queue
[2025-04-02T07:30:20.162+0000] {logging_mixin.py:190} INFO - [2025-04-02T07:30:20.161+0000] {dagbag.py:588} INFO - Filling up the DagBag from /home/airflow/.local/lib/python3.12/site-packages/airflow/example_dags/tutorial.py
[2025-04-02T07:30:20.200+0000] {processor.py:925} INFO - DAG(s) 'tutorial' retrieved from /home/airflow/.local/lib/python3.12/site-packages/airflow/example_dags/tutorial.py
[2025-04-02T07:30:20.289+0000] {logging_mixin.py:190} INFO - [2025-04-02T07:30:20.288+0000] {dag.py:3239} INFO - Sync 1 DAGs
[2025-04-02T07:30:20.387+0000] {logging_mixin.py:190} INFO - [2025-04-02T07:30:20.386+0000] {dag.py:4180} INFO - Setting next_dagrun for tutorial to 2025-04-01 00:00:00+00:00, run_after=2025-04-02 00:00:00+00:00
[2025-04-02T07:30:20.447+0000] {processor.py:208} INFO - Processing /home/airflow/.local/lib/python3.12/site-packages/airflow/example_dags/tutorial.py took 0.320 seconds
[2025-04-02T07:30:52.288+0000] {processor.py:186} INFO - Started process (PID=562) to work on /home/airflow/.local/lib/python3.12/site-packages/airflow/example_dags/tutorial.py
[2025-04-02T07:30:52.290+0000] {processor.py:914} INFO - Processing file /home/airflow/.local/lib/python3.12/site-packages/airflow/example_dags/tutorial.py for tasks to queue
[2025-04-02T07:30:52.297+0000] {logging_mixin.py:190} INFO - [2025-04-02T07:30:52.297+0000] {dagbag.py:588} INFO - Filling up the DagBag from /home/airflow/.local/lib/python3.12/site-packages/airflow/example_dags/tutorial.py
[2025-04-02T07:30:52.313+0000] {processor.py:925} INFO - DAG(s) 'tutorial' retrieved from /home/airflow/.local/lib/python3.12/site-packages/airflow/example_dags/tutorial.py
[2025-04-02T07:30:52.349+0000] {logging_mixin.py:190} INFO - [2025-04-02T07:30:52.348+0000] {dag.py:3239} INFO - Sync 1 DAGs
[2025-04-02T07:30:52.378+0000] {logging_mixin.py:190} INFO - [2025-04-02T07:30:52.378+0000] {dag.py:4180} INFO - Setting next_dagrun for tutorial to 2025-04-01 00:00:00+00:00, run_after=2025-04-02 00:00:00+00:00
[2025-04-02T07:30:52.405+0000] {processor.py:208} INFO - Processing /home/airflow/.local/lib/python3.12/site-packages/airflow/example_dags/tutorial.py took 0.127 seconds
[2025-04-02T07:31:22.672+0000] {processor.py:186} INFO - Started process (PID=625) to work on /home/airflow/.local/lib/python3.12/site-packages/airflow/example_dags/tutorial.py
[2025-04-02T07:31:22.675+0000] {processor.py:914} INFO - Processing file /home/airflow/.local/lib/python3.12/site-packages/airflow/example_dags/tutorial.py for tasks to queue
[2025-04-02T07:31:22.677+0000] {logging_mixin.py:190} INFO - [2025-04-02T07:31:22.677+0000] {dagbag.py:588} INFO - Filling up the DagBag from /home/airflow/.local/lib/python3.12/site-packages/airflow/example_dags/tutorial.py
[2025-04-02T07:31:22.681+0000] {processor.py:925} INFO - DAG(s) 'tutorial' retrieved from /home/airflow/.local/lib/python3.12/site-packages/airflow/example_dags/tutorial.py
[2025-04-02T07:31:22.691+0000] {logging_mixin.py:190} INFO - [2025-04-02T07:31:22.691+0000] {dag.py:3239} INFO - Sync 1 DAGs
[2025-04-02T07:31:22.704+0000] {logging_mixin.py:190} INFO - [2025-04-02T07:31:22.704+0000] {dag.py:4180} INFO - Setting next_dagrun for tutorial to 2025-04-01 00:00:00+00:00, run_after=2025-04-02 00:00:00+00:00
[2025-04-02T07:31:22.712+0000] {processor.py:208} INFO - Processing /home/airflow/.local/lib/python3.12/site-packages/airflow/example_dags/tutorial.py took 0.043 seconds
[2025-04-02T07:31:53.844+0000] {processor.py:186} INFO - Started process (PID=689) to work on /home/airflow/.local/lib/python3.12/site-packages/airflow/example_dags/tutorial.py
[2025-04-02T07:31:53.845+0000] {processor.py:914} INFO - Processing file /home/airflow/.local/lib/python3.12/site-packages/airflow/example_dags/tutorial.py for tasks to queue
[2025-04-02T07:31:53.847+0000] {logging_mixin.py:190} INFO - [2025-04-02T07:31:53.846+0000] {dagbag.py:588} INFO - Filling up the DagBag from /home/airflow/.local/lib/python3.12/site-packages/airflow/example_dags/tutorial.py
[2025-04-02T07:31:53.851+0000] {processor.py:925} INFO - DAG(s) 'tutorial' retrieved from /home/airflow/.local/lib/python3.12/site-packages/airflow/example_dags/tutorial.py
[2025-04-02T07:31:53.864+0000] {logging_mixin.py:190} INFO - [2025-04-02T07:31:53.863+0000] {dag.py:3239} INFO - Sync 1 DAGs
[2025-04-02T07:31:53.872+0000] {logging_mixin.py:190} INFO - [2025-04-02T07:31:53.872+0000] {dag.py:4180} INFO - Setting next_dagrun for tutorial to 2025-04-01 00:00:00+00:00, run_after=2025-04-02 00:00:00+00:00
[2025-04-02T07:31:53.878+0000] {processor.py:208} INFO - Processing /home/airflow/.local/lib/python3.12/site-packages/airflow/example_dags/tutorial.py took 0.038 seconds
[2025-04-02T07:32:24.914+0000] {processor.py:186} INFO - Started process (PID=753) to work on /home/airflow/.local/lib/python3.12/site-packages/airflow/example_dags/tutorial.py
[2025-04-02T07:32:24.914+0000] {processor.py:914} INFO - Processing file /home/airflow/.local/lib/python3.12/site-packages/airflow/example_dags/tutorial.py for tasks to queue
[2025-04-02T07:32:24.916+0000] {logging_mixin.py:190} INFO - [2025-04-02T07:32:24.915+0000] {dagbag.py:588} INFO - Filling up the DagBag from /home/airflow/.local/lib/python3.12/site-packages/airflow/example_dags/tutorial.py
[2025-04-02T07:32:24.920+0000] {processor.py:925} INFO - DAG(s) 'tutorial' retrieved from /home/airflow/.local/lib/python3.12/site-packages/airflow/example_dags/tutorial.py
[2025-04-02T07:32:24.927+0000] {logging_mixin.py:190} INFO - [2025-04-02T07:32:24.927+0000] {dag.py:3239} INFO - Sync 1 DAGs
[2025-04-02T07:32:24.935+0000] {logging_mixin.py:190} INFO - [2025-04-02T07:32:24.935+0000] {dag.py:4180} INFO - Setting next_dagrun for tutorial to 2025-04-01 00:00:00+00:00, run_after=2025-04-02 00:00:00+00:00
[2025-04-02T07:32:24.942+0000] {processor.py:208} INFO - Processing /home/airflow/.local/lib/python3.12/site-packages/airflow/example_dags/tutorial.py took 0.031 seconds
